[0.087s] Invoking command in '/root/data/project_ws/build/ros_gz_example_description': CMAKE_PREFIX_PATH=/opt/ros/humble /usr/bin/cmake --build /root/data/project_ws/build/ros_gz_example_description -- -j4 -l4
[0.453s] Invoked command in '/root/data/project_ws/build/ros_gz_example_description' returned '0': CMAKE_PREFIX_PATH=/opt/ros/humble /usr/bin/cmake --build /root/data/project_ws/build/ros_gz_example_description -- -j4 -l4
[0.507s] Invoking command in '/root/data/project_ws/build/ros_gz_example_description': CMAKE_PREFIX_PATH=/opt/ros/humble /usr/bin/cmake --install /root/data/project_ws/build/ros_gz_example_description
[0.519s] -- Install configuration: ""
[0.520s] -- Up-to-date: /root/data/project_ws/install/ros_gz_example_description/share/ros_gz_example_description/models
[0.522s] -- Up-to-date: /root/data/project_ws/install/ros_gz_example_description/share/ros_gz_example_description/models/diff_drive_urdf
[0.524s] -- Up-to-date: /root/data/project_ws/install/ros_gz_example_description/share/ros_gz_example_description/models/diff_drive_urdf/depricated
[0.526s] -- Up-to-date: /root/data/project_ws/install/ros_gz_example_description/share/ros_gz_example_description/models/diff_drive_urdf/depricated/model.urdf
[0.528s] -- Up-to-date: /root/data/project_ws/install/ros_gz_example_description/share/ros_gz_example_description/models/diff_drive_urdf/depricated/model_gazebo.urdf
[0.529s] -- Up-to-date: /root/data/project_ws/install/ros_gz_example_description/share/ros_gz_example_description/models/diff_drive_urdf/model.urdf.xacro
[0.531s] -- Up-to-date: /root/data/project_ws/install/ros_gz_example_description/share/ros_gz_example_description/models/diff_drive_sdf
[0.534s] -- Up-to-date: /root/data/project_ws/install/ros_gz_example_description/share/ros_gz_example_description/models/diff_drive_sdf/model.sdf
[0.535s] -- Up-to-date: /root/data/project_ws/install/ros_gz_example_description/share/ros_gz_example_description/models/diff_drive_sdf/model.config
[0.537s] -- Up-to-date: /root/data/project_ws/install/ros_gz_example_description/share/ros_gz_example_description/models/rrbot
[0.538s] -- Up-to-date: /root/data/project_ws/install/ros_gz_example_description/share/ros_gz_example_description/models/rrbot/model.sdf
[0.542s] -- Up-to-date: /root/data/project_ws/install/ros_gz_example_description/share/ros_gz_example_description/models/turtlebot3_world
[0.544s] -- Up-to-date: /root/data/project_ws/install/ros_gz_example_description/share/ros_gz_example_description/models/turtlebot3_world/meshes
[0.546s] -- Up-to-date: /root/data/project_ws/install/ros_gz_example_description/share/ros_gz_example_description/models/turtlebot3_world/meshes/hexagon.dae
[0.547s] -- Up-to-date: /root/data/project_ws/install/ros_gz_example_description/share/ros_gz_example_description/models/turtlebot3_world/meshes/wall.dae
[0.549s] -- Up-to-date: /root/data/project_ws/install/ros_gz_example_description/share/ros_gz_example_description/models/turtlebot3_world/model-1_4.sdf
[0.550s] -- Up-to-date: /root/data/project_ws/install/ros_gz_example_description/share/ros_gz_example_description/models/turtlebot3_world/model.sdf
[0.552s] -- Up-to-date: /root/data/project_ws/install/ros_gz_example_description/share/ros_gz_example_description/models/turtlebot3_world/model.config
[0.553s] -- Up-to-date: /root/data/project_ws/install/ros_gz_example_description/share/ros_gz_example_description/environment/ros_gz_example_description.dsv
[0.556s] -- Up-to-date: /root/data/project_ws/install/ros_gz_example_description/share/ros_gz_example_description/environment/ros_gz_example_description.sh
[0.557s] -- Up-to-date: /root/data/project_ws/install/ros_gz_example_description/share/ament_index/resource_index/package_run_dependencies/ros_gz_example_description
[0.558s] -- Up-to-date: /root/data/project_ws/install/ros_gz_example_description/share/ament_index/resource_index/parent_prefix_path/ros_gz_example_description
[0.559s] -- Up-to-date: /root/data/project_ws/install/ros_gz_example_description/share/ros_gz_example_description/environment/ament_prefix_path.sh
[0.559s] -- Up-to-date: /root/data/project_ws/install/ros_gz_example_description/share/ros_gz_example_description/environment/ament_prefix_path.dsv
[0.560s] -- Up-to-date: /root/data/project_ws/install/ros_gz_example_description/share/ros_gz_example_description/environment/path.sh
[0.560s] -- Up-to-date: /root/data/project_ws/install/ros_gz_example_description/share/ros_gz_example_description/environment/path.dsv
[0.562s] -- Up-to-date: /root/data/project_ws/install/ros_gz_example_description/share/ros_gz_example_description/local_setup.bash
[0.562s] -- Up-to-date: /root/data/project_ws/install/ros_gz_example_description/share/ros_gz_example_description/local_setup.sh
[0.563s] -- Up-to-date: /root/data/project_ws/install/ros_gz_example_description/share/ros_gz_example_description/local_setup.zsh
[0.563s] -- Up-to-date: /root/data/project_ws/install/ros_gz_example_description/share/ros_gz_example_description/local_setup.dsv
[0.563s] -- Installing: /root/data/project_ws/install/ros_gz_example_description/share/ros_gz_example_description/package.dsv
[0.564s] -- Up-to-date: /root/data/project_ws/install/ros_gz_example_description/share/ament_index/resource_index/packages/ros_gz_example_description
[0.564s] -- Up-to-date: /root/data/project_ws/install/ros_gz_example_description/share/ros_gz_example_description/cmake/ros_gz_example_descriptionConfig.cmake
[0.569s] -- Up-to-date: /root/data/project_ws/install/ros_gz_example_description/share/ros_gz_example_description/cmake/ros_gz_example_descriptionConfig-version.cmake
[0.571s] -- Up-to-date: /root/data/project_ws/install/ros_gz_example_description/share/ros_gz_example_description/package.xml
[0.581s] Invoked command in '/root/data/project_ws/build/ros_gz_example_description' returned '0': CMAKE_PREFIX_PATH=/opt/ros/humble /usr/bin/cmake --install /root/data/project_ws/build/ros_gz_example_description
