-- Install configuration: ""
-- Up-to-date: /root/data/project_ws/install/ros_gz_example_bringup/share/ros_gz_example_bringup/launch
-- Up-to-date: /root/data/project_ws/install/ros_gz_example_bringup/share/ros_gz_example_bringup/launch/rrbot_setup.launch.py
-- Installing: /root/data/project_ws/install/ros_gz_example_bringup/share/ros_gz_example_bringup/launch/diff_drive.launch.py
-- Up-to-date: /root/data/project_ws/install/ros_gz_example_bringup/share/ros_gz_example_bringup/config
-- Up-to-date: /root/data/project_ws/install/ros_gz_example_bringup/share/ros_gz_example_bringup/config/diff_drive_old.rviz
-- Up-to-date: /root/data/project_ws/install/ros_gz_example_bringup/share/ros_gz_example_bringup/config/diff_drive.rviz
-- Up-to-date: /root/data/project_ws/install/ros_gz_example_bringup/share/ros_gz_example_bringup/config/joy-params.yaml
-- Up-to-date: /root/data/project_ws/install/ros_gz_example_bringup/share/ros_gz_example_bringup/config/my_map2.pgm
-- Up-to-date: /root/data/project_ws/install/ros_gz_example_bringup/share/ros_gz_example_bringup/config/diff_drive_controller_velocity.yaml
-- Up-to-date: /root/data/project_ws/install/ros_gz_example_bringup/share/ros_gz_example_bringup/config/ros_gz_example_bridge.yaml
-- Up-to-date: /root/data/project_ws/install/ros_gz_example_bringup/share/ros_gz_example_bringup/config/nav2_params.yaml
-- Up-to-date: /root/data/project_ws/install/ros_gz_example_bringup/share/ros_gz_example_bringup/config/ps3.config.yaml
-- Up-to-date: /root/data/project_ws/install/ros_gz_example_bringup/share/ros_gz_example_bringup/config/mapper_params_online_async.yaml
-- Up-to-date: /root/data/project_ws/install/ros_gz_example_bringup/share/ros_gz_example_bringup/config/rrbot.rviz
-- Up-to-date: /root/data/project_ws/install/ros_gz_example_bringup/share/ros_gz_example_bringup/config/my_map2.yaml
-- Up-to-date: /root/data/project_ws/install/ros_gz_example_bringup/share/ament_index/resource_index/package_run_dependencies/ros_gz_example_bringup
-- Up-to-date: /root/data/project_ws/install/ros_gz_example_bringup/share/ament_index/resource_index/parent_prefix_path/ros_gz_example_bringup
-- Up-to-date: /root/data/project_ws/install/ros_gz_example_bringup/share/ros_gz_example_bringup/environment/ament_prefix_path.sh
-- Up-to-date: /root/data/project_ws/install/ros_gz_example_bringup/share/ros_gz_example_bringup/environment/ament_prefix_path.dsv
-- Up-to-date: /root/data/project_ws/install/ros_gz_example_bringup/share/ros_gz_example_bringup/environment/path.sh
-- Up-to-date: /root/data/project_ws/install/ros_gz_example_bringup/share/ros_gz_example_bringup/environment/path.dsv
-- Up-to-date: /root/data/project_ws/install/ros_gz_example_bringup/share/ros_gz_example_bringup/local_setup.bash
-- Up-to-date: /root/data/project_ws/install/ros_gz_example_bringup/share/ros_gz_example_bringup/local_setup.sh
-- Up-to-date: /root/data/project_ws/install/ros_gz_example_bringup/share/ros_gz_example_bringup/local_setup.zsh
-- Up-to-date: /root/data/project_ws/install/ros_gz_example_bringup/share/ros_gz_example_bringup/local_setup.dsv
-- Installing: /root/data/project_ws/install/ros_gz_example_bringup/share/ros_gz_example_bringup/package.dsv
-- Up-to-date: /root/data/project_ws/install/ros_gz_example_bringup/share/ament_index/resource_index/packages/ros_gz_example_bringup
-- Up-to-date: /root/data/project_ws/install/ros_gz_example_bringup/share/ros_gz_example_bringup/cmake/ros_gz_example_bringupConfig.cmake
-- Up-to-date: /root/data/project_ws/install/ros_gz_example_bringup/share/ros_gz_example_bringup/cmake/ros_gz_example_bringupConfig-version.cmake
-- Up-to-date: /root/data/project_ws/install/ros_gz_example_bringup/share/ros_gz_example_bringup/package.xml
