[ 33%] Built target gmock
[ 55%] Built target gmock_main
[ 77%] Built target hardware_link2
[100%] Built target test_hardware_link2
-- Install configuration: ""
-- Up-to-date: /root/data/project_ws/install/hardware_link2/share/hardware_link2/hardware_link2.xml
-- Up-to-date: /root/data/project_ws/install/hardware_link2/lib/libhardware_link2.so
-- Up-to-date: /root/data/project_ws/install/hardware_link2/include
-- Up-to-date: /root/data/project_ws/install/hardware_link2/include/hardware_link2
-- Up-to-date: /root/data/project_ws/install/hardware_link2/include/hardware_link2/visibility_control.h
-- Up-to-date: /root/data/project_ws/install/hardware_link2/include/hardware_link2/hardware_link2.hpp
-- Up-to-date: /root/data/project_ws/install/hardware_link2/share/hardware_link2/environment/library_path.sh
-- Up-to-date: /root/data/project_ws/install/hardware_link2/share/hardware_link2/environment/library_path.dsv
-- Up-to-date: /root/data/project_ws/install/hardware_link2/share/ament_index/resource_index/package_run_dependencies/hardware_link2
-- Up-to-date: /root/data/project_ws/install/hardware_link2/share/ament_index/resource_index/parent_prefix_path/hardware_link2
-- Up-to-date: /root/data/project_ws/install/hardware_link2/share/hardware_link2/environment/ament_prefix_path.sh
-- Up-to-date: /root/data/project_ws/install/hardware_link2/share/hardware_link2/environment/ament_prefix_path.dsv
-- Up-to-date: /root/data/project_ws/install/hardware_link2/share/hardware_link2/environment/path.sh
-- Up-to-date: /root/data/project_ws/install/hardware_link2/share/hardware_link2/environment/path.dsv
-- Up-to-date: /root/data/project_ws/install/hardware_link2/share/hardware_link2/local_setup.bash
-- Up-to-date: /root/data/project_ws/install/hardware_link2/share/hardware_link2/local_setup.sh
-- Up-to-date: /root/data/project_ws/install/hardware_link2/share/hardware_link2/local_setup.zsh
-- Up-to-date: /root/data/project_ws/install/hardware_link2/share/hardware_link2/local_setup.dsv
-- Installing: /root/data/project_ws/install/hardware_link2/share/hardware_link2/package.dsv
-- Up-to-date: /root/data/project_ws/install/hardware_link2/share/ament_index/resource_index/packages/hardware_link2
-- Up-to-date: /root/data/project_ws/install/hardware_link2/share/ament_index/resource_index/hardware_interface__pluginlib__plugin/hardware_link2
-- Up-to-date: /root/data/project_ws/install/hardware_link2/share/hardware_link2/cmake/ament_cmake_export_include_directories-extras.cmake
-- Up-to-date: /root/data/project_ws/install/hardware_link2/share/hardware_link2/cmake/ament_cmake_export_libraries-extras.cmake
-- Up-to-date: /root/data/project_ws/install/hardware_link2/share/hardware_link2/cmake/ament_cmake_export_dependencies-extras.cmake
-- Up-to-date: /root/data/project_ws/install/hardware_link2/share/hardware_link2/cmake/hardware_link2Config.cmake
-- Up-to-date: /root/data/project_ws/install/hardware_link2/share/hardware_link2/cmake/hardware_link2Config-version.cmake
-- Up-to-date: /root/data/project_ws/install/hardware_link2/share/hardware_link2/package.xml
