[0.827s] Invoking command in '/root/data/project_ws/src/my_package': PYTHONPATH=/root/data/project_ws/build/my_package/prefix_override:/usr/local/lib/python3.10/dist-packages/colcon_core/task/python/colcon_distutils_commands:/root/data/project_ws/install/my_package/lib/python3.10/site-packages:${PYTHONPATH} /usr/bin/python3 -W ignore:setup.py install is deprecated setup.py egg_info --egg-base ../../build/my_package build --build-base /root/data/project_ws/build/my_package/build install --record /root/data/project_ws/build/my_package/install.log --single-version-externally-managed install_data
[1.113s] running egg_info
[1.113s] creating ../../build/my_package/my_package.egg-info
[1.113s] writing ../../build/my_package/my_package.egg-info/PKG-INFO
[1.113s] writing dependency_links to ../../build/my_package/my_package.egg-info/dependency_links.txt
[1.113s] writing entry points to ../../build/my_package/my_package.egg-info/entry_points.txt
[1.113s] writing requirements to ../../build/my_package/my_package.egg-info/requires.txt
[1.113s] writing top-level names to ../../build/my_package/my_package.egg-info/top_level.txt
[1.115s] writing manifest file '../../build/my_package/my_package.egg-info/SOURCES.txt'
[1.116s] reading manifest file '../../build/my_package/my_package.egg-info/SOURCES.txt'
[1.116s] adding license file 'LICENSE'
[1.117s] writing manifest file '../../build/my_package/my_package.egg-info/SOURCES.txt'
[1.117s] running build
[1.118s] running build_py
[1.118s] creating /root/data/project_ws/build/my_package/build
[1.118s] creating /root/data/project_ws/build/my_package/build/lib
[1.119s] creating /root/data/project_ws/build/my_package/build/lib/my_package
[1.119s] copying my_package/my_node.py -> /root/data/project_ws/build/my_package/build/lib/my_package
[1.119s] copying my_package/__init__.py -> /root/data/project_ws/build/my_package/build/lib/my_package
[1.120s] running install
[1.122s] running install_lib
[1.122s] creating /root/data/project_ws/install/my_package/lib/python3.10/site-packages/my_package
[1.122s] copying /root/data/project_ws/build/my_package/build/lib/my_package/my_node.py -> /root/data/project_ws/install/my_package/lib/python3.10/site-packages/my_package
[1.122s] copying /root/data/project_ws/build/my_package/build/lib/my_package/__init__.py -> /root/data/project_ws/install/my_package/lib/python3.10/site-packages/my_package
[1.123s] byte-compiling /root/data/project_ws/install/my_package/lib/python3.10/site-packages/my_package/my_node.py to my_node.cpython-310.pyc
[1.125s] byte-compiling /root/data/project_ws/install/my_package/lib/python3.10/site-packages/my_package/__init__.py to __init__.cpython-310.pyc
[1.125s] running install_data
[1.125s] creating /root/data/project_ws/install/my_package/share/ament_index
[1.125s] creating /root/data/project_ws/install/my_package/share/ament_index/resource_index
[1.126s] creating /root/data/project_ws/install/my_package/share/ament_index/resource_index/packages
[1.128s] copying resource/my_package -> /root/data/project_ws/install/my_package/share/ament_index/resource_index/packages
[1.128s] copying package.xml -> /root/data/project_ws/install/my_package/share/my_package
[1.128s] running install_egg_info
[1.130s] Copying ../../build/my_package/my_package.egg-info to /root/data/project_ws/install/my_package/lib/python3.10/site-packages/my_package-0.0.0-py3.10.egg-info
[1.131s] running install_scripts
[1.161s] Installing my_node script to /root/data/project_ws/install/my_package/lib/my_package
[1.161s] writing list of installed files to '/root/data/project_ws/build/my_package/install.log'
[1.203s] Invoked command in '/root/data/project_ws/src/my_package' returned '0': PYTHONPATH=/root/data/project_ws/build/my_package/prefix_override:/usr/local/lib/python3.10/dist-packages/colcon_core/task/python/colcon_distutils_commands:/root/data/project_ws/install/my_package/lib/python3.10/site-packages:${PYTHONPATH} /usr/bin/python3 -W ignore:setup.py install is deprecated setup.py egg_info --egg-base ../../build/my_package build --build-base /root/data/project_ws/build/my_package/build install --record /root/data/project_ws/build/my_package/install.log --single-version-externally-managed install_data
