[0.012s] Invoking command in '/root/data/project_ws/build/ros_gz_example_gazebo': AMENT_PREFIX_PATH=/root/data/project_ws/install/ros_gz_example_description:${AMENT_PREFIX_PATH} CMAKE_PREFIX_PATH=/root/data/project_ws/install/ros_gz_example_description:/opt/ros/humble IGN_GAZEBO_RESOURCE_PATH=/root/data/project_ws/install/ros_gz_example_description/share/ros_gz_example_description/models /usr/bin/cmake /root/data/project_ws/src/ros_gz_example_gazebo -DBUILD_TESTING=ON -DCMAKE_INSTALL_PREFIX=/root/data/project_ws/install/ros_gz_example_gazebo
[0.117s] -- The C compiler identification is GNU 11.4.0
[0.199s] -- The CXX compiler identification is GNU 11.4.0
[0.215s] -- Detecting C compiler ABI info
[0.328s] -- Detecting C compiler ABI info - done
[0.336s] -- Check for working C compiler: /usr/bin/cc - skipped
[0.337s] -- Detecting C compile features
[0.337s] -- Detecting C compile features - done
[0.341s] -- Detecting CXX compiler ABI info
[0.450s] -- Detecting CXX compiler ABI info - done
[0.459s] -- Check for working CXX compiler: /usr/bin/c++ - skipped
[0.459s] -- Detecting CXX compile features
[0.460s] -- Detecting CXX compile features - done
[0.466s] -- Found ament_cmake: 1.3.9 (/opt/ros/humble/share/ament_cmake/cmake)
[0.669s] -- Found Python3: /usr/bin/python3 (found version "3.10.12") found components: Interpreter 
[0.792s] -- Found ros_gz_example_description: 0.0.0 (/root/data/project_ws/install/ros_gz_example_description/share/ros_gz_example_description/cmake)
[0.814s] -- Looking for ignition-plugin1 -- found version 1.4.0
[0.814s] -- Searching for dependencies of ignition-plugin1
[0.815s] -- Searching for <ignition-plugin1> component [register]
[0.819s] -- Looking for ignition-plugin1-register -- found version 1.4.0
[0.819s] -- Searching for dependencies of ignition-plugin1-register
[0.825s] -- Looking for ignition-common4 -- found version 4.7.0
[0.826s] -- Searching for dependencies of ignition-common4
[0.826s] -- Looking for dlfcn.h - found
[0.836s] -- Looking for libdl - found
[0.838s] -- Found DL: TRUE  
[0.844s] -- Checking for module 'uuid'
[0.861s] --   Found uuid, version 2.37.2
[0.920s] -- Found UUID: TRUE  
[0.922s] -- Searching for <ignition-common4> component [profiler]
[0.928s] -- Looking for ignition-common4-profiler -- found version 4.7.0
[0.928s] -- Searching for dependencies of ignition-common4-profiler
[0.937s] -- Looking for ignition-gazebo6 -- found version 6.16.0
[0.938s] -- Searching for dependencies of ignition-gazebo6
[0.943s] -- Looking for sdformat12 -- found version 12.8.0
[0.944s] -- Searching for dependencies of sdformat12
[0.951s] -- Checking for module 'tinyxml2'
[0.968s] --   Found tinyxml2, version 9.0.0
[1.021s] -- Looking for ignition-math6 -- found version 6.15.1
[1.022s] -- Searching for dependencies of ignition-math6
[1.030s] -- Looking for ignition-utils1 -- found version 1.5.1
[1.031s] -- Searching for dependencies of ignition-utils1
[1.035s] -- Looking for ignition-plugin1 -- found version 1.4.0
[1.036s] -- Searching for dependencies of ignition-plugin1
[1.036s] -- Searching for <ignition-plugin1> component [loader]
[1.044s] -- Looking for ignition-plugin1-loader -- found version 1.4.0
[1.045s] -- Searching for dependencies of ignition-plugin1-loader
[1.046s] -- Searching for <ignition-plugin1> component [register]
[1.052s] -- Looking for ignition-transport11 -- found version 11.4.1
[1.052s] -- Searching for dependencies of ignition-transport11
[1.380s] -- Found Protobuf: /usr/lib/x86_64-linux-gnu/libprotobuf.so (found version "3.12.4") 
[1.415s] -- Config-file not installed for ZeroMQ -- checking for pkg-config
[1.423s] -- Checking for module 'libzmq >= 4'
[1.459s] --   Found libzmq , version 4.3.4
[1.549s] -- Found ZeroMQ: TRUE (Required is at least version "4") 
[1.583s] -- Looking for ignition-utils1 -- found version 1.5.1
[1.584s] -- Searching for dependencies of ignition-utils1
[1.584s] -- Searching for <ignition-utils1> component [cli]
[1.604s] -- Looking for ignition-utils1-cli -- found version 1.5.1
[1.608s] -- Searching for dependencies of ignition-utils1-cli
[1.617s] -- Looking for ignition-msgs8 -- found version 8.7.0
[1.618s] -- Searching for dependencies of ignition-msgs8
[1.671s] -- Found Protobuf: /usr/lib/x86_64-linux-gnu/libprotobuf.so (found suitable version "3.12.4", minimum required is "3") 
[1.673s] -- Looking for ignition-math6 -- found version 6.15.1
[1.688s] -- Searching for <ignition-transport11> component [log]
[1.693s] -- Looking for ignition-transport11-log -- found version 11.4.1
[1.698s] -- Searching for dependencies of ignition-transport11-log
[1.699s] -- Searching for <ignition-transport11> component [parameters]
[1.704s] -- Looking for ignition-transport11-parameters -- found version 11.4.1
[1.705s] -- Searching for dependencies of ignition-transport11-parameters
[1.712s] -- Looking for ignition-msgs8 -- found version 8.7.0
[1.713s] -- Looking for ignition-common4 -- found version 4.7.0
[1.719s] -- Searching for dependencies of ignition-common4
[1.719s] -- Looking for dlfcn.h - found
[1.719s] -- Looking for libdl - found
[1.726s] -- Searching for <ignition-common4> component [profiler]
[1.727s] -- Searching for <ignition-common4> component [events]
[1.739s] -- Looking for ignition-common4-events -- found version 4.7.0
[1.742s] -- Searching for dependencies of ignition-common4-events
[1.742s] -- Looking for ignition-math6 -- found version 6.15.1
[1.748s] -- Searching for <ignition-common4> component [av]
[1.760s] -- Looking for ignition-common4-av -- found version 4.7.0
[1.764s] -- Searching for dependencies of ignition-common4-av
[1.777s] -- Checking for module 'libswscale'
[1.816s] --   Found libswscale, version 5.9.100
[1.928s] -- Found SWSCALE: TRUE  
[1.938s] -- Checking for module 'libavdevice >= 56.4.100'
[1.980s] --   Found libavdevice , version 58.13.100
[2.059s] -- Found AVDEVICE: TRUE (Required is at least version "56.4.100") 
[2.072s] -- Checking for module 'libavformat'
[2.096s] --   Found libavformat, version 58.76.100
[2.178s] -- Found AVFORMAT: TRUE  
[2.208s] -- Checking for module 'libavcodec'
[2.238s] --   Found libavcodec, version 58.134.100
[2.382s] -- Found AVCODEC: TRUE  
[2.397s] -- Checking for module 'libavutil'
[2.424s] --   Found libavutil, version 56.70.100
[2.581s] -- Found AVUTIL: TRUE  
[2.598s] -- Looking for ignition-fuel_tools7 -- found version 7.3.0
[2.599s] -- Searching for dependencies of ignition-fuel_tools7
[3.057s] -- Found CURL: /usr/lib/x86_64-linux-gnu/libcurl.so (found version "7.81.0")  
[3.093s] -- Checking for module 'jsoncpp'
[3.191s] --   Found jsoncpp, version 1.9.5
[3.444s] -- Found JSONCPP: TRUE  
[3.463s] -- Checking for module 'libzip'
[3.531s] --   Found libzip, version 1.7.3
[3.761s] -- Found ZIP: TRUE  
[3.761s] -- Looking for ignition-common4 -- found version 4.7.0
[3.763s] -- Looking for ignition-math6 -- found version 6.15.1
[3.764s] -- Looking for ignition-msgs8 -- found version 8.7.0
[3.781s] -- Looking for ignition-gui6 -- found version 6.8.0
[3.782s] -- Searching for dependencies of ignition-gui6
[3.877s] -- Looking for ignition-math6 -- found version 6.15.1
[3.878s] -- Looking for ignition-common4 -- found version 4.7.0
[3.879s] -- Looking for ignition-plugin1 -- found version 1.4.0
[3.880s] -- Looking for ignition-transport11 -- found version 11.4.1
[3.892s] -- Looking for ignition-rendering6 -- found version 6.6.3
[3.893s] -- Searching for dependencies of ignition-rendering6
[3.894s] -- Looking for ignition-math6 -- found version 6.15.1
[3.895s] -- Searching for dependencies of ignition-math6
[3.895s] -- Searching for <ignition-math6> component [eigen3]
[3.907s] -- Looking for ignition-math6-eigen3 -- found version 6.15.1
[3.910s] -- Searching for dependencies of ignition-math6-eigen3
[3.951s] -- Looking for ignition-common4 -- found version 4.7.0
[3.952s] -- Searching for dependencies of ignition-common4
[3.953s] -- Looking for dlfcn.h - found
[3.953s] -- Looking for libdl - found
[3.976s] -- Searching for <ignition-common4> component [graphics]
[3.987s] -- Looking for ignition-common4-graphics -- found version 4.7.0
[3.989s] -- Searching for dependencies of ignition-common4-graphics
[3.990s] -- Looking for ignition-math6 -- found version 6.15.1
[3.991s] -- Looking for ignition-utils1 -- found version 1.5.1
[3.995s] -- Searching for <ignition-common4> component [events]
[3.996s] -- Looking for ignition-plugin1 -- found version 1.4.0
[3.997s] -- Searching for dependencies of ignition-plugin1
[3.998s] -- Searching for <ignition-plugin1> component [all]
[4.013s] -- Looking for all libraries of ignition-plugin1 -- found version 1.4.0
[4.014s] -- Looking for ignition-plugin1 -- found version 1.4.0
[4.023s] -- Looking for ignition-msgs8 -- found version 8.7.0
[4.117s] -- Looking for ignition-physics5 -- found version 5.3.2
[4.119s] -- Searching for dependencies of ignition-physics5
[4.120s] -- Looking for ignition-math6 -- found version 6.15.1
[4.121s] -- Looking for ignition-plugin1 -- found version 1.4.0
[4.122s] -- Looking for ignition-utils1 -- found version 1.5.1
[4.127s] -- Searching for <ignition-physics5> component [heightmap]
[4.142s] -- Looking for ignition-physics5-heightmap -- found version 5.3.2
[4.144s] -- Searching for dependencies of ignition-physics5-heightmap
[4.145s] -- Looking for ignition-common4 -- found version 4.7.0
[4.147s] -- Searching for <ignition-physics5> component [mesh]
[4.156s] -- Looking for ignition-physics5-mesh -- found version 5.3.2
[4.157s] -- Searching for dependencies of ignition-physics5-mesh
[4.159s] -- Looking for ignition-common4 -- found version 4.7.0
[4.163s] -- Searching for <ignition-physics5> component [sdf]
[4.174s] -- Looking for ignition-physics5-sdf -- found version 5.3.2
[4.175s] -- Searching for dependencies of ignition-physics5-sdf
[4.176s] -- Looking for sdformat12 -- found version 12.8.0
[4.196s] -- Looking for ignition-sensors6 -- found version 6.8.0
[4.196s] -- Searching for dependencies of ignition-sensors6
[4.274s] -- Found Protobuf: /usr/lib/x86_64-linux-gnu/libprotobuf.so (found version "3.12.4") 
[4.279s] -- Looking for ignition-math6 -- found version 6.15.1
[4.282s] -- Looking for ignition-common4 -- found version 4.7.0
[4.285s] -- Looking for ignition-transport11 -- found version 11.4.1
[4.286s] -- Looking for ignition-rendering6 -- found version 6.6.3
[4.294s] -- Looking for ignition-msgs8 -- found version 8.7.0
[4.296s] -- Looking for sdformat12 -- found version 12.8.0
[4.300s] -- Searching for <ignition-sensors6> component [air_pressure]
[4.321s] -- Looking for ignition-sensors6-air_pressure -- found version 6.8.0
[4.323s] -- Searching for dependencies of ignition-sensors6-air_pressure
[4.329s] -- Searching for <ignition-sensors6> component [altimeter]
[4.343s] -- Looking for ignition-sensors6-altimeter -- found version 6.8.0
[4.347s] -- Searching for dependencies of ignition-sensors6-altimeter
[4.354s] -- Searching for <ignition-sensors6> component [imu]
[4.367s] -- Looking for ignition-sensors6-imu -- found version 6.8.0
[4.368s] -- Searching for dependencies of ignition-sensors6-imu
[4.375s] -- Searching for <ignition-sensors6> component [force_torque]
[4.389s] -- Looking for ignition-sensors6-force_torque -- found version 6.8.0
[4.390s] -- Searching for dependencies of ignition-sensors6-force_torque
[4.396s] -- Searching for <ignition-sensors6> component [logical_camera]
[4.410s] -- Looking for ignition-sensors6-logical_camera -- found version 6.8.0
[4.413s] -- Searching for dependencies of ignition-sensors6-logical_camera
[4.417s] -- Searching for <ignition-sensors6> component [magnetometer]
[4.434s] -- Looking for ignition-sensors6-magnetometer -- found version 6.8.0
[4.435s] -- Searching for dependencies of ignition-sensors6-magnetometer
[4.444s] -- Searching for <ignition-sensors6> component [navsat]
[4.450s] -- Looking for ignition-sensors6-navsat -- found version 6.8.0
[4.451s] -- Searching for dependencies of ignition-sensors6-navsat
[4.454s] -- Searching for <ignition-sensors6> component [rendering]
[4.464s] -- Looking for ignition-sensors6-rendering -- found version 6.8.0
[4.465s] -- Searching for dependencies of ignition-sensors6-rendering
[4.466s] -- Searching for <ignition-sensors6> component [lidar]
[4.475s] -- Looking for ignition-sensors6-lidar -- found version 6.8.0
[4.476s] -- Searching for dependencies of ignition-sensors6-lidar
[4.478s] -- Looking for ignition-sensors6 -- found version 6.8.0
[4.483s] -- Searching for <ignition-sensors6> component [gpu_lidar]
[4.495s] -- Looking for ignition-sensors6-gpu_lidar -- found version 6.8.0
[4.497s] -- Searching for dependencies of ignition-sensors6-gpu_lidar
[4.499s] -- Looking for ignition-sensors6 -- found version 6.8.0
[4.502s] -- Searching for <ignition-sensors6> component [camera]
[4.516s] -- Looking for ignition-sensors6-camera -- found version 6.8.0
[4.517s] -- Searching for dependencies of ignition-sensors6-camera
[4.517s] -- Looking for ignition-sensors6 -- found version 6.8.0
[4.522s] -- Searching for <ignition-sensors6> component [boundingbox_camera]
[4.532s] -- Looking for ignition-sensors6-boundingbox_camera -- found version 6.8.0
[4.532s] -- Searching for dependencies of ignition-sensors6-boundingbox_camera
[4.537s] -- Searching for <ignition-sensors6> component [segmentation_camera]
[4.550s] -- Looking for ignition-sensors6-segmentation_camera -- found version 6.8.0
[4.551s] -- Searching for dependencies of ignition-sensors6-segmentation_camera
[4.555s] -- Searching for <ignition-sensors6> component [depth_camera]
[4.565s] -- Looking for ignition-sensors6-depth_camera -- found version 6.8.0
[4.566s] -- Searching for dependencies of ignition-sensors6-depth_camera
[4.566s] -- Looking for ignition-sensors6 -- found version 6.8.0
[4.575s] -- Searching for <ignition-sensors6> component [rgbd_camera]
[4.586s] -- Looking for ignition-sensors6-rgbd_camera -- found version 6.8.0
[4.589s] -- Searching for dependencies of ignition-sensors6-rgbd_camera
[4.589s] -- Looking for ignition-sensors6 -- found version 6.8.0
[4.590s] -- Searching for <ignition-sensors6> component [thermal_camera]
[4.600s] -- Looking for ignition-sensors6-thermal_camera -- found version 6.8.0
[4.601s] -- Searching for dependencies of ignition-sensors6-thermal_camera
[4.601s] -- Looking for ignition-sensors6 -- found version 6.8.0
[4.606s] -- Looking for ignition-rendering6 -- found version 6.6.3
[4.609s] -- Looking for ignition-math6 -- found version 6.15.1
[4.619s] -- Looking for ignition-utils1 -- found version 1.5.1
[4.702s] -- Found ament_lint_auto: 0.12.11 (/opt/ros/humble/share/ament_lint_auto/cmake)
[4.889s] -- Configuring done
[4.948s] -- Generating done
[4.963s] -- Build files have been written to: /root/data/project_ws/build/ros_gz_example_gazebo
[4.982s] Invoked command in '/root/data/project_ws/build/ros_gz_example_gazebo' returned '0': AMENT_PREFIX_PATH=/root/data/project_ws/install/ros_gz_example_description:${AMENT_PREFIX_PATH} CMAKE_PREFIX_PATH=/root/data/project_ws/install/ros_gz_example_description:/opt/ros/humble IGN_GAZEBO_RESOURCE_PATH=/root/data/project_ws/install/ros_gz_example_description/share/ros_gz_example_description/models /usr/bin/cmake /root/data/project_ws/src/ros_gz_example_gazebo -DBUILD_TESTING=ON -DCMAKE_INSTALL_PREFIX=/root/data/project_ws/install/ros_gz_example_gazebo
[4.983s] Invoking command in '/root/data/project_ws/build/ros_gz_example_gazebo': AMENT_PREFIX_PATH=/root/data/project_ws/install/ros_gz_example_description:${AMENT_PREFIX_PATH} CMAKE_PREFIX_PATH=/root/data/project_ws/install/ros_gz_example_description:/opt/ros/humble IGN_GAZEBO_RESOURCE_PATH=/root/data/project_ws/install/ros_gz_example_description/share/ros_gz_example_description/models /usr/bin/cmake --build /root/data/project_ws/build/ros_gz_example_gazebo -- -j4 -l4
[5.172s] [ 25%] [32mBuilding CXX object CMakeFiles/BasicSystem.dir/src/BasicSystem.cc.o[0m
[5.191s] [ 50%] [32mBuilding CXX object CMakeFiles/FullSystem.dir/src/FullSystem.cc.o[0m
[11.466s] [ 75%] [32m[1mLinking CXX shared library libBasicSystem.so[0m
[11.566s] [100%] [32m[1mLinking CXX shared library libFullSystem.so[0m
[11.961s] [100%] Built target BasicSystem
[11.972s] [100%] Built target FullSystem
[11.997s] Invoked command in '/root/data/project_ws/build/ros_gz_example_gazebo' returned '0': AMENT_PREFIX_PATH=/root/data/project_ws/install/ros_gz_example_description:${AMENT_PREFIX_PATH} CMAKE_PREFIX_PATH=/root/data/project_ws/install/ros_gz_example_description:/opt/ros/humble IGN_GAZEBO_RESOURCE_PATH=/root/data/project_ws/install/ros_gz_example_description/share/ros_gz_example_description/models /usr/bin/cmake --build /root/data/project_ws/build/ros_gz_example_gazebo -- -j4 -l4
[12.039s] Invoking command in '/root/data/project_ws/build/ros_gz_example_gazebo': AMENT_PREFIX_PATH=/root/data/project_ws/install/ros_gz_example_description:${AMENT_PREFIX_PATH} CMAKE_PREFIX_PATH=/root/data/project_ws/install/ros_gz_example_description:/opt/ros/humble IGN_GAZEBO_RESOURCE_PATH=/root/data/project_ws/install/ros_gz_example_description/share/ros_gz_example_description/models /usr/bin/cmake --install /root/data/project_ws/build/ros_gz_example_gazebo
[12.049s] -- Install configuration: ""
[12.050s] -- Installing: /root/data/project_ws/install/ros_gz_example_gazebo/lib/ros_gz_example_gazebo/libBasicSystem.so
[12.052s] -- Installing: /root/data/project_ws/install/ros_gz_example_gazebo/lib/ros_gz_example_gazebo/libFullSystem.so
[12.054s] -- Installing: /root/data/project_ws/install/ros_gz_example_gazebo/share/ros_gz_example_gazebo/worlds
[12.055s] -- Installing: /root/data/project_ws/install/ros_gz_example_gazebo/share/ros_gz_example_gazebo/worlds/diff_drive.sdf
[12.055s] -- Installing: /root/data/project_ws/install/ros_gz_example_gazebo/share/ros_gz_example_gazebo/environment/ros_gz_example_gazebo.dsv
[12.055s] -- Installing: /root/data/project_ws/install/ros_gz_example_gazebo/share/ros_gz_example_gazebo/environment/ros_gz_example_gazebo.sh
[12.056s] -- Installing: /root/data/project_ws/install/ros_gz_example_gazebo/share/ament_index/resource_index/package_run_dependencies/ros_gz_example_gazebo
[12.057s] -- Installing: /root/data/project_ws/install/ros_gz_example_gazebo/share/ament_index/resource_index/parent_prefix_path/ros_gz_example_gazebo
[12.057s] -- Installing: /root/data/project_ws/install/ros_gz_example_gazebo/share/ros_gz_example_gazebo/environment/ament_prefix_path.sh
[12.057s] -- Installing: /root/data/project_ws/install/ros_gz_example_gazebo/share/ros_gz_example_gazebo/environment/ament_prefix_path.dsv
[12.057s] -- Installing: /root/data/project_ws/install/ros_gz_example_gazebo/share/ros_gz_example_gazebo/environment/path.sh
[12.057s] -- Installing: /root/data/project_ws/install/ros_gz_example_gazebo/share/ros_gz_example_gazebo/environment/path.dsv
[12.057s] -- Installing: /root/data/project_ws/install/ros_gz_example_gazebo/share/ros_gz_example_gazebo/local_setup.bash
[12.058s] -- Installing: /root/data/project_ws/install/ros_gz_example_gazebo/share/ros_gz_example_gazebo/local_setup.sh
[12.058s] -- Installing: /root/data/project_ws/install/ros_gz_example_gazebo/share/ros_gz_example_gazebo/local_setup.zsh
[12.059s] -- Installing: /root/data/project_ws/install/ros_gz_example_gazebo/share/ros_gz_example_gazebo/local_setup.dsv
[12.059s] -- Installing: /root/data/project_ws/install/ros_gz_example_gazebo/share/ros_gz_example_gazebo/package.dsv
[12.059s] -- Installing: /root/data/project_ws/install/ros_gz_example_gazebo/share/ament_index/resource_index/packages/ros_gz_example_gazebo
[12.059s] -- Installing: /root/data/project_ws/install/ros_gz_example_gazebo/share/ros_gz_example_gazebo/cmake/ros_gz_example_gazeboConfig.cmake
[12.059s] -- Installing: /root/data/project_ws/install/ros_gz_example_gazebo/share/ros_gz_example_gazebo/cmake/ros_gz_example_gazeboConfig-version.cmake
[12.060s] -- Installing: /root/data/project_ws/install/ros_gz_example_gazebo/share/ros_gz_example_gazebo/package.xml
[12.062s] Invoked command in '/root/data/project_ws/build/ros_gz_example_gazebo' returned '0': AMENT_PREFIX_PATH=/root/data/project_ws/install/ros_gz_example_description:${AMENT_PREFIX_PATH} CMAKE_PREFIX_PATH=/root/data/project_ws/install/ros_gz_example_description:/opt/ros/humble IGN_GAZEBO_RESOURCE_PATH=/root/data/project_ws/install/ros_gz_example_description/share/ros_gz_example_description/models /usr/bin/cmake --install /root/data/project_ws/build/ros_gz_example_gazebo
