[0.024s] Invoking command in '/root/data/project_ws/build/hardware_link2': CMAKE_PREFIX_PATH=/opt/ros/humble /usr/bin/cmake /root/data/project_ws/src/hardware_link2 -DBUILD_TESTING=ON -DCMAKE_INSTALL_PREFIX=/root/data/project_ws/install/hardware_link2
[0.403s] -- The C compiler identification is GNU 11.4.0
[0.403s] -- The CXX compiler identification is GNU 11.4.0
[0.403s] -- Detecting C compiler ABI info
[0.403s] -- Detecting C compiler ABI info - done
[0.404s] -- Check for working C compiler: /usr/bin/cc - skipped
[0.404s] -- Detecting C compile features
[0.404s] -- Detecting C compile features - done
[0.408s] -- Detecting CXX compiler ABI info
[0.607s] -- Detecting CXX compiler ABI info - done
[0.622s] -- Check for working CXX compiler: /usr/bin/c++ - skipped
[0.622s] -- Detecting CXX compile features
[0.626s] -- Detecting CXX compile features - done
[0.633s] -- Found ament_cmake: 1.3.9 (/opt/ros/humble/share/ament_cmake/cmake)
[0.902s] -- Found Python3: /usr/bin/python3 (found version "3.10.12") found components: Interpreter 
[1.105s] -- Found hardware_interface: 2.41.0 (/opt/ros/humble/share/hardware_interface/cmake)
[1.177s] -- Found rosidl_generator_c: 3.1.5 (/opt/ros/humble/share/rosidl_generator_c/cmake)
[1.188s] -- Found rosidl_adapter: 3.1.5 (/opt/ros/humble/share/rosidl_adapter/cmake)
[1.202s] -- Found rosidl_generator_cpp: 3.1.5 (/opt/ros/humble/share/rosidl_generator_cpp/cmake)
[1.224s] -- Using all available rosidl_typesupport_c: rosidl_typesupport_fastrtps_c;rosidl_typesupport_introspection_c
[1.252s] -- Using all available rosidl_typesupport_cpp: rosidl_typesupport_fastrtps_cpp;rosidl_typesupport_introspection_cpp
[2.279s] -- Found rmw_implementation_cmake: 6.1.2 (/opt/ros/humble/share/rmw_implementation_cmake/cmake)
[2.284s] -- Found rmw_fastrtps_cpp: 6.2.6 (/opt/ros/humble/share/rmw_fastrtps_cpp/cmake)
[2.347s] -- Found TinyXML2 via Config file: TinyXML2_DIR-NOTFOUND
[2.428s] -- Found OpenSSL: /usr/lib/x86_64-linux-gnu/libcrypto.so (found version "3.0.2")  
[2.436s] -- Found TinyXML2 via Config file: TinyXML2_DIR-NOTFOUND
[2.458s] -- Found FastRTPS: /opt/ros/humble/include  
[2.472s] -- Found TinyXML2 via Config file: TinyXML2_DIR-NOTFOUND
[2.483s] -- Found TinyXML2 via Config file: TinyXML2_DIR-NOTFOUND
[2.496s] -- Using RMW implementation 'rmw_fastrtps_cpp' as default
[2.515s] -- Looking for pthread.h
[2.655s] -- Looking for pthread.h - found
[2.656s] -- Performing Test CMAKE_HAVE_LIBC_PTHREAD
[2.791s] -- Performing Test CMAKE_HAVE_LIBC_PTHREAD - Success
[2.792s] -- Found Threads: TRUE  
[3.126s] -- Found ament_lint_auto: 0.12.11 (/opt/ros/humble/share/ament_lint_auto/cmake)
[3.330s] -- Found gmock sources under '/opt/ros/humble/src/gmock_vendor': C++ tests using 'Google Mock' will be built
[3.357s] -- Found ament_cmake_gtest: 1.3.9 (/opt/ros/humble/share/ament_cmake_gtest/cmake)
[3.364s] -- Found gtest sources under '/opt/ros/humble/src/gtest_vendor': C++ tests using 'Google Test' will be built
[3.502s] -- Added test 'cppcheck' to perform static code analysis on C / C++ code
[3.502s] -- Configured cppcheck include dirs: /root/data/project_ws/src/hardware_link2/include
[3.502s] -- Configured cppcheck exclude dirs and/or files: 
[3.510s] -- Added test 'lint_cmake' to check CMake code style
[3.543s] -- Added test 'uncrustify' to check C / C++ code style
[3.543s] -- Configured uncrustify additional arguments: 
[3.545s] -- Added test 'xmllint' to check XML markup files
[3.565s] -- Configuring done
[3.726s] -- Generating done
[3.736s] -- Build files have been written to: /root/data/project_ws/build/hardware_link2
[3.776s] Invoked command in '/root/data/project_ws/build/hardware_link2' returned '0': CMAKE_PREFIX_PATH=/opt/ros/humble /usr/bin/cmake /root/data/project_ws/src/hardware_link2 -DBUILD_TESTING=ON -DCMAKE_INSTALL_PREFIX=/root/data/project_ws/install/hardware_link2
[3.776s] Invoking command in '/root/data/project_ws/build/hardware_link2': CMAKE_PREFIX_PATH=/opt/ros/humble /usr/bin/cmake --build /root/data/project_ws/build/hardware_link2 -- -j4 -l4
[3.875s] [ 11%] [32mBuilding CXX object gmock/CMakeFiles/gmock_main.dir/src/gmock_main.cc.o[0m
[3.893s] [ 22%] [32mBuilding CXX object gmock/CMakeFiles/gmock.dir/src/gmock-all.cc.o[0m
[3.899s] [ 33%] [32mBuilding CXX object gmock/CMakeFiles/gmock.dir/opt/ros/humble/src/gtest_vendor/src/gtest-all.cc.o[0m
[3.944s] [ 44%] [32mBuilding CXX object CMakeFiles/hardware_link2.dir/src/hardware_link2.cpp.o[0m
[6.193s] [ 55%] [32m[1mLinking CXX static library libgmock_main.a[0m
[6.250s] [ 55%] Built target gmock_main
[9.100s] [ 66%] [32m[1mLinking CXX shared library libhardware_link2.so[0m
[9.426s] [ 66%] Built target hardware_link2
[10.274s] [ 77%] [32m[1mLinking CXX static library libgmock.a[0m
[10.425s] [ 77%] Built target gmock
[10.456s] [ 88%] [32mBuilding CXX object CMakeFiles/test_hardware_link2.dir/test/test_hardware_link2.cpp.o[0m
[12.757s] [100%] [32m[1mLinking CXX executable test_hardware_link2[0m
[13.148s] [100%] Built target test_hardware_link2
[13.165s] Invoked command in '/root/data/project_ws/build/hardware_link2' returned '0': CMAKE_PREFIX_PATH=/opt/ros/humble /usr/bin/cmake --build /root/data/project_ws/build/hardware_link2 -- -j4 -l4
[13.230s] Invoking command in '/root/data/project_ws/build/hardware_link2': CMAKE_PREFIX_PATH=/opt/ros/humble /usr/bin/cmake --install /root/data/project_ws/build/hardware_link2
[13.240s] -- Install configuration: ""
[13.241s] -- Installing: /root/data/project_ws/install/hardware_link2/share/hardware_link2/hardware_link2.xml
[13.242s] -- Installing: /root/data/project_ws/install/hardware_link2/lib/libhardware_link2.so
[13.250s] -- Set runtime path of "/root/data/project_ws/install/hardware_link2/lib/libhardware_link2.so" to ""
[13.250s] -- Installing: /root/data/project_ws/install/hardware_link2/include
[13.250s] -- Installing: /root/data/project_ws/install/hardware_link2/include/hardware_link2
[13.250s] -- Installing: /root/data/project_ws/install/hardware_link2/include/hardware_link2/visibility_control.h
[13.251s] -- Installing: /root/data/project_ws/install/hardware_link2/include/hardware_link2/hardware_link2.hpp
[13.251s] -- Installing: /root/data/project_ws/install/hardware_link2/share/hardware_link2/environment/library_path.sh
[13.252s] -- Installing: /root/data/project_ws/install/hardware_link2/share/hardware_link2/environment/library_path.dsv
[13.252s] -- Installing: /root/data/project_ws/install/hardware_link2/share/ament_index/resource_index/package_run_dependencies/hardware_link2
[13.253s] -- Installing: /root/data/project_ws/install/hardware_link2/share/ament_index/resource_index/parent_prefix_path/hardware_link2
[13.253s] -- Installing: /root/data/project_ws/install/hardware_link2/share/hardware_link2/environment/ament_prefix_path.sh
[13.254s] -- Installing: /root/data/project_ws/install/hardware_link2/share/hardware_link2/environment/ament_prefix_path.dsv
[13.256s] -- Installing: /root/data/project_ws/install/hardware_link2/share/hardware_link2/environment/path.sh
[13.257s] -- Installing: /root/data/project_ws/install/hardware_link2/share/hardware_link2/environment/path.dsv
[13.258s] -- Installing: /root/data/project_ws/install/hardware_link2/share/hardware_link2/local_setup.bash
[13.258s] -- Installing: /root/data/project_ws/install/hardware_link2/share/hardware_link2/local_setup.sh
[13.261s] -- Installing: /root/data/project_ws/install/hardware_link2/share/hardware_link2/local_setup.zsh
[13.261s] -- Installing: /root/data/project_ws/install/hardware_link2/share/hardware_link2/local_setup.dsv
[13.261s] -- Installing: /root/data/project_ws/install/hardware_link2/share/hardware_link2/package.dsv
[13.262s] -- Installing: /root/data/project_ws/install/hardware_link2/share/ament_index/resource_index/packages/hardware_link2
[13.262s] -- Installing: /root/data/project_ws/install/hardware_link2/share/ament_index/resource_index/hardware_interface__pluginlib__plugin/hardware_link2
[13.262s] -- Installing: /root/data/project_ws/install/hardware_link2/share/hardware_link2/cmake/ament_cmake_export_include_directories-extras.cmake
[13.264s] -- Installing: /root/data/project_ws/install/hardware_link2/share/hardware_link2/cmake/ament_cmake_export_libraries-extras.cmake
[13.264s] -- Installing: /root/data/project_ws/install/hardware_link2/share/hardware_link2/cmake/ament_cmake_export_dependencies-extras.cmake
[13.264s] -- Installing: /root/data/project_ws/install/hardware_link2/share/hardware_link2/cmake/hardware_link2Config.cmake
[13.264s] -- Installing: /root/data/project_ws/install/hardware_link2/share/hardware_link2/cmake/hardware_link2Config-version.cmake
[13.264s] -- Installing: /root/data/project_ws/install/hardware_link2/share/hardware_link2/package.xml
[13.269s] Invoked command in '/root/data/project_ws/build/hardware_link2' returned '0': CMAKE_PREFIX_PATH=/opt/ros/humble /usr/bin/cmake --install /root/data/project_ws/build/hardware_link2
