[ 22%] Built target gmock_main
[ 55%] Built target gmock
[ 66%] [32mBuilding CXX object CMakeFiles/hardware_link2.dir/src/hardware_link2.cpp.o[0m
[ 88%] Built target test_hardware_link2
In file included from [01m[K/opt/ros/humble/include/rclcpp/rclcpp/logging.hpp:24[m[K,
                 from [01m[K/opt/ros/humble/include/rclcpp/rclcpp/client.hpp:40[m[K,
                 from [01m[K/opt/ros/humble/include/rclcpp/rclcpp/callback_group.hpp:24[m[K,
                 from [01m[K/opt/ros/humble/include/rclcpp/rclcpp/any_executable.hpp:20[m[K,
                 from [01m[K/opt/ros/humble/include/rclcpp/rclcpp/memory_strategy.hpp:25[m[K,
                 from [01m[K/opt/ros/humble/include/rclcpp/rclcpp/memory_strategies.hpp:18[m[K,
                 from [01m[K/opt/ros/humble/include/rclcpp/rclcpp/executor_options.hpp:20[m[K,
                 from [01m[K/opt/ros/humble/include/rclcpp/rclcpp/executor.hpp:37[m[K,
                 from [01m[K/opt/ros/humble/include/rclcpp/rclcpp/executors/multi_threaded_executor.hpp:25[m[K,
                 from [01m[K/opt/ros/humble/include/rclcpp/rclcpp/executors.hpp:21[m[K,
                 from [01m[K/opt/ros/humble/include/rclcpp/rclcpp/rclcpp.hpp:155[m[K,
                 from [01m[K/root/data/project_ws/src/hardware_link2/src/hardware_link2.cpp:21[m[K:
[01m[K/root/data/project_ws/src/hardware_link2/src/hardware_link2.cpp:[m[K In member function ‘[01m[Kvirtual std::vector<hardware_interface::StateInterface> hardware_link2::HardwareLinkInterface::export_state_interfaces()[m[K’:
[01m[K/root/data/project_ws/src/hardware_link2/src/hardware_link2.cpp:58:64:[m[K [01;35m[Kwarning: [m[Kformat ‘[01m[K%s[m[K’ expects argument of type ‘[01m[Kchar*[m[K’, but argument 5 has type ‘[01m[Kstd::string[m[K’ {aka ‘[01m[Kstd::__cxx11::basic_string<char>[m[K’} [[01;35m[K]8;;https://gcc.gnu.org/onlinedocs/gcc/Warning-Options.html#index-Wformat=-Wformat=]8;;[m[K]
   58 |       RCLCPP_INFO(rclcpp::get_logger("DiffBotSystemHardware"), [01;35m[K"Export state... %s"[m[K, info_.joints[i].name);
      |                                                                [01;35m[K^~~~~~~~~~~~~~~~~~~~[m[K
[01m[K/root/data/project_ws/src/hardware_link2/src/hardware_link2.cpp:58:82:[m[K [01;36m[Knote: [m[Kformat string is defined here
   58 |       RCLCPP_INFO(rclcpp::get_logger("DiffBotSystemHardware"), "Export state... [01;36m[K%s[m[K", info_.joints[i].name);
      |                                                                                 [01;36m[K~^[m[K
      |                                                                                  [01;36m[K|[m[K
      |                                                                                  [01;36m[Kchar*[m[K
In file included from [01m[K/opt/ros/humble/include/rclcpp/rclcpp/logging.hpp:24[m[K,
                 from [01m[K/opt/ros/humble/include/rclcpp/rclcpp/client.hpp:40[m[K,
                 from [01m[K/opt/ros/humble/include/rclcpp/rclcpp/callback_group.hpp:24[m[K,
                 from [01m[K/opt/ros/humble/include/rclcpp/rclcpp/any_executable.hpp:20[m[K,
                 from [01m[K/opt/ros/humble/include/rclcpp/rclcpp/memory_strategy.hpp:25[m[K,
                 from [01m[K/opt/ros/humble/include/rclcpp/rclcpp/memory_strategies.hpp:18[m[K,
                 from [01m[K/opt/ros/humble/include/rclcpp/rclcpp/executor_options.hpp:20[m[K,
                 from [01m[K/opt/ros/humble/include/rclcpp/rclcpp/executor.hpp:37[m[K,
                 from [01m[K/opt/ros/humble/include/rclcpp/rclcpp/executors/multi_threaded_executor.hpp:25[m[K,
                 from [01m[K/opt/ros/humble/include/rclcpp/rclcpp/executors.hpp:21[m[K,
                 from [01m[K/opt/ros/humble/include/rclcpp/rclcpp/rclcpp.hpp:155[m[K,
                 from [01m[K/root/data/project_ws/src/hardware_link2/src/hardware_link2.cpp:21[m[K:
[01m[K/root/data/project_ws/src/hardware_link2/src/hardware_link2.cpp:[m[K In member function ‘[01m[Kvirtual std::vector<hardware_interface::CommandInterface> hardware_link2::HardwareLinkInterface::export_command_interfaces()[m[K’:
[01m[K/root/data/project_ws/src/hardware_link2/src/hardware_link2.cpp:72:64:[m[K [01;35m[Kwarning: [m[Kformat ‘[01m[K%s[m[K’ expects argument of type ‘[01m[Kchar*[m[K’, but argument 5 has type ‘[01m[Kstd::string[m[K’ {aka ‘[01m[Kstd::__cxx11::basic_string<char>[m[K’} [[01;35m[K]8;;https://gcc.gnu.org/onlinedocs/gcc/Warning-Options.html#index-Wformat=-Wformat=]8;;[m[K]
   72 |       RCLCPP_INFO(rclcpp::get_logger("DiffBotSystemHardware"), [01;35m[K"Export command... %s"[m[K, info_.joints[i].name);
      |                                                                [01;35m[K^~~~~~~~~~~~~~~~~~~~~~[m[K
[01m[K/root/data/project_ws/src/hardware_link2/src/hardware_link2.cpp:72:84:[m[K [01;36m[Knote: [m[Kformat string is defined here
   72 |       RCLCPP_INFO(rclcpp::get_logger("DiffBotSystemHardware"), "Export command... [01;36m[K%s[m[K", info_.joints[i].name);
      |                                                                                   [01;36m[K~^[m[K
      |                                                                                    [01;36m[K|[m[K
      |                                                                                    [01;36m[Kchar*[m[K
[100%] [32m[1mLinking CXX shared library libhardware_link2.so[0m
[100%] Built target hardware_link2
-- Install configuration: ""
-- Up-to-date: /root/data/project_ws/install/hardware_link2/share/hardware_link2/hardware_link2.xml
-- Installing: /root/data/project_ws/install/hardware_link2/lib/libhardware_link2.so
-- Set runtime path of "/root/data/project_ws/install/hardware_link2/lib/libhardware_link2.so" to ""
-- Up-to-date: /root/data/project_ws/install/hardware_link2/include
-- Up-to-date: /root/data/project_ws/install/hardware_link2/include/hardware_link2
-- Up-to-date: /root/data/project_ws/install/hardware_link2/include/hardware_link2/visibility_control.h
-- Up-to-date: /root/data/project_ws/install/hardware_link2/include/hardware_link2/hardware_link2.hpp
-- Up-to-date: /root/data/project_ws/install/hardware_link2/share/hardware_link2/environment/library_path.sh
-- Up-to-date: /root/data/project_ws/install/hardware_link2/share/hardware_link2/environment/library_path.dsv
-- Up-to-date: /root/data/project_ws/install/hardware_link2/share/ament_index/resource_index/package_run_dependencies/hardware_link2
-- Up-to-date: /root/data/project_ws/install/hardware_link2/share/ament_index/resource_index/parent_prefix_path/hardware_link2
-- Up-to-date: /root/data/project_ws/install/hardware_link2/share/hardware_link2/environment/ament_prefix_path.sh
-- Up-to-date: /root/data/project_ws/install/hardware_link2/share/hardware_link2/environment/ament_prefix_path.dsv
-- Up-to-date: /root/data/project_ws/install/hardware_link2/share/hardware_link2/environment/path.sh
-- Up-to-date: /root/data/project_ws/install/hardware_link2/share/hardware_link2/environment/path.dsv
-- Up-to-date: /root/data/project_ws/install/hardware_link2/share/hardware_link2/local_setup.bash
-- Up-to-date: /root/data/project_ws/install/hardware_link2/share/hardware_link2/local_setup.sh
-- Up-to-date: /root/data/project_ws/install/hardware_link2/share/hardware_link2/local_setup.zsh
-- Up-to-date: /root/data/project_ws/install/hardware_link2/share/hardware_link2/local_setup.dsv
-- Installing: /root/data/project_ws/install/hardware_link2/share/hardware_link2/package.dsv
-- Up-to-date: /root/data/project_ws/install/hardware_link2/share/ament_index/resource_index/packages/hardware_link2
-- Up-to-date: /root/data/project_ws/install/hardware_link2/share/ament_index/resource_index/hardware_interface__pluginlib__plugin/hardware_link2
-- Up-to-date: /root/data/project_ws/install/hardware_link2/share/hardware_link2/cmake/ament_cmake_export_include_directories-extras.cmake
-- Up-to-date: /root/data/project_ws/install/hardware_link2/share/hardware_link2/cmake/ament_cmake_export_libraries-extras.cmake
-- Up-to-date: /root/data/project_ws/install/hardware_link2/share/hardware_link2/cmake/ament_cmake_export_dependencies-extras.cmake
-- Up-to-date: /root/data/project_ws/install/hardware_link2/share/hardware_link2/cmake/hardware_link2Config.cmake
-- Up-to-date: /root/data/project_ws/install/hardware_link2/share/hardware_link2/cmake/hardware_link2Config-version.cmake
-- Up-to-date: /root/data/project_ws/install/hardware_link2/share/hardware_link2/package.xml
