[0.032s] Invoking command in '/root/data/project_ws/build/hardware_link2': CMAKE_PREFIX_PATH=/opt/ros/humble /usr/bin/cmake --build /root/data/project_ws/build/hardware_link2 -- -j4 -l4
[0.393s] [ 22%] Built target gmock_main
[0.393s] [ 55%] Built target gmock
[0.393s] [ 66%] [32mBuilding CXX object CMakeFiles/hardware_link2.dir/src/hardware_link2.cpp.o[0m
[0.393s] [ 88%] Built target test_hardware_link2
[3.532s] In file included from [01m[K/opt/ros/humble/include/rclcpp/rclcpp/logging.hpp:24[m[K,
[3.532s]                  from [01m[K/opt/ros/humble/include/rclcpp/rclcpp/client.hpp:40[m[K,
[3.532s]                  from [01m[K/opt/ros/humble/include/rclcpp/rclcpp/callback_group.hpp:24[m[K,
[3.532s]                  from [01m[K/opt/ros/humble/include/rclcpp/rclcpp/any_executable.hpp:20[m[K,
[3.532s]                  from [01m[K/opt/ros/humble/include/rclcpp/rclcpp/memory_strategy.hpp:25[m[K,
[3.532s]                  from [01m[K/opt/ros/humble/include/rclcpp/rclcpp/memory_strategies.hpp:18[m[K,
[3.533s]                  from [01m[K/opt/ros/humble/include/rclcpp/rclcpp/executor_options.hpp:20[m[K,
[3.534s]                  from [01m[K/opt/ros/humble/include/rclcpp/rclcpp/executor.hpp:37[m[K,
[3.534s]                  from [01m[K/opt/ros/humble/include/rclcpp/rclcpp/executors/multi_threaded_executor.hpp:25[m[K,
[3.534s]                  from [01m[K/opt/ros/humble/include/rclcpp/rclcpp/executors.hpp:21[m[K,
[3.534s]                  from [01m[K/opt/ros/humble/include/rclcpp/rclcpp/rclcpp.hpp:155[m[K,
[3.534s]                  from [01m[K/root/data/project_ws/src/hardware_link2/src/hardware_link2.cpp:21[m[K:
[3.535s] [01m[K/root/data/project_ws/src/hardware_link2/src/hardware_link2.cpp:[m[K In member function ‘[01m[Kvirtual std::vector<hardware_interface::StateInterface> hardware_link2::HardwareLinkInterface::export_state_interfaces()[m[K’:
[3.535s] [01m[K/root/data/project_ws/src/hardware_link2/src/hardware_link2.cpp:58:64:[m[K [01;35m[Kwarning: [m[Kformat ‘[01m[K%s[m[K’ expects argument of type ‘[01m[Kchar*[m[K’, but argument 5 has type ‘[01m[Kstd::string[m[K’ {aka ‘[01m[Kstd::__cxx11::basic_string<char>[m[K’} [[01;35m[K]8;;https://gcc.gnu.org/onlinedocs/gcc/Warning-Options.html#index-Wformat=-Wformat=]8;;[m[K]
[3.535s]    58 |       RCLCPP_INFO(rclcpp::get_logger("DiffBotSystemHardware"), [01;35m[K"Export state... %s"[m[K, info_.joints[i].name);
[3.535s]       |                                                                [01;35m[K^~~~~~~~~~~~~~~~~~~~[m[K
[3.535s] [01m[K/root/data/project_ws/src/hardware_link2/src/hardware_link2.cpp:58:82:[m[K [01;36m[Knote: [m[Kformat string is defined here
[3.535s]    58 |       RCLCPP_INFO(rclcpp::get_logger("DiffBotSystemHardware"), "Export state... [01;36m[K%s[m[K", info_.joints[i].name);
[3.535s]       |                                                                                 [01;36m[K~^[m[K
[3.535s]       |                                                                                  [01;36m[K|[m[K
[3.535s]       |                                                                                  [01;36m[Kchar*[m[K
[3.546s] In file included from [01m[K/opt/ros/humble/include/rclcpp/rclcpp/logging.hpp:24[m[K,
[3.546s]                  from [01m[K/opt/ros/humble/include/rclcpp/rclcpp/client.hpp:40[m[K,
[3.546s]                  from [01m[K/opt/ros/humble/include/rclcpp/rclcpp/callback_group.hpp:24[m[K,
[3.546s]                  from [01m[K/opt/ros/humble/include/rclcpp/rclcpp/any_executable.hpp:20[m[K,
[3.546s]                  from [01m[K/opt/ros/humble/include/rclcpp/rclcpp/memory_strategy.hpp:25[m[K,
[3.546s]                  from [01m[K/opt/ros/humble/include/rclcpp/rclcpp/memory_strategies.hpp:18[m[K,
[3.546s]                  from [01m[K/opt/ros/humble/include/rclcpp/rclcpp/executor_options.hpp:20[m[K,
[3.546s]                  from [01m[K/opt/ros/humble/include/rclcpp/rclcpp/executor.hpp:37[m[K,
[3.547s]                  from [01m[K/opt/ros/humble/include/rclcpp/rclcpp/executors/multi_threaded_executor.hpp:25[m[K,
[3.547s]                  from [01m[K/opt/ros/humble/include/rclcpp/rclcpp/executors.hpp:21[m[K,
[3.547s]                  from [01m[K/opt/ros/humble/include/rclcpp/rclcpp/rclcpp.hpp:155[m[K,
[3.548s]                  from [01m[K/root/data/project_ws/src/hardware_link2/src/hardware_link2.cpp:21[m[K:
[3.548s] [01m[K/root/data/project_ws/src/hardware_link2/src/hardware_link2.cpp:[m[K In member function ‘[01m[Kvirtual std::vector<hardware_interface::CommandInterface> hardware_link2::HardwareLinkInterface::export_command_interfaces()[m[K’:
[3.548s] [01m[K/root/data/project_ws/src/hardware_link2/src/hardware_link2.cpp:72:64:[m[K [01;35m[Kwarning: [m[Kformat ‘[01m[K%s[m[K’ expects argument of type ‘[01m[Kchar*[m[K’, but argument 5 has type ‘[01m[Kstd::string[m[K’ {aka ‘[01m[Kstd::__cxx11::basic_string<char>[m[K’} [[01;35m[K]8;;https://gcc.gnu.org/onlinedocs/gcc/Warning-Options.html#index-Wformat=-Wformat=]8;;[m[K]
[3.549s]    72 |       RCLCPP_INFO(rclcpp::get_logger("DiffBotSystemHardware"), [01;35m[K"Export command... %s"[m[K, info_.joints[i].name);
[3.549s]       |                                                                [01;35m[K^~~~~~~~~~~~~~~~~~~~~~[m[K
[3.549s] [01m[K/root/data/project_ws/src/hardware_link2/src/hardware_link2.cpp:72:84:[m[K [01;36m[Knote: [m[Kformat string is defined here
[3.549s]    72 |       RCLCPP_INFO(rclcpp::get_logger("DiffBotSystemHardware"), "Export command... [01;36m[K%s[m[K", info_.joints[i].name);
[3.549s]       |                                                                                   [01;36m[K~^[m[K
[3.549s]       |                                                                                    [01;36m[K|[m[K
[3.549s]       |                                                                                    [01;36m[Kchar*[m[K
[4.901s] [100%] [32m[1mLinking CXX shared library libhardware_link2.so[0m
[5.152s] [100%] Built target hardware_link2
[5.168s] Invoked command in '/root/data/project_ws/build/hardware_link2' returned '0': CMAKE_PREFIX_PATH=/opt/ros/humble /usr/bin/cmake --build /root/data/project_ws/build/hardware_link2 -- -j4 -l4
[5.220s] Invoking command in '/root/data/project_ws/build/hardware_link2': CMAKE_PREFIX_PATH=/opt/ros/humble /usr/bin/cmake --install /root/data/project_ws/build/hardware_link2
[5.231s] -- Install configuration: ""
[5.231s] -- Up-to-date: /root/data/project_ws/install/hardware_link2/share/hardware_link2/hardware_link2.xml
[5.232s] -- Installing: /root/data/project_ws/install/hardware_link2/lib/libhardware_link2.so
[5.236s] -- Set runtime path of "/root/data/project_ws/install/hardware_link2/lib/libhardware_link2.so" to ""
[5.236s] -- Up-to-date: /root/data/project_ws/install/hardware_link2/include
[5.236s] -- Up-to-date: /root/data/project_ws/install/hardware_link2/include/hardware_link2
[5.236s] -- Up-to-date: /root/data/project_ws/install/hardware_link2/include/hardware_link2/visibility_control.h
[5.237s] -- Up-to-date: /root/data/project_ws/install/hardware_link2/include/hardware_link2/hardware_link2.hpp
[5.237s] -- Up-to-date: /root/data/project_ws/install/hardware_link2/share/hardware_link2/environment/library_path.sh
[5.237s] -- Up-to-date: /root/data/project_ws/install/hardware_link2/share/hardware_link2/environment/library_path.dsv
[5.237s] -- Up-to-date: /root/data/project_ws/install/hardware_link2/share/ament_index/resource_index/package_run_dependencies/hardware_link2
[5.237s] -- Up-to-date: /root/data/project_ws/install/hardware_link2/share/ament_index/resource_index/parent_prefix_path/hardware_link2
[5.237s] -- Up-to-date: /root/data/project_ws/install/hardware_link2/share/hardware_link2/environment/ament_prefix_path.sh
[5.237s] -- Up-to-date: /root/data/project_ws/install/hardware_link2/share/hardware_link2/environment/ament_prefix_path.dsv
[5.238s] -- Up-to-date: /root/data/project_ws/install/hardware_link2/share/hardware_link2/environment/path.sh
[5.238s] -- Up-to-date: /root/data/project_ws/install/hardware_link2/share/hardware_link2/environment/path.dsv
[5.238s] -- Up-to-date: /root/data/project_ws/install/hardware_link2/share/hardware_link2/local_setup.bash
[5.238s] -- Up-to-date: /root/data/project_ws/install/hardware_link2/share/hardware_link2/local_setup.sh
[5.238s] -- Up-to-date: /root/data/project_ws/install/hardware_link2/share/hardware_link2/local_setup.zsh
[5.239s] -- Up-to-date: /root/data/project_ws/install/hardware_link2/share/hardware_link2/local_setup.dsv
[5.239s] -- Installing: /root/data/project_ws/install/hardware_link2/share/hardware_link2/package.dsv
[5.239s] -- Up-to-date: /root/data/project_ws/install/hardware_link2/share/ament_index/resource_index/packages/hardware_link2
[5.239s] -- Up-to-date: /root/data/project_ws/install/hardware_link2/share/ament_index/resource_index/hardware_interface__pluginlib__plugin/hardware_link2
[5.239s] -- Up-to-date: /root/data/project_ws/install/hardware_link2/share/hardware_link2/cmake/ament_cmake_export_include_directories-extras.cmake
[5.239s] -- Up-to-date: /root/data/project_ws/install/hardware_link2/share/hardware_link2/cmake/ament_cmake_export_libraries-extras.cmake
[5.239s] -- Up-to-date: /root/data/project_ws/install/hardware_link2/share/hardware_link2/cmake/ament_cmake_export_dependencies-extras.cmake
[5.239s] -- Up-to-date: /root/data/project_ws/install/hardware_link2/share/hardware_link2/cmake/hardware_link2Config.cmake
[5.239s] -- Up-to-date: /root/data/project_ws/install/hardware_link2/share/hardware_link2/cmake/hardware_link2Config-version.cmake
[5.239s] -- Up-to-date: /root/data/project_ws/install/hardware_link2/share/hardware_link2/package.xml
[5.254s] Invoked command in '/root/data/project_ws/build/hardware_link2' returned '0': CMAKE_PREFIX_PATH=/opt/ros/humble /usr/bin/cmake --install /root/data/project_ws/build/hardware_link2
