[0.297s] DEBUG:colcon:Command line arguments: ['/usr/local/bin/colcon', 'build', '--cmake-args', '-DBUILD_TESTING=ON']
[0.297s] DEBUG:colcon:Parsed command line arguments: Namespace(log_base=None, log_level=None, verb_name='build', build_base='build', install_base='install', merge_install=False, symlink_install=False, test_result_base=None, continue_on_error=False, executor='parallel', parallel_workers=4, event_handlers=None, ignore_user_meta=False, metas=['./colcon.meta'], base_paths=['.'], packages_ignore=None, packages_ignore_regex=None, paths=None, packages_up_to=None, packages_up_to_regex=None, packages_above=None, packages_above_and_dependencies=None, packages_above_depth=None, packages_select_by_dep=None, packages_skip_by_dep=None, packages_skip_up_to=None, packages_select_build_failed=False, packages_skip_build_finished=False, packages_select_test_failures=False, packages_skip_test_passed=False, packages_select=None, packages_skip=None, packages_select_regex=None, packages_skip_regex=None, packages_start=None, packages_end=None, cmake_args=['-DBUILD_TESTING=ON'], cmake_target=None, cmake_target_skip_unavailable=False, cmake_clean_cache=False, cmake_clean_first=False, cmake_force_configure=False, ament_cmake_args=None, catkin_cmake_args=None, catkin_skip_building_tests=False, verb_parser=<colcon_defaults.argument_parser.defaults.DefaultArgumentsDecorator object at 0x7028050f1510>, verb_extension=<colcon_core.verb.build.BuildVerb object at 0x702805067370>, main=<bound method BuildVerb.main of <colcon_core.verb.build.BuildVerb object at 0x702805067370>>)
[0.564s] Level 1:colcon.colcon_core.package_discovery:discover_packages(colcon_meta) check parameters
[0.564s] Level 1:colcon.colcon_core.package_discovery:discover_packages(recursive) check parameters
[0.564s] Level 1:colcon.colcon_core.package_discovery:discover_packages(ignore) check parameters
[0.564s] Level 1:colcon.colcon_core.package_discovery:discover_packages(path) check parameters
[0.564s] Level 1:colcon.colcon_core.package_discovery:discover_packages(colcon_meta) discover
[0.564s] Level 1:colcon.colcon_core.package_discovery:discover_packages(recursive) discover
[0.564s] INFO:colcon.colcon_core.package_discovery:Crawling recursively for packages in '/root/data/project_ws'
[0.565s] Level 1:colcon.colcon_core.package_identification:_identify(.) by extensions ['ignore', 'ignore_ament_install']
[0.565s] Level 1:colcon.colcon_core.package_identification:_identify(.) by extension 'ignore'
[0.565s] Level 1:colcon.colcon_core.package_identification:_identify(.) by extension 'ignore_ament_install'
[0.565s] Level 1:colcon.colcon_core.package_identification:_identify(.) by extensions ['colcon_pkg']
[0.565s] Level 1:colcon.colcon_core.package_identification:_identify(.) by extension 'colcon_pkg'
[0.565s] Level 1:colcon.colcon_core.package_identification:_identify(.) by extensions ['colcon_meta']
[0.565s] Level 1:colcon.colcon_core.package_identification:_identify(.) by extension 'colcon_meta'
[0.565s] Level 1:colcon.colcon_core.package_identification:_identify(.) by extensions ['ros']
[0.565s] Level 1:colcon.colcon_core.package_identification:_identify(.) by extension 'ros'
[0.582s] Level 1:colcon.colcon_core.package_identification:_identify(.) by extensions ['cmake', 'python']
[0.582s] Level 1:colcon.colcon_core.package_identification:_identify(.) by extension 'cmake'
[0.582s] Level 1:colcon.colcon_core.package_identification:_identify(.) by extension 'python'
[0.582s] Level 1:colcon.colcon_core.package_identification:_identify(.) by extensions ['python_setup_py']
[0.582s] Level 1:colcon.colcon_core.package_identification:_identify(.) by extension 'python_setup_py'
[0.583s] Level 1:colcon.colcon_core.package_identification:_identify(build) by extensions ['ignore', 'ignore_ament_install']
[0.583s] Level 1:colcon.colcon_core.package_identification:_identify(build) by extension 'ignore'
[0.583s] Level 1:colcon.colcon_core.package_identification:_identify(build) ignored
[0.583s] Level 1:colcon.colcon_core.package_identification:_identify(install) by extensions ['ignore', 'ignore_ament_install']
[0.583s] Level 1:colcon.colcon_core.package_identification:_identify(install) by extension 'ignore'
[0.583s] Level 1:colcon.colcon_core.package_identification:_identify(install) ignored
[0.583s] Level 1:colcon.colcon_core.package_identification:_identify(log) by extensions ['ignore', 'ignore_ament_install']
[0.583s] Level 1:colcon.colcon_core.package_identification:_identify(log) by extension 'ignore'
[0.584s] Level 1:colcon.colcon_core.package_identification:_identify(log) ignored
[0.584s] Level 1:colcon.colcon_core.package_identification:_identify(src) by extensions ['ignore', 'ignore_ament_install']
[0.584s] Level 1:colcon.colcon_core.package_identification:_identify(src) by extension 'ignore'
[0.584s] Level 1:colcon.colcon_core.package_identification:_identify(src) by extension 'ignore_ament_install'
[0.584s] Level 1:colcon.colcon_core.package_identification:_identify(src) by extensions ['colcon_pkg']
[0.584s] Level 1:colcon.colcon_core.package_identification:_identify(src) by extension 'colcon_pkg'
[0.584s] Level 1:colcon.colcon_core.package_identification:_identify(src) by extensions ['colcon_meta']
[0.584s] Level 1:colcon.colcon_core.package_identification:_identify(src) by extension 'colcon_meta'
[0.584s] Level 1:colcon.colcon_core.package_identification:_identify(src) by extensions ['ros']
[0.584s] Level 1:colcon.colcon_core.package_identification:_identify(src) by extension 'ros'
[0.584s] Level 1:colcon.colcon_core.package_identification:_identify(src) by extensions ['cmake', 'python']
[0.584s] Level 1:colcon.colcon_core.package_identification:_identify(src) by extension 'cmake'
[0.585s] Level 1:colcon.colcon_core.package_identification:_identify(src) by extension 'python'
[0.585s] Level 1:colcon.colcon_core.package_identification:_identify(src) by extensions ['python_setup_py']
[0.585s] Level 1:colcon.colcon_core.package_identification:_identify(src) by extension 'python_setup_py'
[0.585s] Level 1:colcon.colcon_core.package_identification:_identify(src/build) by extensions ['ignore', 'ignore_ament_install']
[0.585s] Level 1:colcon.colcon_core.package_identification:_identify(src/build) by extension 'ignore'
[0.585s] Level 1:colcon.colcon_core.package_identification:_identify(src/build) ignored
[0.585s] Level 1:colcon.colcon_core.package_identification:_identify(src/hardware_link2) by extensions ['ignore', 'ignore_ament_install']
[0.585s] Level 1:colcon.colcon_core.package_identification:_identify(src/hardware_link2) by extension 'ignore'
[0.585s] Level 1:colcon.colcon_core.package_identification:_identify(src/hardware_link2) by extension 'ignore_ament_install'
[0.585s] Level 1:colcon.colcon_core.package_identification:_identify(src/hardware_link2) by extensions ['colcon_pkg']
[0.585s] Level 1:colcon.colcon_core.package_identification:_identify(src/hardware_link2) by extension 'colcon_pkg'
[0.585s] Level 1:colcon.colcon_core.package_identification:_identify(src/hardware_link2) by extensions ['colcon_meta']
[0.586s] Level 1:colcon.colcon_core.package_identification:_identify(src/hardware_link2) by extension 'colcon_meta'
[0.586s] Level 1:colcon.colcon_core.package_identification:_identify(src/hardware_link2) by extensions ['ros']
[0.586s] Level 1:colcon.colcon_core.package_identification:_identify(src/hardware_link2) by extension 'ros'
[0.590s] DEBUG:colcon.colcon_core.package_identification:Package 'src/hardware_link2' with type 'ros.ament_cmake' and name 'hardware_link2'
[0.590s] Level 1:colcon.colcon_core.package_identification:_identify(src/install) by extensions ['ignore', 'ignore_ament_install']
[0.590s] Level 1:colcon.colcon_core.package_identification:_identify(src/install) by extension 'ignore'
[0.590s] Level 1:colcon.colcon_core.package_identification:_identify(src/install) ignored
[0.590s] Level 1:colcon.colcon_core.package_identification:_identify(src/log) by extensions ['ignore', 'ignore_ament_install']
[0.590s] Level 1:colcon.colcon_core.package_identification:_identify(src/log) by extension 'ignore'
[0.590s] Level 1:colcon.colcon_core.package_identification:_identify(src/log) ignored
[0.591s] Level 1:colcon.colcon_core.package_identification:_identify(src/my_package) by extensions ['ignore', 'ignore_ament_install']
[0.591s] Level 1:colcon.colcon_core.package_identification:_identify(src/my_package) by extension 'ignore'
[0.591s] Level 1:colcon.colcon_core.package_identification:_identify(src/my_package) by extension 'ignore_ament_install'
[0.591s] Level 1:colcon.colcon_core.package_identification:_identify(src/my_package) by extensions ['colcon_pkg']
[0.591s] Level 1:colcon.colcon_core.package_identification:_identify(src/my_package) by extension 'colcon_pkg'
[0.591s] Level 1:colcon.colcon_core.package_identification:_identify(src/my_package) by extensions ['colcon_meta']
[0.591s] Level 1:colcon.colcon_core.package_identification:_identify(src/my_package) by extension 'colcon_meta'
[0.591s] Level 1:colcon.colcon_core.package_identification:_identify(src/my_package) by extensions ['ros']
[0.591s] Level 1:colcon.colcon_core.package_identification:_identify(src/my_package) by extension 'ros'
[0.592s] DEBUG:colcon.colcon_core.package_identification:Package 'src/my_package' with type 'ros.ament_python' and name 'my_package'
[0.592s] Level 1:colcon.colcon_core.package_identification:_identify(src/ros_gz_example_application) by extensions ['ignore', 'ignore_ament_install']
[0.592s] Level 1:colcon.colcon_core.package_identification:_identify(src/ros_gz_example_application) by extension 'ignore'
[0.592s] Level 1:colcon.colcon_core.package_identification:_identify(src/ros_gz_example_application) by extension 'ignore_ament_install'
[0.592s] Level 1:colcon.colcon_core.package_identification:_identify(src/ros_gz_example_application) by extensions ['colcon_pkg']
[0.592s] Level 1:colcon.colcon_core.package_identification:_identify(src/ros_gz_example_application) by extension 'colcon_pkg'
[0.592s] Level 1:colcon.colcon_core.package_identification:_identify(src/ros_gz_example_application) by extensions ['colcon_meta']
[0.592s] Level 1:colcon.colcon_core.package_identification:_identify(src/ros_gz_example_application) by extension 'colcon_meta'
[0.592s] Level 1:colcon.colcon_core.package_identification:_identify(src/ros_gz_example_application) by extensions ['ros']
[0.593s] Level 1:colcon.colcon_core.package_identification:_identify(src/ros_gz_example_application) by extension 'ros'
[0.593s] DEBUG:colcon.colcon_core.package_identification:Package 'src/ros_gz_example_application' with type 'ros.ament_cmake' and name 'ros_gz_example_application'
[0.594s] Level 1:colcon.colcon_core.package_identification:_identify(src/ros_gz_example_bringup) by extensions ['ignore', 'ignore_ament_install']
[0.594s] Level 1:colcon.colcon_core.package_identification:_identify(src/ros_gz_example_bringup) by extension 'ignore'
[0.594s] Level 1:colcon.colcon_core.package_identification:_identify(src/ros_gz_example_bringup) by extension 'ignore_ament_install'
[0.594s] Level 1:colcon.colcon_core.package_identification:_identify(src/ros_gz_example_bringup) by extensions ['colcon_pkg']
[0.594s] Level 1:colcon.colcon_core.package_identification:_identify(src/ros_gz_example_bringup) by extension 'colcon_pkg'
[0.594s] Level 1:colcon.colcon_core.package_identification:_identify(src/ros_gz_example_bringup) by extensions ['colcon_meta']
[0.594s] Level 1:colcon.colcon_core.package_identification:_identify(src/ros_gz_example_bringup) by extension 'colcon_meta'
[0.594s] Level 1:colcon.colcon_core.package_identification:_identify(src/ros_gz_example_bringup) by extensions ['ros']
[0.594s] Level 1:colcon.colcon_core.package_identification:_identify(src/ros_gz_example_bringup) by extension 'ros'
[0.596s] DEBUG:colcon.colcon_core.package_identification:Package 'src/ros_gz_example_bringup' with type 'ros.ament_cmake' and name 'ros_gz_example_bringup'
[0.596s] Level 1:colcon.colcon_core.package_identification:_identify(src/ros_gz_example_description) by extensions ['ignore', 'ignore_ament_install']
[0.597s] Level 1:colcon.colcon_core.package_identification:_identify(src/ros_gz_example_description) by extension 'ignore'
[0.597s] Level 1:colcon.colcon_core.package_identification:_identify(src/ros_gz_example_description) by extension 'ignore_ament_install'
[0.597s] Level 1:colcon.colcon_core.package_identification:_identify(src/ros_gz_example_description) by extensions ['colcon_pkg']
[0.597s] Level 1:colcon.colcon_core.package_identification:_identify(src/ros_gz_example_description) by extension 'colcon_pkg'
[0.597s] Level 1:colcon.colcon_core.package_identification:_identify(src/ros_gz_example_description) by extensions ['colcon_meta']
[0.597s] Level 1:colcon.colcon_core.package_identification:_identify(src/ros_gz_example_description) by extension 'colcon_meta'
[0.597s] Level 1:colcon.colcon_core.package_identification:_identify(src/ros_gz_example_description) by extensions ['ros']
[0.597s] Level 1:colcon.colcon_core.package_identification:_identify(src/ros_gz_example_description) by extension 'ros'
[0.598s] DEBUG:colcon.colcon_core.package_identification:Package 'src/ros_gz_example_description' with type 'ros.ament_cmake' and name 'ros_gz_example_description'
[0.598s] Level 1:colcon.colcon_core.package_identification:_identify(src/ros_gz_example_gazebo) by extensions ['ignore', 'ignore_ament_install']
[0.598s] Level 1:colcon.colcon_core.package_identification:_identify(src/ros_gz_example_gazebo) by extension 'ignore'
[0.598s] Level 1:colcon.colcon_core.package_identification:_identify(src/ros_gz_example_gazebo) by extension 'ignore_ament_install'
[0.598s] Level 1:colcon.colcon_core.package_identification:_identify(src/ros_gz_example_gazebo) by extensions ['colcon_pkg']
[0.598s] Level 1:colcon.colcon_core.package_identification:_identify(src/ros_gz_example_gazebo) by extension 'colcon_pkg'
[0.599s] Level 1:colcon.colcon_core.package_identification:_identify(src/ros_gz_example_gazebo) by extensions ['colcon_meta']
[0.599s] Level 1:colcon.colcon_core.package_identification:_identify(src/ros_gz_example_gazebo) by extension 'colcon_meta'
[0.599s] Level 1:colcon.colcon_core.package_identification:_identify(src/ros_gz_example_gazebo) by extensions ['ros']
[0.599s] Level 1:colcon.colcon_core.package_identification:_identify(src/ros_gz_example_gazebo) by extension 'ros'
[0.599s] DEBUG:colcon.colcon_core.package_identification:Package 'src/ros_gz_example_gazebo' with type 'ros.ament_cmake' and name 'ros_gz_example_gazebo'
[0.599s] Level 1:colcon.colcon_core.package_discovery:discover_packages(recursive) using defaults
[0.600s] Level 1:colcon.colcon_core.package_discovery:discover_packages(ignore) discover
[0.600s] Level 1:colcon.colcon_core.package_discovery:discover_packages(ignore) using defaults
[0.600s] Level 1:colcon.colcon_core.package_discovery:discover_packages(path) discover
[0.600s] Level 1:colcon.colcon_core.package_discovery:discover_packages(path) using defaults
[0.637s] Level 5:colcon.colcon_core.verb:set package 'hardware_link2' build argument 'cmake_args' from command line to '['-DBUILD_TESTING=ON']'
[0.637s] Level 5:colcon.colcon_core.verb:set package 'hardware_link2' build argument 'cmake_target' from command line to 'None'
[0.637s] Level 5:colcon.colcon_core.verb:set package 'hardware_link2' build argument 'cmake_target_skip_unavailable' from command line to 'False'
[0.637s] Level 5:colcon.colcon_core.verb:set package 'hardware_link2' build argument 'cmake_clean_cache' from command line to 'False'
[0.637s] Level 5:colcon.colcon_core.verb:set package 'hardware_link2' build argument 'cmake_clean_first' from command line to 'False'
[0.637s] Level 5:colcon.colcon_core.verb:set package 'hardware_link2' build argument 'cmake_force_configure' from command line to 'False'
[0.637s] Level 5:colcon.colcon_core.verb:set package 'hardware_link2' build argument 'ament_cmake_args' from command line to 'None'
[0.637s] Level 5:colcon.colcon_core.verb:set package 'hardware_link2' build argument 'catkin_cmake_args' from command line to 'None'
[0.637s] Level 5:colcon.colcon_core.verb:set package 'hardware_link2' build argument 'catkin_skip_building_tests' from command line to 'False'
[0.638s] DEBUG:colcon.colcon_core.verb:Building package 'hardware_link2' with the following arguments: {'ament_cmake_args': None, 'build_base': '/root/data/project_ws/build/hardware_link2', 'catkin_cmake_args': None, 'catkin_skip_building_tests': False, 'cmake_args': ['-DBUILD_TESTING=ON'], 'cmake_clean_cache': False, 'cmake_clean_first': False, 'cmake_force_configure': False, 'cmake_target': None, 'cmake_target_skip_unavailable': False, 'install_base': '/root/data/project_ws/install/hardware_link2', 'merge_install': False, 'path': '/root/data/project_ws/src/hardware_link2', 'symlink_install': False, 'test_result_base': None}
[0.638s] Level 5:colcon.colcon_core.verb:set package 'my_package' build argument 'cmake_args' from command line to '['-DBUILD_TESTING=ON']'
[0.638s] Level 5:colcon.colcon_core.verb:set package 'my_package' build argument 'cmake_target' from command line to 'None'
[0.638s] Level 5:colcon.colcon_core.verb:set package 'my_package' build argument 'cmake_target_skip_unavailable' from command line to 'False'
[0.638s] Level 5:colcon.colcon_core.verb:set package 'my_package' build argument 'cmake_clean_cache' from command line to 'False'
[0.638s] Level 5:colcon.colcon_core.verb:set package 'my_package' build argument 'cmake_clean_first' from command line to 'False'
[0.638s] Level 5:colcon.colcon_core.verb:set package 'my_package' build argument 'cmake_force_configure' from command line to 'False'
[0.638s] Level 5:colcon.colcon_core.verb:set package 'my_package' build argument 'ament_cmake_args' from command line to 'None'
[0.638s] Level 5:colcon.colcon_core.verb:set package 'my_package' build argument 'catkin_cmake_args' from command line to 'None'
[0.638s] Level 5:colcon.colcon_core.verb:set package 'my_package' build argument 'catkin_skip_building_tests' from command line to 'False'
[0.638s] DEBUG:colcon.colcon_core.verb:Building package 'my_package' with the following arguments: {'ament_cmake_args': None, 'build_base': '/root/data/project_ws/build/my_package', 'catkin_cmake_args': None, 'catkin_skip_building_tests': False, 'cmake_args': ['-DBUILD_TESTING=ON'], 'cmake_clean_cache': False, 'cmake_clean_first': False, 'cmake_force_configure': False, 'cmake_target': None, 'cmake_target_skip_unavailable': False, 'install_base': '/root/data/project_ws/install/my_package', 'merge_install': False, 'path': '/root/data/project_ws/src/my_package', 'symlink_install': False, 'test_result_base': None}
[0.639s] Level 5:colcon.colcon_core.verb:set package 'ros_gz_example_application' build argument 'cmake_args' from command line to '['-DBUILD_TESTING=ON']'
[0.639s] Level 5:colcon.colcon_core.verb:set package 'ros_gz_example_application' build argument 'cmake_target' from command line to 'None'
[0.639s] Level 5:colcon.colcon_core.verb:set package 'ros_gz_example_application' build argument 'cmake_target_skip_unavailable' from command line to 'False'
[0.639s] Level 5:colcon.colcon_core.verb:set package 'ros_gz_example_application' build argument 'cmake_clean_cache' from command line to 'False'
[0.639s] Level 5:colcon.colcon_core.verb:set package 'ros_gz_example_application' build argument 'cmake_clean_first' from command line to 'False'
[0.639s] Level 5:colcon.colcon_core.verb:set package 'ros_gz_example_application' build argument 'cmake_force_configure' from command line to 'False'
[0.639s] Level 5:colcon.colcon_core.verb:set package 'ros_gz_example_application' build argument 'ament_cmake_args' from command line to 'None'
[0.639s] Level 5:colcon.colcon_core.verb:set package 'ros_gz_example_application' build argument 'catkin_cmake_args' from command line to 'None'
[0.639s] Level 5:colcon.colcon_core.verb:set package 'ros_gz_example_application' build argument 'catkin_skip_building_tests' from command line to 'False'
[0.639s] DEBUG:colcon.colcon_core.verb:Building package 'ros_gz_example_application' with the following arguments: {'ament_cmake_args': None, 'build_base': '/root/data/project_ws/build/ros_gz_example_application', 'catkin_cmake_args': None, 'catkin_skip_building_tests': False, 'cmake_args': ['-DBUILD_TESTING=ON'], 'cmake_clean_cache': False, 'cmake_clean_first': False, 'cmake_force_configure': False, 'cmake_target': None, 'cmake_target_skip_unavailable': False, 'install_base': '/root/data/project_ws/install/ros_gz_example_application', 'merge_install': False, 'path': '/root/data/project_ws/src/ros_gz_example_application', 'symlink_install': False, 'test_result_base': None}
[0.640s] Level 5:colcon.colcon_core.verb:set package 'ros_gz_example_description' build argument 'cmake_args' from command line to '['-DBUILD_TESTING=ON']'
[0.640s] Level 5:colcon.colcon_core.verb:set package 'ros_gz_example_description' build argument 'cmake_target' from command line to 'None'
[0.640s] Level 5:colcon.colcon_core.verb:set package 'ros_gz_example_description' build argument 'cmake_target_skip_unavailable' from command line to 'False'
[0.640s] Level 5:colcon.colcon_core.verb:set package 'ros_gz_example_description' build argument 'cmake_clean_cache' from command line to 'False'
[0.640s] Level 5:colcon.colcon_core.verb:set package 'ros_gz_example_description' build argument 'cmake_clean_first' from command line to 'False'
[0.640s] Level 5:colcon.colcon_core.verb:set package 'ros_gz_example_description' build argument 'cmake_force_configure' from command line to 'False'
[0.640s] Level 5:colcon.colcon_core.verb:set package 'ros_gz_example_description' build argument 'ament_cmake_args' from command line to 'None'
[0.640s] Level 5:colcon.colcon_core.verb:set package 'ros_gz_example_description' build argument 'catkin_cmake_args' from command line to 'None'
[0.640s] Level 5:colcon.colcon_core.verb:set package 'ros_gz_example_description' build argument 'catkin_skip_building_tests' from command line to 'False'
[0.640s] DEBUG:colcon.colcon_core.verb:Building package 'ros_gz_example_description' with the following arguments: {'ament_cmake_args': None, 'build_base': '/root/data/project_ws/build/ros_gz_example_description', 'catkin_cmake_args': None, 'catkin_skip_building_tests': False, 'cmake_args': ['-DBUILD_TESTING=ON'], 'cmake_clean_cache': False, 'cmake_clean_first': False, 'cmake_force_configure': False, 'cmake_target': None, 'cmake_target_skip_unavailable': False, 'install_base': '/root/data/project_ws/install/ros_gz_example_description', 'merge_install': False, 'path': '/root/data/project_ws/src/ros_gz_example_description', 'symlink_install': False, 'test_result_base': None}
[0.640s] Level 5:colcon.colcon_core.verb:set package 'ros_gz_example_gazebo' build argument 'cmake_args' from command line to '['-DBUILD_TESTING=ON']'
[0.640s] Level 5:colcon.colcon_core.verb:set package 'ros_gz_example_gazebo' build argument 'cmake_target' from command line to 'None'
[0.640s] Level 5:colcon.colcon_core.verb:set package 'ros_gz_example_gazebo' build argument 'cmake_target_skip_unavailable' from command line to 'False'
[0.640s] Level 5:colcon.colcon_core.verb:set package 'ros_gz_example_gazebo' build argument 'cmake_clean_cache' from command line to 'False'
[0.640s] Level 5:colcon.colcon_core.verb:set package 'ros_gz_example_gazebo' build argument 'cmake_clean_first' from command line to 'False'
[0.641s] Level 5:colcon.colcon_core.verb:set package 'ros_gz_example_gazebo' build argument 'cmake_force_configure' from command line to 'False'
[0.641s] Level 5:colcon.colcon_core.verb:set package 'ros_gz_example_gazebo' build argument 'ament_cmake_args' from command line to 'None'
[0.641s] Level 5:colcon.colcon_core.verb:set package 'ros_gz_example_gazebo' build argument 'catkin_cmake_args' from command line to 'None'
[0.641s] Level 5:colcon.colcon_core.verb:set package 'ros_gz_example_gazebo' build argument 'catkin_skip_building_tests' from command line to 'False'
[0.641s] DEBUG:colcon.colcon_core.verb:Building package 'ros_gz_example_gazebo' with the following arguments: {'ament_cmake_args': None, 'build_base': '/root/data/project_ws/build/ros_gz_example_gazebo', 'catkin_cmake_args': None, 'catkin_skip_building_tests': False, 'cmake_args': ['-DBUILD_TESTING=ON'], 'cmake_clean_cache': False, 'cmake_clean_first': False, 'cmake_force_configure': False, 'cmake_target': None, 'cmake_target_skip_unavailable': False, 'install_base': '/root/data/project_ws/install/ros_gz_example_gazebo', 'merge_install': False, 'path': '/root/data/project_ws/src/ros_gz_example_gazebo', 'symlink_install': False, 'test_result_base': None}
[0.641s] Level 5:colcon.colcon_core.verb:set package 'ros_gz_example_bringup' build argument 'cmake_args' from command line to '['-DBUILD_TESTING=ON']'
[0.641s] Level 5:colcon.colcon_core.verb:set package 'ros_gz_example_bringup' build argument 'cmake_target' from command line to 'None'
[0.641s] Level 5:colcon.colcon_core.verb:set package 'ros_gz_example_bringup' build argument 'cmake_target_skip_unavailable' from command line to 'False'
[0.641s] Level 5:colcon.colcon_core.verb:set package 'ros_gz_example_bringup' build argument 'cmake_clean_cache' from command line to 'False'
[0.641s] Level 5:colcon.colcon_core.verb:set package 'ros_gz_example_bringup' build argument 'cmake_clean_first' from command line to 'False'
[0.641s] Level 5:colcon.colcon_core.verb:set package 'ros_gz_example_bringup' build argument 'cmake_force_configure' from command line to 'False'
[0.641s] Level 5:colcon.colcon_core.verb:set package 'ros_gz_example_bringup' build argument 'ament_cmake_args' from command line to 'None'
[0.641s] Level 5:colcon.colcon_core.verb:set package 'ros_gz_example_bringup' build argument 'catkin_cmake_args' from command line to 'None'
[0.641s] Level 5:colcon.colcon_core.verb:set package 'ros_gz_example_bringup' build argument 'catkin_skip_building_tests' from command line to 'False'
[0.642s] DEBUG:colcon.colcon_core.verb:Building package 'ros_gz_example_bringup' with the following arguments: {'ament_cmake_args': None, 'build_base': '/root/data/project_ws/build/ros_gz_example_bringup', 'catkin_cmake_args': None, 'catkin_skip_building_tests': False, 'cmake_args': ['-DBUILD_TESTING=ON'], 'cmake_clean_cache': False, 'cmake_clean_first': False, 'cmake_force_configure': False, 'cmake_target': None, 'cmake_target_skip_unavailable': False, 'install_base': '/root/data/project_ws/install/ros_gz_example_bringup', 'merge_install': False, 'path': '/root/data/project_ws/src/ros_gz_example_bringup', 'symlink_install': False, 'test_result_base': None}
[0.642s] INFO:colcon.colcon_core.executor:Executing jobs using 'parallel' executor
[0.643s] DEBUG:colcon.colcon_parallel_executor.executor.parallel:run_until_complete
[0.643s] INFO:colcon.colcon_ros.task.ament_cmake.build:Building ROS package in '/root/data/project_ws/src/ros_gz_example_description' with build type 'ament_cmake'
[0.644s] INFO:colcon.colcon_cmake.task.cmake.build:Building CMake package in '/root/data/project_ws/src/ros_gz_example_description'
[0.649s] INFO:colcon.colcon_core.plugin_system:Skipping extension 'colcon_core.shell.bat': Not used on non-Windows systems
[0.649s] INFO:colcon.colcon_core.shell:Skip shell extension 'powershell' for command environment: Not usable outside of PowerShell
[0.650s] DEBUG:colcon.colcon_core.shell:Skip shell extension 'dsv' for command environment
[0.657s] INFO:colcon.colcon_ros.task.ament_cmake.build:Building ROS package in '/root/data/project_ws/src/hardware_link2' with build type 'ament_cmake'
[0.657s] INFO:colcon.colcon_cmake.task.cmake.build:Building CMake package in '/root/data/project_ws/src/hardware_link2'
[0.658s] INFO:colcon.colcon_core.shell:Skip shell extension 'powershell' for command environment: Not usable outside of PowerShell
[0.658s] DEBUG:colcon.colcon_core.shell:Skip shell extension 'dsv' for command environment
[0.662s] INFO:colcon.colcon_ros.task.ament_python.build:Building ROS package in '/root/data/project_ws/src/my_package' with build type 'ament_python'
[0.662s] Level 1:colcon.colcon_core.shell:create_environment_hook('my_package', 'ament_prefix_path')
[0.663s] INFO:colcon.colcon_core.shell:Creating environment hook '/root/data/project_ws/install/my_package/share/my_package/hook/ament_prefix_path.ps1'
[0.665s] INFO:colcon.colcon_core.shell:Creating environment descriptor '/root/data/project_ws/install/my_package/share/my_package/hook/ament_prefix_path.dsv'
[0.666s] INFO:colcon.colcon_core.shell:Creating environment hook '/root/data/project_ws/install/my_package/share/my_package/hook/ament_prefix_path.sh'
[0.668s] INFO:colcon.colcon_core.shell:Skip shell extension 'powershell' for command environment: Not usable outside of PowerShell
[0.668s] DEBUG:colcon.colcon_core.shell:Skip shell extension 'dsv' for command environment
[0.673s] INFO:colcon.colcon_ros.task.ament_cmake.build:Building ROS package in '/root/data/project_ws/src/ros_gz_example_application' with build type 'ament_cmake'
[0.673s] INFO:colcon.colcon_cmake.task.cmake.build:Building CMake package in '/root/data/project_ws/src/ros_gz_example_application'
[0.673s] INFO:colcon.colcon_core.shell:Skip shell extension 'powershell' for command environment: Not usable outside of PowerShell
[0.674s] DEBUG:colcon.colcon_core.shell:Skip shell extension 'dsv' for command environment
[0.686s] DEBUG:colcon.colcon_core.event_handler.log_command:Invoking command in '/root/data/project_ws/build/ros_gz_example_description': CMAKE_PREFIX_PATH=/opt/ros/humble /usr/bin/cmake --build /root/data/project_ws/build/ros_gz_example_description -- -j4 -l4
[0.700s] DEBUG:colcon.colcon_core.event_handler.log_command:Invoking command in '/root/data/project_ws/build/hardware_link2': CMAKE_PREFIX_PATH=/opt/ros/humble /usr/bin/cmake --build /root/data/project_ws/build/hardware_link2 -- -j4 -l4
[1.081s] INFO:colcon.colcon_core.task.python.build:Building Python package in '/root/data/project_ws/src/my_package'
[1.082s] INFO:colcon.colcon_core.shell:Skip shell extension 'powershell' for command environment: Not usable outside of PowerShell
[1.082s] DEBUG:colcon.colcon_core.shell:Skip shell extension 'dsv' for command environment
[1.099s] DEBUG:colcon.colcon_core.event_handler.log_command:Invoking command in '/root/data/project_ws/build/ros_gz_example_application': CMAKE_PREFIX_PATH=/opt/ros/humble /usr/bin/cmake --build /root/data/project_ws/build/ros_gz_example_application -- -j4 -l4
[1.112s] DEBUG:colcon.colcon_core.event_handler.log_command:Invoked command in '/root/data/project_ws/build/ros_gz_example_description' returned '0': CMAKE_PREFIX_PATH=/opt/ros/humble /usr/bin/cmake --build /root/data/project_ws/build/ros_gz_example_description -- -j4 -l4
[1.206s] DEBUG:colcon.colcon_core.event_handler.log_command:Invoking command in '/root/data/project_ws/build/ros_gz_example_description': CMAKE_PREFIX_PATH=/opt/ros/humble /usr/bin/cmake --install /root/data/project_ws/build/ros_gz_example_description
[1.208s] DEBUG:colcon.colcon_core.event_handler.log_command:Invoked command in '/root/data/project_ws/build/ros_gz_example_application' returned '0': CMAKE_PREFIX_PATH=/opt/ros/humble /usr/bin/cmake --build /root/data/project_ws/build/ros_gz_example_application -- -j4 -l4
[1.244s] Level 1:colcon.colcon_core.environment:create_environment_scripts_only(ros_gz_example_description)
[1.246s] DEBUG:colcon.colcon_core.event_handler.log_command:Invoked command in '/root/data/project_ws/build/ros_gz_example_description' returned '0': CMAKE_PREFIX_PATH=/opt/ros/humble /usr/bin/cmake --install /root/data/project_ws/build/ros_gz_example_description
[1.252s] Level 1:colcon.colcon_core.environment:checking '/root/data/project_ws/install/ros_gz_example_description' for CMake module files
[1.253s] Level 1:colcon.colcon_core.environment:checking '/root/data/project_ws/install/ros_gz_example_description' for CMake config files
[1.253s] Level 1:colcon.colcon_core.shell:create_environment_hook('ros_gz_example_description', 'cmake_prefix_path')
[1.253s] INFO:colcon.colcon_core.shell:Creating environment hook '/root/data/project_ws/install/ros_gz_example_description/share/ros_gz_example_description/hook/cmake_prefix_path.ps1'
[1.254s] INFO:colcon.colcon_core.shell:Creating environment descriptor '/root/data/project_ws/install/ros_gz_example_description/share/ros_gz_example_description/hook/cmake_prefix_path.dsv'
[1.254s] INFO:colcon.colcon_core.shell:Creating environment hook '/root/data/project_ws/install/ros_gz_example_description/share/ros_gz_example_description/hook/cmake_prefix_path.sh'
[1.255s] Level 1:colcon.colcon_core.environment:checking '/root/data/project_ws/install/ros_gz_example_description/bin'
[1.256s] Level 1:colcon.colcon_core.environment:checking '/root/data/project_ws/install/ros_gz_example_description/lib/pkgconfig/ros_gz_example_description.pc'
[1.256s] Level 1:colcon.colcon_core.environment:checking '/root/data/project_ws/install/ros_gz_example_description/lib/python3.10/site-packages'
[1.257s] Level 1:colcon.colcon_core.environment:checking '/root/data/project_ws/install/ros_gz_example_description/bin'
[1.257s] INFO:colcon.colcon_core.shell:Creating package script '/root/data/project_ws/install/ros_gz_example_description/share/ros_gz_example_description/package.ps1'
[1.259s] INFO:colcon.colcon_core.shell:Creating package descriptor '/root/data/project_ws/install/ros_gz_example_description/share/ros_gz_example_description/package.dsv'
[1.260s] INFO:colcon.colcon_core.shell:Creating package script '/root/data/project_ws/install/ros_gz_example_description/share/ros_gz_example_description/package.sh'
[1.262s] INFO:colcon.colcon_core.shell:Creating package script '/root/data/project_ws/install/ros_gz_example_description/share/ros_gz_example_description/package.bash'
[1.265s] INFO:colcon.colcon_core.shell:Creating package script '/root/data/project_ws/install/ros_gz_example_description/share/ros_gz_example_description/package.zsh'
[1.268s] Level 1:colcon.colcon_core.environment:create_file_with_runtime_dependencies(/root/data/project_ws/install/ros_gz_example_description/share/colcon-core/packages/ros_gz_example_description)
[1.299s] DEBUG:colcon.colcon_core.event_handler.log_command:Invoking command in '/root/data/project_ws/build/ros_gz_example_application': CMAKE_PREFIX_PATH=/opt/ros/humble /usr/bin/cmake --install /root/data/project_ws/build/ros_gz_example_application
[1.305s] Level 1:colcon.colcon_core.environment:create_environment_scripts_only(ros_gz_example_application)
[1.306s] Level 1:colcon.colcon_core.environment:checking '/root/data/project_ws/install/ros_gz_example_application' for CMake module files
[1.306s] Level 1:colcon.colcon_core.environment:checking '/root/data/project_ws/install/ros_gz_example_application' for CMake config files
[1.306s] Level 1:colcon.colcon_core.shell:create_environment_hook('ros_gz_example_application', 'cmake_prefix_path')
[1.307s] INFO:colcon.colcon_core.shell:Creating environment hook '/root/data/project_ws/install/ros_gz_example_application/share/ros_gz_example_application/hook/cmake_prefix_path.ps1'
[1.307s] INFO:colcon.colcon_core.shell:Creating environment descriptor '/root/data/project_ws/install/ros_gz_example_application/share/ros_gz_example_application/hook/cmake_prefix_path.dsv'
[1.308s] INFO:colcon.colcon_core.shell:Creating environment hook '/root/data/project_ws/install/ros_gz_example_application/share/ros_gz_example_application/hook/cmake_prefix_path.sh'
[1.308s] Level 1:colcon.colcon_core.environment:checking '/root/data/project_ws/install/ros_gz_example_application/bin'
[1.308s] Level 1:colcon.colcon_core.environment:checking '/root/data/project_ws/install/ros_gz_example_application/lib/pkgconfig/ros_gz_example_application.pc'
[1.309s] Level 1:colcon.colcon_core.environment:checking '/root/data/project_ws/install/ros_gz_example_application/lib/python3.10/site-packages'
[1.309s] Level 1:colcon.colcon_core.environment:checking '/root/data/project_ws/install/ros_gz_example_application/bin'
[1.309s] INFO:colcon.colcon_core.shell:Creating package script '/root/data/project_ws/install/ros_gz_example_application/share/ros_gz_example_application/package.ps1'
[1.310s] INFO:colcon.colcon_core.shell:Creating package descriptor '/root/data/project_ws/install/ros_gz_example_application/share/ros_gz_example_application/package.dsv'
[1.310s] INFO:colcon.colcon_core.shell:Creating package script '/root/data/project_ws/install/ros_gz_example_application/share/ros_gz_example_application/package.sh'
[1.311s] INFO:colcon.colcon_core.shell:Creating package script '/root/data/project_ws/install/ros_gz_example_application/share/ros_gz_example_application/package.bash'
[1.311s] INFO:colcon.colcon_core.shell:Creating package script '/root/data/project_ws/install/ros_gz_example_application/share/ros_gz_example_application/package.zsh'
[1.312s] Level 1:colcon.colcon_core.environment:create_file_with_runtime_dependencies(/root/data/project_ws/install/ros_gz_example_application/share/colcon-core/packages/ros_gz_example_application)
[1.317s] DEBUG:colcon.colcon_core.event_handler.log_command:Invoked command in '/root/data/project_ws/build/ros_gz_example_application' returned '0': CMAKE_PREFIX_PATH=/opt/ros/humble /usr/bin/cmake --install /root/data/project_ws/build/ros_gz_example_application
[1.355s] Level 1:colcon.colcon_core.environment:create_environment_scripts_only(ros_gz_example_description)
[1.356s] Level 1:colcon.colcon_core.environment:checking '/root/data/project_ws/install/ros_gz_example_description' for CMake module files
[1.356s] Level 1:colcon.colcon_core.environment:checking '/root/data/project_ws/install/ros_gz_example_description' for CMake config files
[1.356s] Level 1:colcon.colcon_core.shell:create_environment_hook('ros_gz_example_description', 'cmake_prefix_path')
[1.357s] INFO:colcon.colcon_core.shell:Creating environment hook '/root/data/project_ws/install/ros_gz_example_description/share/ros_gz_example_description/hook/cmake_prefix_path.ps1'
[1.357s] INFO:colcon.colcon_core.shell:Creating environment descriptor '/root/data/project_ws/install/ros_gz_example_description/share/ros_gz_example_description/hook/cmake_prefix_path.dsv'
[1.358s] INFO:colcon.colcon_core.shell:Creating environment hook '/root/data/project_ws/install/ros_gz_example_description/share/ros_gz_example_description/hook/cmake_prefix_path.sh'
[1.358s] Level 1:colcon.colcon_core.environment:checking '/root/data/project_ws/install/ros_gz_example_description/bin'
[1.358s] Level 1:colcon.colcon_core.environment:checking '/root/data/project_ws/install/ros_gz_example_description/lib/pkgconfig/ros_gz_example_description.pc'
[1.359s] Level 1:colcon.colcon_core.environment:checking '/root/data/project_ws/install/ros_gz_example_description/lib/python3.10/site-packages'
[1.359s] Level 1:colcon.colcon_core.environment:checking '/root/data/project_ws/install/ros_gz_example_description/bin'
[1.360s] INFO:colcon.colcon_core.shell:Creating package script '/root/data/project_ws/install/ros_gz_example_description/share/ros_gz_example_description/package.ps1'
[1.360s] INFO:colcon.colcon_core.shell:Creating package descriptor '/root/data/project_ws/install/ros_gz_example_description/share/ros_gz_example_description/package.dsv'
[1.370s] INFO:colcon.colcon_core.shell:Creating package script '/root/data/project_ws/install/ros_gz_example_description/share/ros_gz_example_description/package.sh'
[1.370s] INFO:colcon.colcon_core.shell:Creating package script '/root/data/project_ws/install/ros_gz_example_description/share/ros_gz_example_description/package.bash'
[1.371s] INFO:colcon.colcon_core.shell:Creating package script '/root/data/project_ws/install/ros_gz_example_description/share/ros_gz_example_description/package.zsh'
[1.371s] Level 1:colcon.colcon_core.environment:create_file_with_runtime_dependencies(/root/data/project_ws/install/ros_gz_example_description/share/colcon-core/packages/ros_gz_example_description)
[1.372s] INFO:colcon.colcon_ros.task.ament_cmake.build:Building ROS package in '/root/data/project_ws/src/ros_gz_example_gazebo' with build type 'ament_cmake'
[1.372s] INFO:colcon.colcon_cmake.task.cmake.build:Building CMake package in '/root/data/project_ws/src/ros_gz_example_gazebo'
[1.373s] INFO:colcon.colcon_core.shell:Skip shell extension 'powershell' for command environment: Not usable outside of PowerShell
[1.373s] DEBUG:colcon.colcon_core.shell:Skip shell extension 'dsv' for command environment
[1.396s] Level 1:colcon.colcon_core.environment:create_environment_scripts_only(ros_gz_example_application)
[1.396s] Level 1:colcon.colcon_core.environment:checking '/root/data/project_ws/install/ros_gz_example_application' for CMake module files
[1.397s] Level 1:colcon.colcon_core.environment:checking '/root/data/project_ws/install/ros_gz_example_application' for CMake config files
[1.397s] Level 1:colcon.colcon_core.shell:create_environment_hook('ros_gz_example_application', 'cmake_prefix_path')
[1.397s] INFO:colcon.colcon_core.shell:Creating environment hook '/root/data/project_ws/install/ros_gz_example_application/share/ros_gz_example_application/hook/cmake_prefix_path.ps1'
[1.398s] INFO:colcon.colcon_core.shell:Creating environment descriptor '/root/data/project_ws/install/ros_gz_example_application/share/ros_gz_example_application/hook/cmake_prefix_path.dsv'
[1.399s] INFO:colcon.colcon_core.shell:Creating environment hook '/root/data/project_ws/install/ros_gz_example_application/share/ros_gz_example_application/hook/cmake_prefix_path.sh'
[1.399s] Level 1:colcon.colcon_core.environment:checking '/root/data/project_ws/install/ros_gz_example_application/bin'
[1.399s] Level 1:colcon.colcon_core.environment:checking '/root/data/project_ws/install/ros_gz_example_application/lib/pkgconfig/ros_gz_example_application.pc'
[1.400s] Level 1:colcon.colcon_core.environment:checking '/root/data/project_ws/install/ros_gz_example_application/lib/python3.10/site-packages'
[1.400s] Level 1:colcon.colcon_core.environment:checking '/root/data/project_ws/install/ros_gz_example_application/bin'
[1.401s] INFO:colcon.colcon_core.shell:Creating package script '/root/data/project_ws/install/ros_gz_example_application/share/ros_gz_example_application/package.ps1'
[1.402s] INFO:colcon.colcon_core.shell:Creating package descriptor '/root/data/project_ws/install/ros_gz_example_application/share/ros_gz_example_application/package.dsv'
[1.403s] INFO:colcon.colcon_core.shell:Creating package script '/root/data/project_ws/install/ros_gz_example_application/share/ros_gz_example_application/package.sh'
[1.409s] INFO:colcon.colcon_core.shell:Creating package script '/root/data/project_ws/install/ros_gz_example_application/share/ros_gz_example_application/package.bash'
[1.410s] INFO:colcon.colcon_core.shell:Creating package script '/root/data/project_ws/install/ros_gz_example_application/share/ros_gz_example_application/package.zsh'
[1.411s] Level 1:colcon.colcon_core.environment:create_file_with_runtime_dependencies(/root/data/project_ws/install/ros_gz_example_application/share/colcon-core/packages/ros_gz_example_application)
[1.430s] DEBUG:colcon.colcon_core.event_handler.log_command:Invoking command in '/root/data/project_ws/build/ros_gz_example_gazebo': AMENT_PREFIX_PATH=/root/data/project_ws/install/ros_gz_example_description:${AMENT_PREFIX_PATH} CMAKE_PREFIX_PATH=/root/data/project_ws/install/ros_gz_example_description:/opt/ros/humble IGN_GAZEBO_RESOURCE_PATH=/root/data/project_ws/install/ros_gz_example_description/share/ros_gz_example_description/models /usr/bin/cmake --build /root/data/project_ws/build/ros_gz_example_gazebo -- -j4 -l4
[1.665s] DEBUG:colcon.colcon_core.event_handler.log_command:Invoked command in '/root/data/project_ws/build/ros_gz_example_gazebo' returned '0': AMENT_PREFIX_PATH=/root/data/project_ws/install/ros_gz_example_description:${AMENT_PREFIX_PATH} CMAKE_PREFIX_PATH=/root/data/project_ws/install/ros_gz_example_description:/opt/ros/humble IGN_GAZEBO_RESOURCE_PATH=/root/data/project_ws/install/ros_gz_example_description/share/ros_gz_example_description/models /usr/bin/cmake --build /root/data/project_ws/build/ros_gz_example_gazebo -- -j4 -l4
[1.745s] DEBUG:colcon.colcon_core.event_handler.log_command:Invoking command in '/root/data/project_ws/build/ros_gz_example_gazebo': AMENT_PREFIX_PATH=/root/data/project_ws/install/ros_gz_example_description:${AMENT_PREFIX_PATH} CMAKE_PREFIX_PATH=/root/data/project_ws/install/ros_gz_example_description:/opt/ros/humble IGN_GAZEBO_RESOURCE_PATH=/root/data/project_ws/install/ros_gz_example_description/share/ros_gz_example_description/models /usr/bin/cmake --install /root/data/project_ws/build/ros_gz_example_gazebo
[1.809s] Level 1:colcon.colcon_core.environment:create_environment_scripts_only(ros_gz_example_gazebo)
[1.809s] Level 1:colcon.colcon_core.environment:checking '/root/data/project_ws/install/ros_gz_example_gazebo' for CMake module files
[1.810s] Level 1:colcon.colcon_core.environment:checking '/root/data/project_ws/install/ros_gz_example_gazebo' for CMake config files
[1.810s] Level 1:colcon.colcon_core.shell:create_environment_hook('ros_gz_example_gazebo', 'cmake_prefix_path')
[1.811s] INFO:colcon.colcon_core.shell:Creating environment hook '/root/data/project_ws/install/ros_gz_example_gazebo/share/ros_gz_example_gazebo/hook/cmake_prefix_path.ps1'
[1.811s] INFO:colcon.colcon_core.shell:Creating environment descriptor '/root/data/project_ws/install/ros_gz_example_gazebo/share/ros_gz_example_gazebo/hook/cmake_prefix_path.dsv'
[1.812s] INFO:colcon.colcon_core.shell:Creating environment hook '/root/data/project_ws/install/ros_gz_example_gazebo/share/ros_gz_example_gazebo/hook/cmake_prefix_path.sh'
[1.813s] DEBUG:colcon.colcon_core.event_handler.log_command:Invoked command in '/root/data/project_ws/build/ros_gz_example_gazebo' returned '0': AMENT_PREFIX_PATH=/root/data/project_ws/install/ros_gz_example_description:${AMENT_PREFIX_PATH} CMAKE_PREFIX_PATH=/root/data/project_ws/install/ros_gz_example_description:/opt/ros/humble IGN_GAZEBO_RESOURCE_PATH=/root/data/project_ws/install/ros_gz_example_description/share/ros_gz_example_description/models /usr/bin/cmake --install /root/data/project_ws/build/ros_gz_example_gazebo
[1.816s] Level 1:colcon.colcon_core.environment:checking '/root/data/project_ws/install/ros_gz_example_gazebo/lib'
[1.816s] Level 1:colcon.colcon_core.environment:checking '/root/data/project_ws/install/ros_gz_example_gazebo/bin'
[1.816s] Level 1:colcon.colcon_core.environment:checking '/root/data/project_ws/install/ros_gz_example_gazebo/lib/pkgconfig/ros_gz_example_gazebo.pc'
[1.817s] Level 1:colcon.colcon_core.environment:checking '/root/data/project_ws/install/ros_gz_example_gazebo/lib/python3.10/site-packages'
[1.817s] Level 1:colcon.colcon_core.environment:checking '/root/data/project_ws/install/ros_gz_example_gazebo/bin'
[1.817s] INFO:colcon.colcon_core.shell:Creating package script '/root/data/project_ws/install/ros_gz_example_gazebo/share/ros_gz_example_gazebo/package.ps1'
[1.818s] INFO:colcon.colcon_core.shell:Creating package descriptor '/root/data/project_ws/install/ros_gz_example_gazebo/share/ros_gz_example_gazebo/package.dsv'
[1.818s] INFO:colcon.colcon_core.shell:Creating package script '/root/data/project_ws/install/ros_gz_example_gazebo/share/ros_gz_example_gazebo/package.sh'
[1.821s] INFO:colcon.colcon_core.shell:Creating package script '/root/data/project_ws/install/ros_gz_example_gazebo/share/ros_gz_example_gazebo/package.bash'
[1.822s] INFO:colcon.colcon_core.shell:Creating package script '/root/data/project_ws/install/ros_gz_example_gazebo/share/ros_gz_example_gazebo/package.zsh'
[1.822s] Level 1:colcon.colcon_core.environment:create_file_with_runtime_dependencies(/root/data/project_ws/install/ros_gz_example_gazebo/share/colcon-core/packages/ros_gz_example_gazebo)
[1.990s] Level 1:colcon.colcon_core.environment:create_environment_scripts_only(ros_gz_example_gazebo)
[1.990s] Level 1:colcon.colcon_core.environment:checking '/root/data/project_ws/install/ros_gz_example_gazebo' for CMake module files
[1.991s] Level 1:colcon.colcon_core.environment:checking '/root/data/project_ws/install/ros_gz_example_gazebo' for CMake config files
[1.991s] Level 1:colcon.colcon_core.shell:create_environment_hook('ros_gz_example_gazebo', 'cmake_prefix_path')
[1.991s] INFO:colcon.colcon_core.shell:Creating environment hook '/root/data/project_ws/install/ros_gz_example_gazebo/share/ros_gz_example_gazebo/hook/cmake_prefix_path.ps1'
[1.992s] INFO:colcon.colcon_core.shell:Creating environment descriptor '/root/data/project_ws/install/ros_gz_example_gazebo/share/ros_gz_example_gazebo/hook/cmake_prefix_path.dsv'
[1.992s] INFO:colcon.colcon_core.shell:Creating environment hook '/root/data/project_ws/install/ros_gz_example_gazebo/share/ros_gz_example_gazebo/hook/cmake_prefix_path.sh'
[1.998s] Level 1:colcon.colcon_core.environment:checking '/root/data/project_ws/install/ros_gz_example_gazebo/lib'
[1.998s] Level 1:colcon.colcon_core.environment:checking '/root/data/project_ws/install/ros_gz_example_gazebo/bin'
[1.998s] Level 1:colcon.colcon_core.environment:checking '/root/data/project_ws/install/ros_gz_example_gazebo/lib/pkgconfig/ros_gz_example_gazebo.pc'
[1.999s] Level 1:colcon.colcon_core.environment:checking '/root/data/project_ws/install/ros_gz_example_gazebo/lib/python3.10/site-packages'
[1.999s] Level 1:colcon.colcon_core.environment:checking '/root/data/project_ws/install/ros_gz_example_gazebo/bin'
[2.000s] INFO:colcon.colcon_core.shell:Creating package script '/root/data/project_ws/install/ros_gz_example_gazebo/share/ros_gz_example_gazebo/package.ps1'
[2.006s] INFO:colcon.colcon_core.shell:Creating package descriptor '/root/data/project_ws/install/ros_gz_example_gazebo/share/ros_gz_example_gazebo/package.dsv'
[2.006s] INFO:colcon.colcon_core.shell:Creating package script '/root/data/project_ws/install/ros_gz_example_gazebo/share/ros_gz_example_gazebo/package.sh'
[2.007s] INFO:colcon.colcon_core.shell:Creating package script '/root/data/project_ws/install/ros_gz_example_gazebo/share/ros_gz_example_gazebo/package.bash'
[2.008s] INFO:colcon.colcon_core.shell:Creating package script '/root/data/project_ws/install/ros_gz_example_gazebo/share/ros_gz_example_gazebo/package.zsh'
[2.008s] Level 1:colcon.colcon_core.environment:create_file_with_runtime_dependencies(/root/data/project_ws/install/ros_gz_example_gazebo/share/colcon-core/packages/ros_gz_example_gazebo)
[2.014s] INFO:colcon.colcon_ros.task.ament_cmake.build:Building ROS package in '/root/data/project_ws/src/ros_gz_example_bringup' with build type 'ament_cmake'
[2.014s] INFO:colcon.colcon_cmake.task.cmake.build:Building CMake package in '/root/data/project_ws/src/ros_gz_example_bringup'
[2.015s] INFO:colcon.colcon_core.shell:Skip shell extension 'powershell' for command environment: Not usable outside of PowerShell
[2.015s] DEBUG:colcon.colcon_core.shell:Skip shell extension 'dsv' for command environment
[2.049s] DEBUG:colcon.colcon_core.event_handler.log_command:Invoking command in '/root/data/project_ws/build/ros_gz_example_bringup': AMENT_PREFIX_PATH=/root/data/project_ws/install/ros_gz_example_gazebo:/root/data/project_ws/install/ros_gz_example_description:${AMENT_PREFIX_PATH} CMAKE_PREFIX_PATH=/root/data/project_ws/install/ros_gz_example_gazebo:/root/data/project_ws/install/ros_gz_example_description:/opt/ros/humble IGN_GAZEBO_PLUGIN_PATH=/root/data/project_ws/install/ros_gz_example_gazebo/lib/ros_gz_example_gazebo IGN_GAZEBO_RESOURCE_PATH=/root/data/project_ws/install/ros_gz_example_gazebo/share/ros_gz_example_gazebo/worlds:/root/data/project_ws/install/ros_gz_example_description/share/ros_gz_example_description/models /usr/bin/cmake --build /root/data/project_ws/build/ros_gz_example_bringup -- -j4 -l4
[2.236s] DEBUG:colcon.colcon_core.event_handler.log_command:Invoked command in '/root/data/project_ws/build/ros_gz_example_bringup' returned '0': AMENT_PREFIX_PATH=/root/data/project_ws/install/ros_gz_example_gazebo:/root/data/project_ws/install/ros_gz_example_description:${AMENT_PREFIX_PATH} CMAKE_PREFIX_PATH=/root/data/project_ws/install/ros_gz_example_gazebo:/root/data/project_ws/install/ros_gz_example_description:/opt/ros/humble IGN_GAZEBO_PLUGIN_PATH=/root/data/project_ws/install/ros_gz_example_gazebo/lib/ros_gz_example_gazebo IGN_GAZEBO_RESOURCE_PATH=/root/data/project_ws/install/ros_gz_example_gazebo/share/ros_gz_example_gazebo/worlds:/root/data/project_ws/install/ros_gz_example_description/share/ros_gz_example_description/models /usr/bin/cmake --build /root/data/project_ws/build/ros_gz_example_bringup -- -j4 -l4
[2.250s] DEBUG:colcon.colcon_core.event_handler.log_command:Invoking command in '/root/data/project_ws/src/my_package': PYTHONPATH=/root/data/project_ws/build/my_package/prefix_override:/usr/local/lib/python3.10/dist-packages/colcon_core/task/python/colcon_distutils_commands:/root/data/project_ws/install/my_package/lib/python3.10/site-packages:${PYTHONPATH} /usr/bin/python3 -W ignore:setup.py install is deprecated setup.py egg_info --egg-base ../../build/my_package build --build-base /root/data/project_ws/build/my_package/build install --record /root/data/project_ws/build/my_package/install.log --single-version-externally-managed install_data
[2.374s] DEBUG:colcon.colcon_core.event_handler.log_command:Invoking command in '/root/data/project_ws/build/ros_gz_example_bringup': AMENT_PREFIX_PATH=/root/data/project_ws/install/ros_gz_example_gazebo:/root/data/project_ws/install/ros_gz_example_description:${AMENT_PREFIX_PATH} CMAKE_PREFIX_PATH=/root/data/project_ws/install/ros_gz_example_gazebo:/root/data/project_ws/install/ros_gz_example_description:/opt/ros/humble IGN_GAZEBO_PLUGIN_PATH=/root/data/project_ws/install/ros_gz_example_gazebo/lib/ros_gz_example_gazebo IGN_GAZEBO_RESOURCE_PATH=/root/data/project_ws/install/ros_gz_example_gazebo/share/ros_gz_example_gazebo/worlds:/root/data/project_ws/install/ros_gz_example_description/share/ros_gz_example_description/models /usr/bin/cmake --install /root/data/project_ws/build/ros_gz_example_bringup
[2.430s] Level 1:colcon.colcon_core.environment:create_environment_scripts_only(ros_gz_example_bringup)
[2.430s] Level 1:colcon.colcon_core.environment:checking '/root/data/project_ws/install/ros_gz_example_bringup' for CMake module files
[2.431s] Level 1:colcon.colcon_core.environment:checking '/root/data/project_ws/install/ros_gz_example_bringup' for CMake config files
[2.431s] Level 1:colcon.colcon_core.shell:create_environment_hook('ros_gz_example_bringup', 'cmake_prefix_path')
[2.431s] INFO:colcon.colcon_core.shell:Creating environment hook '/root/data/project_ws/install/ros_gz_example_bringup/share/ros_gz_example_bringup/hook/cmake_prefix_path.ps1'
[2.432s] INFO:colcon.colcon_core.shell:Creating environment descriptor '/root/data/project_ws/install/ros_gz_example_bringup/share/ros_gz_example_bringup/hook/cmake_prefix_path.dsv'
[2.432s] INFO:colcon.colcon_core.shell:Creating environment hook '/root/data/project_ws/install/ros_gz_example_bringup/share/ros_gz_example_bringup/hook/cmake_prefix_path.sh'
[2.433s] Level 1:colcon.colcon_core.environment:checking '/root/data/project_ws/install/ros_gz_example_bringup/bin'
[2.433s] Level 1:colcon.colcon_core.environment:checking '/root/data/project_ws/install/ros_gz_example_bringup/lib/pkgconfig/ros_gz_example_bringup.pc'
[2.433s] Level 1:colcon.colcon_core.environment:checking '/root/data/project_ws/install/ros_gz_example_bringup/lib/python3.10/site-packages'
[2.434s] Level 1:colcon.colcon_core.environment:checking '/root/data/project_ws/install/ros_gz_example_bringup/bin'
[2.434s] INFO:colcon.colcon_core.shell:Creating package script '/root/data/project_ws/install/ros_gz_example_bringup/share/ros_gz_example_bringup/package.ps1'
[2.435s] INFO:colcon.colcon_core.shell:Creating package descriptor '/root/data/project_ws/install/ros_gz_example_bringup/share/ros_gz_example_bringup/package.dsv'
[2.435s] INFO:colcon.colcon_core.shell:Creating package script '/root/data/project_ws/install/ros_gz_example_bringup/share/ros_gz_example_bringup/package.sh'
[2.435s] INFO:colcon.colcon_core.shell:Creating package script '/root/data/project_ws/install/ros_gz_example_bringup/share/ros_gz_example_bringup/package.bash'
[2.436s] INFO:colcon.colcon_core.shell:Creating package script '/root/data/project_ws/install/ros_gz_example_bringup/share/ros_gz_example_bringup/package.zsh'
[2.436s] Level 1:colcon.colcon_core.environment:create_file_with_runtime_dependencies(/root/data/project_ws/install/ros_gz_example_bringup/share/colcon-core/packages/ros_gz_example_bringup)
[2.447s] DEBUG:colcon.colcon_core.event_handler.log_command:Invoked command in '/root/data/project_ws/build/ros_gz_example_bringup' returned '0': AMENT_PREFIX_PATH=/root/data/project_ws/install/ros_gz_example_gazebo:/root/data/project_ws/install/ros_gz_example_description:${AMENT_PREFIX_PATH} CMAKE_PREFIX_PATH=/root/data/project_ws/install/ros_gz_example_gazebo:/root/data/project_ws/install/ros_gz_example_description:/opt/ros/humble IGN_GAZEBO_PLUGIN_PATH=/root/data/project_ws/install/ros_gz_example_gazebo/lib/ros_gz_example_gazebo IGN_GAZEBO_RESOURCE_PATH=/root/data/project_ws/install/ros_gz_example_gazebo/share/ros_gz_example_gazebo/worlds:/root/data/project_ws/install/ros_gz_example_description/share/ros_gz_example_description/models /usr/bin/cmake --install /root/data/project_ws/build/ros_gz_example_bringup
[2.504s] Level 1:colcon.colcon_core.environment:create_environment_scripts_only(ros_gz_example_bringup)
[2.504s] Level 1:colcon.colcon_core.environment:checking '/root/data/project_ws/install/ros_gz_example_bringup' for CMake module files
[2.504s] Level 1:colcon.colcon_core.environment:checking '/root/data/project_ws/install/ros_gz_example_bringup' for CMake config files
[2.505s] Level 1:colcon.colcon_core.shell:create_environment_hook('ros_gz_example_bringup', 'cmake_prefix_path')
[2.505s] INFO:colcon.colcon_core.shell:Creating environment hook '/root/data/project_ws/install/ros_gz_example_bringup/share/ros_gz_example_bringup/hook/cmake_prefix_path.ps1'
[2.506s] INFO:colcon.colcon_core.shell:Creating environment descriptor '/root/data/project_ws/install/ros_gz_example_bringup/share/ros_gz_example_bringup/hook/cmake_prefix_path.dsv'
[2.509s] INFO:colcon.colcon_core.shell:Creating environment hook '/root/data/project_ws/install/ros_gz_example_bringup/share/ros_gz_example_bringup/hook/cmake_prefix_path.sh'
[2.510s] Level 1:colcon.colcon_core.environment:checking '/root/data/project_ws/install/ros_gz_example_bringup/bin'
[2.510s] Level 1:colcon.colcon_core.environment:checking '/root/data/project_ws/install/ros_gz_example_bringup/lib/pkgconfig/ros_gz_example_bringup.pc'
[2.510s] Level 1:colcon.colcon_core.environment:checking '/root/data/project_ws/install/ros_gz_example_bringup/lib/python3.10/site-packages'
[2.511s] Level 1:colcon.colcon_core.environment:checking '/root/data/project_ws/install/ros_gz_example_bringup/bin'
[2.511s] INFO:colcon.colcon_core.shell:Creating package script '/root/data/project_ws/install/ros_gz_example_bringup/share/ros_gz_example_bringup/package.ps1'
[2.512s] INFO:colcon.colcon_core.shell:Creating package descriptor '/root/data/project_ws/install/ros_gz_example_bringup/share/ros_gz_example_bringup/package.dsv'
[2.514s] INFO:colcon.colcon_core.shell:Creating package script '/root/data/project_ws/install/ros_gz_example_bringup/share/ros_gz_example_bringup/package.sh'
[2.515s] INFO:colcon.colcon_core.shell:Creating package script '/root/data/project_ws/install/ros_gz_example_bringup/share/ros_gz_example_bringup/package.bash'
[2.516s] INFO:colcon.colcon_core.shell:Creating package script '/root/data/project_ws/install/ros_gz_example_bringup/share/ros_gz_example_bringup/package.zsh'
[2.517s] Level 1:colcon.colcon_core.environment:create_file_with_runtime_dependencies(/root/data/project_ws/install/ros_gz_example_bringup/share/colcon-core/packages/ros_gz_example_bringup)
[2.762s] Level 1:colcon.colcon_core.environment:checking '/root/data/project_ws/install/my_package' for CMake module files
[2.763s] Level 1:colcon.colcon_core.environment:checking '/root/data/project_ws/install/my_package' for CMake config files
[2.763s] Level 1:colcon.colcon_core.environment:checking '/root/data/project_ws/install/my_package/lib'
[2.763s] Level 1:colcon.colcon_core.environment:checking '/root/data/project_ws/install/my_package/bin'
[2.764s] Level 1:colcon.colcon_core.environment:checking '/root/data/project_ws/install/my_package/lib/pkgconfig/my_package.pc'
[2.764s] Level 1:colcon.colcon_core.environment:checking '/root/data/project_ws/install/my_package/lib/python3.10/site-packages'
[2.764s] Level 1:colcon.colcon_core.shell:create_environment_hook('my_package', 'pythonpath')
[2.764s] INFO:colcon.colcon_core.shell:Creating environment hook '/root/data/project_ws/install/my_package/share/my_package/hook/pythonpath.ps1'
[2.765s] INFO:colcon.colcon_core.shell:Creating environment descriptor '/root/data/project_ws/install/my_package/share/my_package/hook/pythonpath.dsv'
[2.766s] DEBUG:colcon.colcon_core.event_handler.log_command:Invoked command in '/root/data/project_ws/src/my_package' returned '0': PYTHONPATH=/root/data/project_ws/build/my_package/prefix_override:/usr/local/lib/python3.10/dist-packages/colcon_core/task/python/colcon_distutils_commands:/root/data/project_ws/install/my_package/lib/python3.10/site-packages:${PYTHONPATH} /usr/bin/python3 -W ignore:setup.py install is deprecated setup.py egg_info --egg-base ../../build/my_package build --build-base /root/data/project_ws/build/my_package/build install --record /root/data/project_ws/build/my_package/install.log --single-version-externally-managed install_data
[2.766s] INFO:colcon.colcon_core.shell:Creating environment hook '/root/data/project_ws/install/my_package/share/my_package/hook/pythonpath.sh'
[2.767s] Level 1:colcon.colcon_core.environment:checking '/root/data/project_ws/install/my_package/bin'
[2.767s] Level 1:colcon.colcon_core.environment:create_environment_scripts_only(my_package)
[2.773s] INFO:colcon.colcon_core.shell:Creating package script '/root/data/project_ws/install/my_package/share/my_package/package.ps1'
[2.774s] INFO:colcon.colcon_core.shell:Creating package descriptor '/root/data/project_ws/install/my_package/share/my_package/package.dsv'
[2.775s] INFO:colcon.colcon_core.shell:Creating package script '/root/data/project_ws/install/my_package/share/my_package/package.sh'
[2.782s] INFO:colcon.colcon_core.shell:Creating package script '/root/data/project_ws/install/my_package/share/my_package/package.bash'
[2.782s] INFO:colcon.colcon_core.shell:Creating package script '/root/data/project_ws/install/my_package/share/my_package/package.zsh'
[2.783s] Level 1:colcon.colcon_core.environment:create_file_with_runtime_dependencies(/root/data/project_ws/install/my_package/share/colcon-core/packages/my_package)
[6.779s] DEBUG:colcon.colcon_core.event_handler.log_command:Invoked command in '/root/data/project_ws/build/hardware_link2' returned '0': CMAKE_PREFIX_PATH=/opt/ros/humble /usr/bin/cmake --build /root/data/project_ws/build/hardware_link2 -- -j4 -l4
[6.844s] DEBUG:colcon.colcon_core.event_handler.log_command:Invoking command in '/root/data/project_ws/build/hardware_link2': CMAKE_PREFIX_PATH=/opt/ros/humble /usr/bin/cmake --install /root/data/project_ws/build/hardware_link2
[6.882s] Level 1:colcon.colcon_core.environment:create_environment_scripts_only(hardware_link2)
[6.883s] Level 1:colcon.colcon_core.environment:checking '/root/data/project_ws/install/hardware_link2' for CMake module files
[6.884s] Level 1:colcon.colcon_core.environment:checking '/root/data/project_ws/install/hardware_link2' for CMake config files
[6.884s] Level 1:colcon.colcon_core.shell:create_environment_hook('hardware_link2', 'cmake_prefix_path')
[6.885s] INFO:colcon.colcon_core.shell:Creating environment hook '/root/data/project_ws/install/hardware_link2/share/hardware_link2/hook/cmake_prefix_path.ps1'
[6.885s] INFO:colcon.colcon_core.shell:Creating environment descriptor '/root/data/project_ws/install/hardware_link2/share/hardware_link2/hook/cmake_prefix_path.dsv'
[6.886s] INFO:colcon.colcon_core.shell:Creating environment hook '/root/data/project_ws/install/hardware_link2/share/hardware_link2/hook/cmake_prefix_path.sh'
[6.886s] Level 1:colcon.colcon_core.environment:checking '/root/data/project_ws/install/hardware_link2/lib'
[6.886s] Level 1:colcon.colcon_core.shell:create_environment_hook('hardware_link2', 'ld_library_path_lib')
[6.887s] INFO:colcon.colcon_core.shell:Creating environment hook '/root/data/project_ws/install/hardware_link2/share/hardware_link2/hook/ld_library_path_lib.ps1'
[6.887s] INFO:colcon.colcon_core.shell:Creating environment descriptor '/root/data/project_ws/install/hardware_link2/share/hardware_link2/hook/ld_library_path_lib.dsv'
[6.888s] INFO:colcon.colcon_core.shell:Creating environment hook '/root/data/project_ws/install/hardware_link2/share/hardware_link2/hook/ld_library_path_lib.sh'
[6.888s] Level 1:colcon.colcon_core.environment:checking '/root/data/project_ws/install/hardware_link2/bin'
[6.888s] Level 1:colcon.colcon_core.environment:checking '/root/data/project_ws/install/hardware_link2/lib/pkgconfig/hardware_link2.pc'
[6.889s] Level 1:colcon.colcon_core.environment:checking '/root/data/project_ws/install/hardware_link2/lib/python3.10/site-packages'
[6.889s] Level 1:colcon.colcon_core.environment:checking '/root/data/project_ws/install/hardware_link2/bin'
[6.891s] INFO:colcon.colcon_core.shell:Creating package script '/root/data/project_ws/install/hardware_link2/share/hardware_link2/package.ps1'
[6.891s] DEBUG:colcon.colcon_core.event_handler.log_command:Invoked command in '/root/data/project_ws/build/hardware_link2' returned '0': CMAKE_PREFIX_PATH=/opt/ros/humble /usr/bin/cmake --install /root/data/project_ws/build/hardware_link2
[6.892s] INFO:colcon.colcon_core.shell:Creating package descriptor '/root/data/project_ws/install/hardware_link2/share/hardware_link2/package.dsv'
[6.893s] INFO:colcon.colcon_core.shell:Creating package script '/root/data/project_ws/install/hardware_link2/share/hardware_link2/package.sh'
[6.894s] INFO:colcon.colcon_core.shell:Creating package script '/root/data/project_ws/install/hardware_link2/share/hardware_link2/package.bash'
[6.894s] INFO:colcon.colcon_core.shell:Creating package script '/root/data/project_ws/install/hardware_link2/share/hardware_link2/package.zsh'
[6.895s] Level 1:colcon.colcon_core.environment:create_file_with_runtime_dependencies(/root/data/project_ws/install/hardware_link2/share/colcon-core/packages/hardware_link2)
[6.959s] Level 1:colcon.colcon_core.environment:create_environment_scripts_only(hardware_link2)
[6.959s] Level 1:colcon.colcon_core.environment:checking '/root/data/project_ws/install/hardware_link2' for CMake module files
[6.959s] Level 1:colcon.colcon_core.environment:checking '/root/data/project_ws/install/hardware_link2' for CMake config files
[6.960s] Level 1:colcon.colcon_core.shell:create_environment_hook('hardware_link2', 'cmake_prefix_path')
[6.960s] INFO:colcon.colcon_core.shell:Creating environment hook '/root/data/project_ws/install/hardware_link2/share/hardware_link2/hook/cmake_prefix_path.ps1'
[6.960s] INFO:colcon.colcon_core.shell:Creating environment descriptor '/root/data/project_ws/install/hardware_link2/share/hardware_link2/hook/cmake_prefix_path.dsv'
[6.961s] INFO:colcon.colcon_core.shell:Creating environment hook '/root/data/project_ws/install/hardware_link2/share/hardware_link2/hook/cmake_prefix_path.sh'
[6.962s] Level 1:colcon.colcon_core.environment:checking '/root/data/project_ws/install/hardware_link2/lib'
[6.962s] Level 1:colcon.colcon_core.shell:create_environment_hook('hardware_link2', 'ld_library_path_lib')
[6.963s] INFO:colcon.colcon_core.shell:Creating environment hook '/root/data/project_ws/install/hardware_link2/share/hardware_link2/hook/ld_library_path_lib.ps1'
[6.963s] INFO:colcon.colcon_core.shell:Creating environment descriptor '/root/data/project_ws/install/hardware_link2/share/hardware_link2/hook/ld_library_path_lib.dsv'
[6.964s] INFO:colcon.colcon_core.shell:Creating environment hook '/root/data/project_ws/install/hardware_link2/share/hardware_link2/hook/ld_library_path_lib.sh'
[6.965s] Level 1:colcon.colcon_core.environment:checking '/root/data/project_ws/install/hardware_link2/bin'
[6.965s] Level 1:colcon.colcon_core.environment:checking '/root/data/project_ws/install/hardware_link2/lib/pkgconfig/hardware_link2.pc'
[6.966s] Level 1:colcon.colcon_core.environment:checking '/root/data/project_ws/install/hardware_link2/lib/python3.10/site-packages'
[6.966s] Level 1:colcon.colcon_core.environment:checking '/root/data/project_ws/install/hardware_link2/bin'
[6.967s] INFO:colcon.colcon_core.shell:Creating package script '/root/data/project_ws/install/hardware_link2/share/hardware_link2/package.ps1'
[6.968s] INFO:colcon.colcon_core.shell:Creating package descriptor '/root/data/project_ws/install/hardware_link2/share/hardware_link2/package.dsv'
[6.969s] INFO:colcon.colcon_core.shell:Creating package script '/root/data/project_ws/install/hardware_link2/share/hardware_link2/package.sh'
[6.970s] INFO:colcon.colcon_core.shell:Creating package script '/root/data/project_ws/install/hardware_link2/share/hardware_link2/package.bash'
[6.971s] INFO:colcon.colcon_core.shell:Creating package script '/root/data/project_ws/install/hardware_link2/share/hardware_link2/package.zsh'
[6.972s] Level 1:colcon.colcon_core.environment:create_file_with_runtime_dependencies(/root/data/project_ws/install/hardware_link2/share/colcon-core/packages/hardware_link2)
[6.973s] DEBUG:colcon.colcon_parallel_executor.executor.parallel:closing loop
[6.974s] DEBUG:colcon.colcon_parallel_executor.executor.parallel:loop closed
[6.974s] DEBUG:colcon.colcon_parallel_executor.executor.parallel:run_until_complete finished with '0'
[6.974s] DEBUG:colcon.colcon_core.event_reactor:joining thread
[6.983s] INFO:colcon.colcon_core.plugin_system:Skipping extension 'colcon_notification.desktop_notification.notify_send': Could not find 'notify-send'
[6.983s] INFO:colcon.colcon_core.plugin_system:Skipping extension 'colcon_notification.desktop_notification.terminal_notifier': Not used on non-Darwin systems
[6.983s] INFO:colcon.colcon_core.plugin_system:Skipping extension 'colcon_notification.desktop_notification.win32': Not used on non-Windows systems
[6.983s] INFO:colcon.colcon_notification.desktop_notification:Sending desktop notification using 'notify2'
[6.989s] DEBUG:colcon.colcon_notification.desktop_notification.notify2:Failed to initialize notify2: org.freedesktop.DBus.Error.Spawn.ExecFailed: /usr/bin/dbus-launch terminated abnormally without any error message
[6.991s] DEBUG:colcon.colcon_core.event_reactor:joined thread
[6.993s] INFO:colcon.colcon_core.shell:Creating prefix script '/root/data/project_ws/install/local_setup.ps1'
[6.994s] INFO:colcon.colcon_core.shell:Creating prefix util module '/root/data/project_ws/install/_local_setup_util_ps1.py'
[6.997s] INFO:colcon.colcon_core.shell:Creating prefix chain script '/root/data/project_ws/install/setup.ps1'
[7.004s] INFO:colcon.colcon_core.shell:Creating prefix script '/root/data/project_ws/install/local_setup.sh'
[7.006s] INFO:colcon.colcon_core.shell:Creating prefix util module '/root/data/project_ws/install/_local_setup_util_sh.py'
[7.006s] INFO:colcon.colcon_core.shell:Creating prefix chain script '/root/data/project_ws/install/setup.sh'
[7.010s] INFO:colcon.colcon_core.shell:Creating prefix script '/root/data/project_ws/install/local_setup.bash'
[7.013s] INFO:colcon.colcon_core.shell:Creating prefix chain script '/root/data/project_ws/install/setup.bash'
[7.014s] INFO:colcon.colcon_core.shell:Creating prefix script '/root/data/project_ws/install/local_setup.zsh'
[7.017s] INFO:colcon.colcon_core.shell:Creating prefix chain script '/root/data/project_ws/install/setup.zsh'
