[0.342s] Invoking command in '/root/data/project_ws/build/ros_gz_example_application': CMAKE_PREFIX_PATH=/opt/ros/humble /usr/bin/cmake --build /root/data/project_ws/build/ros_gz_example_application -- -j4 -l4
[0.401s] Invoked command in '/root/data/project_ws/build/ros_gz_example_application' returned '0': CMAKE_PREFIX_PATH=/opt/ros/humble /usr/bin/cmake --build /root/data/project_ws/build/ros_gz_example_application -- -j4 -l4
[0.487s] Invoking command in '/root/data/project_ws/build/ros_gz_example_application': CMAKE_PREFIX_PATH=/opt/ros/humble /usr/bin/cmake --install /root/data/project_ws/build/ros_gz_example_application
[0.503s] -- Install configuration: ""
[0.505s] -- Up-to-date: /root/data/project_ws/install/ros_gz_example_application/share/ament_index/resource_index/package_run_dependencies/ros_gz_example_application
[0.505s] -- Up-to-date: /root/data/project_ws/install/ros_gz_example_application/share/ament_index/resource_index/parent_prefix_path/ros_gz_example_application
[0.505s] -- Up-to-date: /root/data/project_ws/install/ros_gz_example_application/share/ros_gz_example_application/environment/ament_prefix_path.sh
[0.505s] -- Up-to-date: /root/data/project_ws/install/ros_gz_example_application/share/ros_gz_example_application/environment/ament_prefix_path.dsv
[0.505s] -- Up-to-date: /root/data/project_ws/install/ros_gz_example_application/share/ros_gz_example_application/environment/path.sh
[0.506s] -- Up-to-date: /root/data/project_ws/install/ros_gz_example_application/share/ros_gz_example_application/environment/path.dsv
[0.508s] -- Up-to-date: /root/data/project_ws/install/ros_gz_example_application/share/ros_gz_example_application/local_setup.bash
[0.509s] -- Up-to-date: /root/data/project_ws/install/ros_gz_example_application/share/ros_gz_example_application/local_setup.sh
[0.509s] -- Up-to-date: /root/data/project_ws/install/ros_gz_example_application/share/ros_gz_example_application/local_setup.zsh
[0.509s] -- Up-to-date: /root/data/project_ws/install/ros_gz_example_application/share/ros_gz_example_application/local_setup.dsv
[0.509s] -- Installing: /root/data/project_ws/install/ros_gz_example_application/share/ros_gz_example_application/package.dsv
[0.509s] -- Up-to-date: /root/data/project_ws/install/ros_gz_example_application/share/ament_index/resource_index/packages/ros_gz_example_application
[0.509s] -- Up-to-date: /root/data/project_ws/install/ros_gz_example_application/share/ros_gz_example_application/cmake/ros_gz_example_applicationConfig.cmake
[0.510s] -- Up-to-date: /root/data/project_ws/install/ros_gz_example_application/share/ros_gz_example_application/cmake/ros_gz_example_applicationConfig-version.cmake
[0.510s] -- Up-to-date: /root/data/project_ws/install/ros_gz_example_application/share/ros_gz_example_application/package.xml
[0.527s] Invoked command in '/root/data/project_ws/build/ros_gz_example_application' returned '0': CMAKE_PREFIX_PATH=/opt/ros/humble /usr/bin/cmake --install /root/data/project_ws/build/ros_gz_example_application
