[0.030s] Invoking command in '/root/data/project_ws/build/hardware_link2': CMAKE_PREFIX_PATH=/opt/ros/humble /usr/bin/cmake --build /root/data/project_ws/build/hardware_link2 -- -j4 -l4
[0.349s] [ 33%] Built target gmock
[0.349s] [ 55%] Built target hardware_link2
[0.349s] [ 77%] Built target gmock_main
[0.350s] [100%] Built target test_hardware_link2
[0.360s] Invoked command in '/root/data/project_ws/build/hardware_link2' returned '0': CMAKE_PREFIX_PATH=/opt/ros/humble /usr/bin/cmake --build /root/data/project_ws/build/hardware_link2 -- -j4 -l4
[0.438s] Invoking command in '/root/data/project_ws/build/hardware_link2': CMAKE_PREFIX_PATH=/opt/ros/humble /usr/bin/cmake --install /root/data/project_ws/build/hardware_link2
[0.448s] -- Install configuration: ""
[0.449s] -- Up-to-date: /root/data/project_ws/install/hardware_link2/share/hardware_link2/hardware_link2.xml
[0.451s] -- Up-to-date: /root/data/project_ws/install/hardware_link2/lib/libhardware_link2.so
[0.453s] -- Up-to-date: /root/data/project_ws/install/hardware_link2/include
[0.454s] -- Up-to-date: /root/data/project_ws/install/hardware_link2/include/hardware_link2
[0.455s] -- Up-to-date: /root/data/project_ws/install/hardware_link2/include/hardware_link2/visibility_control.h
[0.456s] -- Up-to-date: /root/data/project_ws/install/hardware_link2/include/hardware_link2/hardware_link2.hpp
[0.458s] -- Up-to-date: /root/data/project_ws/install/hardware_link2/share/hardware_link2/environment/library_path.sh
[0.459s] -- Up-to-date: /root/data/project_ws/install/hardware_link2/share/hardware_link2/environment/library_path.dsv
[0.464s] -- Up-to-date: /root/data/project_ws/install/hardware_link2/share/ament_index/resource_index/package_run_dependencies/hardware_link2
[0.464s] -- Up-to-date: /root/data/project_ws/install/hardware_link2/share/ament_index/resource_index/parent_prefix_path/hardware_link2
[0.465s] -- Up-to-date: /root/data/project_ws/install/hardware_link2/share/hardware_link2/environment/ament_prefix_path.sh
[0.465s] -- Up-to-date: /root/data/project_ws/install/hardware_link2/share/hardware_link2/environment/ament_prefix_path.dsv
[0.465s] -- Up-to-date: /root/data/project_ws/install/hardware_link2/share/hardware_link2/environment/path.sh
[0.465s] -- Up-to-date: /root/data/project_ws/install/hardware_link2/share/hardware_link2/environment/path.dsv
[0.466s] -- Up-to-date: /root/data/project_ws/install/hardware_link2/share/hardware_link2/local_setup.bash
[0.466s] -- Up-to-date: /root/data/project_ws/install/hardware_link2/share/hardware_link2/local_setup.sh
[0.466s] -- Up-to-date: /root/data/project_ws/install/hardware_link2/share/hardware_link2/local_setup.zsh
[0.466s] -- Up-to-date: /root/data/project_ws/install/hardware_link2/share/hardware_link2/local_setup.dsv
[0.467s] -- Installing: /root/data/project_ws/install/hardware_link2/share/hardware_link2/package.dsv
[0.467s] -- Up-to-date: /root/data/project_ws/install/hardware_link2/share/ament_index/resource_index/packages/hardware_link2
[0.468s] -- Up-to-date: /root/data/project_ws/install/hardware_link2/share/ament_index/resource_index/hardware_interface__pluginlib__plugin/hardware_link2
[0.468s] -- Up-to-date: /root/data/project_ws/install/hardware_link2/share/hardware_link2/cmake/ament_cmake_export_include_directories-extras.cmake
[0.468s] -- Up-to-date: /root/data/project_ws/install/hardware_link2/share/hardware_link2/cmake/ament_cmake_export_libraries-extras.cmake
[0.468s] -- Up-to-date: /root/data/project_ws/install/hardware_link2/share/hardware_link2/cmake/ament_cmake_export_dependencies-extras.cmake
[0.468s] -- Up-to-date: /root/data/project_ws/install/hardware_link2/share/hardware_link2/cmake/hardware_link2Config.cmake
[0.469s] -- Up-to-date: /root/data/project_ws/install/hardware_link2/share/hardware_link2/cmake/hardware_link2Config-version.cmake
[0.469s] -- Up-to-date: /root/data/project_ws/install/hardware_link2/share/hardware_link2/package.xml
[0.511s] Invoked command in '/root/data/project_ws/build/hardware_link2' returned '0': CMAKE_PREFIX_PATH=/opt/ros/humble /usr/bin/cmake --install /root/data/project_ws/build/hardware_link2
