[1.587s] Invoking command in '/root/data/project_ws/src/my_package': PYTHONPATH=/root/data/project_ws/build/my_package/prefix_override:/usr/local/lib/python3.10/dist-packages/colcon_core/task/python/colcon_distutils_commands:/root/data/project_ws/install/my_package/lib/python3.10/site-packages:${PYTHONPATH} /usr/bin/python3 -W ignore:setup.py install is deprecated setup.py egg_info --egg-base ../../build/my_package build --build-base /root/data/project_ws/build/my_package/build install --record /root/data/project_ws/build/my_package/install.log --single-version-externally-managed install_data
[1.991s] running egg_info
[1.992s] writing ../../build/my_package/my_package.egg-info/PKG-INFO
[1.992s] writing dependency_links to ../../build/my_package/my_package.egg-info/dependency_links.txt
[1.994s] writing entry points to ../../build/my_package/my_package.egg-info/entry_points.txt
[1.996s] writing requirements to ../../build/my_package/my_package.egg-info/requires.txt
[1.996s] writing top-level names to ../../build/my_package/my_package.egg-info/top_level.txt
[2.002s] reading manifest file '../../build/my_package/my_package.egg-info/SOURCES.txt'
[2.003s] adding license file 'LICENSE'
[2.004s] writing manifest file '../../build/my_package/my_package.egg-info/SOURCES.txt'
[2.004s] running build
[2.004s] running build_py
[2.004s] running install
[2.008s] running install_lib
[2.010s] running install_data
[2.010s] running install_egg_info
[2.011s] removing '/root/data/project_ws/install/my_package/lib/python3.10/site-packages/my_package-0.0.0-py3.10.egg-info' (and everything under it)
[2.015s] Copying ../../build/my_package/my_package.egg-info to /root/data/project_ws/install/my_package/lib/python3.10/site-packages/my_package-0.0.0-py3.10.egg-info
[2.022s] running install_scripts
[2.057s] Installing my_node script to /root/data/project_ws/install/my_package/lib/my_package
[2.058s] writing list of installed files to '/root/data/project_ws/build/my_package/install.log'
[2.102s] Invoked command in '/root/data/project_ws/src/my_package' returned '0': PYTHONPATH=/root/data/project_ws/build/my_package/prefix_override:/usr/local/lib/python3.10/dist-packages/colcon_core/task/python/colcon_distutils_commands:/root/data/project_ws/install/my_package/lib/python3.10/site-packages:${PYTHONPATH} /usr/bin/python3 -W ignore:setup.py install is deprecated setup.py egg_info --egg-base ../../build/my_package build --build-base /root/data/project_ws/build/my_package/build install --record /root/data/project_ws/build/my_package/install.log --single-version-externally-managed install_data
