[0.014s] Invoking command in '/root/data/project_ws/src/build/hardware_link2': CMAKE_PREFIX_PATH=/opt/ros/humble PS1=\[\e]0;$(parse_ros_workspace)\a\]\[\e[1;32m\]\u\[\[\e[0;37m\]@\[\[\e[0;33m\]\h\[\[\e[1;33m\]${text}\[\[\e[0;37m\]:\[$(set_ros_workspace_color)\]$(parse_ros_workspace)\[\[\e[0;32m\]$(parse_git_bracket)\[$(set_git_color)\]$(get_gitbranch)\[\e[0;32m\]>\[\e[1;35m\]\W\[\[\e[1;35m\]$\[\[\e[0m\]\[\e[m\] /usr/bin/cmake --build /root/data/project_ws/src/build/hardware_link2 -- -j4 -l4
[0.045s] -- Found ament_cmake: 1.3.9 (/opt/ros/humble/share/ament_cmake/cmake)
[0.204s] -- Found hardware_interface: 2.41.0 (/opt/ros/humble/share/hardware_interface/cmake)
[0.286s] -- Found rosidl_generator_c: 3.1.5 (/opt/ros/humble/share/rosidl_generator_c/cmake)
[0.295s] -- Found rosidl_adapter: 3.1.5 (/opt/ros/humble/share/rosidl_adapter/cmake)
[0.310s] -- Found rosidl_generator_cpp: 3.1.5 (/opt/ros/humble/share/rosidl_generator_cpp/cmake)
[0.335s] -- Using all available rosidl_typesupport_c: rosidl_typesupport_fastrtps_c;rosidl_typesupport_introspection_c
[0.368s] -- Using all available rosidl_typesupport_cpp: rosidl_typesupport_fastrtps_cpp;rosidl_typesupport_introspection_cpp
[1.325s] -- Found rmw_implementation_cmake: 6.1.2 (/opt/ros/humble/share/rmw_implementation_cmake/cmake)
[1.332s] -- Found rmw_fastrtps_cpp: 6.2.6 (/opt/ros/humble/share/rmw_fastrtps_cpp/cmake)
[1.397s] -- Found TinyXML2 via Config file: TinyXML2_DIR-NOTFOUND
[1.467s] -- Found OpenSSL: /usr/lib/x86_64-linux-gnu/libcrypto.so (found version "3.0.2")  
[1.472s] -- Found TinyXML2 via Config file: TinyXML2_DIR-NOTFOUND
[1.491s] -- Found FastRTPS: /opt/ros/humble/include  
[1.506s] -- Found TinyXML2 via Config file: TinyXML2_DIR-NOTFOUND
[1.517s] -- Found TinyXML2 via Config file: TinyXML2_DIR-NOTFOUND
[1.531s] -- Using RMW implementation 'rmw_fastrtps_cpp' as default
[1.552s] -- Looking for pthread.h
[1.652s] -- Looking for pthread.h - found
[1.652s] -- Performing Test CMAKE_HAVE_LIBC_PTHREAD
[1.757s] -- Performing Test CMAKE_HAVE_LIBC_PTHREAD - Success
[1.758s] -- Found Threads: TRUE  
[2.066s] -- Found ament_lint_auto: 0.12.11 (/opt/ros/humble/share/ament_lint_auto/cmake)
[2.163s] -- Found gmock sources under '/opt/ros/humble/src/gmock_vendor': C++ tests using 'Google Mock' will be built
[2.173s] -- Found ament_cmake_gtest: 1.3.9 (/opt/ros/humble/share/ament_cmake_gtest/cmake)
[2.175s] -- Found gtest sources under '/opt/ros/humble/src/gtest_vendor': C++ tests using 'Google Test' will be built
[2.264s] -- Added test 'cppcheck' to perform static code analysis on C / C++ code
[2.265s] -- Configured cppcheck include dirs: /root/data/project_ws/src/hardware_link2/include
[2.265s] -- Configured cppcheck exclude dirs and/or files: 
[2.268s] -- Added test 'lint_cmake' to check CMake code style
[2.278s] -- Added test 'uncrustify' to check C / C++ code style
[2.278s] -- Configured uncrustify additional arguments: 
[2.279s] -- Added test 'xmllint' to check XML markup files
[2.283s] -- Configuring done
[2.394s] -- Generating done
[2.397s] -- Build files have been written to: /root/data/project_ws/src/build/hardware_link2
[2.446s] [ 11%] [32mBuilding CXX object gmock/CMakeFiles/gmock.dir/src/gmock-all.cc.o[0m
[2.449s] [ 22%] [32mBuilding CXX object CMakeFiles/hardware_link2.dir/src/hardware_link2.cpp.o[0m
[2.455s] [ 33%] [32mBuilding CXX object gmock/CMakeFiles/gmock_main.dir/src/gmock_main.cc.o[0m
[2.455s] [ 44%] [32mBuilding CXX object gmock/CMakeFiles/gmock.dir/opt/ros/humble/src/gtest_vendor/src/gtest-all.cc.o[0m
[4.473s] [ 55%] [32m[1mLinking CXX static library libgmock_main.a[0m
[4.516s] [ 55%] Built target gmock_main
[7.210s] [ 66%] [32m[1mLinking CXX static library libgmock.a[0m
[7.317s] [ 66%] Built target gmock
[7.344s] [ 77%] [32mBuilding CXX object CMakeFiles/test_hardware_link2.dir/test/test_hardware_link2.cpp.o[0m
[7.601s] [ 88%] [32m[1mLinking CXX shared library libhardware_link2.so[0m
[7.840s] [ 88%] Built target hardware_link2
[9.425s] [100%] [32m[1mLinking CXX executable test_hardware_link2[0m
[9.749s] [100%] Built target test_hardware_link2
[9.764s] Invoked command in '/root/data/project_ws/src/build/hardware_link2' returned '0': CMAKE_PREFIX_PATH=/opt/ros/humble PS1=\[\e]0;$(parse_ros_workspace)\a\]\[\e[1;32m\]\u\[\[\e[0;37m\]@\[\[\e[0;33m\]\h\[\[\e[1;33m\]${text}\[\[\e[0;37m\]:\[$(set_ros_workspace_color)\]$(parse_ros_workspace)\[\[\e[0;32m\]$(parse_git_bracket)\[$(set_git_color)\]$(get_gitbranch)\[\e[0;32m\]>\[\e[1;35m\]\W\[\[\e[1;35m\]$\[\[\e[0m\]\[\e[m\] /usr/bin/cmake --build /root/data/project_ws/src/build/hardware_link2 -- -j4 -l4
[9.814s] Invoking command in '/root/data/project_ws/src/build/hardware_link2': CMAKE_PREFIX_PATH=/opt/ros/humble PS1=\[\e]0;$(parse_ros_workspace)\a\]\[\e[1;32m\]\u\[\[\e[0;37m\]@\[\[\e[0;33m\]\h\[\[\e[1;33m\]${text}\[\[\e[0;37m\]:\[$(set_ros_workspace_color)\]$(parse_ros_workspace)\[\[\e[0;32m\]$(parse_git_bracket)\[$(set_git_color)\]$(get_gitbranch)\[\e[0;32m\]>\[\e[1;35m\]\W\[\[\e[1;35m\]$\[\[\e[0m\]\[\e[m\] /usr/bin/cmake --install /root/data/project_ws/src/build/hardware_link2
[9.824s] -- Install configuration: ""
[9.824s] -- Installing: /root/data/project_ws/src/install/hardware_link2/share/hardware_link2/hardware_link2.xml
[9.825s] -- Installing: /root/data/project_ws/src/install/hardware_link2/lib/libhardware_link2.so
[9.826s] -- Set runtime path of "/root/data/project_ws/src/install/hardware_link2/lib/libhardware_link2.so" to ""
[9.826s] -- Installing: /root/data/project_ws/src/install/hardware_link2/include
[9.826s] -- Installing: /root/data/project_ws/src/install/hardware_link2/include/hardware_link2
[9.826s] -- Installing: /root/data/project_ws/src/install/hardware_link2/include/hardware_link2/visibility_control.h
[9.826s] -- Installing: /root/data/project_ws/src/install/hardware_link2/include/hardware_link2/hardware_link2.hpp
[9.829s] -- Installing: /root/data/project_ws/src/install/hardware_link2/share/hardware_link2/environment/library_path.sh
[9.830s] -- Installing: /root/data/project_ws/src/install/hardware_link2/share/hardware_link2/environment/library_path.dsv
[9.830s] -- Installing: /root/data/project_ws/src/install/hardware_link2/share/ament_index/resource_index/package_run_dependencies/hardware_link2
[9.830s] -- Up-to-date: /root/data/project_ws/src/install/hardware_link2/share/ament_index/resource_index/parent_prefix_path/hardware_link2
[9.830s] -- Up-to-date: /root/data/project_ws/src/install/hardware_link2/share/hardware_link2/environment/ament_prefix_path.sh
[9.830s] -- Installing: /root/data/project_ws/src/install/hardware_link2/share/hardware_link2/environment/ament_prefix_path.dsv
[9.830s] -- Up-to-date: /root/data/project_ws/src/install/hardware_link2/share/hardware_link2/environment/path.sh
[9.830s] -- Installing: /root/data/project_ws/src/install/hardware_link2/share/hardware_link2/environment/path.dsv
[9.830s] -- Up-to-date: /root/data/project_ws/src/install/hardware_link2/share/hardware_link2/local_setup.bash
[9.830s] -- Installing: /root/data/project_ws/src/install/hardware_link2/share/hardware_link2/local_setup.sh
[9.830s] -- Up-to-date: /root/data/project_ws/src/install/hardware_link2/share/hardware_link2/local_setup.zsh
[9.831s] -- Installing: /root/data/project_ws/src/install/hardware_link2/share/hardware_link2/local_setup.dsv
[9.831s] -- Installing: /root/data/project_ws/src/install/hardware_link2/share/hardware_link2/package.dsv
[9.832s] -- Up-to-date: /root/data/project_ws/src/install/hardware_link2/share/ament_index/resource_index/packages/hardware_link2
[9.832s] -- Installing: /root/data/project_ws/src/install/hardware_link2/share/ament_index/resource_index/hardware_interface__pluginlib__plugin/hardware_link2
[9.832s] -- Installing: /root/data/project_ws/src/install/hardware_link2/share/hardware_link2/cmake/ament_cmake_export_include_directories-extras.cmake
[9.832s] -- Installing: /root/data/project_ws/src/install/hardware_link2/share/hardware_link2/cmake/ament_cmake_export_libraries-extras.cmake
[9.832s] -- Installing: /root/data/project_ws/src/install/hardware_link2/share/hardware_link2/cmake/ament_cmake_export_dependencies-extras.cmake
[9.833s] -- Installing: /root/data/project_ws/src/install/hardware_link2/share/hardware_link2/cmake/hardware_link2Config.cmake
[9.833s] -- Up-to-date: /root/data/project_ws/src/install/hardware_link2/share/hardware_link2/cmake/hardware_link2Config-version.cmake
[9.833s] -- Installing: /root/data/project_ws/src/install/hardware_link2/share/hardware_link2/package.xml
[9.833s] Invoked command in '/root/data/project_ws/src/build/hardware_link2' returned '0': CMAKE_PREFIX_PATH=/opt/ros/humble PS1=\[\e]0;$(parse_ros_workspace)\a\]\[\e[1;32m\]\u\[\[\e[0;37m\]@\[\[\e[0;33m\]\h\[\[\e[1;33m\]${text}\[\[\e[0;37m\]:\[$(set_ros_workspace_color)\]$(parse_ros_workspace)\[\[\e[0;32m\]$(parse_git_bracket)\[$(set_git_color)\]$(get_gitbranch)\[\e[0;32m\]>\[\e[1;35m\]\W\[\[\e[1;35m\]$\[\[\e[0m\]\[\e[m\] /usr/bin/cmake --install /root/data/project_ws/src/build/hardware_link2
