-- The C compiler identification is GNU 11.4.0
-- The CXX compiler identification is GNU 11.4.0
-- Detecting C compiler ABI info
-- Detecting C compiler ABI info - done
-- Check for working C compiler: /usr/bin/cc - skipped
-- Detecting C compile features
-- Detecting C compile features - done
-- Detecting CXX compiler ABI info
-- Detecting CXX compiler ABI info - done
-- Check for working CXX compiler: /usr/bin/c++ - skipped
-- Detecting CXX compile features
-- Detecting CXX compile features - done
-- Found ament_cmake: 1.3.9 (/opt/ros/humble/share/ament_cmake/cmake)
-- Found Python3: /usr/bin/python3 (found version "3.10.12") found components: Interpreter 
-- Found ament_lint_auto: 0.12.11 (/opt/ros/humble/share/ament_lint_auto/cmake)
-- Added test 'lint_cmake' to check CMake code style
-- Added test 'xmllint' to check XML markup files
-- Configuring done
-- Generating done
-- Build files have been written to: /root/data/project_ws/src/build/hardware_link2
-- Install configuration: ""
-- Installing: /root/data/project_ws/src/install/hardware_link2/share/ament_index/resource_index/package_run_dependencies/hardware_link2
-- Installing: /root/data/project_ws/src/install/hardware_link2/share/ament_index/resource_index/parent_prefix_path/hardware_link2
-- Installing: /root/data/project_ws/src/install/hardware_link2/share/hardware_link2/environment/ament_prefix_path.sh
-- Installing: /root/data/project_ws/src/install/hardware_link2/share/hardware_link2/environment/ament_prefix_path.dsv
-- Installing: /root/data/project_ws/src/install/hardware_link2/share/hardware_link2/environment/path.sh
-- Installing: /root/data/project_ws/src/install/hardware_link2/share/hardware_link2/environment/path.dsv
-- Installing: /root/data/project_ws/src/install/hardware_link2/share/hardware_link2/local_setup.bash
-- Installing: /root/data/project_ws/src/install/hardware_link2/share/hardware_link2/local_setup.sh
-- Installing: /root/data/project_ws/src/install/hardware_link2/share/hardware_link2/local_setup.zsh
-- Installing: /root/data/project_ws/src/install/hardware_link2/share/hardware_link2/local_setup.dsv
-- Installing: /root/data/project_ws/src/install/hardware_link2/share/hardware_link2/package.dsv
-- Installing: /root/data/project_ws/src/install/hardware_link2/share/ament_index/resource_index/packages/hardware_link2
-- Installing: /root/data/project_ws/src/install/hardware_link2/share/hardware_link2/cmake/hardware_link2Config.cmake
-- Installing: /root/data/project_ws/src/install/hardware_link2/share/hardware_link2/cmake/hardware_link2Config-version.cmake
-- Installing: /root/data/project_ws/src/install/hardware_link2/share/hardware_link2/package.xml
