[0.016s] Invoking command in '/root/data/project_ws/src/build/hardware_link2': CMAKE_PREFIX_PATH=/opt/ros/humble PS1=\[\e]0;$(parse_ros_workspace)\a\]\[\e[1;32m\]\u\[\[\e[0;37m\]@\[\[\e[0;33m\]\h\[\[\e[1;33m\]${text}\[\[\e[0;37m\]:\[$(set_ros_workspace_color)\]$(parse_ros_workspace)\[\[\e[0;32m\]$(parse_git_bracket)\[$(set_git_color)\]$(get_gitbranch)\[\e[0;32m\]>\[\e[1;35m\]\W\[\[\e[1;35m\]$\[\[\e[0m\]\[\e[m\] /usr/bin/cmake /root/data/project_ws/src/hardware_link2 -DCMAKE_INSTALL_PREFIX=/root/data/project_ws/src/install/hardware_link2
[0.150s] -- The C compiler identification is GNU 11.4.0
[0.252s] -- The CXX compiler identification is GNU 11.4.0
[0.265s] -- Detecting C compiler ABI info
[0.375s] -- Detecting C compiler ABI info - done
[0.383s] -- Check for working C compiler: /usr/bin/cc - skipped
[0.384s] -- Detecting C compile features
[0.386s] -- Detecting C compile features - done
[0.391s] -- Detecting CXX compiler ABI info
[0.510s] -- Detecting CXX compiler ABI info - done
[0.524s] -- Check for working CXX compiler: /usr/bin/c++ - skipped
[0.525s] -- Detecting CXX compile features
[0.526s] -- Detecting CXX compile features - done
[0.542s] -- Found ament_cmake: 1.3.9 (/opt/ros/humble/share/ament_cmake/cmake)
[0.776s] -- Found Python3: /usr/bin/python3 (found version "3.10.12") found components: Interpreter 
[0.929s] -- Found ament_lint_auto: 0.12.11 (/opt/ros/humble/share/ament_lint_auto/cmake)
[1.061s] -- Added test 'lint_cmake' to check CMake code style
[1.068s] -- Added test 'xmllint' to check XML markup files
[1.072s] -- Configuring done
[1.077s] -- Generating done
[1.078s] -- Build files have been written to: /root/data/project_ws/src/build/hardware_link2
[1.087s] Invoked command in '/root/data/project_ws/src/build/hardware_link2' returned '0': CMAKE_PREFIX_PATH=/opt/ros/humble PS1=\[\e]0;$(parse_ros_workspace)\a\]\[\e[1;32m\]\u\[\[\e[0;37m\]@\[\[\e[0;33m\]\h\[\[\e[1;33m\]${text}\[\[\e[0;37m\]:\[$(set_ros_workspace_color)\]$(parse_ros_workspace)\[\[\e[0;32m\]$(parse_git_bracket)\[$(set_git_color)\]$(get_gitbranch)\[\e[0;32m\]>\[\e[1;35m\]\W\[\[\e[1;35m\]$\[\[\e[0m\]\[\e[m\] /usr/bin/cmake /root/data/project_ws/src/hardware_link2 -DCMAKE_INSTALL_PREFIX=/root/data/project_ws/src/install/hardware_link2
[1.088s] Invoking command in '/root/data/project_ws/src/build/hardware_link2': CMAKE_PREFIX_PATH=/opt/ros/humble PS1=\[\e]0;$(parse_ros_workspace)\a\]\[\e[1;32m\]\u\[\[\e[0;37m\]@\[\[\e[0;33m\]\h\[\[\e[1;33m\]${text}\[\[\e[0;37m\]:\[$(set_ros_workspace_color)\]$(parse_ros_workspace)\[\[\e[0;32m\]$(parse_git_bracket)\[$(set_git_color)\]$(get_gitbranch)\[\e[0;32m\]>\[\e[1;35m\]\W\[\[\e[1;35m\]$\[\[\e[0m\]\[\e[m\] /usr/bin/cmake --build /root/data/project_ws/src/build/hardware_link2 -- -j4 -l4
[1.144s] Invoked command in '/root/data/project_ws/src/build/hardware_link2' returned '0': CMAKE_PREFIX_PATH=/opt/ros/humble PS1=\[\e]0;$(parse_ros_workspace)\a\]\[\e[1;32m\]\u\[\[\e[0;37m\]@\[\[\e[0;33m\]\h\[\[\e[1;33m\]${text}\[\[\e[0;37m\]:\[$(set_ros_workspace_color)\]$(parse_ros_workspace)\[\[\e[0;32m\]$(parse_git_bracket)\[$(set_git_color)\]$(get_gitbranch)\[\e[0;32m\]>\[\e[1;35m\]\W\[\[\e[1;35m\]$\[\[\e[0m\]\[\e[m\] /usr/bin/cmake --build /root/data/project_ws/src/build/hardware_link2 -- -j4 -l4
[1.195s] Invoking command in '/root/data/project_ws/src/build/hardware_link2': CMAKE_PREFIX_PATH=/opt/ros/humble PS1=\[\e]0;$(parse_ros_workspace)\a\]\[\e[1;32m\]\u\[\[\e[0;37m\]@\[\[\e[0;33m\]\h\[\[\e[1;33m\]${text}\[\[\e[0;37m\]:\[$(set_ros_workspace_color)\]$(parse_ros_workspace)\[\[\e[0;32m\]$(parse_git_bracket)\[$(set_git_color)\]$(get_gitbranch)\[\e[0;32m\]>\[\e[1;35m\]\W\[\[\e[1;35m\]$\[\[\e[0m\]\[\e[m\] /usr/bin/cmake --install /root/data/project_ws/src/build/hardware_link2
[1.204s] -- Install configuration: ""
[1.205s] -- Installing: /root/data/project_ws/src/install/hardware_link2/share/ament_index/resource_index/package_run_dependencies/hardware_link2
[1.208s] -- Installing: /root/data/project_ws/src/install/hardware_link2/share/ament_index/resource_index/parent_prefix_path/hardware_link2
[1.210s] -- Installing: /root/data/project_ws/src/install/hardware_link2/share/hardware_link2/environment/ament_prefix_path.sh
[1.210s] -- Installing: /root/data/project_ws/src/install/hardware_link2/share/hardware_link2/environment/ament_prefix_path.dsv
[1.210s] -- Installing: /root/data/project_ws/src/install/hardware_link2/share/hardware_link2/environment/path.sh
[1.210s] -- Installing: /root/data/project_ws/src/install/hardware_link2/share/hardware_link2/environment/path.dsv
[1.210s] -- Installing: /root/data/project_ws/src/install/hardware_link2/share/hardware_link2/local_setup.bash
[1.211s] -- Installing: /root/data/project_ws/src/install/hardware_link2/share/hardware_link2/local_setup.sh
[1.211s] -- Installing: /root/data/project_ws/src/install/hardware_link2/share/hardware_link2/local_setup.zsh
[1.211s] -- Installing: /root/data/project_ws/src/install/hardware_link2/share/hardware_link2/local_setup.dsv
[1.211s] -- Installing: /root/data/project_ws/src/install/hardware_link2/share/hardware_link2/package.dsv
[1.211s] -- Installing: /root/data/project_ws/src/install/hardware_link2/share/ament_index/resource_index/packages/hardware_link2
[1.212s] -- Installing: /root/data/project_ws/src/install/hardware_link2/share/hardware_link2/cmake/hardware_link2Config.cmake
[1.212s] -- Installing: /root/data/project_ws/src/install/hardware_link2/share/hardware_link2/cmake/hardware_link2Config-version.cmake
[1.212s] -- Installing: /root/data/project_ws/src/install/hardware_link2/share/hardware_link2/package.xml
[1.214s] Invoked command in '/root/data/project_ws/src/build/hardware_link2' returned '0': CMAKE_PREFIX_PATH=/opt/ros/humble PS1=\[\e]0;$(parse_ros_workspace)\a\]\[\e[1;32m\]\u\[\[\e[0;37m\]@\[\[\e[0;33m\]\h\[\[\e[1;33m\]${text}\[\[\e[0;37m\]:\[$(set_ros_workspace_color)\]$(parse_ros_workspace)\[\[\e[0;32m\]$(parse_git_bracket)\[$(set_git_color)\]$(get_gitbranch)\[\e[0;32m\]>\[\e[1;35m\]\W\[\[\e[1;35m\]$\[\[\e[0m\]\[\e[m\] /usr/bin/cmake --install /root/data/project_ws/src/build/hardware_link2
