In file included from [01m[K/opt/ros/humble/include/rclcpp/rclcpp/logging.hpp:24[m[K,
                 from [01m[K/opt/ros/humble/include/rclcpp/rclcpp/client.hpp:40[m[K,
                 from [01m[K/opt/ros/humble/include/rclcpp/rclcpp/callback_group.hpp:24[m[K,
                 from [01m[K/opt/ros/humble/include/rclcpp/rclcpp/any_executable.hpp:20[m[K,
                 from [01m[K/opt/ros/humble/include/rclcpp/rclcpp/memory_strategy.hpp:25[m[K,
                 from [01m[K/opt/ros/humble/include/rclcpp/rclcpp/memory_strategies.hpp:18[m[K,
                 from [01m[K/opt/ros/humble/include/rclcpp/rclcpp/executor_options.hpp:20[m[K,
                 from [01m[K/opt/ros/humble/include/rclcpp/rclcpp/executor.hpp:37[m[K,
                 from [01m[K/opt/ros/humble/include/rclcpp/rclcpp/executors/multi_threaded_executor.hpp:25[m[K,
                 from [01m[K/opt/ros/humble/include/rclcpp/rclcpp/executors.hpp:21[m[K,
                 from [01m[K/opt/ros/humble/include/rclcpp/rclcpp/rclcpp.hpp:155[m[K,
                 from [01m[K/root/data/project_ws/src/hardware_link2/src/hardware_link2.cpp:21[m[K:
[01m[K/root/data/project_ws/src/hardware_link2/src/hardware_link2.cpp:[m[K In member function ‘[01m[Kvirtual std::vector<hardware_interface::StateInterface> hardware_link2::HardwareLinkInterface::export_state_interfaces()[m[K’:
[01m[K/root/data/project_ws/src/hardware_link2/src/hardware_link2.cpp:58:64:[m[K [01;35m[Kwarning: [m[Ktoo many arguments for format [[01;35m[K]8;;https://gcc.gnu.org/onlinedocs/gcc/Warning-Options.html#index-Wformat-extra-args-Wformat-extra-args]8;;[m[K]
   58 |    RCLCPP_INFO(rclcpp::get_logger("DiffBotSystemHardware"), [01;35m[K"Export state..."[m[K, info_.joints[i].name);
      |                                                             [01;35m[K^~~~~~~~~~~~~~~~~[m[K

[01m[K/root/data/project_ws/src/hardware_link2/src/hardware_link2.cpp:[m[K In member function ‘[01m[Kvirtual std::vector<hardware_interface::CommandInterface> hardware_link2::HardwareLinkInterface::export_command_interfaces()[m[K’:
[01m[K/root/data/project_ws/src/hardware_link2/src/hardware_link2.cpp:72:64:[m[K [01;35m[Kwarning: [m[Ktoo many arguments for format [[01;35m[K]8;;https://gcc.gnu.org/onlinedocs/gcc/Warning-Options.html#index-Wformat-extra-args-Wformat-extra-args]8;;[m[K]
   72 |    RCLCPP_INFO(rclcpp::get_logger("DiffBotSystemHardware"), [01;35m[K"Export command..."[m[K, info_.joints[i].name);
      |                                                             [01;35m[K^~~~~~~~~~~~~~~~~~~[m[K

