[0.049s] Invoking command in '/root/data/project_ws/build/ros_gz_example_bringup': AMENT_PREFIX_PATH=/root/data/project_ws/install/ros_gz_example_gazebo:/root/data/project_ws/install/ros_gz_example_description:${AMENT_PREFIX_PATH} CMAKE_PREFIX_PATH=/root/data/project_ws/install/ros_gz_example_gazebo:/root/data/project_ws/install/ros_gz_example_description:/opt/ros/humble IGN_GAZEBO_PLUGIN_PATH=/root/data/project_ws/install/ros_gz_example_gazebo/lib/ros_gz_example_gazebo IGN_GAZEBO_RESOURCE_PATH=/root/data/project_ws/install/ros_gz_example_gazebo/share/ros_gz_example_gazebo/worlds:/root/data/project_ws/install/ros_gz_example_description/share/ros_gz_example_description/models /usr/bin/cmake --build /root/data/project_ws/build/ros_gz_example_bringup -- -j4 -l4
[0.170s] Invoked command in '/root/data/project_ws/build/ros_gz_example_bringup' returned '0': AMENT_PREFIX_PATH=/root/data/project_ws/install/ros_gz_example_gazebo:/root/data/project_ws/install/ros_gz_example_description:${AMENT_PREFIX_PATH} CMAKE_PREFIX_PATH=/root/data/project_ws/install/ros_gz_example_gazebo:/root/data/project_ws/install/ros_gz_example_description:/opt/ros/humble IGN_GAZEBO_PLUGIN_PATH=/root/data/project_ws/install/ros_gz_example_gazebo/lib/ros_gz_example_gazebo IGN_GAZEBO_RESOURCE_PATH=/root/data/project_ws/install/ros_gz_example_gazebo/share/ros_gz_example_gazebo/worlds:/root/data/project_ws/install/ros_gz_example_description/share/ros_gz_example_description/models /usr/bin/cmake --build /root/data/project_ws/build/ros_gz_example_bringup -- -j4 -l4
[0.262s] Invoking command in '/root/data/project_ws/build/ros_gz_example_bringup': AMENT_PREFIX_PATH=/root/data/project_ws/install/ros_gz_example_gazebo:/root/data/project_ws/install/ros_gz_example_description:${AMENT_PREFIX_PATH} CMAKE_PREFIX_PATH=/root/data/project_ws/install/ros_gz_example_gazebo:/root/data/project_ws/install/ros_gz_example_description:/opt/ros/humble IGN_GAZEBO_PLUGIN_PATH=/root/data/project_ws/install/ros_gz_example_gazebo/lib/ros_gz_example_gazebo IGN_GAZEBO_RESOURCE_PATH=/root/data/project_ws/install/ros_gz_example_gazebo/share/ros_gz_example_gazebo/worlds:/root/data/project_ws/install/ros_gz_example_description/share/ros_gz_example_description/models /usr/bin/cmake --install /root/data/project_ws/build/ros_gz_example_bringup
[0.279s] -- Install configuration: ""
[0.280s] -- Up-to-date: /root/data/project_ws/install/ros_gz_example_bringup/share/ros_gz_example_bringup/launch
[0.280s] -- Up-to-date: /root/data/project_ws/install/ros_gz_example_bringup/share/ros_gz_example_bringup/launch/rrbot_setup.launch.py
[0.280s] -- Up-to-date: /root/data/project_ws/install/ros_gz_example_bringup/share/ros_gz_example_bringup/launch/diff_drive.launch.py
[0.280s] -- Up-to-date: /root/data/project_ws/install/ros_gz_example_bringup/share/ros_gz_example_bringup/config
[0.280s] -- Up-to-date: /root/data/project_ws/install/ros_gz_example_bringup/share/ros_gz_example_bringup/config/diff_drive_old.rviz
[0.280s] -- Up-to-date: /root/data/project_ws/install/ros_gz_example_bringup/share/ros_gz_example_bringup/config/diff_drive.rviz
[0.280s] -- Up-to-date: /root/data/project_ws/install/ros_gz_example_bringup/share/ros_gz_example_bringup/config/joy-params.yaml
[0.280s] -- Up-to-date: /root/data/project_ws/install/ros_gz_example_bringup/share/ros_gz_example_bringup/config/my_map2.pgm
[0.280s] -- Up-to-date: /root/data/project_ws/install/ros_gz_example_bringup/share/ros_gz_example_bringup/config/diff_drive_controller_velocity.yaml
[0.280s] -- Up-to-date: /root/data/project_ws/install/ros_gz_example_bringup/share/ros_gz_example_bringup/config/ros_gz_example_bridge.yaml
[0.280s] -- Up-to-date: /root/data/project_ws/install/ros_gz_example_bringup/share/ros_gz_example_bringup/config/nav2_params.yaml
[0.281s] -- Up-to-date: /root/data/project_ws/install/ros_gz_example_bringup/share/ros_gz_example_bringup/config/ps3.config.yaml
[0.281s] -- Up-to-date: /root/data/project_ws/install/ros_gz_example_bringup/share/ros_gz_example_bringup/config/mapper_params_online_async.yaml
[0.281s] -- Up-to-date: /root/data/project_ws/install/ros_gz_example_bringup/share/ros_gz_example_bringup/config/rrbot.rviz
[0.281s] -- Up-to-date: /root/data/project_ws/install/ros_gz_example_bringup/share/ros_gz_example_bringup/config/my_map2.yaml
[0.281s] -- Up-to-date: /root/data/project_ws/install/ros_gz_example_bringup/share/ament_index/resource_index/package_run_dependencies/ros_gz_example_bringup
[0.281s] -- Up-to-date: /root/data/project_ws/install/ros_gz_example_bringup/share/ament_index/resource_index/parent_prefix_path/ros_gz_example_bringup
[0.281s] -- Up-to-date: /root/data/project_ws/install/ros_gz_example_bringup/share/ros_gz_example_bringup/environment/ament_prefix_path.sh
[0.281s] -- Up-to-date: /root/data/project_ws/install/ros_gz_example_bringup/share/ros_gz_example_bringup/environment/ament_prefix_path.dsv
[0.281s] -- Up-to-date: /root/data/project_ws/install/ros_gz_example_bringup/share/ros_gz_example_bringup/environment/path.sh
[0.281s] -- Up-to-date: /root/data/project_ws/install/ros_gz_example_bringup/share/ros_gz_example_bringup/environment/path.dsv
[0.281s] -- Up-to-date: /root/data/project_ws/install/ros_gz_example_bringup/share/ros_gz_example_bringup/local_setup.bash
[0.281s] -- Up-to-date: /root/data/project_ws/install/ros_gz_example_bringup/share/ros_gz_example_bringup/local_setup.sh
[0.282s] -- Up-to-date: /root/data/project_ws/install/ros_gz_example_bringup/share/ros_gz_example_bringup/local_setup.zsh
[0.282s] -- Up-to-date: /root/data/project_ws/install/ros_gz_example_bringup/share/ros_gz_example_bringup/local_setup.dsv
[0.282s] -- Installing: /root/data/project_ws/install/ros_gz_example_bringup/share/ros_gz_example_bringup/package.dsv
[0.282s] -- Up-to-date: /root/data/project_ws/install/ros_gz_example_bringup/share/ament_index/resource_index/packages/ros_gz_example_bringup
[0.282s] -- Up-to-date: /root/data/project_ws/install/ros_gz_example_bringup/share/ros_gz_example_bringup/cmake/ros_gz_example_bringupConfig.cmake
[0.282s] -- Up-to-date: /root/data/project_ws/install/ros_gz_example_bringup/share/ros_gz_example_bringup/cmake/ros_gz_example_bringupConfig-version.cmake
[0.282s] -- Up-to-date: /root/data/project_ws/install/ros_gz_example_bringup/share/ros_gz_example_bringup/package.xml
[0.299s] Invoked command in '/root/data/project_ws/build/ros_gz_example_bringup' returned '0': AMENT_PREFIX_PATH=/root/data/project_ws/install/ros_gz_example_gazebo:/root/data/project_ws/install/ros_gz_example_description:${AMENT_PREFIX_PATH} CMAKE_PREFIX_PATH=/root/data/project_ws/install/ros_gz_example_gazebo:/root/data/project_ws/install/ros_gz_example_description:/opt/ros/humble IGN_GAZEBO_PLUGIN_PATH=/root/data/project_ws/install/ros_gz_example_gazebo/lib/ros_gz_example_gazebo IGN_GAZEBO_RESOURCE_PATH=/root/data/project_ws/install/ros_gz_example_gazebo/share/ros_gz_example_gazebo/worlds:/root/data/project_ws/install/ros_gz_example_description/share/ros_gz_example_description/models /usr/bin/cmake --install /root/data/project_ws/build/ros_gz_example_bringup
