[1.122s] Invoking command in '/root/data/project_ws/src/my_package': PYTHONPATH=/root/data/project_ws/build/my_package/prefix_override:/usr/local/lib/python3.10/dist-packages/colcon_core/task/python/colcon_distutils_commands:/root/data/project_ws/install/my_package/lib/python3.10/site-packages:${PYTHONPATH} /usr/bin/python3 -W ignore:setup.py install is deprecated setup.py egg_info --egg-base ../../build/my_package build --build-base /root/data/project_ws/build/my_package/build install --record /root/data/project_ws/build/my_package/install.log --single-version-externally-managed install_data
[1.430s] running egg_info
[1.431s] creating ../../build/my_package/my_package.egg-info
[1.432s] writing ../../build/my_package/my_package.egg-info/PKG-INFO
[1.433s] writing dependency_links to ../../build/my_package/my_package.egg-info/dependency_links.txt
[1.434s] writing entry points to ../../build/my_package/my_package.egg-info/entry_points.txt
[1.435s] writing requirements to ../../build/my_package/my_package.egg-info/requires.txt
[1.436s] writing top-level names to ../../build/my_package/my_package.egg-info/top_level.txt
[1.437s] writing manifest file '../../build/my_package/my_package.egg-info/SOURCES.txt'
[1.440s] reading manifest file '../../build/my_package/my_package.egg-info/SOURCES.txt'
[1.440s] adding license file 'LICENSE'
[1.440s] writing manifest file '../../build/my_package/my_package.egg-info/SOURCES.txt'
[1.440s] running build
[1.440s] running build_py
[1.441s] creating /root/data/project_ws/build/my_package/build
[1.441s] creating /root/data/project_ws/build/my_package/build/lib
[1.441s] creating /root/data/project_ws/build/my_package/build/lib/my_package
[1.441s] copying my_package/my_node.py -> /root/data/project_ws/build/my_package/build/lib/my_package
[1.441s] copying my_package/__init__.py -> /root/data/project_ws/build/my_package/build/lib/my_package
[1.442s] running install
[1.442s] running install_lib
[1.443s] creating /root/data/project_ws/install/my_package/lib/python3.10/site-packages/my_package
[1.443s] copying /root/data/project_ws/build/my_package/build/lib/my_package/my_node.py -> /root/data/project_ws/install/my_package/lib/python3.10/site-packages/my_package
[1.444s] copying /root/data/project_ws/build/my_package/build/lib/my_package/__init__.py -> /root/data/project_ws/install/my_package/lib/python3.10/site-packages/my_package
[1.444s] byte-compiling /root/data/project_ws/install/my_package/lib/python3.10/site-packages/my_package/my_node.py to my_node.cpython-310.pyc
[1.445s] byte-compiling /root/data/project_ws/install/my_package/lib/python3.10/site-packages/my_package/__init__.py to __init__.cpython-310.pyc
[1.446s] running install_data
[1.446s] creating /root/data/project_ws/install/my_package/share/ament_index
[1.446s] creating /root/data/project_ws/install/my_package/share/ament_index/resource_index
[1.446s] creating /root/data/project_ws/install/my_package/share/ament_index/resource_index/packages
[1.446s] copying resource/my_package -> /root/data/project_ws/install/my_package/share/ament_index/resource_index/packages
[1.446s] copying package.xml -> /root/data/project_ws/install/my_package/share/my_package
[1.446s] running install_egg_info
[1.448s] Copying ../../build/my_package/my_package.egg-info to /root/data/project_ws/install/my_package/lib/python3.10/site-packages/my_package-0.0.0-py3.10.egg-info
[1.450s] running install_scripts
[1.480s] Installing my_node script to /root/data/project_ws/install/my_package/lib/my_package
[1.481s] writing list of installed files to '/root/data/project_ws/build/my_package/install.log'
[1.544s] Invoked command in '/root/data/project_ws/src/my_package' returned '0': PYTHONPATH=/root/data/project_ws/build/my_package/prefix_override:/usr/local/lib/python3.10/dist-packages/colcon_core/task/python/colcon_distutils_commands:/root/data/project_ws/install/my_package/lib/python3.10/site-packages:${PYTHONPATH} /usr/bin/python3 -W ignore:setup.py install is deprecated setup.py egg_info --egg-base ../../build/my_package build --build-base /root/data/project_ws/build/my_package/build install --record /root/data/project_ws/build/my_package/install.log --single-version-externally-managed install_data
