[0.033s] Invoking command in '/root/data/project_ws/build/hardware_link2': CMAKE_PREFIX_PATH=/opt/ros/humble /usr/bin/cmake --build /root/data/project_ws/build/hardware_link2 -- -j4 -l4
[0.381s] [35m[1mConsolidate compiler generated dependencies of target hardware_link2[0m
[0.381s] [ 22%] Built target gmock_main
[0.381s] [ 55%] Built target gmock
[0.381s] [ 77%] Built target hardware_link2
[0.381s] [100%] Built target test_hardware_link2
[0.388s] Invoked command in '/root/data/project_ws/build/hardware_link2' returned '0': CMAKE_PREFIX_PATH=/opt/ros/humble /usr/bin/cmake --build /root/data/project_ws/build/hardware_link2 -- -j4 -l4
[0.478s] Invoking command in '/root/data/project_ws/build/hardware_link2': CMAKE_PREFIX_PATH=/opt/ros/humble /usr/bin/cmake --install /root/data/project_ws/build/hardware_link2
[0.491s] -- Install configuration: ""
[0.491s] -- Up-to-date: /root/data/project_ws/install/hardware_link2/share/hardware_link2/hardware_link2.xml
[0.491s] -- Up-to-date: /root/data/project_ws/install/hardware_link2/lib/libhardware_link2.so
[0.492s] -- Up-to-date: /root/data/project_ws/install/hardware_link2/include
[0.492s] -- Up-to-date: /root/data/project_ws/install/hardware_link2/include/hardware_link2
[0.492s] -- Up-to-date: /root/data/project_ws/install/hardware_link2/include/hardware_link2/visibility_control.h
[0.492s] -- Up-to-date: /root/data/project_ws/install/hardware_link2/include/hardware_link2/hardware_link2.hpp
[0.492s] -- Up-to-date: /root/data/project_ws/install/hardware_link2/share/hardware_link2/environment/library_path.sh
[0.492s] -- Up-to-date: /root/data/project_ws/install/hardware_link2/share/hardware_link2/environment/library_path.dsv
[0.493s] -- Up-to-date: /root/data/project_ws/install/hardware_link2/share/ament_index/resource_index/package_run_dependencies/hardware_link2
[0.493s] -- Up-to-date: /root/data/project_ws/install/hardware_link2/share/ament_index/resource_index/parent_prefix_path/hardware_link2
[0.493s] -- Up-to-date: /root/data/project_ws/install/hardware_link2/share/hardware_link2/environment/ament_prefix_path.sh
[0.493s] -- Up-to-date: /root/data/project_ws/install/hardware_link2/share/hardware_link2/environment/ament_prefix_path.dsv
[0.493s] -- Up-to-date: /root/data/project_ws/install/hardware_link2/share/hardware_link2/environment/path.sh
[0.493s] -- Up-to-date: /root/data/project_ws/install/hardware_link2/share/hardware_link2/environment/path.dsv
[0.493s] -- Up-to-date: /root/data/project_ws/install/hardware_link2/share/hardware_link2/local_setup.bash
[0.493s] -- Up-to-date: /root/data/project_ws/install/hardware_link2/share/hardware_link2/local_setup.sh
[0.494s] -- Up-to-date: /root/data/project_ws/install/hardware_link2/share/hardware_link2/local_setup.zsh
[0.495s] -- Up-to-date: /root/data/project_ws/install/hardware_link2/share/hardware_link2/local_setup.dsv
[0.495s] -- Installing: /root/data/project_ws/install/hardware_link2/share/hardware_link2/package.dsv
[0.497s] -- Up-to-date: /root/data/project_ws/install/hardware_link2/share/ament_index/resource_index/packages/hardware_link2
[0.498s] -- Up-to-date: /root/data/project_ws/install/hardware_link2/share/ament_index/resource_index/hardware_interface__pluginlib__plugin/hardware_link2
[0.498s] -- Up-to-date: /root/data/project_ws/install/hardware_link2/share/hardware_link2/cmake/ament_cmake_export_include_directories-extras.cmake
[0.506s] -- Up-to-date: /root/data/project_ws/install/hardware_link2/share/hardware_link2/cmake/ament_cmake_export_libraries-extras.cmake
[0.506s] -- Up-to-date: /root/data/project_ws/install/hardware_link2/share/hardware_link2/cmake/ament_cmake_export_dependencies-extras.cmake
[0.506s] -- Up-to-date: /root/data/project_ws/install/hardware_link2/share/hardware_link2/cmake/hardware_link2Config.cmake
[0.506s] -- Up-to-date: /root/data/project_ws/install/hardware_link2/share/hardware_link2/cmake/hardware_link2Config-version.cmake
[0.507s] -- Up-to-date: /root/data/project_ws/install/hardware_link2/share/hardware_link2/package.xml
[0.508s] Invoked command in '/root/data/project_ws/build/hardware_link2' returned '0': CMAKE_PREFIX_PATH=/opt/ros/humble /usr/bin/cmake --install /root/data/project_ws/build/hardware_link2
