[1.241s] Invoking command in '/root/data/project_ws/src/my_package': PYTHONPATH=/root/data/project_ws/build/my_package/prefix_override:/usr/local/lib/python3.10/dist-packages/colcon_core/task/python/colcon_distutils_commands:/root/data/project_ws/install/my_package/lib/python3.10/site-packages:${PYTHONPATH} /usr/bin/python3 -W ignore:setup.py install is deprecated setup.py egg_info --egg-base ../../build/my_package build --build-base /root/data/project_ws/build/my_package/build install --record /root/data/project_ws/build/my_package/install.log --single-version-externally-managed install_data
[1.644s] running egg_info
[1.646s] writing ../../build/my_package/my_package.egg-info/PKG-INFO
[1.648s] writing dependency_links to ../../build/my_package/my_package.egg-info/dependency_links.txt
[1.650s] writing entry points to ../../build/my_package/my_package.egg-info/entry_points.txt
[1.651s] writing requirements to ../../build/my_package/my_package.egg-info/requires.txt
[1.652s] writing top-level names to ../../build/my_package/my_package.egg-info/top_level.txt
[1.656s] reading manifest file '../../build/my_package/my_package.egg-info/SOURCES.txt'
[1.657s] adding license file 'LICENSE'
[1.659s] writing manifest file '../../build/my_package/my_package.egg-info/SOURCES.txt'
[1.659s] running build
[1.660s] running build_py
[1.661s] running install
[1.662s] running install_lib
[1.664s] running install_data
[1.665s] running install_egg_info
[1.669s] removing '/root/data/project_ws/install/my_package/lib/python3.10/site-packages/my_package-0.0.0-py3.10.egg-info' (and everything under it)
[1.676s] Copying ../../build/my_package/my_package.egg-info to /root/data/project_ws/install/my_package/lib/python3.10/site-packages/my_package-0.0.0-py3.10.egg-info
[1.683s] running install_scripts
[1.716s] Installing my_node script to /root/data/project_ws/install/my_package/lib/my_package
[1.717s] writing list of installed files to '/root/data/project_ws/build/my_package/install.log'
[1.775s] Invoked command in '/root/data/project_ws/src/my_package' returned '0': PYTHONPATH=/root/data/project_ws/build/my_package/prefix_override:/usr/local/lib/python3.10/dist-packages/colcon_core/task/python/colcon_distutils_commands:/root/data/project_ws/install/my_package/lib/python3.10/site-packages:${PYTHONPATH} /usr/bin/python3 -W ignore:setup.py install is deprecated setup.py egg_info --egg-base ../../build/my_package build --build-base /root/data/project_ws/build/my_package/build install --record /root/data/project_ws/build/my_package/install.log --single-version-externally-managed install_data
