[0.008s] Invoking command in '/root/data/project_ws/build/ros_gz_example_gazebo': AMENT_PREFIX_PATH=/root/data/project_ws/install/ros_gz_example_description:${AMENT_PREFIX_PATH} CMAKE_PREFIX_PATH=/root/data/project_ws/install/ros_gz_example_description:/opt/ros/humble IGN_GAZEBO_RESOURCE_PATH=/root/data/project_ws/install/ros_gz_example_description/share/ros_gz_example_description/models /usr/bin/cmake /root/data/project_ws/src/ros_gz_example_gazebo -DBUILD_TESTING=ON -DCMAKE_INSTALL_PREFIX=/root/data/project_ws/install/ros_gz_example_gazebo
[0.083s] -- The C compiler identification is GNU 11.4.0
[0.159s] -- The CXX compiler identification is GNU 11.4.0
[0.169s] -- Detecting C compiler ABI info
[0.260s] -- Detecting C compiler ABI info - done
[0.270s] -- Check for working C compiler: /usr/bin/cc - skipped
[0.270s] -- Detecting C compile features
[0.272s] -- Detecting C compile features - done
[0.276s] -- Detecting CXX compiler ABI info
[0.384s] -- Detecting CXX compiler ABI info - done
[0.393s] -- Check for working CXX compiler: /usr/bin/c++ - skipped
[0.394s] -- Detecting CXX compile features
[0.394s] -- Detecting CXX compile features - done
[0.399s] -- Found ament_cmake: 1.3.10 (/opt/ros/humble/share/ament_cmake/cmake)
[0.604s] -- Found Python3: /usr/bin/python3 (found version "3.10.12") found components: Interpreter 
[0.729s] -- Found ros_gz_example_description: 0.0.0 (/root/data/project_ws/install/ros_gz_example_description/share/ros_gz_example_description/cmake)
[0.744s] -- Looking for ignition-plugin1 -- found version 1.4.0
[0.744s] -- Searching for dependencies of ignition-plugin1
[0.745s] -- Searching for <ignition-plugin1> component [register]
[0.749s] -- Looking for ignition-plugin1-register -- found version 1.4.0
[0.750s] -- Searching for dependencies of ignition-plugin1-register
[0.755s] -- Looking for ignition-common4 -- found version 4.7.0
[0.755s] -- Searching for dependencies of ignition-common4
[0.756s] -- Looking for dlfcn.h - found
[0.765s] -- Looking for libdl - found
[0.767s] -- Found DL: TRUE  
[0.773s] -- Checking for module 'uuid'
[0.788s] --   Found uuid, version 2.37.2
[0.831s] -- Found UUID: TRUE  
[0.833s] -- Searching for <ignition-common4> component [profiler]
[0.837s] -- Looking for ignition-common4-profiler -- found version 4.7.0
[0.838s] -- Searching for dependencies of ignition-common4-profiler
[0.845s] -- Looking for ignition-gazebo6 -- found version 6.16.0
[0.846s] -- Searching for dependencies of ignition-gazebo6
[0.850s] -- Looking for sdformat12 -- found version 12.8.0
[0.850s] -- Searching for dependencies of sdformat12
[0.857s] -- Checking for module 'tinyxml2'
[0.871s] --   Found tinyxml2, version 9.0.0
[0.914s] -- Looking for ignition-math6 -- found version 6.15.1
[0.915s] -- Searching for dependencies of ignition-math6
[0.920s] -- Looking for ignition-utils1 -- found version 1.5.1
[0.921s] -- Searching for dependencies of ignition-utils1
[0.923s] -- Looking for ignition-plugin1 -- found version 1.4.0
[0.924s] -- Searching for dependencies of ignition-plugin1
[0.924s] -- Searching for <ignition-plugin1> component [loader]
[0.928s] -- Looking for ignition-plugin1-loader -- found version 1.4.0
[0.928s] -- Searching for dependencies of ignition-plugin1-loader
[0.929s] -- Searching for <ignition-plugin1> component [register]
[0.934s] -- Looking for ignition-transport11 -- found version 11.4.1
[0.934s] -- Searching for dependencies of ignition-transport11
[1.165s] -- Found Protobuf: /usr/lib/x86_64-linux-gnu/libprotobuf.so (found version "3.12.4") 
[1.199s] -- Config-file not installed for ZeroMQ -- checking for pkg-config
[1.212s] -- Checking for module 'libzmq >= 4'
[1.237s] --   Found libzmq , version 4.3.4
[1.292s] -- Found ZeroMQ: TRUE (Required is at least version "4") 
[1.309s] -- Looking for ignition-utils1 -- found version 1.5.1
[1.310s] -- Searching for dependencies of ignition-utils1
[1.310s] -- Searching for <ignition-utils1> component [cli]
[1.314s] -- Looking for ignition-utils1-cli -- found version 1.5.1
[1.317s] -- Searching for dependencies of ignition-utils1-cli
[1.322s] -- Looking for ignition-msgs8 -- found version 8.7.0
[1.323s] -- Searching for dependencies of ignition-msgs8
[1.355s] -- Found Protobuf: /usr/lib/x86_64-linux-gnu/libprotobuf.so (found suitable version "3.12.4", minimum required is "3") 
[1.358s] -- Looking for ignition-math6 -- found version 6.15.1
[1.370s] -- Searching for <ignition-transport11> component [log]
[1.374s] -- Looking for ignition-transport11-log -- found version 11.4.1
[1.375s] -- Searching for dependencies of ignition-transport11-log
[1.379s] -- Searching for <ignition-transport11> component [parameters]
[1.387s] -- Looking for ignition-transport11-parameters -- found version 11.4.1
[1.390s] -- Searching for dependencies of ignition-transport11-parameters
[1.393s] -- Looking for ignition-msgs8 -- found version 8.7.0
[1.395s] -- Looking for ignition-common4 -- found version 4.7.0
[1.395s] -- Searching for dependencies of ignition-common4
[1.397s] -- Looking for dlfcn.h - found
[1.397s] -- Looking for libdl - found
[1.414s] -- Searching for <ignition-common4> component [profiler]
[1.414s] -- Searching for <ignition-common4> component [events]
[1.418s] -- Looking for ignition-common4-events -- found version 4.7.0
[1.418s] -- Searching for dependencies of ignition-common4-events
[1.419s] -- Looking for ignition-math6 -- found version 6.15.1
[1.423s] -- Searching for <ignition-common4> component [av]
[1.429s] -- Looking for ignition-common4-av -- found version 4.7.0
[1.431s] -- Searching for dependencies of ignition-common4-av
[1.439s] -- Checking for module 'libswscale'
[1.459s] --   Found libswscale, version 5.9.100
[1.512s] -- Found SWSCALE: TRUE  
[1.520s] -- Checking for module 'libavdevice >= 56.4.100'
[1.539s] --   Found libavdevice , version 58.13.100
[1.586s] -- Found AVDEVICE: TRUE (Required is at least version "56.4.100") 
[1.597s] -- Checking for module 'libavformat'
[1.626s] --   Found libavformat, version 58.76.100
[1.674s] -- Found AVFORMAT: TRUE  
[1.684s] -- Checking for module 'libavcodec'
[1.719s] --   Found libavcodec, version 58.134.100
[1.770s] -- Found AVCODEC: TRUE  
[1.783s] -- Checking for module 'libavutil'
[1.800s] --   Found libavutil, version 56.70.100
[1.844s] -- Found AVUTIL: TRUE  
[1.855s] -- Looking for ignition-fuel_tools7 -- found version 7.3.1
[1.856s] -- Searching for dependencies of ignition-fuel_tools7
[2.065s] -- Found CURL: /usr/lib/x86_64-linux-gnu/libcurl.so (found version "7.81.0")  
[2.089s] -- Checking for module 'jsoncpp'
[2.117s] --   Found jsoncpp, version 1.9.5
[2.164s] -- Found JSONCPP: TRUE  
[2.177s] -- Checking for module 'libzip'
[2.223s] --   Found libzip, version 1.7.3
[2.327s] -- Found ZIP: TRUE  
[2.327s] -- Looking for ignition-common4 -- found version 4.7.0
[2.328s] -- Looking for ignition-math6 -- found version 6.15.1
[2.328s] -- Looking for ignition-msgs8 -- found version 8.7.0
[2.345s] -- Looking for ignition-gui6 -- found version 6.8.0
[2.345s] -- Searching for dependencies of ignition-gui6
[2.443s] -- Looking for ignition-math6 -- found version 6.15.1
[2.444s] -- Looking for ignition-common4 -- found version 4.7.0
[2.444s] -- Looking for ignition-plugin1 -- found version 1.4.0
[2.450s] -- Looking for ignition-transport11 -- found version 11.4.1
[2.459s] -- Looking for ignition-rendering6 -- found version 6.6.3
[2.459s] -- Searching for dependencies of ignition-rendering6
[2.459s] -- Looking for ignition-math6 -- found version 6.15.1
[2.460s] -- Searching for dependencies of ignition-math6
[2.460s] -- Searching for <ignition-math6> component [eigen3]
[2.473s] -- Looking for ignition-math6-eigen3 -- found version 6.15.1
[2.473s] -- Searching for dependencies of ignition-math6-eigen3
[2.501s] -- Looking for ignition-common4 -- found version 4.7.0
[2.504s] -- Searching for dependencies of ignition-common4
[2.504s] -- Looking for dlfcn.h - found
[2.504s] -- Looking for libdl - found
[2.529s] -- Searching for <ignition-common4> component [graphics]
[2.538s] -- Looking for ignition-common4-graphics -- found version 4.7.0
[2.539s] -- Searching for dependencies of ignition-common4-graphics
[2.539s] -- Looking for ignition-math6 -- found version 6.15.1
[2.541s] -- Looking for ignition-utils1 -- found version 1.5.1
[2.544s] -- Searching for <ignition-common4> component [events]
[2.545s] -- Looking for ignition-plugin1 -- found version 1.4.0
[2.546s] -- Searching for dependencies of ignition-plugin1
[2.546s] -- Searching for <ignition-plugin1> component [all]
[2.551s] -- Looking for all libraries of ignition-plugin1 -- found version 1.4.0
[2.552s] -- Looking for ignition-plugin1 -- found version 1.4.0
[2.564s] -- Looking for ignition-msgs8 -- found version 8.7.0
[2.658s] -- Looking for ignition-physics5 -- found version 5.3.2
[2.659s] -- Searching for dependencies of ignition-physics5
[2.659s] -- Looking for ignition-math6 -- found version 6.15.1
[2.660s] -- Looking for ignition-plugin1 -- found version 1.4.0
[2.663s] -- Looking for ignition-utils1 -- found version 1.5.1
[2.666s] -- Searching for <ignition-physics5> component [heightmap]
[2.676s] -- Looking for ignition-physics5-heightmap -- found version 5.3.2
[2.677s] -- Searching for dependencies of ignition-physics5-heightmap
[2.677s] -- Looking for ignition-common4 -- found version 4.7.0
[2.680s] -- Searching for <ignition-physics5> component [mesh]
[2.691s] -- Looking for ignition-physics5-mesh -- found version 5.3.2
[2.692s] -- Searching for dependencies of ignition-physics5-mesh
[2.693s] -- Looking for ignition-common4 -- found version 4.7.0
[2.693s] -- Searching for <ignition-physics5> component [sdf]
[2.704s] -- Looking for ignition-physics5-sdf -- found version 5.3.2
[2.705s] -- Searching for dependencies of ignition-physics5-sdf
[2.710s] -- Looking for sdformat12 -- found version 12.8.0
[2.720s] -- Looking for ignition-sensors6 -- found version 6.8.0
[2.721s] -- Searching for dependencies of ignition-sensors6
[2.790s] -- Found Protobuf: /usr/lib/x86_64-linux-gnu/libprotobuf.so (found version "3.12.4") 
[2.794s] -- Looking for ignition-math6 -- found version 6.15.1
[2.795s] -- Looking for ignition-common4 -- found version 4.7.0
[2.795s] -- Looking for ignition-transport11 -- found version 11.4.1
[2.799s] -- Looking for ignition-rendering6 -- found version 6.6.3
[2.800s] -- Looking for ignition-msgs8 -- found version 8.7.0
[2.801s] -- Looking for sdformat12 -- found version 12.8.0
[2.805s] -- Searching for <ignition-sensors6> component [air_pressure]
[2.817s] -- Looking for ignition-sensors6-air_pressure -- found version 6.8.0
[2.817s] -- Searching for dependencies of ignition-sensors6-air_pressure
[2.821s] -- Searching for <ignition-sensors6> component [altimeter]
[2.830s] -- Looking for ignition-sensors6-altimeter -- found version 6.8.0
[2.830s] -- Searching for dependencies of ignition-sensors6-altimeter
[2.832s] -- Searching for <ignition-sensors6> component [imu]
[2.844s] -- Looking for ignition-sensors6-imu -- found version 6.8.0
[2.845s] -- Searching for dependencies of ignition-sensors6-imu
[2.850s] -- Searching for <ignition-sensors6> component [force_torque]
[2.861s] -- Looking for ignition-sensors6-force_torque -- found version 6.8.0
[2.861s] -- Searching for dependencies of ignition-sensors6-force_torque
[2.862s] -- Searching for <ignition-sensors6> component [logical_camera]
[2.874s] -- Looking for ignition-sensors6-logical_camera -- found version 6.8.0
[2.875s] -- Searching for dependencies of ignition-sensors6-logical_camera
[2.876s] -- Searching for <ignition-sensors6> component [magnetometer]
[2.887s] -- Looking for ignition-sensors6-magnetometer -- found version 6.8.0
[2.887s] -- Searching for dependencies of ignition-sensors6-magnetometer
[2.890s] -- Searching for <ignition-sensors6> component [navsat]
[2.900s] -- Looking for ignition-sensors6-navsat -- found version 6.8.0
[2.900s] -- Searching for dependencies of ignition-sensors6-navsat
[2.903s] -- Searching for <ignition-sensors6> component [rendering]
[2.909s] -- Looking for ignition-sensors6-rendering -- found version 6.8.0
[2.910s] -- Searching for dependencies of ignition-sensors6-rendering
[2.913s] -- Searching for <ignition-sensors6> component [lidar]
[2.922s] -- Looking for ignition-sensors6-lidar -- found version 6.8.0
[2.922s] -- Searching for dependencies of ignition-sensors6-lidar
[2.923s] -- Looking for ignition-sensors6 -- found version 6.8.0
[2.925s] -- Searching for <ignition-sensors6> component [gpu_lidar]
[2.937s] -- Looking for ignition-sensors6-gpu_lidar -- found version 6.8.0
[2.938s] -- Searching for dependencies of ignition-sensors6-gpu_lidar
[2.939s] -- Looking for ignition-sensors6 -- found version 6.8.0
[2.942s] -- Searching for <ignition-sensors6> component [camera]
[2.948s] -- Looking for ignition-sensors6-camera -- found version 6.8.0
[2.948s] -- Searching for dependencies of ignition-sensors6-camera
[2.948s] -- Looking for ignition-sensors6 -- found version 6.8.0
[2.950s] -- Searching for <ignition-sensors6> component [boundingbox_camera]
[2.958s] -- Looking for ignition-sensors6-boundingbox_camera -- found version 6.8.0
[2.959s] -- Searching for dependencies of ignition-sensors6-boundingbox_camera
[2.961s] -- Searching for <ignition-sensors6> component [segmentation_camera]
[2.970s] -- Looking for ignition-sensors6-segmentation_camera -- found version 6.8.0
[2.970s] -- Searching for dependencies of ignition-sensors6-segmentation_camera
[2.975s] -- Searching for <ignition-sensors6> component [depth_camera]
[2.983s] -- Looking for ignition-sensors6-depth_camera -- found version 6.8.0
[2.983s] -- Searching for dependencies of ignition-sensors6-depth_camera
[2.983s] -- Looking for ignition-sensors6 -- found version 6.8.0
[2.987s] -- Searching for <ignition-sensors6> component [rgbd_camera]
[2.994s] -- Looking for ignition-sensors6-rgbd_camera -- found version 6.8.0
[2.997s] -- Searching for dependencies of ignition-sensors6-rgbd_camera
[2.997s] -- Looking for ignition-sensors6 -- found version 6.8.0
[2.998s] -- Searching for <ignition-sensors6> component [thermal_camera]
[3.007s] -- Looking for ignition-sensors6-thermal_camera -- found version 6.8.0
[3.008s] -- Searching for dependencies of ignition-sensors6-thermal_camera
[3.009s] -- Looking for ignition-sensors6 -- found version 6.8.0
[3.012s] -- Looking for ignition-rendering6 -- found version 6.6.3
[3.013s] -- Looking for ignition-math6 -- found version 6.15.1
[3.023s] -- Looking for ignition-utils1 -- found version 1.5.1
[3.069s] -- Found ament_lint_auto: 0.12.11 (/opt/ros/humble/share/ament_lint_auto/cmake)
[3.174s] -- Configuring done
[3.216s] -- Generating done
[3.217s] -- Build files have been written to: /root/data/project_ws/build/ros_gz_example_gazebo
[3.241s] Invoked command in '/root/data/project_ws/build/ros_gz_example_gazebo' returned '0': AMENT_PREFIX_PATH=/root/data/project_ws/install/ros_gz_example_description:${AMENT_PREFIX_PATH} CMAKE_PREFIX_PATH=/root/data/project_ws/install/ros_gz_example_description:/opt/ros/humble IGN_GAZEBO_RESOURCE_PATH=/root/data/project_ws/install/ros_gz_example_description/share/ros_gz_example_description/models /usr/bin/cmake /root/data/project_ws/src/ros_gz_example_gazebo -DBUILD_TESTING=ON -DCMAKE_INSTALL_PREFIX=/root/data/project_ws/install/ros_gz_example_gazebo
[3.241s] Invoking command in '/root/data/project_ws/build/ros_gz_example_gazebo': AMENT_PREFIX_PATH=/root/data/project_ws/install/ros_gz_example_description:${AMENT_PREFIX_PATH} CMAKE_PREFIX_PATH=/root/data/project_ws/install/ros_gz_example_description:/opt/ros/humble IGN_GAZEBO_RESOURCE_PATH=/root/data/project_ws/install/ros_gz_example_description/share/ros_gz_example_description/models /usr/bin/cmake --build /root/data/project_ws/build/ros_gz_example_gazebo -- -j4 -l4
[3.330s] [ 25%] [32mBuilding CXX object CMakeFiles/FullSystem.dir/src/FullSystem.cc.o[0m
[3.347s] [ 50%] [32mBuilding CXX object CMakeFiles/BasicSystem.dir/src/BasicSystem.cc.o[0m
[8.892s] [ 75%] [32m[1mLinking CXX shared library libBasicSystem.so[0m
[9.237s] [ 75%] Built target BasicSystem
[9.480s] [100%] [32m[1mLinking CXX shared library libFullSystem.so[0m
[9.775s] [100%] Built target FullSystem
[9.789s] Invoked command in '/root/data/project_ws/build/ros_gz_example_gazebo' returned '0': AMENT_PREFIX_PATH=/root/data/project_ws/install/ros_gz_example_description:${AMENT_PREFIX_PATH} CMAKE_PREFIX_PATH=/root/data/project_ws/install/ros_gz_example_description:/opt/ros/humble IGN_GAZEBO_RESOURCE_PATH=/root/data/project_ws/install/ros_gz_example_description/share/ros_gz_example_description/models /usr/bin/cmake --build /root/data/project_ws/build/ros_gz_example_gazebo -- -j4 -l4
[9.825s] Invoking command in '/root/data/project_ws/build/ros_gz_example_gazebo': AMENT_PREFIX_PATH=/root/data/project_ws/install/ros_gz_example_description:${AMENT_PREFIX_PATH} CMAKE_PREFIX_PATH=/root/data/project_ws/install/ros_gz_example_description:/opt/ros/humble IGN_GAZEBO_RESOURCE_PATH=/root/data/project_ws/install/ros_gz_example_description/share/ros_gz_example_description/models /usr/bin/cmake --install /root/data/project_ws/build/ros_gz_example_gazebo
[9.833s] -- Install configuration: ""
[9.833s] -- Installing: /root/data/project_ws/install/ros_gz_example_gazebo/lib/ros_gz_example_gazebo/libBasicSystem.so
[9.835s] -- Installing: /root/data/project_ws/install/ros_gz_example_gazebo/lib/ros_gz_example_gazebo/libFullSystem.so
[9.837s] -- Installing: /root/data/project_ws/install/ros_gz_example_gazebo/share/ros_gz_example_gazebo/worlds
[9.837s] -- Installing: /root/data/project_ws/install/ros_gz_example_gazebo/share/ros_gz_example_gazebo/worlds/diff_drive.sdf
[9.837s] -- Installing: /root/data/project_ws/install/ros_gz_example_gazebo/share/ros_gz_example_gazebo/environment/ros_gz_example_gazebo.dsv
[9.837s] -- Installing: /root/data/project_ws/install/ros_gz_example_gazebo/share/ros_gz_example_gazebo/environment/ros_gz_example_gazebo.sh
[9.838s] -- Installing: /root/data/project_ws/install/ros_gz_example_gazebo/share/ament_index/resource_index/package_run_dependencies/ros_gz_example_gazebo
[9.838s] -- Installing: /root/data/project_ws/install/ros_gz_example_gazebo/share/ament_index/resource_index/parent_prefix_path/ros_gz_example_gazebo
[9.838s] -- Installing: /root/data/project_ws/install/ros_gz_example_gazebo/share/ros_gz_example_gazebo/environment/ament_prefix_path.sh
[9.838s] -- Installing: /root/data/project_ws/install/ros_gz_example_gazebo/share/ros_gz_example_gazebo/environment/ament_prefix_path.dsv
[9.839s] -- Installing: /root/data/project_ws/install/ros_gz_example_gazebo/share/ros_gz_example_gazebo/environment/path.sh
[9.839s] -- Installing: /root/data/project_ws/install/ros_gz_example_gazebo/share/ros_gz_example_gazebo/environment/path.dsv
[9.839s] -- Installing: /root/data/project_ws/install/ros_gz_example_gazebo/share/ros_gz_example_gazebo/local_setup.bash
[9.839s] -- Installing: /root/data/project_ws/install/ros_gz_example_gazebo/share/ros_gz_example_gazebo/local_setup.sh
[9.840s] -- Installing: /root/data/project_ws/install/ros_gz_example_gazebo/share/ros_gz_example_gazebo/local_setup.zsh
[9.840s] -- Installing: /root/data/project_ws/install/ros_gz_example_gazebo/share/ros_gz_example_gazebo/local_setup.dsv
[9.840s] -- Installing: /root/data/project_ws/install/ros_gz_example_gazebo/share/ros_gz_example_gazebo/package.dsv
[9.840s] -- Installing: /root/data/project_ws/install/ros_gz_example_gazebo/share/ament_index/resource_index/packages/ros_gz_example_gazebo
[9.840s] -- Installing: /root/data/project_ws/install/ros_gz_example_gazebo/share/ros_gz_example_gazebo/cmake/ros_gz_example_gazeboConfig.cmake
[9.841s] -- Installing: /root/data/project_ws/install/ros_gz_example_gazebo/share/ros_gz_example_gazebo/cmake/ros_gz_example_gazeboConfig-version.cmake
[9.841s] -- Installing: /root/data/project_ws/install/ros_gz_example_gazebo/share/ros_gz_example_gazebo/package.xml
[9.844s] Invoked command in '/root/data/project_ws/build/ros_gz_example_gazebo' returned '0': AMENT_PREFIX_PATH=/root/data/project_ws/install/ros_gz_example_description:${AMENT_PREFIX_PATH} CMAKE_PREFIX_PATH=/root/data/project_ws/install/ros_gz_example_description:/opt/ros/humble IGN_GAZEBO_RESOURCE_PATH=/root/data/project_ws/install/ros_gz_example_description/share/ros_gz_example_description/models /usr/bin/cmake --install /root/data/project_ws/build/ros_gz_example_gazebo
