[0.027s] Invoking command in '/root/data/project_ws/build/hardware_link2': CMAKE_PREFIX_PATH=/opt/ros/humble /usr/bin/cmake --build /root/data/project_ws/build/hardware_link2 -- -j4 -l4
[0.369s] [35m[1mConsolidate compiler generated dependencies of target hardware_link2[0m
[0.370s] [ 33%] Built target gmock
[0.370s] [ 55%] Built target gmock_main
[0.370s] [ 66%] [32mBuilding CXX object CMakeFiles/hardware_link2.dir/src/hardware_link2.cpp.o[0m
[0.370s] [ 88%] Built target test_hardware_link2
[1.396s] In file included from [01m[K/root/data/project_ws/src/hardware_link2/src/hardware_link2.cpp:20[m[K:
[1.396s] [01m[K/root/data/project_ws/src/hardware_link2/include/hardware_link2/hardware_link2.hpp:40:3:[m[K [01;31m[Kerror: [m[Kreturn type specification for constructor invalid
[1.396s]    40 |   [01;31m[Kvoid[m[K Wheel() {
[1.399s]       |   [01;31m[K^~~~[m[K
[1.399s] [01m[K/root/data/project_ws/src/hardware_link2/include/hardware_link2/hardware_link2.hpp:46:2:[m[K [01;31m[Kerror: [m[Kexpected ‘[01m[K;[m[K’ after class definition
[1.399s]    46 | }
[1.399s]       |  [01;31m[K^[m[K
[1.399s]       |  [32m[K;[m[K
[1.403s] [01m[K/root/data/project_ws/src/hardware_link2/include/hardware_link2/hardware_link2.hpp:[m[K In constructor ‘[01m[Khardware_link2::Wheel::Wheel()[m[K’:
[1.404s] [01m[K/root/data/project_ws/src/hardware_link2/include/hardware_link2/hardware_link2.hpp:41:24:[m[K [01;31m[Kerror: [m[K‘[01m[Kinfo_[m[K’ was not declared in this scope
[1.404s]    41 |       state_vel.resize([01;31m[Kinfo_[m[K.joints.size(), std::numeric_limits<double>::quiet_NaN());
[1.404s]       |                        [01;31m[K^~~~~[m[K
[3.574s] [01m[K/root/data/project_ws/src/hardware_link2/src/hardware_link2.cpp:[m[K In member function ‘[01m[Kvirtual std::vector<hardware_interface::StateInterface> hardware_link2::HardwareLinkInterface::export_state_interfaces()[m[K’:
[3.574s] [01m[K/root/data/project_ws/src/hardware_link2/src/hardware_link2.cpp:57:68:[m[K [01;31m[Kerror: [m[K‘[01m[Kwheel[m[K’ was not declared in this scope; did you mean ‘[01m[KWheel[m[K’?
[3.574s]    57 |         info_.joints[i].name, hardware_interface::HW_IF_POSITION, &[01;31m[Kwheel[m[K[0].state_pos));
[3.574s]       |                                                                    [01;31m[K^~~~~[m[K
[3.574s]       |                                                                    [32m[KWheel[m[K
[3.579s] [01m[K/root/data/project_ws/src/hardware_link2/src/hardware_link2.cpp:64:68:[m[K [01;31m[Kerror: [m[K‘[01m[Kwheel[m[K’ was not declared in this scope; did you mean ‘[01m[KWheel[m[K’?
[3.579s]    64 |         info_.joints[i].name, hardware_interface::HW_IF_POSITION, &[01;31m[Kwheel[m[K[1].state_pos));
[3.579s]       |                                                                    [01;31m[K^~~~~[m[K
[3.579s]       |                                                                    [32m[KWheel[m[K
[3.588s] [01m[K/root/data/project_ws/src/hardware_link2/src/hardware_link2.cpp:[m[K In member function ‘[01m[Kvirtual std::vector<hardware_interface::CommandInterface> hardware_link2::HardwareLinkInterface::export_command_interfaces()[m[K’:
[3.589s] [01m[K/root/data/project_ws/src/hardware_link2/src/hardware_link2.cpp:82:68:[m[K [01;31m[Kerror: [m[K‘[01m[Kwheel[m[K’ was not declared in this scope; did you mean ‘[01m[KWheel[m[K’?
[3.589s]    82 |         info_.joints[i].name, hardware_interface::HW_IF_VELOCITY, &[01;31m[Kwheel[m[K[0].cmd_vel));
[3.589s]       |                                                                    [01;31m[K^~~~~[m[K
[3.589s]       |                                                                    [32m[KWheel[m[K
[3.595s] [01m[K/root/data/project_ws/src/hardware_link2/src/hardware_link2.cpp:87:68:[m[K [01;31m[Kerror: [m[K‘[01m[Kwheel[m[K’ was not declared in this scope; did you mean ‘[01m[KWheel[m[K’?
[3.595s]    87 |         info_.joints[i].name, hardware_interface::HW_IF_VELOCITY, &[01;31m[Kwheel[m[K[1].cmd_vel));
[3.595s]       |                                                                    [01;31m[K^~~~~[m[K
[3.595s]       |                                                                    [32m[KWheel[m[K
[4.286s] gmake[2]: *** [CMakeFiles/hardware_link2.dir/build.make:76: CMakeFiles/hardware_link2.dir/src/hardware_link2.cpp.o] Error 1
[4.287s] gmake[1]: *** [CMakeFiles/Makefile2:176: CMakeFiles/hardware_link2.dir/all] Error 2
[4.287s] gmake: *** [Makefile:146: all] Error 2
[4.290s] Invoked command in '/root/data/project_ws/build/hardware_link2' returned '2': CMAKE_PREFIX_PATH=/opt/ros/humble /usr/bin/cmake --build /root/data/project_ws/build/hardware_link2 -- -j4 -l4
