[0.174s] DEBUG:colcon:Command line arguments: ['/usr/local/bin/colcon', 'build', '--cmake-args', '-DBUILD_TESTING=ON']
[0.174s] DEBUG:colcon:Parsed command line arguments: Namespace(log_base=None, log_level=None, verb_name='build', build_base='build', install_base='install', merge_install=False, symlink_install=False, test_result_base=None, continue_on_error=False, executor='parallel', parallel_workers=4, event_handlers=None, ignore_user_meta=False, metas=['./colcon.meta'], base_paths=['.'], packages_ignore=None, packages_ignore_regex=None, paths=None, packages_up_to=None, packages_up_to_regex=None, packages_above=None, packages_above_and_dependencies=None, packages_above_depth=None, packages_select_by_dep=None, packages_skip_by_dep=None, packages_skip_up_to=None, packages_select_build_failed=False, packages_skip_build_finished=False, packages_select_test_failures=False, packages_skip_test_passed=False, packages_select=None, packages_skip=None, packages_select_regex=None, packages_skip_regex=None, packages_start=None, packages_end=None, cmake_args=['-DBUILD_TESTING=ON'], cmake_target=None, cmake_target_skip_unavailable=False, cmake_clean_cache=False, cmake_clean_first=False, cmake_force_configure=False, ament_cmake_args=None, catkin_cmake_args=None, catkin_skip_building_tests=False, verb_parser=<colcon_defaults.argument_parser.defaults.DefaultArgumentsDecorator object at 0x75ee367cd3f0>, verb_extension=<colcon_core.verb.build.BuildVerb object at 0x75ee36743250>, main=<bound method BuildVerb.main of <colcon_core.verb.build.BuildVerb object at 0x75ee36743250>>)
[0.355s] Level 1:colcon.colcon_core.package_discovery:discover_packages(colcon_meta) check parameters
[0.355s] Level 1:colcon.colcon_core.package_discovery:discover_packages(recursive) check parameters
[0.355s] Level 1:colcon.colcon_core.package_discovery:discover_packages(ignore) check parameters
[0.355s] Level 1:colcon.colcon_core.package_discovery:discover_packages(path) check parameters
[0.355s] Level 1:colcon.colcon_core.package_discovery:discover_packages(colcon_meta) discover
[0.355s] Level 1:colcon.colcon_core.package_discovery:discover_packages(recursive) discover
[0.355s] INFO:colcon.colcon_core.package_discovery:Crawling recursively for packages in '/root/data/project_ws'
[0.355s] Level 1:colcon.colcon_core.package_identification:_identify(.) by extensions ['ignore', 'ignore_ament_install']
[0.355s] Level 1:colcon.colcon_core.package_identification:_identify(.) by extension 'ignore'
[0.355s] Level 1:colcon.colcon_core.package_identification:_identify(.) by extension 'ignore_ament_install'
[0.355s] Level 1:colcon.colcon_core.package_identification:_identify(.) by extensions ['colcon_pkg']
[0.355s] Level 1:colcon.colcon_core.package_identification:_identify(.) by extension 'colcon_pkg'
[0.356s] Level 1:colcon.colcon_core.package_identification:_identify(.) by extensions ['colcon_meta']
[0.356s] Level 1:colcon.colcon_core.package_identification:_identify(.) by extension 'colcon_meta'
[0.356s] Level 1:colcon.colcon_core.package_identification:_identify(.) by extensions ['ros']
[0.356s] Level 1:colcon.colcon_core.package_identification:_identify(.) by extension 'ros'
[0.370s] Level 1:colcon.colcon_core.package_identification:_identify(.) by extensions ['cmake', 'python']
[0.371s] Level 1:colcon.colcon_core.package_identification:_identify(.) by extension 'cmake'
[0.371s] Level 1:colcon.colcon_core.package_identification:_identify(.) by extension 'python'
[0.371s] Level 1:colcon.colcon_core.package_identification:_identify(.) by extensions ['python_setup_py']
[0.371s] Level 1:colcon.colcon_core.package_identification:_identify(.) by extension 'python_setup_py'
[0.371s] Level 1:colcon.colcon_core.package_identification:_identify(build) by extensions ['ignore', 'ignore_ament_install']
[0.371s] Level 1:colcon.colcon_core.package_identification:_identify(build) by extension 'ignore'
[0.371s] Level 1:colcon.colcon_core.package_identification:_identify(build) ignored
[0.372s] Level 1:colcon.colcon_core.package_identification:_identify(install) by extensions ['ignore', 'ignore_ament_install']
[0.372s] Level 1:colcon.colcon_core.package_identification:_identify(install) by extension 'ignore'
[0.372s] Level 1:colcon.colcon_core.package_identification:_identify(install) ignored
[0.372s] Level 1:colcon.colcon_core.package_identification:_identify(log) by extensions ['ignore', 'ignore_ament_install']
[0.372s] Level 1:colcon.colcon_core.package_identification:_identify(log) by extension 'ignore'
[0.372s] Level 1:colcon.colcon_core.package_identification:_identify(log) ignored
[0.372s] Level 1:colcon.colcon_core.package_identification:_identify(src) by extensions ['ignore', 'ignore_ament_install']
[0.372s] Level 1:colcon.colcon_core.package_identification:_identify(src) by extension 'ignore'
[0.373s] Level 1:colcon.colcon_core.package_identification:_identify(src) by extension 'ignore_ament_install'
[0.373s] Level 1:colcon.colcon_core.package_identification:_identify(src) by extensions ['colcon_pkg']
[0.373s] Level 1:colcon.colcon_core.package_identification:_identify(src) by extension 'colcon_pkg'
[0.373s] Level 1:colcon.colcon_core.package_identification:_identify(src) by extensions ['colcon_meta']
[0.373s] Level 1:colcon.colcon_core.package_identification:_identify(src) by extension 'colcon_meta'
[0.373s] Level 1:colcon.colcon_core.package_identification:_identify(src) by extensions ['ros']
[0.373s] Level 1:colcon.colcon_core.package_identification:_identify(src) by extension 'ros'
[0.373s] Level 1:colcon.colcon_core.package_identification:_identify(src) by extensions ['cmake', 'python']
[0.373s] Level 1:colcon.colcon_core.package_identification:_identify(src) by extension 'cmake'
[0.373s] Level 1:colcon.colcon_core.package_identification:_identify(src) by extension 'python'
[0.373s] Level 1:colcon.colcon_core.package_identification:_identify(src) by extensions ['python_setup_py']
[0.373s] Level 1:colcon.colcon_core.package_identification:_identify(src) by extension 'python_setup_py'
[0.373s] Level 1:colcon.colcon_core.package_identification:_identify(src/build) by extensions ['ignore', 'ignore_ament_install']
[0.374s] Level 1:colcon.colcon_core.package_identification:_identify(src/build) by extension 'ignore'
[0.374s] Level 1:colcon.colcon_core.package_identification:_identify(src/build) ignored
[0.374s] Level 1:colcon.colcon_core.package_identification:_identify(src/hardware_link2) by extensions ['ignore', 'ignore_ament_install']
[0.374s] Level 1:colcon.colcon_core.package_identification:_identify(src/hardware_link2) by extension 'ignore'
[0.374s] Level 1:colcon.colcon_core.package_identification:_identify(src/hardware_link2) by extension 'ignore_ament_install'
[0.374s] Level 1:colcon.colcon_core.package_identification:_identify(src/hardware_link2) by extensions ['colcon_pkg']
[0.374s] Level 1:colcon.colcon_core.package_identification:_identify(src/hardware_link2) by extension 'colcon_pkg'
[0.374s] Level 1:colcon.colcon_core.package_identification:_identify(src/hardware_link2) by extensions ['colcon_meta']
[0.374s] Level 1:colcon.colcon_core.package_identification:_identify(src/hardware_link2) by extension 'colcon_meta'
[0.374s] Level 1:colcon.colcon_core.package_identification:_identify(src/hardware_link2) by extensions ['ros']
[0.374s] Level 1:colcon.colcon_core.package_identification:_identify(src/hardware_link2) by extension 'ros'
[0.378s] DEBUG:colcon.colcon_core.package_identification:Package 'src/hardware_link2' with type 'ros.ament_cmake' and name 'hardware_link2'
[0.378s] Level 1:colcon.colcon_core.package_identification:_identify(src/install) by extensions ['ignore', 'ignore_ament_install']
[0.378s] Level 1:colcon.colcon_core.package_identification:_identify(src/install) by extension 'ignore'
[0.378s] Level 1:colcon.colcon_core.package_identification:_identify(src/install) ignored
[0.378s] Level 1:colcon.colcon_core.package_identification:_identify(src/log) by extensions ['ignore', 'ignore_ament_install']
[0.378s] Level 1:colcon.colcon_core.package_identification:_identify(src/log) by extension 'ignore'
[0.378s] Level 1:colcon.colcon_core.package_identification:_identify(src/log) ignored
[0.379s] Level 1:colcon.colcon_core.package_identification:_identify(src/my_package) by extensions ['ignore', 'ignore_ament_install']
[0.379s] Level 1:colcon.colcon_core.package_identification:_identify(src/my_package) by extension 'ignore'
[0.379s] Level 1:colcon.colcon_core.package_identification:_identify(src/my_package) by extension 'ignore_ament_install'
[0.379s] Level 1:colcon.colcon_core.package_identification:_identify(src/my_package) by extensions ['colcon_pkg']
[0.379s] Level 1:colcon.colcon_core.package_identification:_identify(src/my_package) by extension 'colcon_pkg'
[0.379s] Level 1:colcon.colcon_core.package_identification:_identify(src/my_package) by extensions ['colcon_meta']
[0.379s] Level 1:colcon.colcon_core.package_identification:_identify(src/my_package) by extension 'colcon_meta'
[0.379s] Level 1:colcon.colcon_core.package_identification:_identify(src/my_package) by extensions ['ros']
[0.379s] Level 1:colcon.colcon_core.package_identification:_identify(src/my_package) by extension 'ros'
[0.380s] DEBUG:colcon.colcon_core.package_identification:Package 'src/my_package' with type 'ros.ament_python' and name 'my_package'
[0.380s] Level 1:colcon.colcon_core.package_identification:_identify(src/ros_gz_example_application) by extensions ['ignore', 'ignore_ament_install']
[0.380s] Level 1:colcon.colcon_core.package_identification:_identify(src/ros_gz_example_application) by extension 'ignore'
[0.380s] Level 1:colcon.colcon_core.package_identification:_identify(src/ros_gz_example_application) by extension 'ignore_ament_install'
[0.380s] Level 1:colcon.colcon_core.package_identification:_identify(src/ros_gz_example_application) by extensions ['colcon_pkg']
[0.380s] Level 1:colcon.colcon_core.package_identification:_identify(src/ros_gz_example_application) by extension 'colcon_pkg'
[0.380s] Level 1:colcon.colcon_core.package_identification:_identify(src/ros_gz_example_application) by extensions ['colcon_meta']
[0.381s] Level 1:colcon.colcon_core.package_identification:_identify(src/ros_gz_example_application) by extension 'colcon_meta'
[0.381s] Level 1:colcon.colcon_core.package_identification:_identify(src/ros_gz_example_application) by extensions ['ros']
[0.381s] Level 1:colcon.colcon_core.package_identification:_identify(src/ros_gz_example_application) by extension 'ros'
[0.381s] DEBUG:colcon.colcon_core.package_identification:Package 'src/ros_gz_example_application' with type 'ros.ament_cmake' and name 'ros_gz_example_application'
[0.382s] Level 1:colcon.colcon_core.package_identification:_identify(src/ros_gz_example_bringup) by extensions ['ignore', 'ignore_ament_install']
[0.382s] Level 1:colcon.colcon_core.package_identification:_identify(src/ros_gz_example_bringup) by extension 'ignore'
[0.382s] Level 1:colcon.colcon_core.package_identification:_identify(src/ros_gz_example_bringup) by extension 'ignore_ament_install'
[0.382s] Level 1:colcon.colcon_core.package_identification:_identify(src/ros_gz_example_bringup) by extensions ['colcon_pkg']
[0.382s] Level 1:colcon.colcon_core.package_identification:_identify(src/ros_gz_example_bringup) by extension 'colcon_pkg'
[0.382s] Level 1:colcon.colcon_core.package_identification:_identify(src/ros_gz_example_bringup) by extensions ['colcon_meta']
[0.382s] Level 1:colcon.colcon_core.package_identification:_identify(src/ros_gz_example_bringup) by extension 'colcon_meta'
[0.382s] Level 1:colcon.colcon_core.package_identification:_identify(src/ros_gz_example_bringup) by extensions ['ros']
[0.382s] Level 1:colcon.colcon_core.package_identification:_identify(src/ros_gz_example_bringup) by extension 'ros'
[0.385s] DEBUG:colcon.colcon_core.package_identification:Package 'src/ros_gz_example_bringup' with type 'ros.ament_cmake' and name 'ros_gz_example_bringup'
[0.385s] Level 1:colcon.colcon_core.package_identification:_identify(src/ros_gz_example_description) by extensions ['ignore', 'ignore_ament_install']
[0.385s] Level 1:colcon.colcon_core.package_identification:_identify(src/ros_gz_example_description) by extension 'ignore'
[0.385s] Level 1:colcon.colcon_core.package_identification:_identify(src/ros_gz_example_description) by extension 'ignore_ament_install'
[0.385s] Level 1:colcon.colcon_core.package_identification:_identify(src/ros_gz_example_description) by extensions ['colcon_pkg']
[0.385s] Level 1:colcon.colcon_core.package_identification:_identify(src/ros_gz_example_description) by extension 'colcon_pkg'
[0.385s] Level 1:colcon.colcon_core.package_identification:_identify(src/ros_gz_example_description) by extensions ['colcon_meta']
[0.385s] Level 1:colcon.colcon_core.package_identification:_identify(src/ros_gz_example_description) by extension 'colcon_meta'
[0.385s] Level 1:colcon.colcon_core.package_identification:_identify(src/ros_gz_example_description) by extensions ['ros']
[0.386s] Level 1:colcon.colcon_core.package_identification:_identify(src/ros_gz_example_description) by extension 'ros'
[0.386s] DEBUG:colcon.colcon_core.package_identification:Package 'src/ros_gz_example_description' with type 'ros.ament_cmake' and name 'ros_gz_example_description'
[0.386s] Level 1:colcon.colcon_core.package_identification:_identify(src/ros_gz_example_gazebo) by extensions ['ignore', 'ignore_ament_install']
[0.387s] Level 1:colcon.colcon_core.package_identification:_identify(src/ros_gz_example_gazebo) by extension 'ignore'
[0.387s] Level 1:colcon.colcon_core.package_identification:_identify(src/ros_gz_example_gazebo) by extension 'ignore_ament_install'
[0.387s] Level 1:colcon.colcon_core.package_identification:_identify(src/ros_gz_example_gazebo) by extensions ['colcon_pkg']
[0.387s] Level 1:colcon.colcon_core.package_identification:_identify(src/ros_gz_example_gazebo) by extension 'colcon_pkg'
[0.387s] Level 1:colcon.colcon_core.package_identification:_identify(src/ros_gz_example_gazebo) by extensions ['colcon_meta']
[0.387s] Level 1:colcon.colcon_core.package_identification:_identify(src/ros_gz_example_gazebo) by extension 'colcon_meta'
[0.387s] Level 1:colcon.colcon_core.package_identification:_identify(src/ros_gz_example_gazebo) by extensions ['ros']
[0.387s] Level 1:colcon.colcon_core.package_identification:_identify(src/ros_gz_example_gazebo) by extension 'ros'
[0.388s] DEBUG:colcon.colcon_core.package_identification:Package 'src/ros_gz_example_gazebo' with type 'ros.ament_cmake' and name 'ros_gz_example_gazebo'
[0.388s] Level 1:colcon.colcon_core.package_discovery:discover_packages(recursive) using defaults
[0.388s] Level 1:colcon.colcon_core.package_discovery:discover_packages(ignore) discover
[0.388s] Level 1:colcon.colcon_core.package_discovery:discover_packages(ignore) using defaults
[0.388s] Level 1:colcon.colcon_core.package_discovery:discover_packages(path) discover
[0.388s] Level 1:colcon.colcon_core.package_discovery:discover_packages(path) using defaults
[0.414s] Level 5:colcon.colcon_core.verb:set package 'hardware_link2' build argument 'cmake_args' from command line to '['-DBUILD_TESTING=ON']'
[0.415s] Level 5:colcon.colcon_core.verb:set package 'hardware_link2' build argument 'cmake_target' from command line to 'None'
[0.415s] Level 5:colcon.colcon_core.verb:set package 'hardware_link2' build argument 'cmake_target_skip_unavailable' from command line to 'False'
[0.415s] Level 5:colcon.colcon_core.verb:set package 'hardware_link2' build argument 'cmake_clean_cache' from command line to 'False'
[0.415s] Level 5:colcon.colcon_core.verb:set package 'hardware_link2' build argument 'cmake_clean_first' from command line to 'False'
[0.415s] Level 5:colcon.colcon_core.verb:set package 'hardware_link2' build argument 'cmake_force_configure' from command line to 'False'
[0.415s] Level 5:colcon.colcon_core.verb:set package 'hardware_link2' build argument 'ament_cmake_args' from command line to 'None'
[0.415s] Level 5:colcon.colcon_core.verb:set package 'hardware_link2' build argument 'catkin_cmake_args' from command line to 'None'
[0.415s] Level 5:colcon.colcon_core.verb:set package 'hardware_link2' build argument 'catkin_skip_building_tests' from command line to 'False'
[0.415s] DEBUG:colcon.colcon_core.verb:Building package 'hardware_link2' with the following arguments: {'ament_cmake_args': None, 'build_base': '/root/data/project_ws/build/hardware_link2', 'catkin_cmake_args': None, 'catkin_skip_building_tests': False, 'cmake_args': ['-DBUILD_TESTING=ON'], 'cmake_clean_cache': False, 'cmake_clean_first': False, 'cmake_force_configure': False, 'cmake_target': None, 'cmake_target_skip_unavailable': False, 'install_base': '/root/data/project_ws/install/hardware_link2', 'merge_install': False, 'path': '/root/data/project_ws/src/hardware_link2', 'symlink_install': False, 'test_result_base': None}
[0.415s] Level 5:colcon.colcon_core.verb:set package 'my_package' build argument 'cmake_args' from command line to '['-DBUILD_TESTING=ON']'
[0.415s] Level 5:colcon.colcon_core.verb:set package 'my_package' build argument 'cmake_target' from command line to 'None'
[0.415s] Level 5:colcon.colcon_core.verb:set package 'my_package' build argument 'cmake_target_skip_unavailable' from command line to 'False'
[0.416s] Level 5:colcon.colcon_core.verb:set package 'my_package' build argument 'cmake_clean_cache' from command line to 'False'
[0.416s] Level 5:colcon.colcon_core.verb:set package 'my_package' build argument 'cmake_clean_first' from command line to 'False'
[0.416s] Level 5:colcon.colcon_core.verb:set package 'my_package' build argument 'cmake_force_configure' from command line to 'False'
[0.416s] Level 5:colcon.colcon_core.verb:set package 'my_package' build argument 'ament_cmake_args' from command line to 'None'
[0.416s] Level 5:colcon.colcon_core.verb:set package 'my_package' build argument 'catkin_cmake_args' from command line to 'None'
[0.416s] Level 5:colcon.colcon_core.verb:set package 'my_package' build argument 'catkin_skip_building_tests' from command line to 'False'
[0.416s] DEBUG:colcon.colcon_core.verb:Building package 'my_package' with the following arguments: {'ament_cmake_args': None, 'build_base': '/root/data/project_ws/build/my_package', 'catkin_cmake_args': None, 'catkin_skip_building_tests': False, 'cmake_args': ['-DBUILD_TESTING=ON'], 'cmake_clean_cache': False, 'cmake_clean_first': False, 'cmake_force_configure': False, 'cmake_target': None, 'cmake_target_skip_unavailable': False, 'install_base': '/root/data/project_ws/install/my_package', 'merge_install': False, 'path': '/root/data/project_ws/src/my_package', 'symlink_install': False, 'test_result_base': None}
[0.416s] Level 5:colcon.colcon_core.verb:set package 'ros_gz_example_application' build argument 'cmake_args' from command line to '['-DBUILD_TESTING=ON']'
[0.416s] Level 5:colcon.colcon_core.verb:set package 'ros_gz_example_application' build argument 'cmake_target' from command line to 'None'
[0.416s] Level 5:colcon.colcon_core.verb:set package 'ros_gz_example_application' build argument 'cmake_target_skip_unavailable' from command line to 'False'
[0.416s] Level 5:colcon.colcon_core.verb:set package 'ros_gz_example_application' build argument 'cmake_clean_cache' from command line to 'False'
[0.416s] Level 5:colcon.colcon_core.verb:set package 'ros_gz_example_application' build argument 'cmake_clean_first' from command line to 'False'
[0.416s] Level 5:colcon.colcon_core.verb:set package 'ros_gz_example_application' build argument 'cmake_force_configure' from command line to 'False'
[0.416s] Level 5:colcon.colcon_core.verb:set package 'ros_gz_example_application' build argument 'ament_cmake_args' from command line to 'None'
[0.416s] Level 5:colcon.colcon_core.verb:set package 'ros_gz_example_application' build argument 'catkin_cmake_args' from command line to 'None'
[0.416s] Level 5:colcon.colcon_core.verb:set package 'ros_gz_example_application' build argument 'catkin_skip_building_tests' from command line to 'False'
[0.417s] DEBUG:colcon.colcon_core.verb:Building package 'ros_gz_example_application' with the following arguments: {'ament_cmake_args': None, 'build_base': '/root/data/project_ws/build/ros_gz_example_application', 'catkin_cmake_args': None, 'catkin_skip_building_tests': False, 'cmake_args': ['-DBUILD_TESTING=ON'], 'cmake_clean_cache': False, 'cmake_clean_first': False, 'cmake_force_configure': False, 'cmake_target': None, 'cmake_target_skip_unavailable': False, 'install_base': '/root/data/project_ws/install/ros_gz_example_application', 'merge_install': False, 'path': '/root/data/project_ws/src/ros_gz_example_application', 'symlink_install': False, 'test_result_base': None}
[0.417s] Level 5:colcon.colcon_core.verb:set package 'ros_gz_example_description' build argument 'cmake_args' from command line to '['-DBUILD_TESTING=ON']'
[0.417s] Level 5:colcon.colcon_core.verb:set package 'ros_gz_example_description' build argument 'cmake_target' from command line to 'None'
[0.417s] Level 5:colcon.colcon_core.verb:set package 'ros_gz_example_description' build argument 'cmake_target_skip_unavailable' from command line to 'False'
[0.417s] Level 5:colcon.colcon_core.verb:set package 'ros_gz_example_description' build argument 'cmake_clean_cache' from command line to 'False'
[0.417s] Level 5:colcon.colcon_core.verb:set package 'ros_gz_example_description' build argument 'cmake_clean_first' from command line to 'False'
[0.417s] Level 5:colcon.colcon_core.verb:set package 'ros_gz_example_description' build argument 'cmake_force_configure' from command line to 'False'
[0.417s] Level 5:colcon.colcon_core.verb:set package 'ros_gz_example_description' build argument 'ament_cmake_args' from command line to 'None'
[0.417s] Level 5:colcon.colcon_core.verb:set package 'ros_gz_example_description' build argument 'catkin_cmake_args' from command line to 'None'
[0.417s] Level 5:colcon.colcon_core.verb:set package 'ros_gz_example_description' build argument 'catkin_skip_building_tests' from command line to 'False'
[0.417s] DEBUG:colcon.colcon_core.verb:Building package 'ros_gz_example_description' with the following arguments: {'ament_cmake_args': None, 'build_base': '/root/data/project_ws/build/ros_gz_example_description', 'catkin_cmake_args': None, 'catkin_skip_building_tests': False, 'cmake_args': ['-DBUILD_TESTING=ON'], 'cmake_clean_cache': False, 'cmake_clean_first': False, 'cmake_force_configure': False, 'cmake_target': None, 'cmake_target_skip_unavailable': False, 'install_base': '/root/data/project_ws/install/ros_gz_example_description', 'merge_install': False, 'path': '/root/data/project_ws/src/ros_gz_example_description', 'symlink_install': False, 'test_result_base': None}
[0.418s] Level 5:colcon.colcon_core.verb:set package 'ros_gz_example_gazebo' build argument 'cmake_args' from command line to '['-DBUILD_TESTING=ON']'
[0.418s] Level 5:colcon.colcon_core.verb:set package 'ros_gz_example_gazebo' build argument 'cmake_target' from command line to 'None'
[0.418s] Level 5:colcon.colcon_core.verb:set package 'ros_gz_example_gazebo' build argument 'cmake_target_skip_unavailable' from command line to 'False'
[0.418s] Level 5:colcon.colcon_core.verb:set package 'ros_gz_example_gazebo' build argument 'cmake_clean_cache' from command line to 'False'
[0.418s] Level 5:colcon.colcon_core.verb:set package 'ros_gz_example_gazebo' build argument 'cmake_clean_first' from command line to 'False'
[0.418s] Level 5:colcon.colcon_core.verb:set package 'ros_gz_example_gazebo' build argument 'cmake_force_configure' from command line to 'False'
[0.418s] Level 5:colcon.colcon_core.verb:set package 'ros_gz_example_gazebo' build argument 'ament_cmake_args' from command line to 'None'
[0.418s] Level 5:colcon.colcon_core.verb:set package 'ros_gz_example_gazebo' build argument 'catkin_cmake_args' from command line to 'None'
[0.418s] Level 5:colcon.colcon_core.verb:set package 'ros_gz_example_gazebo' build argument 'catkin_skip_building_tests' from command line to 'False'
[0.418s] DEBUG:colcon.colcon_core.verb:Building package 'ros_gz_example_gazebo' with the following arguments: {'ament_cmake_args': None, 'build_base': '/root/data/project_ws/build/ros_gz_example_gazebo', 'catkin_cmake_args': None, 'catkin_skip_building_tests': False, 'cmake_args': ['-DBUILD_TESTING=ON'], 'cmake_clean_cache': False, 'cmake_clean_first': False, 'cmake_force_configure': False, 'cmake_target': None, 'cmake_target_skip_unavailable': False, 'install_base': '/root/data/project_ws/install/ros_gz_example_gazebo', 'merge_install': False, 'path': '/root/data/project_ws/src/ros_gz_example_gazebo', 'symlink_install': False, 'test_result_base': None}
[0.419s] Level 5:colcon.colcon_core.verb:set package 'ros_gz_example_bringup' build argument 'cmake_args' from command line to '['-DBUILD_TESTING=ON']'
[0.419s] Level 5:colcon.colcon_core.verb:set package 'ros_gz_example_bringup' build argument 'cmake_target' from command line to 'None'
[0.419s] Level 5:colcon.colcon_core.verb:set package 'ros_gz_example_bringup' build argument 'cmake_target_skip_unavailable' from command line to 'False'
[0.419s] Level 5:colcon.colcon_core.verb:set package 'ros_gz_example_bringup' build argument 'cmake_clean_cache' from command line to 'False'
[0.419s] Level 5:colcon.colcon_core.verb:set package 'ros_gz_example_bringup' build argument 'cmake_clean_first' from command line to 'False'
[0.419s] Level 5:colcon.colcon_core.verb:set package 'ros_gz_example_bringup' build argument 'cmake_force_configure' from command line to 'False'
[0.419s] Level 5:colcon.colcon_core.verb:set package 'ros_gz_example_bringup' build argument 'ament_cmake_args' from command line to 'None'
[0.419s] Level 5:colcon.colcon_core.verb:set package 'ros_gz_example_bringup' build argument 'catkin_cmake_args' from command line to 'None'
[0.419s] Level 5:colcon.colcon_core.verb:set package 'ros_gz_example_bringup' build argument 'catkin_skip_building_tests' from command line to 'False'
[0.419s] DEBUG:colcon.colcon_core.verb:Building package 'ros_gz_example_bringup' with the following arguments: {'ament_cmake_args': None, 'build_base': '/root/data/project_ws/build/ros_gz_example_bringup', 'catkin_cmake_args': None, 'catkin_skip_building_tests': False, 'cmake_args': ['-DBUILD_TESTING=ON'], 'cmake_clean_cache': False, 'cmake_clean_first': False, 'cmake_force_configure': False, 'cmake_target': None, 'cmake_target_skip_unavailable': False, 'install_base': '/root/data/project_ws/install/ros_gz_example_bringup', 'merge_install': False, 'path': '/root/data/project_ws/src/ros_gz_example_bringup', 'symlink_install': False, 'test_result_base': None}
[0.419s] INFO:colcon.colcon_core.executor:Executing jobs using 'parallel' executor
[0.421s] DEBUG:colcon.colcon_parallel_executor.executor.parallel:run_until_complete
[0.421s] INFO:colcon.colcon_ros.task.ament_cmake.build:Building ROS package in '/root/data/project_ws/src/ros_gz_example_description' with build type 'ament_cmake'
[0.421s] INFO:colcon.colcon_cmake.task.cmake.build:Building CMake package in '/root/data/project_ws/src/ros_gz_example_description'
[0.425s] INFO:colcon.colcon_core.plugin_system:Skipping extension 'colcon_core.shell.bat': Not used on non-Windows systems
[0.425s] INFO:colcon.colcon_core.shell:Skip shell extension 'powershell' for command environment: Not usable outside of PowerShell
[0.425s] DEBUG:colcon.colcon_core.shell:Skip shell extension 'dsv' for command environment
[0.430s] INFO:colcon.colcon_ros.task.ament_cmake.build:Building ROS package in '/root/data/project_ws/src/hardware_link2' with build type 'ament_cmake'
[0.431s] INFO:colcon.colcon_cmake.task.cmake.build:Building CMake package in '/root/data/project_ws/src/hardware_link2'
[0.431s] INFO:colcon.colcon_core.shell:Skip shell extension 'powershell' for command environment: Not usable outside of PowerShell
[0.431s] DEBUG:colcon.colcon_core.shell:Skip shell extension 'dsv' for command environment
[0.435s] INFO:colcon.colcon_ros.task.ament_python.build:Building ROS package in '/root/data/project_ws/src/my_package' with build type 'ament_python'
[0.435s] Level 1:colcon.colcon_core.shell:create_environment_hook('my_package', 'ament_prefix_path')
[0.436s] INFO:colcon.colcon_core.shell:Creating environment hook '/root/data/project_ws/install/my_package/share/my_package/hook/ament_prefix_path.ps1'
[0.437s] INFO:colcon.colcon_core.shell:Creating environment descriptor '/root/data/project_ws/install/my_package/share/my_package/hook/ament_prefix_path.dsv'
[0.437s] INFO:colcon.colcon_core.shell:Creating environment hook '/root/data/project_ws/install/my_package/share/my_package/hook/ament_prefix_path.sh'
[0.438s] INFO:colcon.colcon_core.shell:Skip shell extension 'powershell' for command environment: Not usable outside of PowerShell
[0.438s] DEBUG:colcon.colcon_core.shell:Skip shell extension 'dsv' for command environment
[0.442s] INFO:colcon.colcon_ros.task.ament_cmake.build:Building ROS package in '/root/data/project_ws/src/ros_gz_example_application' with build type 'ament_cmake'
[0.443s] INFO:colcon.colcon_cmake.task.cmake.build:Building CMake package in '/root/data/project_ws/src/ros_gz_example_application'
[0.443s] INFO:colcon.colcon_core.shell:Skip shell extension 'powershell' for command environment: Not usable outside of PowerShell
[0.443s] DEBUG:colcon.colcon_core.shell:Skip shell extension 'dsv' for command environment
[0.453s] DEBUG:colcon.colcon_core.event_handler.log_command:Invoking command in '/root/data/project_ws/build/ros_gz_example_description': CMAKE_PREFIX_PATH=/opt/ros/humble /usr/bin/cmake --build /root/data/project_ws/build/ros_gz_example_description -- -j4 -l4
[0.458s] DEBUG:colcon.colcon_core.event_handler.log_command:Invoking command in '/root/data/project_ws/build/hardware_link2': CMAKE_PREFIX_PATH=/opt/ros/humble /usr/bin/cmake --build /root/data/project_ws/build/hardware_link2 -- -j4 -l4
[0.791s] INFO:colcon.colcon_core.task.python.build:Building Python package in '/root/data/project_ws/src/my_package'
[0.791s] INFO:colcon.colcon_core.shell:Skip shell extension 'powershell' for command environment: Not usable outside of PowerShell
[0.791s] DEBUG:colcon.colcon_core.shell:Skip shell extension 'dsv' for command environment
[0.800s] DEBUG:colcon.colcon_core.event_handler.log_command:Invoked command in '/root/data/project_ws/build/hardware_link2' returned '0': CMAKE_PREFIX_PATH=/opt/ros/humble /usr/bin/cmake --build /root/data/project_ws/build/hardware_link2 -- -j4 -l4
[0.811s] DEBUG:colcon.colcon_core.event_handler.log_command:Invoking command in '/root/data/project_ws/build/ros_gz_example_application': CMAKE_PREFIX_PATH=/opt/ros/humble /usr/bin/cmake --build /root/data/project_ws/build/ros_gz_example_application -- -j4 -l4
[0.817s] DEBUG:colcon.colcon_core.event_handler.log_command:Invoked command in '/root/data/project_ws/build/ros_gz_example_description' returned '0': CMAKE_PREFIX_PATH=/opt/ros/humble /usr/bin/cmake --build /root/data/project_ws/build/ros_gz_example_description -- -j4 -l4
[0.896s] DEBUG:colcon.colcon_core.event_handler.log_command:Invoking command in '/root/data/project_ws/build/ros_gz_example_description': CMAKE_PREFIX_PATH=/opt/ros/humble /usr/bin/cmake --install /root/data/project_ws/build/ros_gz_example_description
[0.905s] DEBUG:colcon.colcon_core.event_handler.log_command:Invoked command in '/root/data/project_ws/build/ros_gz_example_application' returned '0': CMAKE_PREFIX_PATH=/opt/ros/humble /usr/bin/cmake --build /root/data/project_ws/build/ros_gz_example_application -- -j4 -l4
[0.940s] Level 1:colcon.colcon_core.environment:create_environment_scripts_only(ros_gz_example_description)
[0.943s] Level 1:colcon.colcon_core.environment:checking '/root/data/project_ws/install/ros_gz_example_description' for CMake module files
[0.944s] Level 1:colcon.colcon_core.environment:checking '/root/data/project_ws/install/ros_gz_example_description' for CMake config files
[0.945s] DEBUG:colcon.colcon_core.event_handler.log_command:Invoked command in '/root/data/project_ws/build/ros_gz_example_description' returned '0': CMAKE_PREFIX_PATH=/opt/ros/humble /usr/bin/cmake --install /root/data/project_ws/build/ros_gz_example_description
[0.945s] Level 1:colcon.colcon_core.shell:create_environment_hook('ros_gz_example_description', 'cmake_prefix_path')
[0.946s] INFO:colcon.colcon_core.shell:Creating environment hook '/root/data/project_ws/install/ros_gz_example_description/share/ros_gz_example_description/hook/cmake_prefix_path.ps1'
[0.946s] INFO:colcon.colcon_core.shell:Creating environment descriptor '/root/data/project_ws/install/ros_gz_example_description/share/ros_gz_example_description/hook/cmake_prefix_path.dsv'
[0.948s] INFO:colcon.colcon_core.shell:Creating environment hook '/root/data/project_ws/install/ros_gz_example_description/share/ros_gz_example_description/hook/cmake_prefix_path.sh'
[0.949s] Level 1:colcon.colcon_core.environment:checking '/root/data/project_ws/install/ros_gz_example_description/bin'
[0.952s] Level 1:colcon.colcon_core.environment:checking '/root/data/project_ws/install/ros_gz_example_description/lib/pkgconfig/ros_gz_example_description.pc'
[0.952s] Level 1:colcon.colcon_core.environment:checking '/root/data/project_ws/install/ros_gz_example_description/lib/python3.10/site-packages'
[0.955s] Level 1:colcon.colcon_core.environment:checking '/root/data/project_ws/install/ros_gz_example_description/bin'
[0.955s] INFO:colcon.colcon_core.shell:Creating package script '/root/data/project_ws/install/ros_gz_example_description/share/ros_gz_example_description/package.ps1'
[0.957s] INFO:colcon.colcon_core.shell:Creating package descriptor '/root/data/project_ws/install/ros_gz_example_description/share/ros_gz_example_description/package.dsv'
[0.957s] INFO:colcon.colcon_core.shell:Creating package script '/root/data/project_ws/install/ros_gz_example_description/share/ros_gz_example_description/package.sh'
[0.962s] INFO:colcon.colcon_core.shell:Creating package script '/root/data/project_ws/install/ros_gz_example_description/share/ros_gz_example_description/package.bash'
[0.963s] INFO:colcon.colcon_core.shell:Creating package script '/root/data/project_ws/install/ros_gz_example_description/share/ros_gz_example_description/package.zsh'
[0.964s] Level 1:colcon.colcon_core.environment:create_file_with_runtime_dependencies(/root/data/project_ws/install/ros_gz_example_description/share/colcon-core/packages/ros_gz_example_description)
[0.974s] DEBUG:colcon.colcon_core.event_handler.log_command:Invoking command in '/root/data/project_ws/build/hardware_link2': CMAKE_PREFIX_PATH=/opt/ros/humble /usr/bin/cmake --install /root/data/project_ws/build/hardware_link2
[0.980s] DEBUG:colcon.colcon_core.event_handler.log_command:Invoking command in '/root/data/project_ws/build/ros_gz_example_application': CMAKE_PREFIX_PATH=/opt/ros/humble /usr/bin/cmake --install /root/data/project_ws/build/ros_gz_example_application
[1.000s] Level 1:colcon.colcon_core.environment:create_environment_scripts_only(hardware_link2)
[1.001s] Level 1:colcon.colcon_core.environment:checking '/root/data/project_ws/install/hardware_link2' for CMake module files
[1.001s] Level 1:colcon.colcon_core.environment:checking '/root/data/project_ws/install/hardware_link2' for CMake config files
[1.002s] Level 1:colcon.colcon_core.shell:create_environment_hook('hardware_link2', 'cmake_prefix_path')
[1.002s] INFO:colcon.colcon_core.shell:Creating environment hook '/root/data/project_ws/install/hardware_link2/share/hardware_link2/hook/cmake_prefix_path.ps1'
[1.002s] INFO:colcon.colcon_core.shell:Creating environment descriptor '/root/data/project_ws/install/hardware_link2/share/hardware_link2/hook/cmake_prefix_path.dsv'
[1.003s] INFO:colcon.colcon_core.shell:Creating environment hook '/root/data/project_ws/install/hardware_link2/share/hardware_link2/hook/cmake_prefix_path.sh'
[1.003s] Level 1:colcon.colcon_core.environment:checking '/root/data/project_ws/install/hardware_link2/lib'
[1.004s] Level 1:colcon.colcon_core.shell:create_environment_hook('hardware_link2', 'ld_library_path_lib')
[1.004s] INFO:colcon.colcon_core.shell:Creating environment hook '/root/data/project_ws/install/hardware_link2/share/hardware_link2/hook/ld_library_path_lib.ps1'
[1.005s] DEBUG:colcon.colcon_core.event_handler.log_command:Invoked command in '/root/data/project_ws/build/hardware_link2' returned '0': CMAKE_PREFIX_PATH=/opt/ros/humble /usr/bin/cmake --install /root/data/project_ws/build/hardware_link2
[1.006s] INFO:colcon.colcon_core.shell:Creating environment descriptor '/root/data/project_ws/install/hardware_link2/share/hardware_link2/hook/ld_library_path_lib.dsv'
[1.007s] INFO:colcon.colcon_core.shell:Creating environment hook '/root/data/project_ws/install/hardware_link2/share/hardware_link2/hook/ld_library_path_lib.sh'
[1.007s] Level 1:colcon.colcon_core.environment:checking '/root/data/project_ws/install/hardware_link2/bin'
[1.007s] Level 1:colcon.colcon_core.environment:checking '/root/data/project_ws/install/hardware_link2/lib/pkgconfig/hardware_link2.pc'
[1.008s] Level 1:colcon.colcon_core.environment:checking '/root/data/project_ws/install/hardware_link2/lib/python3.10/site-packages'
[1.008s] Level 1:colcon.colcon_core.environment:checking '/root/data/project_ws/install/hardware_link2/bin'
[1.008s] INFO:colcon.colcon_core.shell:Creating package script '/root/data/project_ws/install/hardware_link2/share/hardware_link2/package.ps1'
[1.009s] INFO:colcon.colcon_core.shell:Creating package descriptor '/root/data/project_ws/install/hardware_link2/share/hardware_link2/package.dsv'
[1.010s] INFO:colcon.colcon_core.shell:Creating package script '/root/data/project_ws/install/hardware_link2/share/hardware_link2/package.sh'
[1.010s] INFO:colcon.colcon_core.shell:Creating package script '/root/data/project_ws/install/hardware_link2/share/hardware_link2/package.bash'
[1.011s] INFO:colcon.colcon_core.shell:Creating package script '/root/data/project_ws/install/hardware_link2/share/hardware_link2/package.zsh'
[1.012s] Level 1:colcon.colcon_core.environment:create_file_with_runtime_dependencies(/root/data/project_ws/install/hardware_link2/share/colcon-core/packages/hardware_link2)
[1.016s] Level 1:colcon.colcon_core.environment:create_environment_scripts_only(ros_gz_example_application)
[1.016s] Level 1:colcon.colcon_core.environment:checking '/root/data/project_ws/install/ros_gz_example_application' for CMake module files
[1.017s] Level 1:colcon.colcon_core.environment:checking '/root/data/project_ws/install/ros_gz_example_application' for CMake config files
[1.017s] Level 1:colcon.colcon_core.shell:create_environment_hook('ros_gz_example_application', 'cmake_prefix_path')
[1.017s] INFO:colcon.colcon_core.shell:Creating environment hook '/root/data/project_ws/install/ros_gz_example_application/share/ros_gz_example_application/hook/cmake_prefix_path.ps1'
[1.018s] INFO:colcon.colcon_core.shell:Creating environment descriptor '/root/data/project_ws/install/ros_gz_example_application/share/ros_gz_example_application/hook/cmake_prefix_path.dsv'
[1.018s] INFO:colcon.colcon_core.shell:Creating environment hook '/root/data/project_ws/install/ros_gz_example_application/share/ros_gz_example_application/hook/cmake_prefix_path.sh'
[1.019s] Level 1:colcon.colcon_core.environment:checking '/root/data/project_ws/install/ros_gz_example_application/bin'
[1.019s] Level 1:colcon.colcon_core.environment:checking '/root/data/project_ws/install/ros_gz_example_application/lib/pkgconfig/ros_gz_example_application.pc'
[1.019s] Level 1:colcon.colcon_core.environment:checking '/root/data/project_ws/install/ros_gz_example_application/lib/python3.10/site-packages'
[1.020s] DEBUG:colcon.colcon_core.event_handler.log_command:Invoked command in '/root/data/project_ws/build/ros_gz_example_application' returned '0': CMAKE_PREFIX_PATH=/opt/ros/humble /usr/bin/cmake --install /root/data/project_ws/build/ros_gz_example_application
[1.021s] Level 1:colcon.colcon_core.environment:checking '/root/data/project_ws/install/ros_gz_example_application/bin'
[1.021s] INFO:colcon.colcon_core.shell:Creating package script '/root/data/project_ws/install/ros_gz_example_application/share/ros_gz_example_application/package.ps1'
[1.023s] INFO:colcon.colcon_core.shell:Creating package descriptor '/root/data/project_ws/install/ros_gz_example_application/share/ros_gz_example_application/package.dsv'
[1.024s] INFO:colcon.colcon_core.shell:Creating package script '/root/data/project_ws/install/ros_gz_example_application/share/ros_gz_example_application/package.sh'
[1.026s] INFO:colcon.colcon_core.shell:Creating package script '/root/data/project_ws/install/ros_gz_example_application/share/ros_gz_example_application/package.bash'
[1.027s] INFO:colcon.colcon_core.shell:Creating package script '/root/data/project_ws/install/ros_gz_example_application/share/ros_gz_example_application/package.zsh'
[1.028s] Level 1:colcon.colcon_core.environment:create_file_with_runtime_dependencies(/root/data/project_ws/install/ros_gz_example_application/share/colcon-core/packages/ros_gz_example_application)
[1.031s] Level 1:colcon.colcon_core.environment:create_environment_scripts_only(ros_gz_example_description)
[1.031s] Level 1:colcon.colcon_core.environment:checking '/root/data/project_ws/install/ros_gz_example_description' for CMake module files
[1.032s] Level 1:colcon.colcon_core.environment:checking '/root/data/project_ws/install/ros_gz_example_description' for CMake config files
[1.032s] Level 1:colcon.colcon_core.shell:create_environment_hook('ros_gz_example_description', 'cmake_prefix_path')
[1.032s] INFO:colcon.colcon_core.shell:Creating environment hook '/root/data/project_ws/install/ros_gz_example_description/share/ros_gz_example_description/hook/cmake_prefix_path.ps1'
[1.033s] INFO:colcon.colcon_core.shell:Creating environment descriptor '/root/data/project_ws/install/ros_gz_example_description/share/ros_gz_example_description/hook/cmake_prefix_path.dsv'
[1.033s] INFO:colcon.colcon_core.shell:Creating environment hook '/root/data/project_ws/install/ros_gz_example_description/share/ros_gz_example_description/hook/cmake_prefix_path.sh'
[1.034s] Level 1:colcon.colcon_core.environment:checking '/root/data/project_ws/install/ros_gz_example_description/bin'
[1.034s] Level 1:colcon.colcon_core.environment:checking '/root/data/project_ws/install/ros_gz_example_description/lib/pkgconfig/ros_gz_example_description.pc'
[1.034s] Level 1:colcon.colcon_core.environment:checking '/root/data/project_ws/install/ros_gz_example_description/lib/python3.10/site-packages'
[1.034s] Level 1:colcon.colcon_core.environment:checking '/root/data/project_ws/install/ros_gz_example_description/bin'
[1.035s] INFO:colcon.colcon_core.shell:Creating package script '/root/data/project_ws/install/ros_gz_example_description/share/ros_gz_example_description/package.ps1'
[1.035s] INFO:colcon.colcon_core.shell:Creating package descriptor '/root/data/project_ws/install/ros_gz_example_description/share/ros_gz_example_description/package.dsv'
[1.036s] INFO:colcon.colcon_core.shell:Creating package script '/root/data/project_ws/install/ros_gz_example_description/share/ros_gz_example_description/package.sh'
[1.036s] INFO:colcon.colcon_core.shell:Creating package script '/root/data/project_ws/install/ros_gz_example_description/share/ros_gz_example_description/package.bash'
[1.037s] INFO:colcon.colcon_core.shell:Creating package script '/root/data/project_ws/install/ros_gz_example_description/share/ros_gz_example_description/package.zsh'
[1.037s] Level 1:colcon.colcon_core.environment:create_file_with_runtime_dependencies(/root/data/project_ws/install/ros_gz_example_description/share/colcon-core/packages/ros_gz_example_description)
[1.038s] INFO:colcon.colcon_ros.task.ament_cmake.build:Building ROS package in '/root/data/project_ws/src/ros_gz_example_gazebo' with build type 'ament_cmake'
[1.039s] INFO:colcon.colcon_cmake.task.cmake.build:Building CMake package in '/root/data/project_ws/src/ros_gz_example_gazebo'
[1.039s] INFO:colcon.colcon_core.shell:Skip shell extension 'powershell' for command environment: Not usable outside of PowerShell
[1.039s] DEBUG:colcon.colcon_core.shell:Skip shell extension 'dsv' for command environment
[1.050s] DEBUG:colcon.colcon_core.event_handler.log_command:Invoking command in '/root/data/project_ws/build/ros_gz_example_gazebo': AMENT_PREFIX_PATH=/root/data/project_ws/install/ros_gz_example_description:${AMENT_PREFIX_PATH} CMAKE_PREFIX_PATH=/root/data/project_ws/install/ros_gz_example_description:/opt/ros/humble IGN_GAZEBO_RESOURCE_PATH=/root/data/project_ws/install/ros_gz_example_description/share/ros_gz_example_description/models /usr/bin/cmake --build /root/data/project_ws/build/ros_gz_example_gazebo -- -j4 -l4
[1.075s] Level 1:colcon.colcon_core.environment:create_environment_scripts_only(ros_gz_example_application)
[1.075s] Level 1:colcon.colcon_core.environment:checking '/root/data/project_ws/install/ros_gz_example_application' for CMake module files
[1.076s] Level 1:colcon.colcon_core.environment:checking '/root/data/project_ws/install/ros_gz_example_application' for CMake config files
[1.077s] Level 1:colcon.colcon_core.shell:create_environment_hook('ros_gz_example_application', 'cmake_prefix_path')
[1.077s] INFO:colcon.colcon_core.shell:Creating environment hook '/root/data/project_ws/install/ros_gz_example_application/share/ros_gz_example_application/hook/cmake_prefix_path.ps1'
[1.078s] INFO:colcon.colcon_core.shell:Creating environment descriptor '/root/data/project_ws/install/ros_gz_example_application/share/ros_gz_example_application/hook/cmake_prefix_path.dsv'
[1.079s] INFO:colcon.colcon_core.shell:Creating environment hook '/root/data/project_ws/install/ros_gz_example_application/share/ros_gz_example_application/hook/cmake_prefix_path.sh'
[1.079s] Level 1:colcon.colcon_core.environment:checking '/root/data/project_ws/install/ros_gz_example_application/bin'
[1.080s] Level 1:colcon.colcon_core.environment:checking '/root/data/project_ws/install/ros_gz_example_application/lib/pkgconfig/ros_gz_example_application.pc'
[1.080s] Level 1:colcon.colcon_core.environment:checking '/root/data/project_ws/install/ros_gz_example_application/lib/python3.10/site-packages'
[1.080s] Level 1:colcon.colcon_core.environment:checking '/root/data/project_ws/install/ros_gz_example_application/bin'
[1.080s] INFO:colcon.colcon_core.shell:Creating package script '/root/data/project_ws/install/ros_gz_example_application/share/ros_gz_example_application/package.ps1'
[1.081s] INFO:colcon.colcon_core.shell:Creating package descriptor '/root/data/project_ws/install/ros_gz_example_application/share/ros_gz_example_application/package.dsv'
[1.082s] INFO:colcon.colcon_core.shell:Creating package script '/root/data/project_ws/install/ros_gz_example_application/share/ros_gz_example_application/package.sh'
[1.082s] INFO:colcon.colcon_core.shell:Creating package script '/root/data/project_ws/install/ros_gz_example_application/share/ros_gz_example_application/package.bash'
[1.083s] INFO:colcon.colcon_core.shell:Creating package script '/root/data/project_ws/install/ros_gz_example_application/share/ros_gz_example_application/package.zsh'
[1.083s] Level 1:colcon.colcon_core.environment:create_file_with_runtime_dependencies(/root/data/project_ws/install/ros_gz_example_application/share/colcon-core/packages/ros_gz_example_application)
[1.084s] Level 1:colcon.colcon_core.environment:create_environment_scripts_only(hardware_link2)
[1.085s] Level 1:colcon.colcon_core.environment:checking '/root/data/project_ws/install/hardware_link2' for CMake module files
[1.085s] Level 1:colcon.colcon_core.environment:checking '/root/data/project_ws/install/hardware_link2' for CMake config files
[1.087s] Level 1:colcon.colcon_core.shell:create_environment_hook('hardware_link2', 'cmake_prefix_path')
[1.088s] INFO:colcon.colcon_core.shell:Creating environment hook '/root/data/project_ws/install/hardware_link2/share/hardware_link2/hook/cmake_prefix_path.ps1'
[1.088s] INFO:colcon.colcon_core.shell:Creating environment descriptor '/root/data/project_ws/install/hardware_link2/share/hardware_link2/hook/cmake_prefix_path.dsv'
[1.089s] INFO:colcon.colcon_core.shell:Creating environment hook '/root/data/project_ws/install/hardware_link2/share/hardware_link2/hook/cmake_prefix_path.sh'
[1.090s] Level 1:colcon.colcon_core.environment:checking '/root/data/project_ws/install/hardware_link2/lib'
[1.090s] Level 1:colcon.colcon_core.shell:create_environment_hook('hardware_link2', 'ld_library_path_lib')
[1.090s] INFO:colcon.colcon_core.shell:Creating environment hook '/root/data/project_ws/install/hardware_link2/share/hardware_link2/hook/ld_library_path_lib.ps1'
[1.091s] INFO:colcon.colcon_core.shell:Creating environment descriptor '/root/data/project_ws/install/hardware_link2/share/hardware_link2/hook/ld_library_path_lib.dsv'
[1.092s] INFO:colcon.colcon_core.shell:Creating environment hook '/root/data/project_ws/install/hardware_link2/share/hardware_link2/hook/ld_library_path_lib.sh'
[1.092s] Level 1:colcon.colcon_core.environment:checking '/root/data/project_ws/install/hardware_link2/bin'
[1.092s] Level 1:colcon.colcon_core.environment:checking '/root/data/project_ws/install/hardware_link2/lib/pkgconfig/hardware_link2.pc'
[1.093s] Level 1:colcon.colcon_core.environment:checking '/root/data/project_ws/install/hardware_link2/lib/python3.10/site-packages'
[1.093s] Level 1:colcon.colcon_core.environment:checking '/root/data/project_ws/install/hardware_link2/bin'
[1.093s] INFO:colcon.colcon_core.shell:Creating package script '/root/data/project_ws/install/hardware_link2/share/hardware_link2/package.ps1'
[1.094s] INFO:colcon.colcon_core.shell:Creating package descriptor '/root/data/project_ws/install/hardware_link2/share/hardware_link2/package.dsv'
[1.095s] INFO:colcon.colcon_core.shell:Creating package script '/root/data/project_ws/install/hardware_link2/share/hardware_link2/package.sh'
[1.096s] INFO:colcon.colcon_core.shell:Creating package script '/root/data/project_ws/install/hardware_link2/share/hardware_link2/package.bash'
[1.096s] INFO:colcon.colcon_core.shell:Creating package script '/root/data/project_ws/install/hardware_link2/share/hardware_link2/package.zsh'
[1.097s] Level 1:colcon.colcon_core.environment:create_file_with_runtime_dependencies(/root/data/project_ws/install/hardware_link2/share/colcon-core/packages/hardware_link2)
[1.166s] DEBUG:colcon.colcon_core.event_handler.log_command:Invoked command in '/root/data/project_ws/build/ros_gz_example_gazebo' returned '0': AMENT_PREFIX_PATH=/root/data/project_ws/install/ros_gz_example_description:${AMENT_PREFIX_PATH} CMAKE_PREFIX_PATH=/root/data/project_ws/install/ros_gz_example_description:/opt/ros/humble IGN_GAZEBO_RESOURCE_PATH=/root/data/project_ws/install/ros_gz_example_description/share/ros_gz_example_description/models /usr/bin/cmake --build /root/data/project_ws/build/ros_gz_example_gazebo -- -j4 -l4
[1.213s] DEBUG:colcon.colcon_core.event_handler.log_command:Invoking command in '/root/data/project_ws/build/ros_gz_example_gazebo': AMENT_PREFIX_PATH=/root/data/project_ws/install/ros_gz_example_description:${AMENT_PREFIX_PATH} CMAKE_PREFIX_PATH=/root/data/project_ws/install/ros_gz_example_description:/opt/ros/humble IGN_GAZEBO_RESOURCE_PATH=/root/data/project_ws/install/ros_gz_example_description/share/ros_gz_example_description/models /usr/bin/cmake --install /root/data/project_ws/build/ros_gz_example_gazebo
[1.240s] Level 1:colcon.colcon_core.environment:create_environment_scripts_only(ros_gz_example_gazebo)
[1.240s] Level 1:colcon.colcon_core.environment:checking '/root/data/project_ws/install/ros_gz_example_gazebo' for CMake module files
[1.241s] DEBUG:colcon.colcon_core.event_handler.log_command:Invoked command in '/root/data/project_ws/build/ros_gz_example_gazebo' returned '0': AMENT_PREFIX_PATH=/root/data/project_ws/install/ros_gz_example_description:${AMENT_PREFIX_PATH} CMAKE_PREFIX_PATH=/root/data/project_ws/install/ros_gz_example_description:/opt/ros/humble IGN_GAZEBO_RESOURCE_PATH=/root/data/project_ws/install/ros_gz_example_description/share/ros_gz_example_description/models /usr/bin/cmake --install /root/data/project_ws/build/ros_gz_example_gazebo
[1.241s] Level 1:colcon.colcon_core.environment:checking '/root/data/project_ws/install/ros_gz_example_gazebo' for CMake config files
[1.241s] Level 1:colcon.colcon_core.shell:create_environment_hook('ros_gz_example_gazebo', 'cmake_prefix_path')
[1.242s] INFO:colcon.colcon_core.shell:Creating environment hook '/root/data/project_ws/install/ros_gz_example_gazebo/share/ros_gz_example_gazebo/hook/cmake_prefix_path.ps1'
[1.242s] INFO:colcon.colcon_core.shell:Creating environment descriptor '/root/data/project_ws/install/ros_gz_example_gazebo/share/ros_gz_example_gazebo/hook/cmake_prefix_path.dsv'
[1.243s] INFO:colcon.colcon_core.shell:Creating environment hook '/root/data/project_ws/install/ros_gz_example_gazebo/share/ros_gz_example_gazebo/hook/cmake_prefix_path.sh'
[1.243s] Level 1:colcon.colcon_core.environment:checking '/root/data/project_ws/install/ros_gz_example_gazebo/lib'
[1.243s] Level 1:colcon.colcon_core.environment:checking '/root/data/project_ws/install/ros_gz_example_gazebo/bin'
[1.243s] Level 1:colcon.colcon_core.environment:checking '/root/data/project_ws/install/ros_gz_example_gazebo/lib/pkgconfig/ros_gz_example_gazebo.pc'
[1.244s] Level 1:colcon.colcon_core.environment:checking '/root/data/project_ws/install/ros_gz_example_gazebo/lib/python3.10/site-packages'
[1.244s] Level 1:colcon.colcon_core.environment:checking '/root/data/project_ws/install/ros_gz_example_gazebo/bin'
[1.244s] INFO:colcon.colcon_core.shell:Creating package script '/root/data/project_ws/install/ros_gz_example_gazebo/share/ros_gz_example_gazebo/package.ps1'
[1.245s] INFO:colcon.colcon_core.shell:Creating package descriptor '/root/data/project_ws/install/ros_gz_example_gazebo/share/ros_gz_example_gazebo/package.dsv'
[1.246s] INFO:colcon.colcon_core.shell:Creating package script '/root/data/project_ws/install/ros_gz_example_gazebo/share/ros_gz_example_gazebo/package.sh'
[1.246s] INFO:colcon.colcon_core.shell:Creating package script '/root/data/project_ws/install/ros_gz_example_gazebo/share/ros_gz_example_gazebo/package.bash'
[1.247s] INFO:colcon.colcon_core.shell:Creating package script '/root/data/project_ws/install/ros_gz_example_gazebo/share/ros_gz_example_gazebo/package.zsh'
[1.247s] Level 1:colcon.colcon_core.environment:create_file_with_runtime_dependencies(/root/data/project_ws/install/ros_gz_example_gazebo/share/colcon-core/packages/ros_gz_example_gazebo)
[1.292s] Level 1:colcon.colcon_core.environment:create_environment_scripts_only(ros_gz_example_gazebo)
[1.293s] Level 1:colcon.colcon_core.environment:checking '/root/data/project_ws/install/ros_gz_example_gazebo' for CMake module files
[1.293s] Level 1:colcon.colcon_core.environment:checking '/root/data/project_ws/install/ros_gz_example_gazebo' for CMake config files
[1.294s] Level 1:colcon.colcon_core.shell:create_environment_hook('ros_gz_example_gazebo', 'cmake_prefix_path')
[1.295s] INFO:colcon.colcon_core.shell:Creating environment hook '/root/data/project_ws/install/ros_gz_example_gazebo/share/ros_gz_example_gazebo/hook/cmake_prefix_path.ps1'
[1.296s] INFO:colcon.colcon_core.shell:Creating environment descriptor '/root/data/project_ws/install/ros_gz_example_gazebo/share/ros_gz_example_gazebo/hook/cmake_prefix_path.dsv'
[1.296s] INFO:colcon.colcon_core.shell:Creating environment hook '/root/data/project_ws/install/ros_gz_example_gazebo/share/ros_gz_example_gazebo/hook/cmake_prefix_path.sh'
[1.297s] Level 1:colcon.colcon_core.environment:checking '/root/data/project_ws/install/ros_gz_example_gazebo/lib'
[1.297s] Level 1:colcon.colcon_core.environment:checking '/root/data/project_ws/install/ros_gz_example_gazebo/bin'
[1.297s] Level 1:colcon.colcon_core.environment:checking '/root/data/project_ws/install/ros_gz_example_gazebo/lib/pkgconfig/ros_gz_example_gazebo.pc'
[1.298s] Level 1:colcon.colcon_core.environment:checking '/root/data/project_ws/install/ros_gz_example_gazebo/lib/python3.10/site-packages'
[1.298s] Level 1:colcon.colcon_core.environment:checking '/root/data/project_ws/install/ros_gz_example_gazebo/bin'
[1.298s] INFO:colcon.colcon_core.shell:Creating package script '/root/data/project_ws/install/ros_gz_example_gazebo/share/ros_gz_example_gazebo/package.ps1'
[1.299s] INFO:colcon.colcon_core.shell:Creating package descriptor '/root/data/project_ws/install/ros_gz_example_gazebo/share/ros_gz_example_gazebo/package.dsv'
[1.300s] INFO:colcon.colcon_core.shell:Creating package script '/root/data/project_ws/install/ros_gz_example_gazebo/share/ros_gz_example_gazebo/package.sh'
[1.300s] INFO:colcon.colcon_core.shell:Creating package script '/root/data/project_ws/install/ros_gz_example_gazebo/share/ros_gz_example_gazebo/package.bash'
[1.301s] INFO:colcon.colcon_core.shell:Creating package script '/root/data/project_ws/install/ros_gz_example_gazebo/share/ros_gz_example_gazebo/package.zsh'
[1.301s] Level 1:colcon.colcon_core.environment:create_file_with_runtime_dependencies(/root/data/project_ws/install/ros_gz_example_gazebo/share/colcon-core/packages/ros_gz_example_gazebo)
[1.302s] INFO:colcon.colcon_ros.task.ament_cmake.build:Building ROS package in '/root/data/project_ws/src/ros_gz_example_bringup' with build type 'ament_cmake'
[1.302s] INFO:colcon.colcon_cmake.task.cmake.build:Building CMake package in '/root/data/project_ws/src/ros_gz_example_bringup'
[1.303s] INFO:colcon.colcon_core.shell:Skip shell extension 'powershell' for command environment: Not usable outside of PowerShell
[1.303s] DEBUG:colcon.colcon_core.shell:Skip shell extension 'dsv' for command environment
[1.318s] DEBUG:colcon.colcon_core.event_handler.log_command:Invoking command in '/root/data/project_ws/build/ros_gz_example_bringup': AMENT_PREFIX_PATH=/root/data/project_ws/install/ros_gz_example_gazebo:/root/data/project_ws/install/ros_gz_example_description:${AMENT_PREFIX_PATH} CMAKE_PREFIX_PATH=/root/data/project_ws/install/ros_gz_example_gazebo:/root/data/project_ws/install/ros_gz_example_description:/opt/ros/humble IGN_GAZEBO_PLUGIN_PATH=/root/data/project_ws/install/ros_gz_example_gazebo/lib/ros_gz_example_gazebo IGN_GAZEBO_RESOURCE_PATH=/root/data/project_ws/install/ros_gz_example_gazebo/share/ros_gz_example_gazebo/worlds:/root/data/project_ws/install/ros_gz_example_description/share/ros_gz_example_description/models /usr/bin/cmake --build /root/data/project_ws/build/ros_gz_example_bringup -- -j4 -l4
[1.379s] DEBUG:colcon.colcon_core.event_handler.log_command:Invoked command in '/root/data/project_ws/build/ros_gz_example_bringup' returned '0': AMENT_PREFIX_PATH=/root/data/project_ws/install/ros_gz_example_gazebo:/root/data/project_ws/install/ros_gz_example_description:${AMENT_PREFIX_PATH} CMAKE_PREFIX_PATH=/root/data/project_ws/install/ros_gz_example_gazebo:/root/data/project_ws/install/ros_gz_example_description:/opt/ros/humble IGN_GAZEBO_PLUGIN_PATH=/root/data/project_ws/install/ros_gz_example_gazebo/lib/ros_gz_example_gazebo IGN_GAZEBO_RESOURCE_PATH=/root/data/project_ws/install/ros_gz_example_gazebo/share/ros_gz_example_gazebo/worlds:/root/data/project_ws/install/ros_gz_example_description/share/ros_gz_example_description/models /usr/bin/cmake --build /root/data/project_ws/build/ros_gz_example_bringup -- -j4 -l4
[1.395s] DEBUG:colcon.colcon_core.event_handler.log_command:Invoking command in '/root/data/project_ws/src/my_package': PYTHONPATH=/root/data/project_ws/build/my_package/prefix_override:/usr/local/lib/python3.10/dist-packages/colcon_core/task/python/colcon_distutils_commands:/root/data/project_ws/install/my_package/lib/python3.10/site-packages:${PYTHONPATH} /usr/bin/python3 -W ignore:setup.py install is deprecated setup.py egg_info --egg-base ../../build/my_package build --build-base /root/data/project_ws/build/my_package/build install --record /root/data/project_ws/build/my_package/install.log --single-version-externally-managed install_data
[1.416s] DEBUG:colcon.colcon_core.event_handler.log_command:Invoking command in '/root/data/project_ws/build/ros_gz_example_bringup': AMENT_PREFIX_PATH=/root/data/project_ws/install/ros_gz_example_gazebo:/root/data/project_ws/install/ros_gz_example_description:${AMENT_PREFIX_PATH} CMAKE_PREFIX_PATH=/root/data/project_ws/install/ros_gz_example_gazebo:/root/data/project_ws/install/ros_gz_example_description:/opt/ros/humble IGN_GAZEBO_PLUGIN_PATH=/root/data/project_ws/install/ros_gz_example_gazebo/lib/ros_gz_example_gazebo IGN_GAZEBO_RESOURCE_PATH=/root/data/project_ws/install/ros_gz_example_gazebo/share/ros_gz_example_gazebo/worlds:/root/data/project_ws/install/ros_gz_example_description/share/ros_gz_example_description/models /usr/bin/cmake --install /root/data/project_ws/build/ros_gz_example_bringup
[1.431s] Level 1:colcon.colcon_core.environment:create_environment_scripts_only(ros_gz_example_bringup)
[1.432s] Level 1:colcon.colcon_core.environment:checking '/root/data/project_ws/install/ros_gz_example_bringup' for CMake module files
[1.432s] Level 1:colcon.colcon_core.environment:checking '/root/data/project_ws/install/ros_gz_example_bringup' for CMake config files
[1.433s] Level 1:colcon.colcon_core.shell:create_environment_hook('ros_gz_example_bringup', 'cmake_prefix_path')
[1.433s] INFO:colcon.colcon_core.shell:Creating environment hook '/root/data/project_ws/install/ros_gz_example_bringup/share/ros_gz_example_bringup/hook/cmake_prefix_path.ps1'
[1.433s] INFO:colcon.colcon_core.shell:Creating environment descriptor '/root/data/project_ws/install/ros_gz_example_bringup/share/ros_gz_example_bringup/hook/cmake_prefix_path.dsv'
[1.434s] INFO:colcon.colcon_core.shell:Creating environment hook '/root/data/project_ws/install/ros_gz_example_bringup/share/ros_gz_example_bringup/hook/cmake_prefix_path.sh'
[1.434s] Level 1:colcon.colcon_core.environment:checking '/root/data/project_ws/install/ros_gz_example_bringup/bin'
[1.434s] Level 1:colcon.colcon_core.environment:checking '/root/data/project_ws/install/ros_gz_example_bringup/lib/pkgconfig/ros_gz_example_bringup.pc'
[1.435s] Level 1:colcon.colcon_core.environment:checking '/root/data/project_ws/install/ros_gz_example_bringup/lib/python3.10/site-packages'
[1.435s] Level 1:colcon.colcon_core.environment:checking '/root/data/project_ws/install/ros_gz_example_bringup/bin'
[1.435s] INFO:colcon.colcon_core.shell:Creating package script '/root/data/project_ws/install/ros_gz_example_bringup/share/ros_gz_example_bringup/package.ps1'
[1.436s] INFO:colcon.colcon_core.shell:Creating package descriptor '/root/data/project_ws/install/ros_gz_example_bringup/share/ros_gz_example_bringup/package.dsv'
[1.436s] INFO:colcon.colcon_core.shell:Creating package script '/root/data/project_ws/install/ros_gz_example_bringup/share/ros_gz_example_bringup/package.sh'
[1.437s] DEBUG:colcon.colcon_core.event_handler.log_command:Invoked command in '/root/data/project_ws/build/ros_gz_example_bringup' returned '0': AMENT_PREFIX_PATH=/root/data/project_ws/install/ros_gz_example_gazebo:/root/data/project_ws/install/ros_gz_example_description:${AMENT_PREFIX_PATH} CMAKE_PREFIX_PATH=/root/data/project_ws/install/ros_gz_example_gazebo:/root/data/project_ws/install/ros_gz_example_description:/opt/ros/humble IGN_GAZEBO_PLUGIN_PATH=/root/data/project_ws/install/ros_gz_example_gazebo/lib/ros_gz_example_gazebo IGN_GAZEBO_RESOURCE_PATH=/root/data/project_ws/install/ros_gz_example_gazebo/share/ros_gz_example_gazebo/worlds:/root/data/project_ws/install/ros_gz_example_description/share/ros_gz_example_description/models /usr/bin/cmake --install /root/data/project_ws/build/ros_gz_example_bringup
[1.437s] INFO:colcon.colcon_core.shell:Creating package script '/root/data/project_ws/install/ros_gz_example_bringup/share/ros_gz_example_bringup/package.bash'
[1.438s] INFO:colcon.colcon_core.shell:Creating package script '/root/data/project_ws/install/ros_gz_example_bringup/share/ros_gz_example_bringup/package.zsh'
[1.438s] Level 1:colcon.colcon_core.environment:create_file_with_runtime_dependencies(/root/data/project_ws/install/ros_gz_example_bringup/share/colcon-core/packages/ros_gz_example_bringup)
[1.474s] Level 1:colcon.colcon_core.environment:create_environment_scripts_only(ros_gz_example_bringup)
[1.475s] Level 1:colcon.colcon_core.environment:checking '/root/data/project_ws/install/ros_gz_example_bringup' for CMake module files
[1.476s] Level 1:colcon.colcon_core.environment:checking '/root/data/project_ws/install/ros_gz_example_bringup' for CMake config files
[1.476s] Level 1:colcon.colcon_core.shell:create_environment_hook('ros_gz_example_bringup', 'cmake_prefix_path')
[1.477s] INFO:colcon.colcon_core.shell:Creating environment hook '/root/data/project_ws/install/ros_gz_example_bringup/share/ros_gz_example_bringup/hook/cmake_prefix_path.ps1'
[1.478s] INFO:colcon.colcon_core.shell:Creating environment descriptor '/root/data/project_ws/install/ros_gz_example_bringup/share/ros_gz_example_bringup/hook/cmake_prefix_path.dsv'
[1.479s] INFO:colcon.colcon_core.shell:Creating environment hook '/root/data/project_ws/install/ros_gz_example_bringup/share/ros_gz_example_bringup/hook/cmake_prefix_path.sh'
[1.480s] Level 1:colcon.colcon_core.environment:checking '/root/data/project_ws/install/ros_gz_example_bringup/bin'
[1.480s] Level 1:colcon.colcon_core.environment:checking '/root/data/project_ws/install/ros_gz_example_bringup/lib/pkgconfig/ros_gz_example_bringup.pc'
[1.481s] Level 1:colcon.colcon_core.environment:checking '/root/data/project_ws/install/ros_gz_example_bringup/lib/python3.10/site-packages'
[1.481s] Level 1:colcon.colcon_core.environment:checking '/root/data/project_ws/install/ros_gz_example_bringup/bin'
[1.482s] INFO:colcon.colcon_core.shell:Creating package script '/root/data/project_ws/install/ros_gz_example_bringup/share/ros_gz_example_bringup/package.ps1'
[1.483s] INFO:colcon.colcon_core.shell:Creating package descriptor '/root/data/project_ws/install/ros_gz_example_bringup/share/ros_gz_example_bringup/package.dsv'
[1.484s] INFO:colcon.colcon_core.shell:Creating package script '/root/data/project_ws/install/ros_gz_example_bringup/share/ros_gz_example_bringup/package.sh'
[1.485s] INFO:colcon.colcon_core.shell:Creating package script '/root/data/project_ws/install/ros_gz_example_bringup/share/ros_gz_example_bringup/package.bash'
[1.486s] INFO:colcon.colcon_core.shell:Creating package script '/root/data/project_ws/install/ros_gz_example_bringup/share/ros_gz_example_bringup/package.zsh'
[1.488s] Level 1:colcon.colcon_core.environment:create_file_with_runtime_dependencies(/root/data/project_ws/install/ros_gz_example_bringup/share/colcon-core/packages/ros_gz_example_bringup)
[1.784s] Level 1:colcon.colcon_core.environment:checking '/root/data/project_ws/install/my_package' for CMake module files
[1.785s] DEBUG:colcon.colcon_core.event_handler.log_command:Invoked command in '/root/data/project_ws/src/my_package' returned '0': PYTHONPATH=/root/data/project_ws/build/my_package/prefix_override:/usr/local/lib/python3.10/dist-packages/colcon_core/task/python/colcon_distutils_commands:/root/data/project_ws/install/my_package/lib/python3.10/site-packages:${PYTHONPATH} /usr/bin/python3 -W ignore:setup.py install is deprecated setup.py egg_info --egg-base ../../build/my_package build --build-base /root/data/project_ws/build/my_package/build install --record /root/data/project_ws/build/my_package/install.log --single-version-externally-managed install_data
[1.786s] Level 1:colcon.colcon_core.environment:checking '/root/data/project_ws/install/my_package' for CMake config files
[1.786s] Level 1:colcon.colcon_core.environment:checking '/root/data/project_ws/install/my_package/lib'
[1.787s] Level 1:colcon.colcon_core.environment:checking '/root/data/project_ws/install/my_package/bin'
[1.787s] Level 1:colcon.colcon_core.environment:checking '/root/data/project_ws/install/my_package/lib/pkgconfig/my_package.pc'
[1.787s] Level 1:colcon.colcon_core.environment:checking '/root/data/project_ws/install/my_package/lib/python3.10/site-packages'
[1.787s] Level 1:colcon.colcon_core.shell:create_environment_hook('my_package', 'pythonpath')
[1.787s] INFO:colcon.colcon_core.shell:Creating environment hook '/root/data/project_ws/install/my_package/share/my_package/hook/pythonpath.ps1'
[1.788s] INFO:colcon.colcon_core.shell:Creating environment descriptor '/root/data/project_ws/install/my_package/share/my_package/hook/pythonpath.dsv'
[1.788s] INFO:colcon.colcon_core.shell:Creating environment hook '/root/data/project_ws/install/my_package/share/my_package/hook/pythonpath.sh'
[1.789s] Level 1:colcon.colcon_core.environment:checking '/root/data/project_ws/install/my_package/bin'
[1.789s] Level 1:colcon.colcon_core.environment:create_environment_scripts_only(my_package)
[1.790s] INFO:colcon.colcon_core.shell:Creating package script '/root/data/project_ws/install/my_package/share/my_package/package.ps1'
[1.790s] INFO:colcon.colcon_core.shell:Creating package descriptor '/root/data/project_ws/install/my_package/share/my_package/package.dsv'
[1.791s] INFO:colcon.colcon_core.shell:Creating package script '/root/data/project_ws/install/my_package/share/my_package/package.sh'
[1.791s] INFO:colcon.colcon_core.shell:Creating package script '/root/data/project_ws/install/my_package/share/my_package/package.bash'
[1.792s] INFO:colcon.colcon_core.shell:Creating package script '/root/data/project_ws/install/my_package/share/my_package/package.zsh'
[1.792s] Level 1:colcon.colcon_core.environment:create_file_with_runtime_dependencies(/root/data/project_ws/install/my_package/share/colcon-core/packages/my_package)
[1.793s] DEBUG:colcon.colcon_parallel_executor.executor.parallel:closing loop
[1.793s] DEBUG:colcon.colcon_parallel_executor.executor.parallel:loop closed
[1.793s] DEBUG:colcon.colcon_parallel_executor.executor.parallel:run_until_complete finished with '0'
[1.793s] DEBUG:colcon.colcon_core.event_reactor:joining thread
[1.800s] INFO:colcon.colcon_core.plugin_system:Skipping extension 'colcon_notification.desktop_notification.notify_send': Could not find 'notify-send'
[1.800s] INFO:colcon.colcon_core.plugin_system:Skipping extension 'colcon_notification.desktop_notification.terminal_notifier': Not used on non-Darwin systems
[1.800s] INFO:colcon.colcon_core.plugin_system:Skipping extension 'colcon_notification.desktop_notification.win32': Not used on non-Windows systems
[1.800s] INFO:colcon.colcon_notification.desktop_notification:Sending desktop notification using 'notify2'
[1.804s] DEBUG:colcon.colcon_notification.desktop_notification.notify2:Failed to initialize notify2: org.freedesktop.DBus.Error.Spawn.ExecFailed: /usr/bin/dbus-launch terminated abnormally without any error message
[1.804s] DEBUG:colcon.colcon_core.event_reactor:joined thread
[1.805s] INFO:colcon.colcon_core.shell:Creating prefix script '/root/data/project_ws/install/local_setup.ps1'
[1.807s] INFO:colcon.colcon_core.shell:Creating prefix util module '/root/data/project_ws/install/_local_setup_util_ps1.py'
[1.809s] INFO:colcon.colcon_core.shell:Creating prefix chain script '/root/data/project_ws/install/setup.ps1'
[1.810s] INFO:colcon.colcon_core.shell:Creating prefix script '/root/data/project_ws/install/local_setup.sh'
[1.810s] INFO:colcon.colcon_core.shell:Creating prefix util module '/root/data/project_ws/install/_local_setup_util_sh.py'
[1.811s] INFO:colcon.colcon_core.shell:Creating prefix chain script '/root/data/project_ws/install/setup.sh'
[1.813s] INFO:colcon.colcon_core.shell:Creating prefix script '/root/data/project_ws/install/local_setup.bash'
[1.813s] INFO:colcon.colcon_core.shell:Creating prefix chain script '/root/data/project_ws/install/setup.bash'
[1.815s] INFO:colcon.colcon_core.shell:Creating prefix script '/root/data/project_ws/install/local_setup.zsh'
[1.815s] INFO:colcon.colcon_core.shell:Creating prefix chain script '/root/data/project_ws/install/setup.zsh'
