[0.031s] Invoking command in '/root/data/project_ws/build/hardware_link2': CMAKE_PREFIX_PATH=/opt/ros/humble /usr/bin/cmake --build /root/data/project_ws/build/hardware_link2 -- -j4 -l4
[0.390s] [35m[1mConsolidate compiler generated dependencies of target hardware_link2[0m
[0.391s] [ 11%] [32mBuilding CXX object CMakeFiles/hardware_link2.dir/src/hardware_link2.cpp.o[0m
[0.391s] [ 44%] Built target gmock
[0.391s] [ 66%] Built target gmock_main
[0.391s] [ 88%] Built target test_hardware_link2
[1.576s] In file included from [01m[K/root/data/project_ws/src/hardware_link2/src/hardware_link2.cpp:20[m[K:
[1.577s] [01m[K/root/data/project_ws/src/hardware_link2/include/hardware_link2/hardware_link2.hpp:40:3:[m[K [01;31m[Kerror: [m[Kreturn type specification for constructor invalid
[1.577s]    40 |   [01;31m[Kvoid[m[K Wheel() {
[1.577s]       |   [01;31m[K^~~~[m[K
[1.577s] [01m[K/root/data/project_ws/src/hardware_link2/include/hardware_link2/hardware_link2.hpp:46:2:[m[K [01;31m[Kerror: [m[Kexpected ‘[01m[K;[m[K’ after class definition
[1.577s]    46 | }
[1.577s]       |  [01;31m[K^[m[K
[1.577s]       |  [32m[K;[m[K
[1.581s] [01m[K/root/data/project_ws/src/hardware_link2/include/hardware_link2/hardware_link2.hpp:[m[K In constructor ‘[01m[Khardware_link2::Wheel::Wheel()[m[K’:
[1.581s] [01m[K/root/data/project_ws/src/hardware_link2/include/hardware_link2/hardware_link2.hpp:41:24:[m[K [01;31m[Kerror: [m[K‘[01m[Kinfo_[m[K’ was not declared in this scope
[1.581s]    41 |       state_vel.resize([01;31m[Kinfo_[m[K.joints.size(), std::numeric_limits<double>::quiet_NaN());
[1.581s]       |                        [01;31m[K^~~~~[m[K
[3.742s] [01m[K/root/data/project_ws/src/hardware_link2/src/hardware_link2.cpp:[m[K In member function ‘[01m[Kvirtual std::vector<hardware_interface::StateInterface> hardware_link2::HardwareLinkInterface::export_state_interfaces()[m[K’:
[3.742s] [01m[K/root/data/project_ws/src/hardware_link2/src/hardware_link2.cpp:57:78:[m[K [01;31m[Kerror: [m[K‘[01m[Kclass hardware_link2::Wheel[m[K’ has no member named ‘[01m[Kstate_pos[m[K’; did you mean ‘[01m[Kstete_pos[m[K’?
[3.742s]    57 |         info_.joints[i].name, hardware_interface::HW_IF_POSITION, &wheels[0].[01;31m[Kstate_pos[m[K));
[3.742s]       |                                                                              [01;31m[K^~~~~~~~~[m[K
[3.743s]       |                                                                              [32m[Kstete_pos[m[K
[3.743s] [01m[K/root/data/project_ws/src/hardware_link2/src/hardware_link2.cpp:59:87:[m[K [01;31m[Kerror: [m[Kno matching function for call to ‘[01m[Khardware_interface::StateInterface::StateInterface(std::string&, const char [9], std::vector<double>*)[m[K’
[3.743s]    59 |         info_.joints[i].name, hardware_interface::HW_IF_VELOCITY, &wheels[0].state_vel[01;31m[K)[m[K);
[3.743s]       |                                                                                       [01;31m[K^[m[K
[3.743s] In file included from [01m[K/opt/ros/humble/include/hardware_interface/system_interface.hpp:22[m[K,
[3.743s]                  from [01m[K/root/data/project_ws/src/hardware_link2/include/hardware_link2/hardware_link2.hpp:23[m[K,
[3.743s]                  from [01m[K/root/data/project_ws/src/hardware_link2/src/hardware_link2.cpp:20[m[K:
[3.743s] [01m[K/opt/ros/humble/include/hardware_interface/handle.hpp:30:3:[m[K [01;36m[Knote: [m[Kcandidate: ‘[01m[Khardware_interface::ReadOnlyHandle::ReadOnlyHandle(const string&, const string&, double*)[m[K’
[3.743s]    30 |   [01;36m[KReadOnlyHandle[m[K(
[3.743s]       |   [01;36m[K^~~~~~~~~~~~~~[m[K
[3.743s] [01m[K/opt/ros/humble/include/hardware_interface/handle.hpp:123:25:[m[K [01;36m[Knote: [m[K  inherited here
[3.743s]   123 |   using ReadOnlyHandle::[01;36m[KReadOnlyHandle[m[K;
[3.743s]       |                         [01;36m[K^~~~~~~~~~~~~~[m[K
[3.744s] [01m[K/opt/ros/humble/include/hardware_interface/handle.hpp:32:14:[m[K [01;36m[Knote: [m[K  no known conversion for argument 3 from ‘[01m[Kstd::vector<double>*[m[K’ to ‘[01m[Kdouble*[m[K’
[3.744s]    32 |     [01;36m[Kdouble * value_ptr = nullptr[m[K)
[3.744s]       |     [01;36m[K~~~~~~~~~^~~~~~~~~~~~~~~~~~~[m[K
[3.744s] [01m[K/opt/ros/humble/include/hardware_interface/handle.hpp:37:12:[m[K [01;36m[Knote: [m[Kcandidate: ‘[01m[Khardware_interface::ReadOnlyHandle::ReadOnlyHandle(const string&)[m[K’
[3.744s]    37 |   explicit [01;36m[KReadOnlyHandle[m[K(const std::string & interface_name)
[3.744s]       |            [01;36m[K^~~~~~~~~~~~~~[m[K
[3.744s] [01m[K/opt/ros/humble/include/hardware_interface/handle.hpp:123:25:[m[K [01;36m[Knote: [m[K  inherited here
[3.744s]   123 |   using ReadOnlyHandle::[01;36m[KReadOnlyHandle[m[K;
[3.744s]       |                         [01;36m[K^~~~~~~~~~~~~~[m[K
[3.745s] [01m[K/opt/ros/humble/include/hardware_interface/handle.hpp:123:25:[m[K [01;36m[Knote: [m[K  candidate expects 1 argument, 3 provided
[3.745s] [01m[K/opt/ros/humble/include/hardware_interface/handle.hpp:42:12:[m[K [01;36m[Knote: [m[Kcandidate: ‘[01m[Khardware_interface::ReadOnlyHandle::ReadOnlyHandle(const char*)[m[K’
[3.745s]    42 |   explicit [01;36m[KReadOnlyHandle[m[K(const char * interface_name)
[3.745s]       |            [01;36m[K^~~~~~~~~~~~~~[m[K
[3.745s] [01m[K/opt/ros/humble/include/hardware_interface/handle.hpp:123:25:[m[K [01;36m[Knote: [m[K  inherited here
[3.745s]   123 |   using ReadOnlyHandle::[01;36m[KReadOnlyHandle[m[K;
[3.745s]       |                         [01;36m[K^~~~~~~~~~~~~~[m[K
[3.745s] [01m[K/opt/ros/humble/include/hardware_interface/handle.hpp:123:25:[m[K [01;36m[Knote: [m[K  candidate expects 1 argument, 3 provided
[3.745s] [01m[K/opt/ros/humble/include/hardware_interface/handle.hpp:47:3:[m[K [01;36m[Knote: [m[Kcandidate: ‘[01m[Khardware_interface::ReadOnlyHandle::ReadOnlyHandle(const hardware_interface::ReadOnlyHandle&)[m[K’
[3.745s]    47 |   [01;36m[KReadOnlyHandle[m[K(const ReadOnlyHandle & other) = default;
[3.745s]       |   [01;36m[K^~~~~~~~~~~~~~[m[K
[3.745s] [01m[K/opt/ros/humble/include/hardware_interface/handle.hpp:123:25:[m[K [01;36m[Knote: [m[K  inherited here
[3.745s]   123 |   using ReadOnlyHandle::[01;36m[KReadOnlyHandle[m[K;
[3.746s]       |                         [01;36m[K^~~~~~~~~~~~~~[m[K
[3.746s] [01m[K/opt/ros/humble/include/hardware_interface/handle.hpp:123:25:[m[K [01;36m[Knote: [m[K  candidate expects 1 argument, 3 provided
[3.746s] [01m[K/opt/ros/humble/include/hardware_interface/handle.hpp:49:3:[m[K [01;36m[Knote: [m[Kcandidate: ‘[01m[Khardware_interface::ReadOnlyHandle::ReadOnlyHandle(hardware_interface::ReadOnlyHandle&&)[m[K’
[3.746s]    49 |   [01;36m[KReadOnlyHandle[m[K(ReadOnlyHandle && other) = default;
[3.746s]       |   [01;36m[K^~~~~~~~~~~~~~[m[K
[3.746s] [01m[K/opt/ros/humble/include/hardware_interface/handle.hpp:123:25:[m[K [01;36m[Knote: [m[K  inherited here
[3.746s]   123 |   using ReadOnlyHandle::[01;36m[KReadOnlyHandle[m[K;
[3.746s]       |                         [01;36m[K^~~~~~~~~~~~~~[m[K
[3.746s] [01m[K/opt/ros/humble/include/hardware_interface/handle.hpp:123:25:[m[K [01;36m[Knote: [m[K  candidate expects 1 argument, 3 provided
[3.746s] [01m[K/opt/ros/humble/include/hardware_interface/handle.hpp:121:3:[m[K [01;36m[Knote: [m[Kcandidate: ‘[01m[Khardware_interface::StateInterface::StateInterface(hardware_interface::StateInterface&&)[m[K’
[3.746s]   121 |   [01;36m[KStateInterface[m[K(StateInterface && other) = default;
[3.746s]       |   [01;36m[K^~~~~~~~~~~~~~[m[K
[3.746s] [01m[K/opt/ros/humble/include/hardware_interface/handle.hpp:121:3:[m[K [01;36m[Knote: [m[K  candidate expects 1 argument, 3 provided
[3.747s] [01m[K/opt/ros/humble/include/hardware_interface/handle.hpp:119:3:[m[K [01;36m[Knote: [m[Kcandidate: ‘[01m[Khardware_interface::StateInterface::StateInterface(const hardware_interface::StateInterface&)[m[K’
[3.747s]   119 |   [01;36m[KStateInterface[m[K(const StateInterface & other) = default;
[3.747s]       |   [01;36m[K^~~~~~~~~~~~~~[m[K
[3.747s] [01m[K/opt/ros/humble/include/hardware_interface/handle.hpp:119:3:[m[K [01;36m[Knote: [m[K  candidate expects 1 argument, 3 provided
[3.747s] [01m[K/root/data/project_ws/src/hardware_link2/src/hardware_link2.cpp:64:78:[m[K [01;31m[Kerror: [m[K‘[01m[Kclass hardware_link2::Wheel[m[K’ has no member named ‘[01m[Kstate_pos[m[K’; did you mean ‘[01m[Kstete_pos[m[K’?
[3.747s]    64 |         info_.joints[i].name, hardware_interface::HW_IF_POSITION, &wheels[1].[01;31m[Kstate_pos[m[K));
[3.747s]       |                                                                              [01;31m[K^~~~~~~~~[m[K
[3.747s]       |                                                                              [32m[Kstete_pos[m[K
[3.747s] [01m[K/root/data/project_ws/src/hardware_link2/src/hardware_link2.cpp:66:87:[m[K [01;31m[Kerror: [m[Kno matching function for call to ‘[01m[Khardware_interface::StateInterface::StateInterface(std::string&, const char [9], std::vector<double>*)[m[K’
[3.747s]    66 |         info_.joints[i].name, hardware_interface::HW_IF_VELOCITY, &wheels[1].state_vel[01;31m[K)[m[K);
[3.747s]       |                                                                                       [01;31m[K^[m[K
[3.747s] In file included from [01m[K/opt/ros/humble/include/hardware_interface/system_interface.hpp:22[m[K,
[3.747s]                  from [01m[K/root/data/project_ws/src/hardware_link2/include/hardware_link2/hardware_link2.hpp:23[m[K,
[3.748s]                  from [01m[K/root/data/project_ws/src/hardware_link2/src/hardware_link2.cpp:20[m[K:
[3.748s] [01m[K/opt/ros/humble/include/hardware_interface/handle.hpp:30:3:[m[K [01;36m[Knote: [m[Kcandidate: ‘[01m[Khardware_interface::ReadOnlyHandle::ReadOnlyHandle(const string&, const string&, double*)[m[K’
[3.748s]    30 |   [01;36m[KReadOnlyHandle[m[K(
[3.748s]       |   [01;36m[K^~~~~~~~~~~~~~[m[K
[3.748s] [01m[K/opt/ros/humble/include/hardware_interface/handle.hpp:123:25:[m[K [01;36m[Knote: [m[K  inherited here
[3.748s]   123 |   using ReadOnlyHandle::[01;36m[KReadOnlyHandle[m[K;
[3.748s]       |                         [01;36m[K^~~~~~~~~~~~~~[m[K
[3.748s] [01m[K/opt/ros/humble/include/hardware_interface/handle.hpp:32:14:[m[K [01;36m[Knote: [m[K  no known conversion for argument 3 from ‘[01m[Kstd::vector<double>*[m[K’ to ‘[01m[Kdouble*[m[K’
[3.748s]    32 |     [01;36m[Kdouble * value_ptr = nullptr[m[K)
[3.748s]       |     [01;36m[K~~~~~~~~~^~~~~~~~~~~~~~~~~~~[m[K
[3.748s] [01m[K/opt/ros/humble/include/hardware_interface/handle.hpp:37:12:[m[K [01;36m[Knote: [m[Kcandidate: ‘[01m[Khardware_interface::ReadOnlyHandle::ReadOnlyHandle(const string&)[m[K’
[3.748s]    37 |   explicit [01;36m[KReadOnlyHandle[m[K(const std::string & interface_name)
[3.748s]       |            [01;36m[K^~~~~~~~~~~~~~[m[K
[3.750s] [01m[K/opt/ros/humble/include/hardware_interface/handle.hpp:123:25:[m[K [01;36m[Knote: [m[K  inherited here
[3.750s]   123 |   using ReadOnlyHandle::[01;36m[KReadOnlyHandle[m[K;
[3.750s]       |                         [01;36m[K^~~~~~~~~~~~~~[m[K
[3.750s] [01m[K/opt/ros/humble/include/hardware_interface/handle.hpp:123:25:[m[K [01;36m[Knote: [m[K  candidate expects 1 argument, 3 provided
[3.750s] [01m[K/opt/ros/humble/include/hardware_interface/handle.hpp:42:12:[m[K [01;36m[Knote: [m[Kcandidate: ‘[01m[Khardware_interface::ReadOnlyHandle::ReadOnlyHandle(const char*)[m[K’
[3.750s]    42 |   explicit [01;36m[KReadOnlyHandle[m[K(const char * interface_name)
[3.750s]       |            [01;36m[K^~~~~~~~~~~~~~[m[K
[3.750s] [01m[K/opt/ros/humble/include/hardware_interface/handle.hpp:123:25:[m[K [01;36m[Knote: [m[K  inherited here
[3.750s]   123 |   using ReadOnlyHandle::[01;36m[KReadOnlyHandle[m[K;
[3.750s]       |                         [01;36m[K^~~~~~~~~~~~~~[m[K
[3.751s] [01m[K/opt/ros/humble/include/hardware_interface/handle.hpp:123:25:[m[K [01;36m[Knote: [m[K  candidate expects 1 argument, 3 provided
[3.751s] [01m[K/opt/ros/humble/include/hardware_interface/handle.hpp:47:3:[m[K [01;36m[Knote: [m[Kcandidate: ‘[01m[Khardware_interface::ReadOnlyHandle::ReadOnlyHandle(const hardware_interface::ReadOnlyHandle&)[m[K’
[3.751s]    47 |   [01;36m[KReadOnlyHandle[m[K(const ReadOnlyHandle & other) = default;
[3.751s]       |   [01;36m[K^~~~~~~~~~~~~~[m[K
[3.751s] [01m[K/opt/ros/humble/include/hardware_interface/handle.hpp:123:25:[m[K [01;36m[Knote: [m[K  inherited here
[3.751s]   123 |   using ReadOnlyHandle::[01;36m[KReadOnlyHandle[m[K;
[3.751s]       |                         [01;36m[K^~~~~~~~~~~~~~[m[K
[3.751s] [01m[K/opt/ros/humble/include/hardware_interface/handle.hpp:123:25:[m[K [01;36m[Knote: [m[K  candidate expects 1 argument, 3 provided
[3.751s] [01m[K/opt/ros/humble/include/hardware_interface/handle.hpp:49:3:[m[K [01;36m[Knote: [m[Kcandidate: ‘[01m[Khardware_interface::ReadOnlyHandle::ReadOnlyHandle(hardware_interface::ReadOnlyHandle&&)[m[K’
[3.751s]    49 |   [01;36m[KReadOnlyHandle[m[K(ReadOnlyHandle && other) = default;
[3.751s]       |   [01;36m[K^~~~~~~~~~~~~~[m[K
[3.751s] [01m[K/opt/ros/humble/include/hardware_interface/handle.hpp:123:25:[m[K [01;36m[Knote: [m[K  inherited here
[3.751s]   123 |   using ReadOnlyHandle::[01;36m[KReadOnlyHandle[m[K;
[3.752s]       |                         [01;36m[K^~~~~~~~~~~~~~[m[K
[3.752s] [01m[K/opt/ros/humble/include/hardware_interface/handle.hpp:123:25:[m[K [01;36m[Knote: [m[K  candidate expects 1 argument, 3 provided
[3.752s] [01m[K/opt/ros/humble/include/hardware_interface/handle.hpp:121:3:[m[K [01;36m[Knote: [m[Kcandidate: ‘[01m[Khardware_interface::StateInterface::StateInterface(hardware_interface::StateInterface&&)[m[K’
[3.752s]   121 |   [01;36m[KStateInterface[m[K(StateInterface && other) = default;
[3.752s]       |   [01;36m[K^~~~~~~~~~~~~~[m[K
[3.752s] [01m[K/opt/ros/humble/include/hardware_interface/handle.hpp:121:3:[m[K [01;36m[Knote: [m[K  candidate expects 1 argument, 3 provided
[3.752s] [01m[K/opt/ros/humble/include/hardware_interface/handle.hpp:119:3:[m[K [01;36m[Knote: [m[Kcandidate: ‘[01m[Khardware_interface::StateInterface::StateInterface(const hardware_interface::StateInterface&)[m[K’
[3.752s]   119 |   [01;36m[KStateInterface[m[K(const StateInterface & other) = default;
[3.752s]       |   [01;36m[K^~~~~~~~~~~~~~[m[K
[3.752s] [01m[K/opt/ros/humble/include/hardware_interface/handle.hpp:119:3:[m[K [01;36m[Knote: [m[K  candidate expects 1 argument, 3 provided
[3.752s] [01m[K/root/data/project_ws/src/hardware_link2/src/hardware_link2.cpp:[m[K In member function ‘[01m[Kvirtual std::vector<hardware_interface::CommandInterface> hardware_link2::HardwareLinkInterface::export_command_interfaces()[m[K’:
[3.752s] [01m[K/root/data/project_ws/src/hardware_link2/src/hardware_link2.cpp:82:85:[m[K [01;31m[Kerror: [m[Kno matching function for call to ‘[01m[Khardware_interface::CommandInterface::CommandInterface(std::string&, const char [9], std::vector<double>*)[m[K’
[3.752s]    82 |         info_.joints[i].name, hardware_interface::HW_IF_VELOCITY, &wheels[0].cmd_vel[01;31m[K)[m[K);
[3.753s]       |                                                                                     [01;31m[K^[m[K
[3.753s] In file included from [01m[K/opt/ros/humble/include/hardware_interface/system_interface.hpp:22[m[K,
[3.753s]                  from [01m[K/root/data/project_ws/src/hardware_link2/include/hardware_link2/hardware_link2.hpp:23[m[K,
[3.753s]                  from [01m[K/root/data/project_ws/src/hardware_link2/src/hardware_link2.cpp:20[m[K:
[3.753s] [01m[K/opt/ros/humble/include/hardware_interface/handle.hpp:88:3:[m[K [01;36m[Knote: [m[Kcandidate: ‘[01m[Khardware_interface::ReadWriteHandle::ReadWriteHandle(const string&, const string&, double*)[m[K’
[3.753s]    88 |   [01;36m[KReadWriteHandle[m[K(
[3.753s]       |   [01;36m[K^~~~~~~~~~~~~~~[m[K
[3.753s] [01m[K/opt/ros/humble/include/hardware_interface/handle.hpp:139:26:[m[K [01;36m[Knote: [m[K  inherited here
[3.753s]   139 |   using ReadWriteHandle::[01;36m[KReadWriteHandle[m[K;
[3.753s]       |                          [01;36m[K^~~~~~~~~~~~~~~[m[K
[3.753s] [01m[K/opt/ros/humble/include/hardware_interface/handle.hpp:90:14:[m[K [01;36m[Knote: [m[K  no known conversion for argument 3 from ‘[01m[Kstd::vector<double>*[m[K’ to ‘[01m[Kdouble*[m[K’
[3.753s]    90 |     [01;36m[Kdouble * value_ptr = nullptr[m[K)
[3.753s]       |     [01;36m[K~~~~~~~~~^~~~~~~~~~~~~~~~~~~[m[K
[3.753s] [01m[K/opt/ros/humble/include/hardware_interface/handle.hpp:95:12:[m[K [01;36m[Knote: [m[Kcandidate: ‘[01m[Khardware_interface::ReadWriteHandle::ReadWriteHandle(const string&)[m[K’
[3.754s]    95 |   explicit [01;36m[KReadWriteHandle[m[K(const std::string & interface_name) : ReadOnlyHandle(interface_name) {}
[3.754s]       |            [01;36m[K^~~~~~~~~~~~~~~[m[K
[3.754s] [01m[K/opt/ros/humble/include/hardware_interface/handle.hpp:139:26:[m[K [01;36m[Knote: [m[K  inherited here
[3.754s]   139 |   using ReadWriteHandle::[01;36m[KReadWriteHandle[m[K;
[3.754s]       |                          [01;36m[K^~~~~~~~~~~~~~~[m[K
[3.754s] [01m[K/opt/ros/humble/include/hardware_interface/handle.hpp:139:26:[m[K [01;36m[Knote: [m[K  candidate expects 1 argument, 3 provided
[3.754s] [01m[K/opt/ros/humble/include/hardware_interface/handle.hpp:97:12:[m[K [01;36m[Knote: [m[Kcandidate: ‘[01m[Khardware_interface::ReadWriteHandle::ReadWriteHandle(const char*)[m[K’
[3.754s]    97 |   explicit [01;36m[KReadWriteHandle[m[K(const char * interface_name) : ReadOnlyHandle(interface_name) {}
[3.754s]       |            [01;36m[K^~~~~~~~~~~~~~~[m[K
[3.754s] [01m[K/opt/ros/humble/include/hardware_interface/handle.hpp:139:26:[m[K [01;36m[Knote: [m[K  inherited here
[3.754s]   139 |   using ReadWriteHandle::[01;36m[KReadWriteHandle[m[K;
[3.754s]       |                          [01;36m[K^~~~~~~~~~~~~~~[m[K
[3.754s] [01m[K/opt/ros/humble/include/hardware_interface/handle.hpp:139:26:[m[K [01;36m[Knote: [m[K  candidate expects 1 argument, 3 provided
[3.755s] [01m[K/opt/ros/humble/include/hardware_interface/handle.hpp:99:3:[m[K [01;36m[Knote: [m[Kcandidate: ‘[01m[Khardware_interface::ReadWriteHandle::ReadWriteHandle(const hardware_interface::ReadWriteHandle&)[m[K’
[3.755s]    99 |   [01;36m[KReadWriteHandle[m[K(const ReadWriteHandle & other) = default;
[3.755s]       |   [01;36m[K^~~~~~~~~~~~~~~[m[K
[3.755s] [01m[K/opt/ros/humble/include/hardware_interface/handle.hpp:139:26:[m[K [01;36m[Knote: [m[K  inherited here
[3.756s]   139 |   using ReadWriteHandle::[01;36m[KReadWriteHandle[m[K;
[3.756s]       |                          [01;36m[K^~~~~~~~~~~~~~~[m[K
[3.756s] [01m[K/opt/ros/humble/include/hardware_interface/handle.hpp:139:26:[m[K [01;36m[Knote: [m[K  candidate expects 1 argument, 3 provided
[3.756s] [01m[K/opt/ros/humble/include/hardware_interface/handle.hpp:101:3:[m[K [01;36m[Knote: [m[Kcandidate: ‘[01m[Khardware_interface::ReadWriteHandle::ReadWriteHandle(hardware_interface::ReadWriteHandle&&)[m[K’
[3.756s]   101 |   [01;36m[KReadWriteHandle[m[K(ReadWriteHandle && other) = default;
[3.756s]       |   [01;36m[K^~~~~~~~~~~~~~~[m[K
[3.756s] [01m[K/opt/ros/humble/include/hardware_interface/handle.hpp:139:26:[m[K [01;36m[Knote: [m[K  inherited here
[3.756s]   139 |   using ReadWriteHandle::[01;36m[KReadWriteHandle[m[K;
[3.756s]       |                          [01;36m[K^~~~~~~~~~~~~~~[m[K
[3.756s] [01m[K/opt/ros/humble/include/hardware_interface/handle.hpp:139:26:[m[K [01;36m[Knote: [m[K  candidate expects 1 argument, 3 provided
[3.756s] [01m[K/opt/ros/humble/include/hardware_interface/handle.hpp:137:3:[m[K [01;36m[Knote: [m[Kcandidate: ‘[01m[Khardware_interface::CommandInterface::CommandInterface(hardware_interface::CommandInterface&&)[m[K’
[3.757s]   137 |   [01;36m[KCommandInterface[m[K(CommandInterface && other) = default;
[3.757s]       |   [01;36m[K^~~~~~~~~~~~~~~~[m[K
[3.757s] [01m[K/opt/ros/humble/include/hardware_interface/handle.hpp:137:3:[m[K [01;36m[Knote: [m[K  candidate expects 1 argument, 3 provided
[3.757s] [01m[K/root/data/project_ws/src/hardware_link2/src/hardware_link2.cpp:87:85:[m[K [01;31m[Kerror: [m[Kno matching function for call to ‘[01m[Khardware_interface::CommandInterface::CommandInterface(std::string&, const char [9], std::vector<double>*)[m[K’
[3.757s]    87 |         info_.joints[i].name, hardware_interface::HW_IF_VELOCITY, &wheels[1].cmd_vel[01;31m[K)[m[K);
[3.757s]       |                                                                                     [01;31m[K^[m[K
[3.757s] In file included from [01m[K/opt/ros/humble/include/hardware_interface/system_interface.hpp:22[m[K,
[3.757s]                  from [01m[K/root/data/project_ws/src/hardware_link2/include/hardware_link2/hardware_link2.hpp:23[m[K,
[3.757s]                  from [01m[K/root/data/project_ws/src/hardware_link2/src/hardware_link2.cpp:20[m[K:
[3.757s] [01m[K/opt/ros/humble/include/hardware_interface/handle.hpp:88:3:[m[K [01;36m[Knote: [m[Kcandidate: ‘[01m[Khardware_interface::ReadWriteHandle::ReadWriteHandle(const string&, const string&, double*)[m[K’
[3.757s]    88 |   [01;36m[KReadWriteHandle[m[K(
[3.757s]       |   [01;36m[K^~~~~~~~~~~~~~~[m[K
[3.757s] [01m[K/opt/ros/humble/include/hardware_interface/handle.hpp:139:26:[m[K [01;36m[Knote: [m[K  inherited here
[3.758s]   139 |   using ReadWriteHandle::[01;36m[KReadWriteHandle[m[K;
[3.758s]       |                          [01;36m[K^~~~~~~~~~~~~~~[m[K
[3.758s] [01m[K/opt/ros/humble/include/hardware_interface/handle.hpp:90:14:[m[K [01;36m[Knote: [m[K  no known conversion for argument 3 from ‘[01m[Kstd::vector<double>*[m[K’ to ‘[01m[Kdouble*[m[K’
[3.758s]    90 |     [01;36m[Kdouble * value_ptr = nullptr[m[K)
[3.758s]       |     [01;36m[K~~~~~~~~~^~~~~~~~~~~~~~~~~~~[m[K
[3.758s] [01m[K/opt/ros/humble/include/hardware_interface/handle.hpp:95:12:[m[K [01;36m[Knote: [m[Kcandidate: ‘[01m[Khardware_interface::ReadWriteHandle::ReadWriteHandle(const string&)[m[K’
[3.758s]    95 |   explicit [01;36m[KReadWriteHandle[m[K(const std::string & interface_name) : ReadOnlyHandle(interface_name) {}
[3.758s]       |            [01;36m[K^~~~~~~~~~~~~~~[m[K
[3.758s] [01m[K/opt/ros/humble/include/hardware_interface/handle.hpp:139:26:[m[K [01;36m[Knote: [m[K  inherited here
[3.758s]   139 |   using ReadWriteHandle::[01;36m[KReadWriteHandle[m[K;
[3.758s]       |                          [01;36m[K^~~~~~~~~~~~~~~[m[K
[3.758s] [01m[K/opt/ros/humble/include/hardware_interface/handle.hpp:139:26:[m[K [01;36m[Knote: [m[K  candidate expects 1 argument, 3 provided
[3.758s] [01m[K/opt/ros/humble/include/hardware_interface/handle.hpp:97:12:[m[K [01;36m[Knote: [m[Kcandidate: ‘[01m[Khardware_interface::ReadWriteHandle::ReadWriteHandle(const char*)[m[K’
[3.759s]    97 |   explicit [01;36m[KReadWriteHandle[m[K(const char * interface_name) : ReadOnlyHandle(interface_name) {}
[3.759s]       |            [01;36m[K^~~~~~~~~~~~~~~[m[K
[3.759s] [01m[K/opt/ros/humble/include/hardware_interface/handle.hpp:139:26:[m[K [01;36m[Knote: [m[K  inherited here
[3.759s]   139 |   using ReadWriteHandle::[01;36m[KReadWriteHandle[m[K;
[3.759s]       |                          [01;36m[K^~~~~~~~~~~~~~~[m[K
[3.759s] [01m[K/opt/ros/humble/include/hardware_interface/handle.hpp:139:26:[m[K [01;36m[Knote: [m[K  candidate expects 1 argument, 3 provided
[3.759s] [01m[K/opt/ros/humble/include/hardware_interface/handle.hpp:99:3:[m[K [01;36m[Knote: [m[Kcandidate: ‘[01m[Khardware_interface::ReadWriteHandle::ReadWriteHandle(const hardware_interface::ReadWriteHandle&)[m[K’
[3.759s]    99 |   [01;36m[KReadWriteHandle[m[K(const ReadWriteHandle & other) = default;
[3.759s]       |   [01;36m[K^~~~~~~~~~~~~~~[m[K
[3.759s] [01m[K/opt/ros/humble/include/hardware_interface/handle.hpp:139:26:[m[K [01;36m[Knote: [m[K  inherited here
[3.759s]   139 |   using ReadWriteHandle::[01;36m[KReadWriteHandle[m[K;
[3.759s]       |                          [01;36m[K^~~~~~~~~~~~~~~[m[K
[3.759s] [01m[K/opt/ros/humble/include/hardware_interface/handle.hpp:139:26:[m[K [01;36m[Knote: [m[K  candidate expects 1 argument, 3 provided
[3.761s] [01m[K/opt/ros/humble/include/hardware_interface/handle.hpp:101:3:[m[K [01;36m[Knote: [m[Kcandidate: ‘[01m[Khardware_interface::ReadWriteHandle::ReadWriteHandle(hardware_interface::ReadWriteHandle&&)[m[K’
[3.761s]   101 |   [01;36m[KReadWriteHandle[m[K(ReadWriteHandle && other) = default;
[3.761s]       |   [01;36m[K^~~~~~~~~~~~~~~[m[K
[3.761s] [01m[K/opt/ros/humble/include/hardware_interface/handle.hpp:139:26:[m[K [01;36m[Knote: [m[K  inherited here
[3.761s]   139 |   using ReadWriteHandle::[01;36m[KReadWriteHandle[m[K;
[3.761s]       |                          [01;36m[K^~~~~~~~~~~~~~~[m[K
[3.761s] [01m[K/opt/ros/humble/include/hardware_interface/handle.hpp:139:26:[m[K [01;36m[Knote: [m[K  candidate expects 1 argument, 3 provided
[3.761s] [01m[K/opt/ros/humble/include/hardware_interface/handle.hpp:137:3:[m[K [01;36m[Knote: [m[Kcandidate: ‘[01m[Khardware_interface::CommandInterface::CommandInterface(hardware_interface::CommandInterface&&)[m[K’
[3.762s]   137 |   [01;36m[KCommandInterface[m[K(CommandInterface && other) = default;
[3.762s]       |   [01;36m[K^~~~~~~~~~~~~~~~[m[K
[3.762s] [01m[K/opt/ros/humble/include/hardware_interface/handle.hpp:137:3:[m[K [01;36m[Knote: [m[K  candidate expects 1 argument, 3 provided
[4.443s] gmake[2]: *** [CMakeFiles/hardware_link2.dir/build.make:76: CMakeFiles/hardware_link2.dir/src/hardware_link2.cpp.o] Error 1
[4.443s] gmake[1]: *** [CMakeFiles/Makefile2:176: CMakeFiles/hardware_link2.dir/all] Error 2
[4.443s] gmake: *** [Makefile:146: all] Error 2
[4.446s] Invoked command in '/root/data/project_ws/build/hardware_link2' returned '2': CMAKE_PREFIX_PATH=/opt/ros/humble /usr/bin/cmake --build /root/data/project_ws/build/hardware_link2 -- -j4 -l4
