[0.036s] Invoking command in '/root/data/project_ws/build/hardware_link2': CMAKE_PREFIX_PATH=/opt/ros/humble /usr/bin/cmake --build /root/data/project_ws/build/hardware_link2 -- -j4 -l4
[0.413s] [35m[1mConsolidate compiler generated dependencies of target hardware_link2[0m
[0.413s] [ 22%] Built target gmock_main
[0.413s] [ 55%] Built target gmock
[0.413s] [ 66%] [32mBuilding CXX object CMakeFiles/hardware_link2.dir/src/hardware_link2.cpp.o[0m
[0.413s] [ 88%] Built target test_hardware_link2
[5.196s] [100%] [32m[1mLinking CXX shared library libhardware_link2.so[0m
[5.441s] [100%] Built target hardware_link2
[5.458s] Invoked command in '/root/data/project_ws/build/hardware_link2' returned '0': CMAKE_PREFIX_PATH=/opt/ros/humble /usr/bin/cmake --build /root/data/project_ws/build/hardware_link2 -- -j4 -l4
[5.508s] Invoking command in '/root/data/project_ws/build/hardware_link2': CMAKE_PREFIX_PATH=/opt/ros/humble /usr/bin/cmake --install /root/data/project_ws/build/hardware_link2
[5.520s] -- Install configuration: ""
[5.520s] -- Up-to-date: /root/data/project_ws/install/hardware_link2/share/hardware_link2/hardware_link2.xml
[5.520s] -- Installing: /root/data/project_ws/install/hardware_link2/lib/libhardware_link2.so
[5.521s] -- Set runtime path of "/root/data/project_ws/install/hardware_link2/lib/libhardware_link2.so" to ""
[5.522s] -- Up-to-date: /root/data/project_ws/install/hardware_link2/include
[5.522s] -- Up-to-date: /root/data/project_ws/install/hardware_link2/include/hardware_link2
[5.522s] -- Up-to-date: /root/data/project_ws/install/hardware_link2/include/hardware_link2/visibility_control.h
[5.522s] -- Up-to-date: /root/data/project_ws/install/hardware_link2/include/hardware_link2/hardware_link2.hpp
[5.522s] -- Up-to-date: /root/data/project_ws/install/hardware_link2/share/hardware_link2/environment/library_path.sh
[5.522s] -- Up-to-date: /root/data/project_ws/install/hardware_link2/share/hardware_link2/environment/library_path.dsv
[5.522s] -- Up-to-date: /root/data/project_ws/install/hardware_link2/share/ament_index/resource_index/package_run_dependencies/hardware_link2
[5.522s] -- Up-to-date: /root/data/project_ws/install/hardware_link2/share/ament_index/resource_index/parent_prefix_path/hardware_link2
[5.522s] -- Up-to-date: /root/data/project_ws/install/hardware_link2/share/hardware_link2/environment/ament_prefix_path.sh
[5.523s] -- Up-to-date: /root/data/project_ws/install/hardware_link2/share/hardware_link2/environment/ament_prefix_path.dsv
[5.523s] -- Up-to-date: /root/data/project_ws/install/hardware_link2/share/hardware_link2/environment/path.sh
[5.523s] -- Up-to-date: /root/data/project_ws/install/hardware_link2/share/hardware_link2/environment/path.dsv
[5.523s] -- Up-to-date: /root/data/project_ws/install/hardware_link2/share/hardware_link2/local_setup.bash
[5.523s] -- Up-to-date: /root/data/project_ws/install/hardware_link2/share/hardware_link2/local_setup.sh
[5.523s] -- Up-to-date: /root/data/project_ws/install/hardware_link2/share/hardware_link2/local_setup.zsh
[5.523s] -- Up-to-date: /root/data/project_ws/install/hardware_link2/share/hardware_link2/local_setup.dsv
[5.523s] -- Installing: /root/data/project_ws/install/hardware_link2/share/hardware_link2/package.dsv
[5.523s] -- Up-to-date: /root/data/project_ws/install/hardware_link2/share/ament_index/resource_index/packages/hardware_link2
[5.524s] -- Up-to-date: /root/data/project_ws/install/hardware_link2/share/ament_index/resource_index/hardware_interface__pluginlib__plugin/hardware_link2
[5.524s] -- Up-to-date: /root/data/project_ws/install/hardware_link2/share/hardware_link2/cmake/ament_cmake_export_include_directories-extras.cmake
[5.524s] -- Up-to-date: /root/data/project_ws/install/hardware_link2/share/hardware_link2/cmake/ament_cmake_export_libraries-extras.cmake
[5.524s] -- Up-to-date: /root/data/project_ws/install/hardware_link2/share/hardware_link2/cmake/ament_cmake_export_dependencies-extras.cmake
[5.524s] -- Up-to-date: /root/data/project_ws/install/hardware_link2/share/hardware_link2/cmake/hardware_link2Config.cmake
[5.524s] -- Up-to-date: /root/data/project_ws/install/hardware_link2/share/hardware_link2/cmake/hardware_link2Config-version.cmake
[5.524s] -- Up-to-date: /root/data/project_ws/install/hardware_link2/share/hardware_link2/package.xml
[5.532s] Invoked command in '/root/data/project_ws/build/hardware_link2' returned '0': CMAKE_PREFIX_PATH=/opt/ros/humble /usr/bin/cmake --install /root/data/project_ws/build/hardware_link2
