[0.374s] Invoking command in '/root/data/project_ws/build/ros_gz_example_application': CMAKE_PREFIX_PATH=/opt/ros/humble /usr/bin/cmake --build /root/data/project_ws/build/ros_gz_example_application -- -j4 -l4
[0.471s] Invoked command in '/root/data/project_ws/build/ros_gz_example_application' returned '0': CMAKE_PREFIX_PATH=/opt/ros/humble /usr/bin/cmake --build /root/data/project_ws/build/ros_gz_example_application -- -j4 -l4
[0.548s] Invoking command in '/root/data/project_ws/build/ros_gz_example_application': CMAKE_PREFIX_PATH=/opt/ros/humble /usr/bin/cmake --install /root/data/project_ws/build/ros_gz_example_application
[0.558s] -- Install configuration: ""
[0.562s] -- Up-to-date: /root/data/project_ws/install/ros_gz_example_application/share/ament_index/resource_index/package_run_dependencies/ros_gz_example_application
[0.562s] -- Up-to-date: /root/data/project_ws/install/ros_gz_example_application/share/ament_index/resource_index/parent_prefix_path/ros_gz_example_application
[0.562s] -- Up-to-date: /root/data/project_ws/install/ros_gz_example_application/share/ros_gz_example_application/environment/ament_prefix_path.sh
[0.562s] -- Up-to-date: /root/data/project_ws/install/ros_gz_example_application/share/ros_gz_example_application/environment/ament_prefix_path.dsv
[0.562s] -- Up-to-date: /root/data/project_ws/install/ros_gz_example_application/share/ros_gz_example_application/environment/path.sh
[0.562s] -- Up-to-date: /root/data/project_ws/install/ros_gz_example_application/share/ros_gz_example_application/environment/path.dsv
[0.562s] -- Up-to-date: /root/data/project_ws/install/ros_gz_example_application/share/ros_gz_example_application/local_setup.bash
[0.563s] -- Up-to-date: /root/data/project_ws/install/ros_gz_example_application/share/ros_gz_example_application/local_setup.sh
[0.563s] -- Up-to-date: /root/data/project_ws/install/ros_gz_example_application/share/ros_gz_example_application/local_setup.zsh
[0.563s] -- Up-to-date: /root/data/project_ws/install/ros_gz_example_application/share/ros_gz_example_application/local_setup.dsv
[0.563s] -- Installing: /root/data/project_ws/install/ros_gz_example_application/share/ros_gz_example_application/package.dsv
[0.563s] -- Up-to-date: /root/data/project_ws/install/ros_gz_example_application/share/ament_index/resource_index/packages/ros_gz_example_application
[0.563s] -- Up-to-date: /root/data/project_ws/install/ros_gz_example_application/share/ros_gz_example_application/cmake/ros_gz_example_applicationConfig.cmake
[0.563s] -- Up-to-date: /root/data/project_ws/install/ros_gz_example_application/share/ros_gz_example_application/cmake/ros_gz_example_applicationConfig-version.cmake
[0.563s] -- Up-to-date: /root/data/project_ws/install/ros_gz_example_application/share/ros_gz_example_application/package.xml
[0.584s] Invoked command in '/root/data/project_ws/build/ros_gz_example_application' returned '0': CMAKE_PREFIX_PATH=/opt/ros/humble /usr/bin/cmake --install /root/data/project_ws/build/ros_gz_example_application
