[0.033s] Invoking command in '/root/data/project_ws/build/ros_gz_example_description': CMAKE_PREFIX_PATH=/opt/ros/humble /usr/bin/cmake --build /root/data/project_ws/build/ros_gz_example_description -- -j4 -l4
[0.415s] Invoked command in '/root/data/project_ws/build/ros_gz_example_description' returned '0': CMAKE_PREFIX_PATH=/opt/ros/humble /usr/bin/cmake --build /root/data/project_ws/build/ros_gz_example_description -- -j4 -l4
[0.493s] Invoking command in '/root/data/project_ws/build/ros_gz_example_description': CMAKE_PREFIX_PATH=/opt/ros/humble /usr/bin/cmake --install /root/data/project_ws/build/ros_gz_example_description
[0.506s] -- Install configuration: ""
[0.507s] -- Up-to-date: /root/data/project_ws/install/ros_gz_example_description/share/ros_gz_example_description/models
[0.509s] -- Up-to-date: /root/data/project_ws/install/ros_gz_example_description/share/ros_gz_example_description/models/diff_drive_urdf
[0.512s] -- Up-to-date: /root/data/project_ws/install/ros_gz_example_description/share/ros_gz_example_description/models/diff_drive_urdf/depricated
[0.514s] -- Up-to-date: /root/data/project_ws/install/ros_gz_example_description/share/ros_gz_example_description/models/diff_drive_urdf/depricated/model.urdf
[0.516s] -- Up-to-date: /root/data/project_ws/install/ros_gz_example_description/share/ros_gz_example_description/models/diff_drive_urdf/depricated/model_gazebo.urdf
[0.517s] -- Up-to-date: /root/data/project_ws/install/ros_gz_example_description/share/ros_gz_example_description/models/diff_drive_urdf/model.urdf.xacro
[0.519s] -- Up-to-date: /root/data/project_ws/install/ros_gz_example_description/share/ros_gz_example_description/models/diff_drive_sdf
[0.520s] -- Up-to-date: /root/data/project_ws/install/ros_gz_example_description/share/ros_gz_example_description/models/diff_drive_sdf/model.sdf
[0.522s] -- Up-to-date: /root/data/project_ws/install/ros_gz_example_description/share/ros_gz_example_description/models/diff_drive_sdf/model.config
[0.524s] -- Up-to-date: /root/data/project_ws/install/ros_gz_example_description/share/ros_gz_example_description/models/rrbot
[0.525s] -- Up-to-date: /root/data/project_ws/install/ros_gz_example_description/share/ros_gz_example_description/models/rrbot/model.sdf
[0.526s] -- Up-to-date: /root/data/project_ws/install/ros_gz_example_description/share/ros_gz_example_description/models/turtlebot3_world
[0.528s] -- Up-to-date: /root/data/project_ws/install/ros_gz_example_description/share/ros_gz_example_description/models/turtlebot3_world/meshes
[0.530s] -- Up-to-date: /root/data/project_ws/install/ros_gz_example_description/share/ros_gz_example_description/models/turtlebot3_world/meshes/hexagon.dae
[0.532s] -- Up-to-date: /root/data/project_ws/install/ros_gz_example_description/share/ros_gz_example_description/models/turtlebot3_world/meshes/wall.dae
[0.533s] -- Up-to-date: /root/data/project_ws/install/ros_gz_example_description/share/ros_gz_example_description/models/turtlebot3_world/model-1_4.sdf
[0.535s] -- Up-to-date: /root/data/project_ws/install/ros_gz_example_description/share/ros_gz_example_description/models/turtlebot3_world/model.sdf
[0.537s] -- Up-to-date: /root/data/project_ws/install/ros_gz_example_description/share/ros_gz_example_description/models/turtlebot3_world/model.config
[0.538s] -- Up-to-date: /root/data/project_ws/install/ros_gz_example_description/share/ros_gz_example_description/environment/ros_gz_example_description.dsv
[0.540s] -- Up-to-date: /root/data/project_ws/install/ros_gz_example_description/share/ros_gz_example_description/environment/ros_gz_example_description.sh
[0.541s] -- Up-to-date: /root/data/project_ws/install/ros_gz_example_description/share/ament_index/resource_index/package_run_dependencies/ros_gz_example_description
[0.542s] -- Up-to-date: /root/data/project_ws/install/ros_gz_example_description/share/ament_index/resource_index/parent_prefix_path/ros_gz_example_description
[0.542s] -- Up-to-date: /root/data/project_ws/install/ros_gz_example_description/share/ros_gz_example_description/environment/ament_prefix_path.sh
[0.544s] -- Up-to-date: /root/data/project_ws/install/ros_gz_example_description/share/ros_gz_example_description/environment/ament_prefix_path.dsv
[0.544s] -- Up-to-date: /root/data/project_ws/install/ros_gz_example_description/share/ros_gz_example_description/environment/path.sh
[0.545s] -- Up-to-date: /root/data/project_ws/install/ros_gz_example_description/share/ros_gz_example_description/environment/path.dsv
[0.545s] -- Up-to-date: /root/data/project_ws/install/ros_gz_example_description/share/ros_gz_example_description/local_setup.bash
[0.546s] -- Up-to-date: /root/data/project_ws/install/ros_gz_example_description/share/ros_gz_example_description/local_setup.sh
[0.546s] -- Up-to-date: /root/data/project_ws/install/ros_gz_example_description/share/ros_gz_example_description/local_setup.zsh
[0.546s] -- Up-to-date: /root/data/project_ws/install/ros_gz_example_description/share/ros_gz_example_description/local_setup.dsv
[0.546s] -- Installing: /root/data/project_ws/install/ros_gz_example_description/share/ros_gz_example_description/package.dsv
[0.551s] -- Up-to-date: /root/data/project_ws/install/ros_gz_example_description/share/ament_index/resource_index/packages/ros_gz_example_description
[0.551s] -- Up-to-date: /root/data/project_ws/install/ros_gz_example_description/share/ros_gz_example_description/cmake/ros_gz_example_descriptionConfig.cmake
[0.554s] -- Up-to-date: /root/data/project_ws/install/ros_gz_example_description/share/ros_gz_example_description/cmake/ros_gz_example_descriptionConfig-version.cmake
[0.554s] -- Up-to-date: /root/data/project_ws/install/ros_gz_example_description/share/ros_gz_example_description/package.xml
[0.562s] Invoked command in '/root/data/project_ws/build/ros_gz_example_description' returned '0': CMAKE_PREFIX_PATH=/opt/ros/humble /usr/bin/cmake --install /root/data/project_ws/build/ros_gz_example_description
