[0.355s] Invoking command in '/root/data/project_ws/build/ros_gz_example_application': CMAKE_PREFIX_PATH=/opt/ros/humble /usr/bin/cmake --build /root/data/project_ws/build/ros_gz_example_application -- -j4 -l4
[0.439s] Invoked command in '/root/data/project_ws/build/ros_gz_example_application' returned '0': CMAKE_PREFIX_PATH=/opt/ros/humble /usr/bin/cmake --build /root/data/project_ws/build/ros_gz_example_application -- -j4 -l4
[0.509s] Invoking command in '/root/data/project_ws/build/ros_gz_example_application': CMAKE_PREFIX_PATH=/opt/ros/humble /usr/bin/cmake --install /root/data/project_ws/build/ros_gz_example_application
[0.521s] -- Install configuration: ""
[0.534s] -- Up-to-date: /root/data/project_ws/install/ros_gz_example_application/share/ament_index/resource_index/package_run_dependencies/ros_gz_example_application
[0.535s] -- Up-to-date: /root/data/project_ws/install/ros_gz_example_application/share/ament_index/resource_index/parent_prefix_path/ros_gz_example_application
[0.536s] -- Up-to-date: /root/data/project_ws/install/ros_gz_example_application/share/ros_gz_example_application/environment/ament_prefix_path.sh
[0.537s] -- Up-to-date: /root/data/project_ws/install/ros_gz_example_application/share/ros_gz_example_application/environment/ament_prefix_path.dsv
[0.539s] -- Up-to-date: /root/data/project_ws/install/ros_gz_example_application/share/ros_gz_example_application/environment/path.sh
[0.541s] -- Up-to-date: /root/data/project_ws/install/ros_gz_example_application/share/ros_gz_example_application/environment/path.dsv
[0.541s] -- Up-to-date: /root/data/project_ws/install/ros_gz_example_application/share/ros_gz_example_application/local_setup.bash
[0.543s] -- Up-to-date: /root/data/project_ws/install/ros_gz_example_application/share/ros_gz_example_application/local_setup.sh
[0.544s] -- Up-to-date: /root/data/project_ws/install/ros_gz_example_application/share/ros_gz_example_application/local_setup.zsh
[0.545s] -- Up-to-date: /root/data/project_ws/install/ros_gz_example_application/share/ros_gz_example_application/local_setup.dsv
[0.546s] -- Installing: /root/data/project_ws/install/ros_gz_example_application/share/ros_gz_example_application/package.dsv
[0.547s] -- Up-to-date: /root/data/project_ws/install/ros_gz_example_application/share/ament_index/resource_index/packages/ros_gz_example_application
[0.549s] -- Up-to-date: /root/data/project_ws/install/ros_gz_example_application/share/ros_gz_example_application/cmake/ros_gz_example_applicationConfig.cmake
[0.550s] -- Up-to-date: /root/data/project_ws/install/ros_gz_example_application/share/ros_gz_example_application/cmake/ros_gz_example_applicationConfig-version.cmake
[0.551s] -- Up-to-date: /root/data/project_ws/install/ros_gz_example_application/share/ros_gz_example_application/package.xml
[0.551s] Invoked command in '/root/data/project_ws/build/ros_gz_example_application' returned '0': CMAKE_PREFIX_PATH=/opt/ros/humble /usr/bin/cmake --install /root/data/project_ws/build/ros_gz_example_application
