[0.010s] Invoking command in '/root/data/project_ws/build/ros_gz_example_bringup': AMENT_PREFIX_PATH=/root/data/project_ws/install/ros_gz_example_gazebo:/root/data/project_ws/install/ros_gz_example_description:${AMENT_PREFIX_PATH} CMAKE_PREFIX_PATH=/root/data/project_ws/install/ros_gz_example_gazebo:/root/data/project_ws/install/ros_gz_example_description:/opt/ros/humble IGN_GAZEBO_PLUGIN_PATH=/root/data/project_ws/install/ros_gz_example_gazebo/lib/ros_gz_example_gazebo IGN_GAZEBO_RESOURCE_PATH=/root/data/project_ws/install/ros_gz_example_gazebo/share/ros_gz_example_gazebo/worlds:/root/data/project_ws/install/ros_gz_example_description/share/ros_gz_example_description/models /usr/bin/cmake /root/data/project_ws/src/ros_gz_example_bringup -DBUILD_TESTING=ON -DCMAKE_INSTALL_PREFIX=/root/data/project_ws/install/ros_gz_example_bringup
[0.078s] -- The C compiler identification is GNU 11.4.0
[0.147s] -- The CXX compiler identification is GNU 11.4.0
[0.156s] -- Detecting C compiler ABI info
[0.240s] -- Detecting C compiler ABI info - done
[0.249s] -- Check for working C compiler: /usr/bin/cc - skipped
[0.249s] -- Detecting C compile features
[0.250s] -- Detecting C compile features - done
[0.253s] -- Detecting CXX compiler ABI info
[0.349s] -- Detecting CXX compiler ABI info - done
[0.358s] -- Check for working CXX compiler: /usr/bin/c++ - skipped
[0.358s] -- Detecting CXX compile features
[0.359s] -- Detecting CXX compile features - done
[0.364s] -- Found ament_cmake: 1.3.10 (/opt/ros/humble/share/ament_cmake/cmake)
[0.548s] -- Found Python3: /usr/bin/python3 (found version "3.10.12") found components: Interpreter 
[0.670s] -- Found ros_gz_example_description: 0.0.0 (/root/data/project_ws/install/ros_gz_example_description/share/ros_gz_example_description/cmake)
[0.670s] -- Found ros_gz_example_gazebo: 0.0.0 (/root/data/project_ws/install/ros_gz_example_gazebo/share/ros_gz_example_gazebo/cmake)
[0.673s] -- Found ament_lint_auto: 0.12.11 (/opt/ros/humble/share/ament_lint_auto/cmake)
[0.754s] -- Configuring done
[0.757s] -- Generating done
[0.758s] -- Build files have been written to: /root/data/project_ws/build/ros_gz_example_bringup
[0.762s] Invoked command in '/root/data/project_ws/build/ros_gz_example_bringup' returned '0': AMENT_PREFIX_PATH=/root/data/project_ws/install/ros_gz_example_gazebo:/root/data/project_ws/install/ros_gz_example_description:${AMENT_PREFIX_PATH} CMAKE_PREFIX_PATH=/root/data/project_ws/install/ros_gz_example_gazebo:/root/data/project_ws/install/ros_gz_example_description:/opt/ros/humble IGN_GAZEBO_PLUGIN_PATH=/root/data/project_ws/install/ros_gz_example_gazebo/lib/ros_gz_example_gazebo IGN_GAZEBO_RESOURCE_PATH=/root/data/project_ws/install/ros_gz_example_gazebo/share/ros_gz_example_gazebo/worlds:/root/data/project_ws/install/ros_gz_example_description/share/ros_gz_example_description/models /usr/bin/cmake /root/data/project_ws/src/ros_gz_example_bringup -DBUILD_TESTING=ON -DCMAKE_INSTALL_PREFIX=/root/data/project_ws/install/ros_gz_example_bringup
[0.764s] Invoking command in '/root/data/project_ws/build/ros_gz_example_bringup': AMENT_PREFIX_PATH=/root/data/project_ws/install/ros_gz_example_gazebo:/root/data/project_ws/install/ros_gz_example_description:${AMENT_PREFIX_PATH} CMAKE_PREFIX_PATH=/root/data/project_ws/install/ros_gz_example_gazebo:/root/data/project_ws/install/ros_gz_example_description:/opt/ros/humble IGN_GAZEBO_PLUGIN_PATH=/root/data/project_ws/install/ros_gz_example_gazebo/lib/ros_gz_example_gazebo IGN_GAZEBO_RESOURCE_PATH=/root/data/project_ws/install/ros_gz_example_gazebo/share/ros_gz_example_gazebo/worlds:/root/data/project_ws/install/ros_gz_example_description/share/ros_gz_example_description/models /usr/bin/cmake --build /root/data/project_ws/build/ros_gz_example_bringup -- -j4 -l4
[0.811s] Invoked command in '/root/data/project_ws/build/ros_gz_example_bringup' returned '0': AMENT_PREFIX_PATH=/root/data/project_ws/install/ros_gz_example_gazebo:/root/data/project_ws/install/ros_gz_example_description:${AMENT_PREFIX_PATH} CMAKE_PREFIX_PATH=/root/data/project_ws/install/ros_gz_example_gazebo:/root/data/project_ws/install/ros_gz_example_description:/opt/ros/humble IGN_GAZEBO_PLUGIN_PATH=/root/data/project_ws/install/ros_gz_example_gazebo/lib/ros_gz_example_gazebo IGN_GAZEBO_RESOURCE_PATH=/root/data/project_ws/install/ros_gz_example_gazebo/share/ros_gz_example_gazebo/worlds:/root/data/project_ws/install/ros_gz_example_description/share/ros_gz_example_description/models /usr/bin/cmake --build /root/data/project_ws/build/ros_gz_example_bringup -- -j4 -l4
[0.837s] Invoking command in '/root/data/project_ws/build/ros_gz_example_bringup': AMENT_PREFIX_PATH=/root/data/project_ws/install/ros_gz_example_gazebo:/root/data/project_ws/install/ros_gz_example_description:${AMENT_PREFIX_PATH} CMAKE_PREFIX_PATH=/root/data/project_ws/install/ros_gz_example_gazebo:/root/data/project_ws/install/ros_gz_example_description:/opt/ros/humble IGN_GAZEBO_PLUGIN_PATH=/root/data/project_ws/install/ros_gz_example_gazebo/lib/ros_gz_example_gazebo IGN_GAZEBO_RESOURCE_PATH=/root/data/project_ws/install/ros_gz_example_gazebo/share/ros_gz_example_gazebo/worlds:/root/data/project_ws/install/ros_gz_example_description/share/ros_gz_example_description/models /usr/bin/cmake --install /root/data/project_ws/build/ros_gz_example_bringup
[0.847s] -- Install configuration: ""
[0.847s] -- Installing: /root/data/project_ws/install/ros_gz_example_bringup/share/ros_gz_example_bringup/launch
[0.847s] -- Installing: /root/data/project_ws/install/ros_gz_example_bringup/share/ros_gz_example_bringup/launch/diff_drive.launch.py
[0.847s] -- Installing: /root/data/project_ws/install/ros_gz_example_bringup/share/ros_gz_example_bringup/config
[0.848s] -- Installing: /root/data/project_ws/install/ros_gz_example_bringup/share/ros_gz_example_bringup/config/diff_drive_old.rviz
[0.848s] -- Installing: /root/data/project_ws/install/ros_gz_example_bringup/share/ros_gz_example_bringup/config/imu_filter.yaml
[0.848s] -- Installing: /root/data/project_ws/install/ros_gz_example_bringup/share/ros_gz_example_bringup/config/diff_drive.rviz
[0.848s] -- Installing: /root/data/project_ws/install/ros_gz_example_bringup/share/ros_gz_example_bringup/config/joy-params.yaml
[0.848s] -- Installing: /root/data/project_ws/install/ros_gz_example_bringup/share/ros_gz_example_bringup/config/my_map2.pgm
[0.848s] -- Installing: /root/data/project_ws/install/ros_gz_example_bringup/share/ros_gz_example_bringup/config/diff_drive_controller_velocity.yaml
[0.849s] -- Installing: /root/data/project_ws/install/ros_gz_example_bringup/share/ros_gz_example_bringup/config/ros_gz_example_bridge.yaml
[0.849s] -- Installing: /root/data/project_ws/install/ros_gz_example_bringup/share/ros_gz_example_bringup/config/nav2_params.yaml
[0.849s] -- Installing: /root/data/project_ws/install/ros_gz_example_bringup/share/ros_gz_example_bringup/config/ps3.config.yaml
[0.849s] -- Installing: /root/data/project_ws/install/ros_gz_example_bringup/share/ros_gz_example_bringup/config/mapper_params_online_async.yaml
[0.849s] -- Installing: /root/data/project_ws/install/ros_gz_example_bringup/share/ros_gz_example_bringup/config/rrbot.rviz
[0.849s] -- Installing: /root/data/project_ws/install/ros_gz_example_bringup/share/ros_gz_example_bringup/config/ekf.yaml
[0.849s] -- Installing: /root/data/project_ws/install/ros_gz_example_bringup/share/ros_gz_example_bringup/config/my_map2.yaml
[0.849s] -- Installing: /root/data/project_ws/install/ros_gz_example_bringup/share/ros_gz_example_bringup/config/camera.yaml
[0.850s] -- Installing: /root/data/project_ws/install/ros_gz_example_bringup/share/ament_index/resource_index/package_run_dependencies/ros_gz_example_bringup
[0.850s] -- Installing: /root/data/project_ws/install/ros_gz_example_bringup/share/ament_index/resource_index/parent_prefix_path/ros_gz_example_bringup
[0.850s] -- Installing: /root/data/project_ws/install/ros_gz_example_bringup/share/ros_gz_example_bringup/environment/ament_prefix_path.sh
[0.851s] -- Installing: /root/data/project_ws/install/ros_gz_example_bringup/share/ros_gz_example_bringup/environment/ament_prefix_path.dsv
[0.851s] -- Installing: /root/data/project_ws/install/ros_gz_example_bringup/share/ros_gz_example_bringup/environment/path.sh
[0.851s] -- Installing: /root/data/project_ws/install/ros_gz_example_bringup/share/ros_gz_example_bringup/environment/path.dsv
[0.851s] -- Installing: /root/data/project_ws/install/ros_gz_example_bringup/share/ros_gz_example_bringup/local_setup.bash
[0.851s] -- Installing: /root/data/project_ws/install/ros_gz_example_bringup/share/ros_gz_example_bringup/local_setup.sh
[0.851s] -- Installing: /root/data/project_ws/install/ros_gz_example_bringup/share/ros_gz_example_bringup/local_setup.zsh
[0.852s] -- Installing: /root/data/project_ws/install/ros_gz_example_bringup/share/ros_gz_example_bringup/local_setup.dsv
[0.852s] -- Installing: /root/data/project_ws/install/ros_gz_example_bringup/share/ros_gz_example_bringup/package.dsv
[0.852s] -- Installing: /root/data/project_ws/install/ros_gz_example_bringup/share/ament_index/resource_index/packages/ros_gz_example_bringup
[0.852s] -- Installing: /root/data/project_ws/install/ros_gz_example_bringup/share/ros_gz_example_bringup/cmake/ros_gz_example_bringupConfig.cmake
[0.852s] -- Installing: /root/data/project_ws/install/ros_gz_example_bringup/share/ros_gz_example_bringup/cmake/ros_gz_example_bringupConfig-version.cmake
[0.853s] -- Installing: /root/data/project_ws/install/ros_gz_example_bringup/share/ros_gz_example_bringup/package.xml
[0.855s] Invoked command in '/root/data/project_ws/build/ros_gz_example_bringup' returned '0': AMENT_PREFIX_PATH=/root/data/project_ws/install/ros_gz_example_gazebo:/root/data/project_ws/install/ros_gz_example_description:${AMENT_PREFIX_PATH} CMAKE_PREFIX_PATH=/root/data/project_ws/install/ros_gz_example_gazebo:/root/data/project_ws/install/ros_gz_example_description:/opt/ros/humble IGN_GAZEBO_PLUGIN_PATH=/root/data/project_ws/install/ros_gz_example_gazebo/lib/ros_gz_example_gazebo IGN_GAZEBO_RESOURCE_PATH=/root/data/project_ws/install/ros_gz_example_gazebo/share/ros_gz_example_gazebo/worlds:/root/data/project_ws/install/ros_gz_example_description/share/ros_gz_example_description/models /usr/bin/cmake --install /root/data/project_ws/build/ros_gz_example_bringup
