[0.029s] Invoking command in '/root/data/project_ws/build/ros_gz_example_description': CMAKE_PREFIX_PATH=/opt/ros/humble /usr/bin/cmake /root/data/project_ws/src/ros_gz_example_description -DBUILD_TESTING=ON -DCMAKE_INSTALL_PREFIX=/root/data/project_ws/install/ros_gz_example_description
[0.354s] -- The C compiler identification is GNU 11.4.0
[0.354s] -- The CXX compiler identification is GNU 11.4.0
[0.354s] -- Detecting C compiler ABI info
[0.372s] -- Detecting C compiler ABI info - done
[0.382s] -- Check for working C compiler: /usr/bin/cc - skipped
[0.382s] -- Detecting C compile features
[0.383s] -- Detecting C compile features - done
[0.387s] -- Detecting CXX compiler ABI info
[0.522s] -- Detecting CXX compiler ABI info - done
[0.533s] -- Check for working CXX compiler: /usr/bin/c++ - skipped
[0.536s] -- Detecting CXX compile features
[0.536s] -- Detecting CXX compile features - done
[0.544s] -- Found ament_cmake: 1.3.10 (/opt/ros/humble/share/ament_cmake/cmake)
[0.769s] -- Found Python3: /usr/bin/python3 (found version "3.10.12") found components: Interpreter 
[0.941s] -- Found ament_lint_auto: 0.12.11 (/opt/ros/humble/share/ament_lint_auto/cmake)
[1.048s] -- Configuring done
[1.056s] -- Generating done
[1.057s] -- Build files have been written to: /root/data/project_ws/build/ros_gz_example_description
[1.063s] Invoked command in '/root/data/project_ws/build/ros_gz_example_description' returned '0': CMAKE_PREFIX_PATH=/opt/ros/humble /usr/bin/cmake /root/data/project_ws/src/ros_gz_example_description -DBUILD_TESTING=ON -DCMAKE_INSTALL_PREFIX=/root/data/project_ws/install/ros_gz_example_description
[1.067s] Invoking command in '/root/data/project_ws/build/ros_gz_example_description': CMAKE_PREFIX_PATH=/opt/ros/humble /usr/bin/cmake --build /root/data/project_ws/build/ros_gz_example_description -- -j4 -l4
[1.119s] Invoked command in '/root/data/project_ws/build/ros_gz_example_description' returned '0': CMAKE_PREFIX_PATH=/opt/ros/humble /usr/bin/cmake --build /root/data/project_ws/build/ros_gz_example_description -- -j4 -l4
[1.173s] Invoking command in '/root/data/project_ws/build/ros_gz_example_description': CMAKE_PREFIX_PATH=/opt/ros/humble /usr/bin/cmake --install /root/data/project_ws/build/ros_gz_example_description
[1.186s] -- Install configuration: ""
[1.188s] -- Installing: /root/data/project_ws/install/ros_gz_example_description/share/ros_gz_example_description/models
[1.189s] -- Installing: /root/data/project_ws/install/ros_gz_example_description/share/ros_gz_example_description/models/diff_drive_urdf
[1.189s] -- Installing: /root/data/project_ws/install/ros_gz_example_description/share/ros_gz_example_description/models/diff_drive_urdf/model.urdf.xacro
[1.189s] -- Installing: /root/data/project_ws/install/ros_gz_example_description/share/ros_gz_example_description/environment/ros_gz_example_description.dsv
[1.190s] -- Installing: /root/data/project_ws/install/ros_gz_example_description/share/ros_gz_example_description/environment/ros_gz_example_description.sh
[1.190s] -- Installing: /root/data/project_ws/install/ros_gz_example_description/share/ament_index/resource_index/package_run_dependencies/ros_gz_example_description
[1.190s] -- Installing: /root/data/project_ws/install/ros_gz_example_description/share/ament_index/resource_index/parent_prefix_path/ros_gz_example_description
[1.190s] -- Installing: /root/data/project_ws/install/ros_gz_example_description/share/ros_gz_example_description/environment/ament_prefix_path.sh
[1.190s] -- Installing: /root/data/project_ws/install/ros_gz_example_description/share/ros_gz_example_description/environment/ament_prefix_path.dsv
[1.190s] -- Installing: /root/data/project_ws/install/ros_gz_example_description/share/ros_gz_example_description/environment/path.sh
[1.190s] -- Installing: /root/data/project_ws/install/ros_gz_example_description/share/ros_gz_example_description/environment/path.dsv
[1.190s] -- Installing: /root/data/project_ws/install/ros_gz_example_description/share/ros_gz_example_description/local_setup.bash
[1.190s] -- Installing: /root/data/project_ws/install/ros_gz_example_description/share/ros_gz_example_description/local_setup.sh
[1.190s] -- Installing: /root/data/project_ws/install/ros_gz_example_description/share/ros_gz_example_description/local_setup.zsh
[1.190s] -- Installing: /root/data/project_ws/install/ros_gz_example_description/share/ros_gz_example_description/local_setup.dsv
[1.190s] -- Installing: /root/data/project_ws/install/ros_gz_example_description/share/ros_gz_example_description/package.dsv
[1.191s] -- Installing: /root/data/project_ws/install/ros_gz_example_description/share/ament_index/resource_index/packages/ros_gz_example_description
[1.191s] -- Installing: /root/data/project_ws/install/ros_gz_example_description/share/ros_gz_example_description/cmake/ros_gz_example_descriptionConfig.cmake
[1.191s] -- Installing: /root/data/project_ws/install/ros_gz_example_description/share/ros_gz_example_description/cmake/ros_gz_example_descriptionConfig-version.cmake
[1.191s] -- Installing: /root/data/project_ws/install/ros_gz_example_description/share/ros_gz_example_description/package.xml
[1.193s] Invoked command in '/root/data/project_ws/build/ros_gz_example_description' returned '0': CMAKE_PREFIX_PATH=/opt/ros/humble /usr/bin/cmake --install /root/data/project_ws/build/ros_gz_example_description
