[0.171s] DEBUG:colcon:Command line arguments: ['/usr/local/bin/colcon', 'build', '--cmake-args', '-DBUILD_TESTING=ON']
[0.171s] DEBUG:colcon:Parsed command line arguments: Namespace(log_base=None, log_level=None, verb_name='build', build_base='build', install_base='install', merge_install=False, symlink_install=False, test_result_base=None, continue_on_error=False, executor='parallel', parallel_workers=4, event_handlers=None, ignore_user_meta=False, metas=['./colcon.meta'], base_paths=['.'], packages_ignore=None, packages_ignore_regex=None, paths=None, packages_up_to=None, packages_up_to_regex=None, packages_above=None, packages_above_and_dependencies=None, packages_above_depth=None, packages_select_by_dep=None, packages_skip_by_dep=None, packages_skip_up_to=None, packages_select_build_failed=False, packages_skip_build_finished=False, packages_select_test_failures=False, packages_skip_test_passed=False, packages_select=None, packages_skip=None, packages_select_regex=None, packages_skip_regex=None, packages_start=None, packages_end=None, cmake_args=['-DBUILD_TESTING=ON'], cmake_target=None, cmake_target_skip_unavailable=False, cmake_clean_cache=False, cmake_clean_first=False, cmake_force_configure=False, ament_cmake_args=None, catkin_cmake_args=None, catkin_skip_building_tests=False, verb_parser=<colcon_defaults.argument_parser.defaults.DefaultArgumentsDecorator object at 0x7e820c42d510>, verb_extension=<colcon_core.verb.build.BuildVerb object at 0x7e820c3a3370>, main=<bound method BuildVerb.main of <colcon_core.verb.build.BuildVerb object at 0x7e820c3a3370>>)
[0.353s] Level 1:colcon.colcon_core.package_discovery:discover_packages(colcon_meta) check parameters
[0.353s] Level 1:colcon.colcon_core.package_discovery:discover_packages(recursive) check parameters
[0.353s] Level 1:colcon.colcon_core.package_discovery:discover_packages(ignore) check parameters
[0.353s] Level 1:colcon.colcon_core.package_discovery:discover_packages(path) check parameters
[0.353s] Level 1:colcon.colcon_core.package_discovery:discover_packages(colcon_meta) discover
[0.353s] Level 1:colcon.colcon_core.package_discovery:discover_packages(recursive) discover
[0.353s] INFO:colcon.colcon_core.package_discovery:Crawling recursively for packages in '/root/data/project_ws'
[0.353s] Level 1:colcon.colcon_core.package_identification:_identify(.) by extensions ['ignore', 'ignore_ament_install']
[0.354s] Level 1:colcon.colcon_core.package_identification:_identify(.) by extension 'ignore'
[0.354s] Level 1:colcon.colcon_core.package_identification:_identify(.) by extension 'ignore_ament_install'
[0.354s] Level 1:colcon.colcon_core.package_identification:_identify(.) by extensions ['colcon_pkg']
[0.354s] Level 1:colcon.colcon_core.package_identification:_identify(.) by extension 'colcon_pkg'
[0.354s] Level 1:colcon.colcon_core.package_identification:_identify(.) by extensions ['colcon_meta']
[0.354s] Level 1:colcon.colcon_core.package_identification:_identify(.) by extension 'colcon_meta'
[0.354s] Level 1:colcon.colcon_core.package_identification:_identify(.) by extensions ['ros']
[0.354s] Level 1:colcon.colcon_core.package_identification:_identify(.) by extension 'ros'
[0.369s] Level 1:colcon.colcon_core.package_identification:_identify(.) by extensions ['cmake', 'python']
[0.369s] Level 1:colcon.colcon_core.package_identification:_identify(.) by extension 'cmake'
[0.369s] Level 1:colcon.colcon_core.package_identification:_identify(.) by extension 'python'
[0.369s] Level 1:colcon.colcon_core.package_identification:_identify(.) by extensions ['python_setup_py']
[0.369s] Level 1:colcon.colcon_core.package_identification:_identify(.) by extension 'python_setup_py'
[0.369s] Level 1:colcon.colcon_core.package_identification:_identify(build) by extensions ['ignore', 'ignore_ament_install']
[0.370s] Level 1:colcon.colcon_core.package_identification:_identify(build) by extension 'ignore'
[0.370s] Level 1:colcon.colcon_core.package_identification:_identify(build) ignored
[0.370s] Level 1:colcon.colcon_core.package_identification:_identify(install) by extensions ['ignore', 'ignore_ament_install']
[0.370s] Level 1:colcon.colcon_core.package_identification:_identify(install) by extension 'ignore'
[0.370s] Level 1:colcon.colcon_core.package_identification:_identify(install) ignored
[0.370s] Level 1:colcon.colcon_core.package_identification:_identify(log) by extensions ['ignore', 'ignore_ament_install']
[0.370s] Level 1:colcon.colcon_core.package_identification:_identify(log) by extension 'ignore'
[0.370s] Level 1:colcon.colcon_core.package_identification:_identify(log) ignored
[0.371s] Level 1:colcon.colcon_core.package_identification:_identify(src) by extensions ['ignore', 'ignore_ament_install']
[0.371s] Level 1:colcon.colcon_core.package_identification:_identify(src) by extension 'ignore'
[0.371s] Level 1:colcon.colcon_core.package_identification:_identify(src) by extension 'ignore_ament_install'
[0.371s] Level 1:colcon.colcon_core.package_identification:_identify(src) by extensions ['colcon_pkg']
[0.371s] Level 1:colcon.colcon_core.package_identification:_identify(src) by extension 'colcon_pkg'
[0.371s] Level 1:colcon.colcon_core.package_identification:_identify(src) by extensions ['colcon_meta']
[0.371s] Level 1:colcon.colcon_core.package_identification:_identify(src) by extension 'colcon_meta'
[0.371s] Level 1:colcon.colcon_core.package_identification:_identify(src) by extensions ['ros']
[0.371s] Level 1:colcon.colcon_core.package_identification:_identify(src) by extension 'ros'
[0.371s] Level 1:colcon.colcon_core.package_identification:_identify(src) by extensions ['cmake', 'python']
[0.371s] Level 1:colcon.colcon_core.package_identification:_identify(src) by extension 'cmake'
[0.371s] Level 1:colcon.colcon_core.package_identification:_identify(src) by extension 'python'
[0.371s] Level 1:colcon.colcon_core.package_identification:_identify(src) by extensions ['python_setup_py']
[0.371s] Level 1:colcon.colcon_core.package_identification:_identify(src) by extension 'python_setup_py'
[0.371s] Level 1:colcon.colcon_core.package_identification:_identify(src/build) by extensions ['ignore', 'ignore_ament_install']
[0.372s] Level 1:colcon.colcon_core.package_identification:_identify(src/build) by extension 'ignore'
[0.372s] Level 1:colcon.colcon_core.package_identification:_identify(src/build) ignored
[0.372s] Level 1:colcon.colcon_core.package_identification:_identify(src/hardware_link2) by extensions ['ignore', 'ignore_ament_install']
[0.372s] Level 1:colcon.colcon_core.package_identification:_identify(src/hardware_link2) by extension 'ignore'
[0.372s] Level 1:colcon.colcon_core.package_identification:_identify(src/hardware_link2) by extension 'ignore_ament_install'
[0.372s] Level 1:colcon.colcon_core.package_identification:_identify(src/hardware_link2) by extensions ['colcon_pkg']
[0.372s] Level 1:colcon.colcon_core.package_identification:_identify(src/hardware_link2) by extension 'colcon_pkg'
[0.372s] Level 1:colcon.colcon_core.package_identification:_identify(src/hardware_link2) by extensions ['colcon_meta']
[0.372s] Level 1:colcon.colcon_core.package_identification:_identify(src/hardware_link2) by extension 'colcon_meta'
[0.372s] Level 1:colcon.colcon_core.package_identification:_identify(src/hardware_link2) by extensions ['ros']
[0.372s] Level 1:colcon.colcon_core.package_identification:_identify(src/hardware_link2) by extension 'ros'
[0.376s] DEBUG:colcon.colcon_core.package_identification:Package 'src/hardware_link2' with type 'ros.ament_cmake' and name 'hardware_link2'
[0.376s] Level 1:colcon.colcon_core.package_identification:_identify(src/install) by extensions ['ignore', 'ignore_ament_install']
[0.376s] Level 1:colcon.colcon_core.package_identification:_identify(src/install) by extension 'ignore'
[0.376s] Level 1:colcon.colcon_core.package_identification:_identify(src/install) ignored
[0.376s] Level 1:colcon.colcon_core.package_identification:_identify(src/log) by extensions ['ignore', 'ignore_ament_install']
[0.376s] Level 1:colcon.colcon_core.package_identification:_identify(src/log) by extension 'ignore'
[0.376s] Level 1:colcon.colcon_core.package_identification:_identify(src/log) ignored
[0.377s] Level 1:colcon.colcon_core.package_identification:_identify(src/my_package) by extensions ['ignore', 'ignore_ament_install']
[0.377s] Level 1:colcon.colcon_core.package_identification:_identify(src/my_package) by extension 'ignore'
[0.377s] Level 1:colcon.colcon_core.package_identification:_identify(src/my_package) by extension 'ignore_ament_install'
[0.377s] Level 1:colcon.colcon_core.package_identification:_identify(src/my_package) by extensions ['colcon_pkg']
[0.377s] Level 1:colcon.colcon_core.package_identification:_identify(src/my_package) by extension 'colcon_pkg'
[0.377s] Level 1:colcon.colcon_core.package_identification:_identify(src/my_package) by extensions ['colcon_meta']
[0.377s] Level 1:colcon.colcon_core.package_identification:_identify(src/my_package) by extension 'colcon_meta'
[0.377s] Level 1:colcon.colcon_core.package_identification:_identify(src/my_package) by extensions ['ros']
[0.377s] Level 1:colcon.colcon_core.package_identification:_identify(src/my_package) by extension 'ros'
[0.378s] DEBUG:colcon.colcon_core.package_identification:Package 'src/my_package' with type 'ros.ament_python' and name 'my_package'
[0.378s] Level 1:colcon.colcon_core.package_identification:_identify(src/ros_gz_example_application) by extensions ['ignore', 'ignore_ament_install']
[0.378s] Level 1:colcon.colcon_core.package_identification:_identify(src/ros_gz_example_application) by extension 'ignore'
[0.378s] Level 1:colcon.colcon_core.package_identification:_identify(src/ros_gz_example_application) by extension 'ignore_ament_install'
[0.378s] Level 1:colcon.colcon_core.package_identification:_identify(src/ros_gz_example_application) by extensions ['colcon_pkg']
[0.378s] Level 1:colcon.colcon_core.package_identification:_identify(src/ros_gz_example_application) by extension 'colcon_pkg'
[0.378s] Level 1:colcon.colcon_core.package_identification:_identify(src/ros_gz_example_application) by extensions ['colcon_meta']
[0.378s] Level 1:colcon.colcon_core.package_identification:_identify(src/ros_gz_example_application) by extension 'colcon_meta'
[0.378s] Level 1:colcon.colcon_core.package_identification:_identify(src/ros_gz_example_application) by extensions ['ros']
[0.378s] Level 1:colcon.colcon_core.package_identification:_identify(src/ros_gz_example_application) by extension 'ros'
[0.379s] DEBUG:colcon.colcon_core.package_identification:Package 'src/ros_gz_example_application' with type 'ros.ament_cmake' and name 'ros_gz_example_application'
[0.379s] Level 1:colcon.colcon_core.package_identification:_identify(src/ros_gz_example_bringup) by extensions ['ignore', 'ignore_ament_install']
[0.379s] Level 1:colcon.colcon_core.package_identification:_identify(src/ros_gz_example_bringup) by extension 'ignore'
[0.379s] Level 1:colcon.colcon_core.package_identification:_identify(src/ros_gz_example_bringup) by extension 'ignore_ament_install'
[0.379s] Level 1:colcon.colcon_core.package_identification:_identify(src/ros_gz_example_bringup) by extensions ['colcon_pkg']
[0.379s] Level 1:colcon.colcon_core.package_identification:_identify(src/ros_gz_example_bringup) by extension 'colcon_pkg'
[0.380s] Level 1:colcon.colcon_core.package_identification:_identify(src/ros_gz_example_bringup) by extensions ['colcon_meta']
[0.380s] Level 1:colcon.colcon_core.package_identification:_identify(src/ros_gz_example_bringup) by extension 'colcon_meta'
[0.380s] Level 1:colcon.colcon_core.package_identification:_identify(src/ros_gz_example_bringup) by extensions ['ros']
[0.380s] Level 1:colcon.colcon_core.package_identification:_identify(src/ros_gz_example_bringup) by extension 'ros'
[0.382s] DEBUG:colcon.colcon_core.package_identification:Package 'src/ros_gz_example_bringup' with type 'ros.ament_cmake' and name 'ros_gz_example_bringup'
[0.382s] Level 1:colcon.colcon_core.package_identification:_identify(src/ros_gz_example_description) by extensions ['ignore', 'ignore_ament_install']
[0.382s] Level 1:colcon.colcon_core.package_identification:_identify(src/ros_gz_example_description) by extension 'ignore'
[0.382s] Level 1:colcon.colcon_core.package_identification:_identify(src/ros_gz_example_description) by extension 'ignore_ament_install'
[0.382s] Level 1:colcon.colcon_core.package_identification:_identify(src/ros_gz_example_description) by extensions ['colcon_pkg']
[0.382s] Level 1:colcon.colcon_core.package_identification:_identify(src/ros_gz_example_description) by extension 'colcon_pkg'
[0.382s] Level 1:colcon.colcon_core.package_identification:_identify(src/ros_gz_example_description) by extensions ['colcon_meta']
[0.382s] Level 1:colcon.colcon_core.package_identification:_identify(src/ros_gz_example_description) by extension 'colcon_meta'
[0.382s] Level 1:colcon.colcon_core.package_identification:_identify(src/ros_gz_example_description) by extensions ['ros']
[0.382s] Level 1:colcon.colcon_core.package_identification:_identify(src/ros_gz_example_description) by extension 'ros'
[0.383s] DEBUG:colcon.colcon_core.package_identification:Package 'src/ros_gz_example_description' with type 'ros.ament_cmake' and name 'ros_gz_example_description'
[0.383s] Level 1:colcon.colcon_core.package_identification:_identify(src/ros_gz_example_gazebo) by extensions ['ignore', 'ignore_ament_install']
[0.383s] Level 1:colcon.colcon_core.package_identification:_identify(src/ros_gz_example_gazebo) by extension 'ignore'
[0.384s] Level 1:colcon.colcon_core.package_identification:_identify(src/ros_gz_example_gazebo) by extension 'ignore_ament_install'
[0.384s] Level 1:colcon.colcon_core.package_identification:_identify(src/ros_gz_example_gazebo) by extensions ['colcon_pkg']
[0.384s] Level 1:colcon.colcon_core.package_identification:_identify(src/ros_gz_example_gazebo) by extension 'colcon_pkg'
[0.384s] Level 1:colcon.colcon_core.package_identification:_identify(src/ros_gz_example_gazebo) by extensions ['colcon_meta']
[0.384s] Level 1:colcon.colcon_core.package_identification:_identify(src/ros_gz_example_gazebo) by extension 'colcon_meta'
[0.384s] Level 1:colcon.colcon_core.package_identification:_identify(src/ros_gz_example_gazebo) by extensions ['ros']
[0.384s] Level 1:colcon.colcon_core.package_identification:_identify(src/ros_gz_example_gazebo) by extension 'ros'
[0.385s] DEBUG:colcon.colcon_core.package_identification:Package 'src/ros_gz_example_gazebo' with type 'ros.ament_cmake' and name 'ros_gz_example_gazebo'
[0.385s] Level 1:colcon.colcon_core.package_discovery:discover_packages(recursive) using defaults
[0.385s] Level 1:colcon.colcon_core.package_discovery:discover_packages(ignore) discover
[0.385s] Level 1:colcon.colcon_core.package_discovery:discover_packages(ignore) using defaults
[0.385s] Level 1:colcon.colcon_core.package_discovery:discover_packages(path) discover
[0.385s] Level 1:colcon.colcon_core.package_discovery:discover_packages(path) using defaults
[0.413s] Level 5:colcon.colcon_core.verb:set package 'hardware_link2' build argument 'cmake_args' from command line to '['-DBUILD_TESTING=ON']'
[0.413s] Level 5:colcon.colcon_core.verb:set package 'hardware_link2' build argument 'cmake_target' from command line to 'None'
[0.413s] Level 5:colcon.colcon_core.verb:set package 'hardware_link2' build argument 'cmake_target_skip_unavailable' from command line to 'False'
[0.413s] Level 5:colcon.colcon_core.verb:set package 'hardware_link2' build argument 'cmake_clean_cache' from command line to 'False'
[0.413s] Level 5:colcon.colcon_core.verb:set package 'hardware_link2' build argument 'cmake_clean_first' from command line to 'False'
[0.413s] Level 5:colcon.colcon_core.verb:set package 'hardware_link2' build argument 'cmake_force_configure' from command line to 'False'
[0.413s] Level 5:colcon.colcon_core.verb:set package 'hardware_link2' build argument 'ament_cmake_args' from command line to 'None'
[0.413s] Level 5:colcon.colcon_core.verb:set package 'hardware_link2' build argument 'catkin_cmake_args' from command line to 'None'
[0.413s] Level 5:colcon.colcon_core.verb:set package 'hardware_link2' build argument 'catkin_skip_building_tests' from command line to 'False'
[0.413s] DEBUG:colcon.colcon_core.verb:Building package 'hardware_link2' with the following arguments: {'ament_cmake_args': None, 'build_base': '/root/data/project_ws/build/hardware_link2', 'catkin_cmake_args': None, 'catkin_skip_building_tests': False, 'cmake_args': ['-DBUILD_TESTING=ON'], 'cmake_clean_cache': False, 'cmake_clean_first': False, 'cmake_force_configure': False, 'cmake_target': None, 'cmake_target_skip_unavailable': False, 'install_base': '/root/data/project_ws/install/hardware_link2', 'merge_install': False, 'path': '/root/data/project_ws/src/hardware_link2', 'symlink_install': False, 'test_result_base': None}
[0.413s] Level 5:colcon.colcon_core.verb:set package 'my_package' build argument 'cmake_args' from command line to '['-DBUILD_TESTING=ON']'
[0.414s] Level 5:colcon.colcon_core.verb:set package 'my_package' build argument 'cmake_target' from command line to 'None'
[0.414s] Level 5:colcon.colcon_core.verb:set package 'my_package' build argument 'cmake_target_skip_unavailable' from command line to 'False'
[0.414s] Level 5:colcon.colcon_core.verb:set package 'my_package' build argument 'cmake_clean_cache' from command line to 'False'
[0.414s] Level 5:colcon.colcon_core.verb:set package 'my_package' build argument 'cmake_clean_first' from command line to 'False'
[0.414s] Level 5:colcon.colcon_core.verb:set package 'my_package' build argument 'cmake_force_configure' from command line to 'False'
[0.414s] Level 5:colcon.colcon_core.verb:set package 'my_package' build argument 'ament_cmake_args' from command line to 'None'
[0.414s] Level 5:colcon.colcon_core.verb:set package 'my_package' build argument 'catkin_cmake_args' from command line to 'None'
[0.414s] Level 5:colcon.colcon_core.verb:set package 'my_package' build argument 'catkin_skip_building_tests' from command line to 'False'
[0.414s] DEBUG:colcon.colcon_core.verb:Building package 'my_package' with the following arguments: {'ament_cmake_args': None, 'build_base': '/root/data/project_ws/build/my_package', 'catkin_cmake_args': None, 'catkin_skip_building_tests': False, 'cmake_args': ['-DBUILD_TESTING=ON'], 'cmake_clean_cache': False, 'cmake_clean_first': False, 'cmake_force_configure': False, 'cmake_target': None, 'cmake_target_skip_unavailable': False, 'install_base': '/root/data/project_ws/install/my_package', 'merge_install': False, 'path': '/root/data/project_ws/src/my_package', 'symlink_install': False, 'test_result_base': None}
[0.414s] Level 5:colcon.colcon_core.verb:set package 'ros_gz_example_application' build argument 'cmake_args' from command line to '['-DBUILD_TESTING=ON']'
[0.414s] Level 5:colcon.colcon_core.verb:set package 'ros_gz_example_application' build argument 'cmake_target' from command line to 'None'
[0.415s] Level 5:colcon.colcon_core.verb:set package 'ros_gz_example_application' build argument 'cmake_target_skip_unavailable' from command line to 'False'
[0.415s] Level 5:colcon.colcon_core.verb:set package 'ros_gz_example_application' build argument 'cmake_clean_cache' from command line to 'False'
[0.415s] Level 5:colcon.colcon_core.verb:set package 'ros_gz_example_application' build argument 'cmake_clean_first' from command line to 'False'
[0.415s] Level 5:colcon.colcon_core.verb:set package 'ros_gz_example_application' build argument 'cmake_force_configure' from command line to 'False'
[0.415s] Level 5:colcon.colcon_core.verb:set package 'ros_gz_example_application' build argument 'ament_cmake_args' from command line to 'None'
[0.415s] Level 5:colcon.colcon_core.verb:set package 'ros_gz_example_application' build argument 'catkin_cmake_args' from command line to 'None'
[0.415s] Level 5:colcon.colcon_core.verb:set package 'ros_gz_example_application' build argument 'catkin_skip_building_tests' from command line to 'False'
[0.415s] DEBUG:colcon.colcon_core.verb:Building package 'ros_gz_example_application' with the following arguments: {'ament_cmake_args': None, 'build_base': '/root/data/project_ws/build/ros_gz_example_application', 'catkin_cmake_args': None, 'catkin_skip_building_tests': False, 'cmake_args': ['-DBUILD_TESTING=ON'], 'cmake_clean_cache': False, 'cmake_clean_first': False, 'cmake_force_configure': False, 'cmake_target': None, 'cmake_target_skip_unavailable': False, 'install_base': '/root/data/project_ws/install/ros_gz_example_application', 'merge_install': False, 'path': '/root/data/project_ws/src/ros_gz_example_application', 'symlink_install': False, 'test_result_base': None}
[0.415s] Level 5:colcon.colcon_core.verb:set package 'ros_gz_example_description' build argument 'cmake_args' from command line to '['-DBUILD_TESTING=ON']'
[0.415s] Level 5:colcon.colcon_core.verb:set package 'ros_gz_example_description' build argument 'cmake_target' from command line to 'None'
[0.415s] Level 5:colcon.colcon_core.verb:set package 'ros_gz_example_description' build argument 'cmake_target_skip_unavailable' from command line to 'False'
[0.415s] Level 5:colcon.colcon_core.verb:set package 'ros_gz_example_description' build argument 'cmake_clean_cache' from command line to 'False'
[0.415s] Level 5:colcon.colcon_core.verb:set package 'ros_gz_example_description' build argument 'cmake_clean_first' from command line to 'False'
[0.416s] Level 5:colcon.colcon_core.verb:set package 'ros_gz_example_description' build argument 'cmake_force_configure' from command line to 'False'
[0.416s] Level 5:colcon.colcon_core.verb:set package 'ros_gz_example_description' build argument 'ament_cmake_args' from command line to 'None'
[0.416s] Level 5:colcon.colcon_core.verb:set package 'ros_gz_example_description' build argument 'catkin_cmake_args' from command line to 'None'
[0.416s] Level 5:colcon.colcon_core.verb:set package 'ros_gz_example_description' build argument 'catkin_skip_building_tests' from command line to 'False'
[0.416s] DEBUG:colcon.colcon_core.verb:Building package 'ros_gz_example_description' with the following arguments: {'ament_cmake_args': None, 'build_base': '/root/data/project_ws/build/ros_gz_example_description', 'catkin_cmake_args': None, 'catkin_skip_building_tests': False, 'cmake_args': ['-DBUILD_TESTING=ON'], 'cmake_clean_cache': False, 'cmake_clean_first': False, 'cmake_force_configure': False, 'cmake_target': None, 'cmake_target_skip_unavailable': False, 'install_base': '/root/data/project_ws/install/ros_gz_example_description', 'merge_install': False, 'path': '/root/data/project_ws/src/ros_gz_example_description', 'symlink_install': False, 'test_result_base': None}
[0.416s] Level 5:colcon.colcon_core.verb:set package 'ros_gz_example_gazebo' build argument 'cmake_args' from command line to '['-DBUILD_TESTING=ON']'
[0.416s] Level 5:colcon.colcon_core.verb:set package 'ros_gz_example_gazebo' build argument 'cmake_target' from command line to 'None'
[0.416s] Level 5:colcon.colcon_core.verb:set package 'ros_gz_example_gazebo' build argument 'cmake_target_skip_unavailable' from command line to 'False'
[0.416s] Level 5:colcon.colcon_core.verb:set package 'ros_gz_example_gazebo' build argument 'cmake_clean_cache' from command line to 'False'
[0.416s] Level 5:colcon.colcon_core.verb:set package 'ros_gz_example_gazebo' build argument 'cmake_clean_first' from command line to 'False'
[0.416s] Level 5:colcon.colcon_core.verb:set package 'ros_gz_example_gazebo' build argument 'cmake_force_configure' from command line to 'False'
[0.416s] Level 5:colcon.colcon_core.verb:set package 'ros_gz_example_gazebo' build argument 'ament_cmake_args' from command line to 'None'
[0.416s] Level 5:colcon.colcon_core.verb:set package 'ros_gz_example_gazebo' build argument 'catkin_cmake_args' from command line to 'None'
[0.416s] Level 5:colcon.colcon_core.verb:set package 'ros_gz_example_gazebo' build argument 'catkin_skip_building_tests' from command line to 'False'
[0.416s] DEBUG:colcon.colcon_core.verb:Building package 'ros_gz_example_gazebo' with the following arguments: {'ament_cmake_args': None, 'build_base': '/root/data/project_ws/build/ros_gz_example_gazebo', 'catkin_cmake_args': None, 'catkin_skip_building_tests': False, 'cmake_args': ['-DBUILD_TESTING=ON'], 'cmake_clean_cache': False, 'cmake_clean_first': False, 'cmake_force_configure': False, 'cmake_target': None, 'cmake_target_skip_unavailable': False, 'install_base': '/root/data/project_ws/install/ros_gz_example_gazebo', 'merge_install': False, 'path': '/root/data/project_ws/src/ros_gz_example_gazebo', 'symlink_install': False, 'test_result_base': None}
[0.417s] Level 5:colcon.colcon_core.verb:set package 'ros_gz_example_bringup' build argument 'cmake_args' from command line to '['-DBUILD_TESTING=ON']'
[0.417s] Level 5:colcon.colcon_core.verb:set package 'ros_gz_example_bringup' build argument 'cmake_target' from command line to 'None'
[0.417s] Level 5:colcon.colcon_core.verb:set package 'ros_gz_example_bringup' build argument 'cmake_target_skip_unavailable' from command line to 'False'
[0.417s] Level 5:colcon.colcon_core.verb:set package 'ros_gz_example_bringup' build argument 'cmake_clean_cache' from command line to 'False'
[0.417s] Level 5:colcon.colcon_core.verb:set package 'ros_gz_example_bringup' build argument 'cmake_clean_first' from command line to 'False'
[0.417s] Level 5:colcon.colcon_core.verb:set package 'ros_gz_example_bringup' build argument 'cmake_force_configure' from command line to 'False'
[0.417s] Level 5:colcon.colcon_core.verb:set package 'ros_gz_example_bringup' build argument 'ament_cmake_args' from command line to 'None'
[0.417s] Level 5:colcon.colcon_core.verb:set package 'ros_gz_example_bringup' build argument 'catkin_cmake_args' from command line to 'None'
[0.417s] Level 5:colcon.colcon_core.verb:set package 'ros_gz_example_bringup' build argument 'catkin_skip_building_tests' from command line to 'False'
[0.417s] DEBUG:colcon.colcon_core.verb:Building package 'ros_gz_example_bringup' with the following arguments: {'ament_cmake_args': None, 'build_base': '/root/data/project_ws/build/ros_gz_example_bringup', 'catkin_cmake_args': None, 'catkin_skip_building_tests': False, 'cmake_args': ['-DBUILD_TESTING=ON'], 'cmake_clean_cache': False, 'cmake_clean_first': False, 'cmake_force_configure': False, 'cmake_target': None, 'cmake_target_skip_unavailable': False, 'install_base': '/root/data/project_ws/install/ros_gz_example_bringup', 'merge_install': False, 'path': '/root/data/project_ws/src/ros_gz_example_bringup', 'symlink_install': False, 'test_result_base': None}
[0.417s] INFO:colcon.colcon_core.executor:Executing jobs using 'parallel' executor
[0.419s] DEBUG:colcon.colcon_parallel_executor.executor.parallel:run_until_complete
[0.419s] INFO:colcon.colcon_ros.task.ament_cmake.build:Building ROS package in '/root/data/project_ws/src/ros_gz_example_description' with build type 'ament_cmake'
[0.420s] INFO:colcon.colcon_cmake.task.cmake.build:Building CMake package in '/root/data/project_ws/src/ros_gz_example_description'
[0.422s] INFO:colcon.colcon_core.plugin_system:Skipping extension 'colcon_core.shell.bat': Not used on non-Windows systems
[0.422s] INFO:colcon.colcon_core.shell:Skip shell extension 'powershell' for command environment: Not usable outside of PowerShell
[0.423s] DEBUG:colcon.colcon_core.shell:Skip shell extension 'dsv' for command environment
[0.430s] INFO:colcon.colcon_ros.task.ament_cmake.build:Building ROS package in '/root/data/project_ws/src/hardware_link2' with build type 'ament_cmake'
[0.430s] INFO:colcon.colcon_cmake.task.cmake.build:Building CMake package in '/root/data/project_ws/src/hardware_link2'
[0.431s] INFO:colcon.colcon_core.shell:Skip shell extension 'powershell' for command environment: Not usable outside of PowerShell
[0.431s] DEBUG:colcon.colcon_core.shell:Skip shell extension 'dsv' for command environment
[0.435s] INFO:colcon.colcon_ros.task.ament_python.build:Building ROS package in '/root/data/project_ws/src/my_package' with build type 'ament_python'
[0.435s] Level 1:colcon.colcon_core.shell:create_environment_hook('my_package', 'ament_prefix_path')
[0.436s] INFO:colcon.colcon_core.shell:Creating environment hook '/root/data/project_ws/install/my_package/share/my_package/hook/ament_prefix_path.ps1'
[0.437s] INFO:colcon.colcon_core.shell:Creating environment descriptor '/root/data/project_ws/install/my_package/share/my_package/hook/ament_prefix_path.dsv'
[0.438s] INFO:colcon.colcon_core.shell:Creating environment hook '/root/data/project_ws/install/my_package/share/my_package/hook/ament_prefix_path.sh'
[0.439s] INFO:colcon.colcon_core.shell:Skip shell extension 'powershell' for command environment: Not usable outside of PowerShell
[0.439s] DEBUG:colcon.colcon_core.shell:Skip shell extension 'dsv' for command environment
[0.443s] INFO:colcon.colcon_ros.task.ament_cmake.build:Building ROS package in '/root/data/project_ws/src/ros_gz_example_application' with build type 'ament_cmake'
[0.446s] INFO:colcon.colcon_cmake.task.cmake.build:Building CMake package in '/root/data/project_ws/src/ros_gz_example_application'
[0.446s] INFO:colcon.colcon_core.shell:Skip shell extension 'powershell' for command environment: Not usable outside of PowerShell
[0.446s] DEBUG:colcon.colcon_core.shell:Skip shell extension 'dsv' for command environment
[0.458s] DEBUG:colcon.colcon_core.event_handler.log_command:Invoking command in '/root/data/project_ws/build/ros_gz_example_description': CMAKE_PREFIX_PATH=/opt/ros/humble /usr/bin/cmake --build /root/data/project_ws/build/ros_gz_example_description -- -j4 -l4
[0.464s] DEBUG:colcon.colcon_core.event_handler.log_command:Invoking command in '/root/data/project_ws/build/hardware_link2': CMAKE_PREFIX_PATH=/opt/ros/humble /usr/bin/cmake --build /root/data/project_ws/build/hardware_link2 -- -j4 -l4
[0.827s] INFO:colcon.colcon_core.task.python.build:Building Python package in '/root/data/project_ws/src/my_package'
[0.827s] INFO:colcon.colcon_core.shell:Skip shell extension 'powershell' for command environment: Not usable outside of PowerShell
[0.827s] DEBUG:colcon.colcon_core.shell:Skip shell extension 'dsv' for command environment
[0.836s] DEBUG:colcon.colcon_core.event_handler.log_command:Invoking command in '/root/data/project_ws/build/ros_gz_example_application': CMAKE_PREFIX_PATH=/opt/ros/humble /usr/bin/cmake --build /root/data/project_ws/build/ros_gz_example_application -- -j4 -l4
[0.859s] DEBUG:colcon.colcon_core.event_handler.log_command:Invoked command in '/root/data/project_ws/build/ros_gz_example_description' returned '0': CMAKE_PREFIX_PATH=/opt/ros/humble /usr/bin/cmake --build /root/data/project_ws/build/ros_gz_example_description -- -j4 -l4
[0.900s] DEBUG:colcon.colcon_core.event_handler.log_command:Invoked command in '/root/data/project_ws/build/ros_gz_example_application' returned '0': CMAKE_PREFIX_PATH=/opt/ros/humble /usr/bin/cmake --build /root/data/project_ws/build/ros_gz_example_application -- -j4 -l4
[0.954s] DEBUG:colcon.colcon_core.event_handler.log_command:Invoking command in '/root/data/project_ws/build/ros_gz_example_description': CMAKE_PREFIX_PATH=/opt/ros/humble /usr/bin/cmake --install /root/data/project_ws/build/ros_gz_example_description
[1.014s] Level 1:colcon.colcon_core.environment:create_environment_scripts_only(ros_gz_example_description)
[1.017s] Level 1:colcon.colcon_core.environment:checking '/root/data/project_ws/install/ros_gz_example_description' for CMake module files
[1.018s] Level 1:colcon.colcon_core.environment:checking '/root/data/project_ws/install/ros_gz_example_description' for CMake config files
[1.018s] Level 1:colcon.colcon_core.shell:create_environment_hook('ros_gz_example_description', 'cmake_prefix_path')
[1.018s] INFO:colcon.colcon_core.shell:Creating environment hook '/root/data/project_ws/install/ros_gz_example_description/share/ros_gz_example_description/hook/cmake_prefix_path.ps1'
[1.022s] DEBUG:colcon.colcon_core.event_handler.log_command:Invoked command in '/root/data/project_ws/build/ros_gz_example_description' returned '0': CMAKE_PREFIX_PATH=/opt/ros/humble /usr/bin/cmake --install /root/data/project_ws/build/ros_gz_example_description
[1.023s] INFO:colcon.colcon_core.shell:Creating environment descriptor '/root/data/project_ws/install/ros_gz_example_description/share/ros_gz_example_description/hook/cmake_prefix_path.dsv'
[1.023s] INFO:colcon.colcon_core.shell:Creating environment hook '/root/data/project_ws/install/ros_gz_example_description/share/ros_gz_example_description/hook/cmake_prefix_path.sh'
[1.024s] Level 1:colcon.colcon_core.environment:checking '/root/data/project_ws/install/ros_gz_example_description/bin'
[1.024s] Level 1:colcon.colcon_core.environment:checking '/root/data/project_ws/install/ros_gz_example_description/lib/pkgconfig/ros_gz_example_description.pc'
[1.024s] Level 1:colcon.colcon_core.environment:checking '/root/data/project_ws/install/ros_gz_example_description/lib/python3.10/site-packages'
[1.025s] Level 1:colcon.colcon_core.environment:checking '/root/data/project_ws/install/ros_gz_example_description/bin'
[1.025s] INFO:colcon.colcon_core.shell:Creating package script '/root/data/project_ws/install/ros_gz_example_description/share/ros_gz_example_description/package.ps1'
[1.026s] INFO:colcon.colcon_core.shell:Creating package descriptor '/root/data/project_ws/install/ros_gz_example_description/share/ros_gz_example_description/package.dsv'
[1.027s] INFO:colcon.colcon_core.shell:Creating package script '/root/data/project_ws/install/ros_gz_example_description/share/ros_gz_example_description/package.sh'
[1.031s] INFO:colcon.colcon_core.shell:Creating package script '/root/data/project_ws/install/ros_gz_example_description/share/ros_gz_example_description/package.bash'
[1.037s] INFO:colcon.colcon_core.shell:Creating package script '/root/data/project_ws/install/ros_gz_example_description/share/ros_gz_example_description/package.zsh'
[1.039s] Level 1:colcon.colcon_core.environment:create_file_with_runtime_dependencies(/root/data/project_ws/install/ros_gz_example_description/share/colcon-core/packages/ros_gz_example_description)
[1.076s] DEBUG:colcon.colcon_core.event_handler.log_command:Invoking command in '/root/data/project_ws/build/ros_gz_example_application': CMAKE_PREFIX_PATH=/opt/ros/humble /usr/bin/cmake --install /root/data/project_ws/build/ros_gz_example_application
[1.115s] Level 1:colcon.colcon_core.environment:create_environment_scripts_only(ros_gz_example_application)
[1.116s] Level 1:colcon.colcon_core.environment:checking '/root/data/project_ws/install/ros_gz_example_application' for CMake module files
[1.116s] Level 1:colcon.colcon_core.environment:checking '/root/data/project_ws/install/ros_gz_example_application' for CMake config files
[1.117s] Level 1:colcon.colcon_core.shell:create_environment_hook('ros_gz_example_application', 'cmake_prefix_path')
[1.117s] INFO:colcon.colcon_core.shell:Creating environment hook '/root/data/project_ws/install/ros_gz_example_application/share/ros_gz_example_application/hook/cmake_prefix_path.ps1'
[1.124s] INFO:colcon.colcon_core.shell:Creating environment descriptor '/root/data/project_ws/install/ros_gz_example_application/share/ros_gz_example_application/hook/cmake_prefix_path.dsv'
[1.124s] INFO:colcon.colcon_core.shell:Creating environment hook '/root/data/project_ws/install/ros_gz_example_application/share/ros_gz_example_application/hook/cmake_prefix_path.sh'
[1.126s] Level 1:colcon.colcon_core.environment:checking '/root/data/project_ws/install/ros_gz_example_application/bin'
[1.127s] Level 1:colcon.colcon_core.environment:checking '/root/data/project_ws/install/ros_gz_example_application/lib/pkgconfig/ros_gz_example_application.pc'
[1.130s] Level 1:colcon.colcon_core.environment:checking '/root/data/project_ws/install/ros_gz_example_application/lib/python3.10/site-packages'
[1.134s] DEBUG:colcon.colcon_core.event_handler.log_command:Invoked command in '/root/data/project_ws/build/ros_gz_example_application' returned '0': CMAKE_PREFIX_PATH=/opt/ros/humble /usr/bin/cmake --install /root/data/project_ws/build/ros_gz_example_application
[1.136s] Level 1:colcon.colcon_core.environment:checking '/root/data/project_ws/install/ros_gz_example_application/bin'
[1.137s] INFO:colcon.colcon_core.shell:Creating package script '/root/data/project_ws/install/ros_gz_example_application/share/ros_gz_example_application/package.ps1'
[1.143s] INFO:colcon.colcon_core.shell:Creating package descriptor '/root/data/project_ws/install/ros_gz_example_application/share/ros_gz_example_application/package.dsv'
[1.143s] INFO:colcon.colcon_core.shell:Creating package script '/root/data/project_ws/install/ros_gz_example_application/share/ros_gz_example_application/package.sh'
[1.147s] INFO:colcon.colcon_core.shell:Creating package script '/root/data/project_ws/install/ros_gz_example_application/share/ros_gz_example_application/package.bash'
[1.147s] INFO:colcon.colcon_core.shell:Creating package script '/root/data/project_ws/install/ros_gz_example_application/share/ros_gz_example_application/package.zsh'
[1.152s] Level 1:colcon.colcon_core.environment:create_file_with_runtime_dependencies(/root/data/project_ws/install/ros_gz_example_application/share/colcon-core/packages/ros_gz_example_application)
[1.162s] Level 1:colcon.colcon_core.environment:create_environment_scripts_only(ros_gz_example_description)
[1.163s] Level 1:colcon.colcon_core.environment:checking '/root/data/project_ws/install/ros_gz_example_description' for CMake module files
[1.163s] Level 1:colcon.colcon_core.environment:checking '/root/data/project_ws/install/ros_gz_example_description' for CMake config files
[1.163s] Level 1:colcon.colcon_core.shell:create_environment_hook('ros_gz_example_description', 'cmake_prefix_path')
[1.164s] INFO:colcon.colcon_core.shell:Creating environment hook '/root/data/project_ws/install/ros_gz_example_description/share/ros_gz_example_description/hook/cmake_prefix_path.ps1'
[1.164s] INFO:colcon.colcon_core.shell:Creating environment descriptor '/root/data/project_ws/install/ros_gz_example_description/share/ros_gz_example_description/hook/cmake_prefix_path.dsv'
[1.165s] INFO:colcon.colcon_core.shell:Creating environment hook '/root/data/project_ws/install/ros_gz_example_description/share/ros_gz_example_description/hook/cmake_prefix_path.sh'
[1.166s] Level 1:colcon.colcon_core.environment:checking '/root/data/project_ws/install/ros_gz_example_description/bin'
[1.166s] Level 1:colcon.colcon_core.environment:checking '/root/data/project_ws/install/ros_gz_example_description/lib/pkgconfig/ros_gz_example_description.pc'
[1.166s] Level 1:colcon.colcon_core.environment:checking '/root/data/project_ws/install/ros_gz_example_description/lib/python3.10/site-packages'
[1.169s] Level 1:colcon.colcon_core.environment:checking '/root/data/project_ws/install/ros_gz_example_description/bin'
[1.169s] INFO:colcon.colcon_core.shell:Creating package script '/root/data/project_ws/install/ros_gz_example_description/share/ros_gz_example_description/package.ps1'
[1.170s] INFO:colcon.colcon_core.shell:Creating package descriptor '/root/data/project_ws/install/ros_gz_example_description/share/ros_gz_example_description/package.dsv'
[1.174s] INFO:colcon.colcon_core.shell:Creating package script '/root/data/project_ws/install/ros_gz_example_description/share/ros_gz_example_description/package.sh'
[1.175s] INFO:colcon.colcon_core.shell:Creating package script '/root/data/project_ws/install/ros_gz_example_description/share/ros_gz_example_description/package.bash'
[1.176s] INFO:colcon.colcon_core.shell:Creating package script '/root/data/project_ws/install/ros_gz_example_description/share/ros_gz_example_description/package.zsh'
[1.177s] Level 1:colcon.colcon_core.environment:create_file_with_runtime_dependencies(/root/data/project_ws/install/ros_gz_example_description/share/colcon-core/packages/ros_gz_example_description)
[1.180s] INFO:colcon.colcon_ros.task.ament_cmake.build:Building ROS package in '/root/data/project_ws/src/ros_gz_example_gazebo' with build type 'ament_cmake'
[1.180s] INFO:colcon.colcon_cmake.task.cmake.build:Building CMake package in '/root/data/project_ws/src/ros_gz_example_gazebo'
[1.180s] INFO:colcon.colcon_core.shell:Skip shell extension 'powershell' for command environment: Not usable outside of PowerShell
[1.180s] DEBUG:colcon.colcon_core.shell:Skip shell extension 'dsv' for command environment
[1.216s] DEBUG:colcon.colcon_core.event_handler.log_command:Invoking command in '/root/data/project_ws/build/ros_gz_example_gazebo': AMENT_PREFIX_PATH=/root/data/project_ws/install/ros_gz_example_description:${AMENT_PREFIX_PATH} CMAKE_PREFIX_PATH=/root/data/project_ws/install/ros_gz_example_description:/opt/ros/humble IGN_GAZEBO_RESOURCE_PATH=/root/data/project_ws/install/ros_gz_example_description/share/ros_gz_example_description/models /usr/bin/cmake --build /root/data/project_ws/build/ros_gz_example_gazebo -- -j4 -l4
[1.237s] Level 1:colcon.colcon_core.environment:create_environment_scripts_only(ros_gz_example_application)
[1.237s] Level 1:colcon.colcon_core.environment:checking '/root/data/project_ws/install/ros_gz_example_application' for CMake module files
[1.238s] Level 1:colcon.colcon_core.environment:checking '/root/data/project_ws/install/ros_gz_example_application' for CMake config files
[1.239s] Level 1:colcon.colcon_core.shell:create_environment_hook('ros_gz_example_application', 'cmake_prefix_path')
[1.239s] INFO:colcon.colcon_core.shell:Creating environment hook '/root/data/project_ws/install/ros_gz_example_application/share/ros_gz_example_application/hook/cmake_prefix_path.ps1'
[1.239s] INFO:colcon.colcon_core.shell:Creating environment descriptor '/root/data/project_ws/install/ros_gz_example_application/share/ros_gz_example_application/hook/cmake_prefix_path.dsv'
[1.240s] INFO:colcon.colcon_core.shell:Creating environment hook '/root/data/project_ws/install/ros_gz_example_application/share/ros_gz_example_application/hook/cmake_prefix_path.sh'
[1.240s] Level 1:colcon.colcon_core.environment:checking '/root/data/project_ws/install/ros_gz_example_application/bin'
[1.241s] Level 1:colcon.colcon_core.environment:checking '/root/data/project_ws/install/ros_gz_example_application/lib/pkgconfig/ros_gz_example_application.pc'
[1.241s] Level 1:colcon.colcon_core.environment:checking '/root/data/project_ws/install/ros_gz_example_application/lib/python3.10/site-packages'
[1.241s] Level 1:colcon.colcon_core.environment:checking '/root/data/project_ws/install/ros_gz_example_application/bin'
[1.241s] INFO:colcon.colcon_core.shell:Creating package script '/root/data/project_ws/install/ros_gz_example_application/share/ros_gz_example_application/package.ps1'
[1.242s] INFO:colcon.colcon_core.shell:Creating package descriptor '/root/data/project_ws/install/ros_gz_example_application/share/ros_gz_example_application/package.dsv'
[1.243s] INFO:colcon.colcon_core.shell:Creating package script '/root/data/project_ws/install/ros_gz_example_application/share/ros_gz_example_application/package.sh'
[1.243s] INFO:colcon.colcon_core.shell:Creating package script '/root/data/project_ws/install/ros_gz_example_application/share/ros_gz_example_application/package.bash'
[1.244s] INFO:colcon.colcon_core.shell:Creating package script '/root/data/project_ws/install/ros_gz_example_application/share/ros_gz_example_application/package.zsh'
[1.244s] Level 1:colcon.colcon_core.environment:create_file_with_runtime_dependencies(/root/data/project_ws/install/ros_gz_example_application/share/colcon-core/packages/ros_gz_example_application)
[1.404s] DEBUG:colcon.colcon_core.event_handler.log_command:Invoking command in '/root/data/project_ws/src/my_package': PYTHONPATH=/root/data/project_ws/build/my_package/prefix_override:/usr/local/lib/python3.10/dist-packages/colcon_core/task/python/colcon_distutils_commands:/root/data/project_ws/install/my_package/lib/python3.10/site-packages:${PYTHONPATH} /usr/bin/python3 -W ignore:setup.py install is deprecated setup.py egg_info --egg-base ../../build/my_package build --build-base /root/data/project_ws/build/my_package/build install --record /root/data/project_ws/build/my_package/install.log --single-version-externally-managed install_data
[1.442s] DEBUG:colcon.colcon_core.event_handler.log_command:Invoked command in '/root/data/project_ws/build/ros_gz_example_gazebo' returned '0': AMENT_PREFIX_PATH=/root/data/project_ws/install/ros_gz_example_description:${AMENT_PREFIX_PATH} CMAKE_PREFIX_PATH=/root/data/project_ws/install/ros_gz_example_description:/opt/ros/humble IGN_GAZEBO_RESOURCE_PATH=/root/data/project_ws/install/ros_gz_example_description/share/ros_gz_example_description/models /usr/bin/cmake --build /root/data/project_ws/build/ros_gz_example_gazebo -- -j4 -l4
[1.516s] DEBUG:colcon.colcon_core.event_handler.log_command:Invoking command in '/root/data/project_ws/build/ros_gz_example_gazebo': AMENT_PREFIX_PATH=/root/data/project_ws/install/ros_gz_example_description:${AMENT_PREFIX_PATH} CMAKE_PREFIX_PATH=/root/data/project_ws/install/ros_gz_example_description:/opt/ros/humble IGN_GAZEBO_RESOURCE_PATH=/root/data/project_ws/install/ros_gz_example_description/share/ros_gz_example_description/models /usr/bin/cmake --install /root/data/project_ws/build/ros_gz_example_gazebo
[1.548s] Level 1:colcon.colcon_core.environment:create_environment_scripts_only(ros_gz_example_gazebo)
[1.548s] Level 1:colcon.colcon_core.environment:checking '/root/data/project_ws/install/ros_gz_example_gazebo' for CMake module files
[1.548s] Level 1:colcon.colcon_core.environment:checking '/root/data/project_ws/install/ros_gz_example_gazebo' for CMake config files
[1.549s] Level 1:colcon.colcon_core.shell:create_environment_hook('ros_gz_example_gazebo', 'cmake_prefix_path')
[1.549s] INFO:colcon.colcon_core.shell:Creating environment hook '/root/data/project_ws/install/ros_gz_example_gazebo/share/ros_gz_example_gazebo/hook/cmake_prefix_path.ps1'
[1.550s] INFO:colcon.colcon_core.shell:Creating environment descriptor '/root/data/project_ws/install/ros_gz_example_gazebo/share/ros_gz_example_gazebo/hook/cmake_prefix_path.dsv'
[1.550s] INFO:colcon.colcon_core.shell:Creating environment hook '/root/data/project_ws/install/ros_gz_example_gazebo/share/ros_gz_example_gazebo/hook/cmake_prefix_path.sh'
[1.551s] Level 1:colcon.colcon_core.environment:checking '/root/data/project_ws/install/ros_gz_example_gazebo/lib'
[1.551s] Level 1:colcon.colcon_core.environment:checking '/root/data/project_ws/install/ros_gz_example_gazebo/bin'
[1.551s] Level 1:colcon.colcon_core.environment:checking '/root/data/project_ws/install/ros_gz_example_gazebo/lib/pkgconfig/ros_gz_example_gazebo.pc'
[1.551s] Level 1:colcon.colcon_core.environment:checking '/root/data/project_ws/install/ros_gz_example_gazebo/lib/python3.10/site-packages'
[1.551s] Level 1:colcon.colcon_core.environment:checking '/root/data/project_ws/install/ros_gz_example_gazebo/bin'
[1.552s] INFO:colcon.colcon_core.shell:Creating package script '/root/data/project_ws/install/ros_gz_example_gazebo/share/ros_gz_example_gazebo/package.ps1'
[1.553s] INFO:colcon.colcon_core.shell:Creating package descriptor '/root/data/project_ws/install/ros_gz_example_gazebo/share/ros_gz_example_gazebo/package.dsv'
[1.553s] INFO:colcon.colcon_core.shell:Creating package script '/root/data/project_ws/install/ros_gz_example_gazebo/share/ros_gz_example_gazebo/package.sh'
[1.554s] DEBUG:colcon.colcon_core.event_handler.log_command:Invoked command in '/root/data/project_ws/build/ros_gz_example_gazebo' returned '0': AMENT_PREFIX_PATH=/root/data/project_ws/install/ros_gz_example_description:${AMENT_PREFIX_PATH} CMAKE_PREFIX_PATH=/root/data/project_ws/install/ros_gz_example_description:/opt/ros/humble IGN_GAZEBO_RESOURCE_PATH=/root/data/project_ws/install/ros_gz_example_description/share/ros_gz_example_description/models /usr/bin/cmake --install /root/data/project_ws/build/ros_gz_example_gazebo
[1.554s] INFO:colcon.colcon_core.shell:Creating package script '/root/data/project_ws/install/ros_gz_example_gazebo/share/ros_gz_example_gazebo/package.bash'
[1.555s] INFO:colcon.colcon_core.shell:Creating package script '/root/data/project_ws/install/ros_gz_example_gazebo/share/ros_gz_example_gazebo/package.zsh'
[1.555s] Level 1:colcon.colcon_core.environment:create_file_with_runtime_dependencies(/root/data/project_ws/install/ros_gz_example_gazebo/share/colcon-core/packages/ros_gz_example_gazebo)
[1.735s] Level 1:colcon.colcon_core.environment:create_environment_scripts_only(ros_gz_example_gazebo)
[1.736s] Level 1:colcon.colcon_core.environment:checking '/root/data/project_ws/install/ros_gz_example_gazebo' for CMake module files
[1.737s] Level 1:colcon.colcon_core.environment:checking '/root/data/project_ws/install/ros_gz_example_gazebo' for CMake config files
[1.737s] Level 1:colcon.colcon_core.shell:create_environment_hook('ros_gz_example_gazebo', 'cmake_prefix_path')
[1.737s] INFO:colcon.colcon_core.shell:Creating environment hook '/root/data/project_ws/install/ros_gz_example_gazebo/share/ros_gz_example_gazebo/hook/cmake_prefix_path.ps1'
[1.738s] INFO:colcon.colcon_core.shell:Creating environment descriptor '/root/data/project_ws/install/ros_gz_example_gazebo/share/ros_gz_example_gazebo/hook/cmake_prefix_path.dsv'
[1.739s] INFO:colcon.colcon_core.shell:Creating environment hook '/root/data/project_ws/install/ros_gz_example_gazebo/share/ros_gz_example_gazebo/hook/cmake_prefix_path.sh'
[1.741s] Level 1:colcon.colcon_core.environment:checking '/root/data/project_ws/install/ros_gz_example_gazebo/lib'
[1.741s] Level 1:colcon.colcon_core.environment:checking '/root/data/project_ws/install/ros_gz_example_gazebo/bin'
[1.742s] Level 1:colcon.colcon_core.environment:checking '/root/data/project_ws/install/ros_gz_example_gazebo/lib/pkgconfig/ros_gz_example_gazebo.pc'
[1.742s] Level 1:colcon.colcon_core.environment:checking '/root/data/project_ws/install/ros_gz_example_gazebo/lib/python3.10/site-packages'
[1.742s] Level 1:colcon.colcon_core.environment:checking '/root/data/project_ws/install/ros_gz_example_gazebo/bin'
[1.743s] INFO:colcon.colcon_core.shell:Creating package script '/root/data/project_ws/install/ros_gz_example_gazebo/share/ros_gz_example_gazebo/package.ps1'
[1.744s] INFO:colcon.colcon_core.shell:Creating package descriptor '/root/data/project_ws/install/ros_gz_example_gazebo/share/ros_gz_example_gazebo/package.dsv'
[1.745s] INFO:colcon.colcon_core.shell:Creating package script '/root/data/project_ws/install/ros_gz_example_gazebo/share/ros_gz_example_gazebo/package.sh'
[1.749s] INFO:colcon.colcon_core.shell:Creating package script '/root/data/project_ws/install/ros_gz_example_gazebo/share/ros_gz_example_gazebo/package.bash'
[1.751s] INFO:colcon.colcon_core.shell:Creating package script '/root/data/project_ws/install/ros_gz_example_gazebo/share/ros_gz_example_gazebo/package.zsh'
[1.771s] Level 1:colcon.colcon_core.environment:create_file_with_runtime_dependencies(/root/data/project_ws/install/ros_gz_example_gazebo/share/colcon-core/packages/ros_gz_example_gazebo)
[1.772s] INFO:colcon.colcon_ros.task.ament_cmake.build:Building ROS package in '/root/data/project_ws/src/ros_gz_example_bringup' with build type 'ament_cmake'
[1.774s] INFO:colcon.colcon_cmake.task.cmake.build:Building CMake package in '/root/data/project_ws/src/ros_gz_example_bringup'
[1.775s] INFO:colcon.colcon_core.shell:Skip shell extension 'powershell' for command environment: Not usable outside of PowerShell
[1.775s] DEBUG:colcon.colcon_core.shell:Skip shell extension 'dsv' for command environment
[1.824s] DEBUG:colcon.colcon_core.event_handler.log_command:Invoking command in '/root/data/project_ws/build/ros_gz_example_bringup': AMENT_PREFIX_PATH=/root/data/project_ws/install/ros_gz_example_gazebo:/root/data/project_ws/install/ros_gz_example_description:${AMENT_PREFIX_PATH} CMAKE_PREFIX_PATH=/root/data/project_ws/install/ros_gz_example_gazebo:/root/data/project_ws/install/ros_gz_example_description:/opt/ros/humble IGN_GAZEBO_PLUGIN_PATH=/root/data/project_ws/install/ros_gz_example_gazebo/lib/ros_gz_example_gazebo IGN_GAZEBO_RESOURCE_PATH=/root/data/project_ws/install/ros_gz_example_gazebo/share/ros_gz_example_gazebo/worlds:/root/data/project_ws/install/ros_gz_example_description/share/ros_gz_example_description/models /usr/bin/cmake --build /root/data/project_ws/build/ros_gz_example_bringup -- -j4 -l4
[1.850s] Level 1:colcon.colcon_core.environment:checking '/root/data/project_ws/install/my_package' for CMake module files
[1.851s] Level 1:colcon.colcon_core.environment:checking '/root/data/project_ws/install/my_package' for CMake config files
[1.852s] Level 1:colcon.colcon_core.environment:checking '/root/data/project_ws/install/my_package/lib'
[1.852s] Level 1:colcon.colcon_core.environment:checking '/root/data/project_ws/install/my_package/bin'
[1.852s] Level 1:colcon.colcon_core.environment:checking '/root/data/project_ws/install/my_package/lib/pkgconfig/my_package.pc'
[1.853s] Level 1:colcon.colcon_core.environment:checking '/root/data/project_ws/install/my_package/lib/python3.10/site-packages'
[1.853s] Level 1:colcon.colcon_core.shell:create_environment_hook('my_package', 'pythonpath')
[1.853s] INFO:colcon.colcon_core.shell:Creating environment hook '/root/data/project_ws/install/my_package/share/my_package/hook/pythonpath.ps1'
[1.853s] INFO:colcon.colcon_core.shell:Creating environment descriptor '/root/data/project_ws/install/my_package/share/my_package/hook/pythonpath.dsv'
[1.854s] INFO:colcon.colcon_core.shell:Creating environment hook '/root/data/project_ws/install/my_package/share/my_package/hook/pythonpath.sh'
[1.855s] Level 1:colcon.colcon_core.environment:checking '/root/data/project_ws/install/my_package/bin'
[1.855s] Level 1:colcon.colcon_core.environment:create_environment_scripts_only(my_package)
[1.855s] INFO:colcon.colcon_core.shell:Creating package script '/root/data/project_ws/install/my_package/share/my_package/package.ps1'
[1.856s] INFO:colcon.colcon_core.shell:Creating package descriptor '/root/data/project_ws/install/my_package/share/my_package/package.dsv'
[1.856s] INFO:colcon.colcon_core.shell:Creating package script '/root/data/project_ws/install/my_package/share/my_package/package.sh'
[1.859s] DEBUG:colcon.colcon_core.event_handler.log_command:Invoked command in '/root/data/project_ws/src/my_package' returned '0': PYTHONPATH=/root/data/project_ws/build/my_package/prefix_override:/usr/local/lib/python3.10/dist-packages/colcon_core/task/python/colcon_distutils_commands:/root/data/project_ws/install/my_package/lib/python3.10/site-packages:${PYTHONPATH} /usr/bin/python3 -W ignore:setup.py install is deprecated setup.py egg_info --egg-base ../../build/my_package build --build-base /root/data/project_ws/build/my_package/build install --record /root/data/project_ws/build/my_package/install.log --single-version-externally-managed install_data
[1.861s] INFO:colcon.colcon_core.shell:Creating package script '/root/data/project_ws/install/my_package/share/my_package/package.bash'
[1.862s] INFO:colcon.colcon_core.shell:Creating package script '/root/data/project_ws/install/my_package/share/my_package/package.zsh'
[1.864s] Level 1:colcon.colcon_core.environment:create_file_with_runtime_dependencies(/root/data/project_ws/install/my_package/share/colcon-core/packages/my_package)
[1.944s] DEBUG:colcon.colcon_core.event_handler.log_command:Invoked command in '/root/data/project_ws/build/ros_gz_example_bringup' returned '0': AMENT_PREFIX_PATH=/root/data/project_ws/install/ros_gz_example_gazebo:/root/data/project_ws/install/ros_gz_example_description:${AMENT_PREFIX_PATH} CMAKE_PREFIX_PATH=/root/data/project_ws/install/ros_gz_example_gazebo:/root/data/project_ws/install/ros_gz_example_description:/opt/ros/humble IGN_GAZEBO_PLUGIN_PATH=/root/data/project_ws/install/ros_gz_example_gazebo/lib/ros_gz_example_gazebo IGN_GAZEBO_RESOURCE_PATH=/root/data/project_ws/install/ros_gz_example_gazebo/share/ros_gz_example_gazebo/worlds:/root/data/project_ws/install/ros_gz_example_description/share/ros_gz_example_description/models /usr/bin/cmake --build /root/data/project_ws/build/ros_gz_example_bringup -- -j4 -l4
[2.036s] DEBUG:colcon.colcon_core.event_handler.log_command:Invoking command in '/root/data/project_ws/build/ros_gz_example_bringup': AMENT_PREFIX_PATH=/root/data/project_ws/install/ros_gz_example_gazebo:/root/data/project_ws/install/ros_gz_example_description:${AMENT_PREFIX_PATH} CMAKE_PREFIX_PATH=/root/data/project_ws/install/ros_gz_example_gazebo:/root/data/project_ws/install/ros_gz_example_description:/opt/ros/humble IGN_GAZEBO_PLUGIN_PATH=/root/data/project_ws/install/ros_gz_example_gazebo/lib/ros_gz_example_gazebo IGN_GAZEBO_RESOURCE_PATH=/root/data/project_ws/install/ros_gz_example_gazebo/share/ros_gz_example_gazebo/worlds:/root/data/project_ws/install/ros_gz_example_description/share/ros_gz_example_description/models /usr/bin/cmake --install /root/data/project_ws/build/ros_gz_example_bringup
[2.058s] Level 1:colcon.colcon_core.environment:create_environment_scripts_only(ros_gz_example_bringup)
[2.059s] Level 1:colcon.colcon_core.environment:checking '/root/data/project_ws/install/ros_gz_example_bringup' for CMake module files
[2.059s] Level 1:colcon.colcon_core.environment:checking '/root/data/project_ws/install/ros_gz_example_bringup' for CMake config files
[2.059s] Level 1:colcon.colcon_core.shell:create_environment_hook('ros_gz_example_bringup', 'cmake_prefix_path')
[2.060s] INFO:colcon.colcon_core.shell:Creating environment hook '/root/data/project_ws/install/ros_gz_example_bringup/share/ros_gz_example_bringup/hook/cmake_prefix_path.ps1'
[2.060s] INFO:colcon.colcon_core.shell:Creating environment descriptor '/root/data/project_ws/install/ros_gz_example_bringup/share/ros_gz_example_bringup/hook/cmake_prefix_path.dsv'
[2.064s] INFO:colcon.colcon_core.shell:Creating environment hook '/root/data/project_ws/install/ros_gz_example_bringup/share/ros_gz_example_bringup/hook/cmake_prefix_path.sh'
[2.064s] Level 1:colcon.colcon_core.environment:checking '/root/data/project_ws/install/ros_gz_example_bringup/bin'
[2.064s] Level 1:colcon.colcon_core.environment:checking '/root/data/project_ws/install/ros_gz_example_bringup/lib/pkgconfig/ros_gz_example_bringup.pc'
[2.065s] Level 1:colcon.colcon_core.environment:checking '/root/data/project_ws/install/ros_gz_example_bringup/lib/python3.10/site-packages'
[2.065s] Level 1:colcon.colcon_core.environment:checking '/root/data/project_ws/install/ros_gz_example_bringup/bin'
[2.065s] INFO:colcon.colcon_core.shell:Creating package script '/root/data/project_ws/install/ros_gz_example_bringup/share/ros_gz_example_bringup/package.ps1'
[2.072s] INFO:colcon.colcon_core.shell:Creating package descriptor '/root/data/project_ws/install/ros_gz_example_bringup/share/ros_gz_example_bringup/package.dsv'
[2.073s] INFO:colcon.colcon_core.shell:Creating package script '/root/data/project_ws/install/ros_gz_example_bringup/share/ros_gz_example_bringup/package.sh'
[2.074s] INFO:colcon.colcon_core.shell:Creating package script '/root/data/project_ws/install/ros_gz_example_bringup/share/ros_gz_example_bringup/package.bash'
[2.074s] INFO:colcon.colcon_core.shell:Creating package script '/root/data/project_ws/install/ros_gz_example_bringup/share/ros_gz_example_bringup/package.zsh'
[2.075s] Level 1:colcon.colcon_core.environment:create_file_with_runtime_dependencies(/root/data/project_ws/install/ros_gz_example_bringup/share/colcon-core/packages/ros_gz_example_bringup)
[2.073s] DEBUG:colcon.colcon_core.event_handler.log_command:Invoked command in '/root/data/project_ws/build/ros_gz_example_bringup' returned '0': AMENT_PREFIX_PATH=/root/data/project_ws/install/ros_gz_example_gazebo:/root/data/project_ws/install/ros_gz_example_description:${AMENT_PREFIX_PATH} CMAKE_PREFIX_PATH=/root/data/project_ws/install/ros_gz_example_gazebo:/root/data/project_ws/install/ros_gz_example_description:/opt/ros/humble IGN_GAZEBO_PLUGIN_PATH=/root/data/project_ws/install/ros_gz_example_gazebo/lib/ros_gz_example_gazebo IGN_GAZEBO_RESOURCE_PATH=/root/data/project_ws/install/ros_gz_example_gazebo/share/ros_gz_example_gazebo/worlds:/root/data/project_ws/install/ros_gz_example_description/share/ros_gz_example_description/models /usr/bin/cmake --install /root/data/project_ws/build/ros_gz_example_bringup
[2.124s] Level 1:colcon.colcon_core.environment:create_environment_scripts_only(ros_gz_example_bringup)
[2.126s] Level 1:colcon.colcon_core.environment:checking '/root/data/project_ws/install/ros_gz_example_bringup' for CMake module files
[2.126s] Level 1:colcon.colcon_core.environment:checking '/root/data/project_ws/install/ros_gz_example_bringup' for CMake config files
[2.127s] Level 1:colcon.colcon_core.shell:create_environment_hook('ros_gz_example_bringup', 'cmake_prefix_path')
[2.127s] INFO:colcon.colcon_core.shell:Creating environment hook '/root/data/project_ws/install/ros_gz_example_bringup/share/ros_gz_example_bringup/hook/cmake_prefix_path.ps1'
[2.128s] INFO:colcon.colcon_core.shell:Creating environment descriptor '/root/data/project_ws/install/ros_gz_example_bringup/share/ros_gz_example_bringup/hook/cmake_prefix_path.dsv'
[2.128s] INFO:colcon.colcon_core.shell:Creating environment hook '/root/data/project_ws/install/ros_gz_example_bringup/share/ros_gz_example_bringup/hook/cmake_prefix_path.sh'
[2.129s] Level 1:colcon.colcon_core.environment:checking '/root/data/project_ws/install/ros_gz_example_bringup/bin'
[2.129s] Level 1:colcon.colcon_core.environment:checking '/root/data/project_ws/install/ros_gz_example_bringup/lib/pkgconfig/ros_gz_example_bringup.pc'
[2.130s] Level 1:colcon.colcon_core.environment:checking '/root/data/project_ws/install/ros_gz_example_bringup/lib/python3.10/site-packages'
[2.130s] Level 1:colcon.colcon_core.environment:checking '/root/data/project_ws/install/ros_gz_example_bringup/bin'
[2.130s] INFO:colcon.colcon_core.shell:Creating package script '/root/data/project_ws/install/ros_gz_example_bringup/share/ros_gz_example_bringup/package.ps1'
[2.132s] INFO:colcon.colcon_core.shell:Creating package descriptor '/root/data/project_ws/install/ros_gz_example_bringup/share/ros_gz_example_bringup/package.dsv'
[2.133s] INFO:colcon.colcon_core.shell:Creating package script '/root/data/project_ws/install/ros_gz_example_bringup/share/ros_gz_example_bringup/package.sh'
[2.135s] INFO:colcon.colcon_core.shell:Creating package script '/root/data/project_ws/install/ros_gz_example_bringup/share/ros_gz_example_bringup/package.bash'
[2.136s] INFO:colcon.colcon_core.shell:Creating package script '/root/data/project_ws/install/ros_gz_example_bringup/share/ros_gz_example_bringup/package.zsh'
[2.137s] Level 1:colcon.colcon_core.environment:create_file_with_runtime_dependencies(/root/data/project_ws/install/ros_gz_example_bringup/share/colcon-core/packages/ros_gz_example_bringup)
[5.179s] DEBUG:colcon.colcon_core.event_handler.log_command:Invoked command in '/root/data/project_ws/build/hardware_link2' returned '2': CMAKE_PREFIX_PATH=/opt/ros/humble /usr/bin/cmake --build /root/data/project_ws/build/hardware_link2 -- -j4 -l4
[5.228s] Level 1:colcon.colcon_core.environment:create_environment_scripts_only(hardware_link2)
[5.229s] Level 1:colcon.colcon_core.environment:checking '/root/data/project_ws/install/hardware_link2' for CMake module files
[5.229s] Level 1:colcon.colcon_core.environment:checking '/root/data/project_ws/install/hardware_link2' for CMake config files
[5.230s] Level 1:colcon.colcon_core.shell:create_environment_hook('hardware_link2', 'cmake_prefix_path')
[5.230s] INFO:colcon.colcon_core.shell:Creating environment hook '/root/data/project_ws/install/hardware_link2/share/hardware_link2/hook/cmake_prefix_path.ps1'
[5.231s] INFO:colcon.colcon_core.shell:Creating environment descriptor '/root/data/project_ws/install/hardware_link2/share/hardware_link2/hook/cmake_prefix_path.dsv'
[5.231s] INFO:colcon.colcon_core.shell:Creating environment hook '/root/data/project_ws/install/hardware_link2/share/hardware_link2/hook/cmake_prefix_path.sh'
[5.232s] Level 1:colcon.colcon_core.environment:checking '/root/data/project_ws/install/hardware_link2/lib'
[5.232s] Level 1:colcon.colcon_core.shell:create_environment_hook('hardware_link2', 'ld_library_path_lib')
[5.233s] INFO:colcon.colcon_core.shell:Creating environment hook '/root/data/project_ws/install/hardware_link2/share/hardware_link2/hook/ld_library_path_lib.ps1'
[5.233s] INFO:colcon.colcon_core.shell:Creating environment descriptor '/root/data/project_ws/install/hardware_link2/share/hardware_link2/hook/ld_library_path_lib.dsv'
[5.234s] INFO:colcon.colcon_core.shell:Creating environment hook '/root/data/project_ws/install/hardware_link2/share/hardware_link2/hook/ld_library_path_lib.sh'
[5.235s] Level 1:colcon.colcon_core.environment:checking '/root/data/project_ws/install/hardware_link2/bin'
[5.236s] Level 1:colcon.colcon_core.environment:checking '/root/data/project_ws/install/hardware_link2/lib/pkgconfig/hardware_link2.pc'
[5.236s] Level 1:colcon.colcon_core.environment:checking '/root/data/project_ws/install/hardware_link2/lib/python3.10/site-packages'
[5.237s] Level 1:colcon.colcon_core.environment:checking '/root/data/project_ws/install/hardware_link2/bin'
[5.237s] INFO:colcon.colcon_core.shell:Creating package script '/root/data/project_ws/install/hardware_link2/share/hardware_link2/package.ps1'
[5.238s] INFO:colcon.colcon_core.shell:Creating package descriptor '/root/data/project_ws/install/hardware_link2/share/hardware_link2/package.dsv'
[5.240s] INFO:colcon.colcon_core.shell:Creating package script '/root/data/project_ws/install/hardware_link2/share/hardware_link2/package.sh'
[5.241s] INFO:colcon.colcon_core.shell:Creating package script '/root/data/project_ws/install/hardware_link2/share/hardware_link2/package.bash'
[5.241s] INFO:colcon.colcon_core.shell:Creating package script '/root/data/project_ws/install/hardware_link2/share/hardware_link2/package.zsh'
[5.242s] Level 1:colcon.colcon_core.environment:create_file_with_runtime_dependencies(/root/data/project_ws/install/hardware_link2/share/colcon-core/packages/hardware_link2)
[5.243s] DEBUG:colcon.colcon_parallel_executor.executor.parallel:closing loop
[5.243s] DEBUG:colcon.colcon_parallel_executor.executor.parallel:loop closed
[5.244s] DEBUG:colcon.colcon_parallel_executor.executor.parallel:run_until_complete finished with '2'
[5.244s] DEBUG:colcon.colcon_core.event_reactor:joining thread
[5.250s] INFO:colcon.colcon_core.plugin_system:Skipping extension 'colcon_notification.desktop_notification.notify_send': Could not find 'notify-send'
[5.250s] INFO:colcon.colcon_core.plugin_system:Skipping extension 'colcon_notification.desktop_notification.terminal_notifier': Not used on non-Darwin systems
[5.250s] INFO:colcon.colcon_core.plugin_system:Skipping extension 'colcon_notification.desktop_notification.win32': Not used on non-Windows systems
[5.251s] INFO:colcon.colcon_notification.desktop_notification:Sending desktop notification using 'notify2'
[5.256s] DEBUG:colcon.colcon_notification.desktop_notification.notify2:Failed to initialize notify2: org.freedesktop.DBus.Error.Spawn.ExecFailed: /usr/bin/dbus-launch terminated abnormally without any error message
[5.257s] DEBUG:colcon.colcon_core.event_reactor:joined thread
[5.258s] INFO:colcon.colcon_core.shell:Creating prefix script '/root/data/project_ws/install/local_setup.ps1'
[5.260s] INFO:colcon.colcon_core.shell:Creating prefix util module '/root/data/project_ws/install/_local_setup_util_ps1.py'
[5.261s] INFO:colcon.colcon_core.shell:Creating prefix chain script '/root/data/project_ws/install/setup.ps1'
[5.263s] INFO:colcon.colcon_core.shell:Creating prefix script '/root/data/project_ws/install/local_setup.sh'
[5.264s] INFO:colcon.colcon_core.shell:Creating prefix util module '/root/data/project_ws/install/_local_setup_util_sh.py'
[5.265s] INFO:colcon.colcon_core.shell:Creating prefix chain script '/root/data/project_ws/install/setup.sh'
[5.266s] INFO:colcon.colcon_core.shell:Creating prefix script '/root/data/project_ws/install/local_setup.bash'
[5.267s] INFO:colcon.colcon_core.shell:Creating prefix chain script '/root/data/project_ws/install/setup.bash'
[5.268s] INFO:colcon.colcon_core.shell:Creating prefix script '/root/data/project_ws/install/local_setup.zsh'
[5.269s] INFO:colcon.colcon_core.shell:Creating prefix chain script '/root/data/project_ws/install/setup.zsh'
