-- The C compiler identification is GNU 11.4.0
-- The CXX compiler identification is GNU 11.4.0
-- Detecting C compiler ABI info
-- Detecting C compiler ABI info - done
-- Check for working C compiler: /usr/bin/cc - skipped
-- Detecting C compile features
-- Detecting C compile features - done
-- Detecting CXX compiler ABI info
-- Detecting CXX compiler ABI info - done
-- Check for working CXX compiler: /usr/bin/c++ - skipped
-- Detecting CXX compile features
-- Detecting CXX compile features - done
-- Found ament_cmake: 1.3.9 (/opt/ros/humble/share/ament_cmake/cmake)
-- Found Python3: /usr/bin/python3 (found version "3.10.12") found components: Interpreter 
-- Configuring done
-- Generating done
-- Build files have been written to: /root/data/project_ws/build/ros_gz_example_application
-- Install configuration: ""
-- Installing: /root/data/project_ws/install/ros_gz_example_application/share/ament_index/resource_index/package_run_dependencies/ros_gz_example_application
-- Installing: /root/data/project_ws/install/ros_gz_example_application/share/ament_index/resource_index/parent_prefix_path/ros_gz_example_application
-- Installing: /root/data/project_ws/install/ros_gz_example_application/share/ros_gz_example_application/environment/ament_prefix_path.sh
-- Installing: /root/data/project_ws/install/ros_gz_example_application/share/ros_gz_example_application/environment/ament_prefix_path.dsv
-- Installing: /root/data/project_ws/install/ros_gz_example_application/share/ros_gz_example_application/environment/path.sh
-- Installing: /root/data/project_ws/install/ros_gz_example_application/share/ros_gz_example_application/environment/path.dsv
-- Installing: /root/data/project_ws/install/ros_gz_example_application/share/ros_gz_example_application/local_setup.bash
-- Installing: /root/data/project_ws/install/ros_gz_example_application/share/ros_gz_example_application/local_setup.sh
-- Installing: /root/data/project_ws/install/ros_gz_example_application/share/ros_gz_example_application/local_setup.zsh
-- Installing: /root/data/project_ws/install/ros_gz_example_application/share/ros_gz_example_application/local_setup.dsv
-- Installing: /root/data/project_ws/install/ros_gz_example_application/share/ros_gz_example_application/package.dsv
-- Installing: /root/data/project_ws/install/ros_gz_example_application/share/ament_index/resource_index/packages/ros_gz_example_application
-- Installing: /root/data/project_ws/install/ros_gz_example_application/share/ros_gz_example_application/cmake/ros_gz_example_applicationConfig.cmake
-- Installing: /root/data/project_ws/install/ros_gz_example_application/share/ros_gz_example_application/cmake/ros_gz_example_applicationConfig-version.cmake
-- Installing: /root/data/project_ws/install/ros_gz_example_application/share/ros_gz_example_application/package.xml
