[0.170s] DEBUG:colcon:Command line arguments: ['/usr/local/bin/colcon', 'build', '--cmake-args', '-DBUILD_TESTING=ON']
[0.171s] DEBUG:colcon:Parsed command line arguments: Namespace(log_base=None, log_level=None, verb_name='build', build_base='build', install_base='install', merge_install=False, symlink_install=False, test_result_base=None, continue_on_error=False, executor='parallel', parallel_workers=4, event_handlers=None, ignore_user_meta=False, metas=['./colcon.meta'], base_paths=['.'], packages_ignore=None, packages_ignore_regex=None, paths=None, packages_up_to=None, packages_up_to_regex=None, packages_above=None, packages_above_and_dependencies=None, packages_above_depth=None, packages_select_by_dep=None, packages_skip_by_dep=None, packages_skip_up_to=None, packages_select_build_failed=False, packages_skip_build_finished=False, packages_select_test_failures=False, packages_skip_test_passed=False, packages_select=None, packages_skip=None, packages_select_regex=None, packages_skip_regex=None, packages_start=None, packages_end=None, cmake_args=['-DBUILD_TESTING=ON'], cmake_target=None, cmake_target_skip_unavailable=False, cmake_clean_cache=False, cmake_clean_first=False, cmake_force_configure=False, ament_cmake_args=None, catkin_cmake_args=None, catkin_skip_building_tests=False, verb_parser=<colcon_defaults.argument_parser.defaults.DefaultArgumentsDecorator object at 0x7491cf765510>, verb_extension=<colcon_core.verb.build.BuildVerb object at 0x7491cf6db370>, main=<bound method BuildVerb.main of <colcon_core.verb.build.BuildVerb object at 0x7491cf6db370>>)
[0.350s] Level 1:colcon.colcon_core.package_discovery:discover_packages(colcon_meta) check parameters
[0.351s] Level 1:colcon.colcon_core.package_discovery:discover_packages(recursive) check parameters
[0.351s] Level 1:colcon.colcon_core.package_discovery:discover_packages(ignore) check parameters
[0.351s] Level 1:colcon.colcon_core.package_discovery:discover_packages(path) check parameters
[0.351s] Level 1:colcon.colcon_core.package_discovery:discover_packages(colcon_meta) discover
[0.351s] Level 1:colcon.colcon_core.package_discovery:discover_packages(recursive) discover
[0.351s] INFO:colcon.colcon_core.package_discovery:Crawling recursively for packages in '/root/data/project_ws'
[0.351s] Level 1:colcon.colcon_core.package_identification:_identify(.) by extensions ['ignore', 'ignore_ament_install']
[0.351s] Level 1:colcon.colcon_core.package_identification:_identify(.) by extension 'ignore'
[0.351s] Level 1:colcon.colcon_core.package_identification:_identify(.) by extension 'ignore_ament_install'
[0.351s] Level 1:colcon.colcon_core.package_identification:_identify(.) by extensions ['colcon_pkg']
[0.351s] Level 1:colcon.colcon_core.package_identification:_identify(.) by extension 'colcon_pkg'
[0.351s] Level 1:colcon.colcon_core.package_identification:_identify(.) by extensions ['colcon_meta']
[0.352s] Level 1:colcon.colcon_core.package_identification:_identify(.) by extension 'colcon_meta'
[0.352s] Level 1:colcon.colcon_core.package_identification:_identify(.) by extensions ['ros']
[0.352s] Level 1:colcon.colcon_core.package_identification:_identify(.) by extension 'ros'
[0.367s] Level 1:colcon.colcon_core.package_identification:_identify(.) by extensions ['cmake', 'python']
[0.367s] Level 1:colcon.colcon_core.package_identification:_identify(.) by extension 'cmake'
[0.367s] Level 1:colcon.colcon_core.package_identification:_identify(.) by extension 'python'
[0.367s] Level 1:colcon.colcon_core.package_identification:_identify(.) by extensions ['python_setup_py']
[0.367s] Level 1:colcon.colcon_core.package_identification:_identify(.) by extension 'python_setup_py'
[0.368s] Level 1:colcon.colcon_core.package_identification:_identify(build) by extensions ['ignore', 'ignore_ament_install']
[0.368s] Level 1:colcon.colcon_core.package_identification:_identify(build) by extension 'ignore'
[0.368s] Level 1:colcon.colcon_core.package_identification:_identify(build) ignored
[0.368s] Level 1:colcon.colcon_core.package_identification:_identify(install) by extensions ['ignore', 'ignore_ament_install']
[0.368s] Level 1:colcon.colcon_core.package_identification:_identify(install) by extension 'ignore'
[0.368s] Level 1:colcon.colcon_core.package_identification:_identify(install) ignored
[0.369s] Level 1:colcon.colcon_core.package_identification:_identify(log) by extensions ['ignore', 'ignore_ament_install']
[0.369s] Level 1:colcon.colcon_core.package_identification:_identify(log) by extension 'ignore'
[0.369s] Level 1:colcon.colcon_core.package_identification:_identify(log) ignored
[0.369s] Level 1:colcon.colcon_core.package_identification:_identify(src) by extensions ['ignore', 'ignore_ament_install']
[0.369s] Level 1:colcon.colcon_core.package_identification:_identify(src) by extension 'ignore'
[0.369s] Level 1:colcon.colcon_core.package_identification:_identify(src) by extension 'ignore_ament_install'
[0.369s] Level 1:colcon.colcon_core.package_identification:_identify(src) by extensions ['colcon_pkg']
[0.369s] Level 1:colcon.colcon_core.package_identification:_identify(src) by extension 'colcon_pkg'
[0.369s] Level 1:colcon.colcon_core.package_identification:_identify(src) by extensions ['colcon_meta']
[0.370s] Level 1:colcon.colcon_core.package_identification:_identify(src) by extension 'colcon_meta'
[0.370s] Level 1:colcon.colcon_core.package_identification:_identify(src) by extensions ['ros']
[0.370s] Level 1:colcon.colcon_core.package_identification:_identify(src) by extension 'ros'
[0.370s] Level 1:colcon.colcon_core.package_identification:_identify(src) by extensions ['cmake', 'python']
[0.370s] Level 1:colcon.colcon_core.package_identification:_identify(src) by extension 'cmake'
[0.370s] Level 1:colcon.colcon_core.package_identification:_identify(src) by extension 'python'
[0.370s] Level 1:colcon.colcon_core.package_identification:_identify(src) by extensions ['python_setup_py']
[0.370s] Level 1:colcon.colcon_core.package_identification:_identify(src) by extension 'python_setup_py'
[0.370s] Level 1:colcon.colcon_core.package_identification:_identify(src/build) by extensions ['ignore', 'ignore_ament_install']
[0.370s] Level 1:colcon.colcon_core.package_identification:_identify(src/build) by extension 'ignore'
[0.370s] Level 1:colcon.colcon_core.package_identification:_identify(src/build) ignored
[0.371s] Level 1:colcon.colcon_core.package_identification:_identify(src/hardware_link2) by extensions ['ignore', 'ignore_ament_install']
[0.371s] Level 1:colcon.colcon_core.package_identification:_identify(src/hardware_link2) by extension 'ignore'
[0.371s] Level 1:colcon.colcon_core.package_identification:_identify(src/hardware_link2) by extension 'ignore_ament_install'
[0.371s] Level 1:colcon.colcon_core.package_identification:_identify(src/hardware_link2) by extensions ['colcon_pkg']
[0.371s] Level 1:colcon.colcon_core.package_identification:_identify(src/hardware_link2) by extension 'colcon_pkg'
[0.371s] Level 1:colcon.colcon_core.package_identification:_identify(src/hardware_link2) by extensions ['colcon_meta']
[0.371s] Level 1:colcon.colcon_core.package_identification:_identify(src/hardware_link2) by extension 'colcon_meta'
[0.371s] Level 1:colcon.colcon_core.package_identification:_identify(src/hardware_link2) by extensions ['ros']
[0.371s] Level 1:colcon.colcon_core.package_identification:_identify(src/hardware_link2) by extension 'ros'
[0.375s] DEBUG:colcon.colcon_core.package_identification:Package 'src/hardware_link2' with type 'ros.ament_cmake' and name 'hardware_link2'
[0.375s] Level 1:colcon.colcon_core.package_identification:_identify(src/install) by extensions ['ignore', 'ignore_ament_install']
[0.375s] Level 1:colcon.colcon_core.package_identification:_identify(src/install) by extension 'ignore'
[0.375s] Level 1:colcon.colcon_core.package_identification:_identify(src/install) ignored
[0.375s] Level 1:colcon.colcon_core.package_identification:_identify(src/log) by extensions ['ignore', 'ignore_ament_install']
[0.375s] Level 1:colcon.colcon_core.package_identification:_identify(src/log) by extension 'ignore'
[0.375s] Level 1:colcon.colcon_core.package_identification:_identify(src/log) ignored
[0.376s] Level 1:colcon.colcon_core.package_identification:_identify(src/my_package) by extensions ['ignore', 'ignore_ament_install']
[0.376s] Level 1:colcon.colcon_core.package_identification:_identify(src/my_package) by extension 'ignore'
[0.376s] Level 1:colcon.colcon_core.package_identification:_identify(src/my_package) by extension 'ignore_ament_install'
[0.376s] Level 1:colcon.colcon_core.package_identification:_identify(src/my_package) by extensions ['colcon_pkg']
[0.376s] Level 1:colcon.colcon_core.package_identification:_identify(src/my_package) by extension 'colcon_pkg'
[0.376s] Level 1:colcon.colcon_core.package_identification:_identify(src/my_package) by extensions ['colcon_meta']
[0.376s] Level 1:colcon.colcon_core.package_identification:_identify(src/my_package) by extension 'colcon_meta'
[0.376s] Level 1:colcon.colcon_core.package_identification:_identify(src/my_package) by extensions ['ros']
[0.376s] Level 1:colcon.colcon_core.package_identification:_identify(src/my_package) by extension 'ros'
[0.377s] DEBUG:colcon.colcon_core.package_identification:Package 'src/my_package' with type 'ros.ament_python' and name 'my_package'
[0.377s] Level 1:colcon.colcon_core.package_identification:_identify(src/ros_gz_example_application) by extensions ['ignore', 'ignore_ament_install']
[0.377s] Level 1:colcon.colcon_core.package_identification:_identify(src/ros_gz_example_application) by extension 'ignore'
[0.377s] Level 1:colcon.colcon_core.package_identification:_identify(src/ros_gz_example_application) by extension 'ignore_ament_install'
[0.377s] Level 1:colcon.colcon_core.package_identification:_identify(src/ros_gz_example_application) by extensions ['colcon_pkg']
[0.377s] Level 1:colcon.colcon_core.package_identification:_identify(src/ros_gz_example_application) by extension 'colcon_pkg'
[0.377s] Level 1:colcon.colcon_core.package_identification:_identify(src/ros_gz_example_application) by extensions ['colcon_meta']
[0.377s] Level 1:colcon.colcon_core.package_identification:_identify(src/ros_gz_example_application) by extension 'colcon_meta'
[0.377s] Level 1:colcon.colcon_core.package_identification:_identify(src/ros_gz_example_application) by extensions ['ros']
[0.378s] Level 1:colcon.colcon_core.package_identification:_identify(src/ros_gz_example_application) by extension 'ros'
[0.378s] DEBUG:colcon.colcon_core.package_identification:Package 'src/ros_gz_example_application' with type 'ros.ament_cmake' and name 'ros_gz_example_application'
[0.379s] Level 1:colcon.colcon_core.package_identification:_identify(src/ros_gz_example_bringup) by extensions ['ignore', 'ignore_ament_install']
[0.379s] Level 1:colcon.colcon_core.package_identification:_identify(src/ros_gz_example_bringup) by extension 'ignore'
[0.379s] Level 1:colcon.colcon_core.package_identification:_identify(src/ros_gz_example_bringup) by extension 'ignore_ament_install'
[0.379s] Level 1:colcon.colcon_core.package_identification:_identify(src/ros_gz_example_bringup) by extensions ['colcon_pkg']
[0.379s] Level 1:colcon.colcon_core.package_identification:_identify(src/ros_gz_example_bringup) by extension 'colcon_pkg'
[0.379s] Level 1:colcon.colcon_core.package_identification:_identify(src/ros_gz_example_bringup) by extensions ['colcon_meta']
[0.379s] Level 1:colcon.colcon_core.package_identification:_identify(src/ros_gz_example_bringup) by extension 'colcon_meta'
[0.379s] Level 1:colcon.colcon_core.package_identification:_identify(src/ros_gz_example_bringup) by extensions ['ros']
[0.379s] Level 1:colcon.colcon_core.package_identification:_identify(src/ros_gz_example_bringup) by extension 'ros'
[0.381s] DEBUG:colcon.colcon_core.package_identification:Package 'src/ros_gz_example_bringup' with type 'ros.ament_cmake' and name 'ros_gz_example_bringup'
[0.381s] Level 1:colcon.colcon_core.package_identification:_identify(src/ros_gz_example_description) by extensions ['ignore', 'ignore_ament_install']
[0.382s] Level 1:colcon.colcon_core.package_identification:_identify(src/ros_gz_example_description) by extension 'ignore'
[0.382s] Level 1:colcon.colcon_core.package_identification:_identify(src/ros_gz_example_description) by extension 'ignore_ament_install'
[0.382s] Level 1:colcon.colcon_core.package_identification:_identify(src/ros_gz_example_description) by extensions ['colcon_pkg']
[0.382s] Level 1:colcon.colcon_core.package_identification:_identify(src/ros_gz_example_description) by extension 'colcon_pkg'
[0.382s] Level 1:colcon.colcon_core.package_identification:_identify(src/ros_gz_example_description) by extensions ['colcon_meta']
[0.382s] Level 1:colcon.colcon_core.package_identification:_identify(src/ros_gz_example_description) by extension 'colcon_meta'
[0.382s] Level 1:colcon.colcon_core.package_identification:_identify(src/ros_gz_example_description) by extensions ['ros']
[0.382s] Level 1:colcon.colcon_core.package_identification:_identify(src/ros_gz_example_description) by extension 'ros'
[0.383s] DEBUG:colcon.colcon_core.package_identification:Package 'src/ros_gz_example_description' with type 'ros.ament_cmake' and name 'ros_gz_example_description'
[0.383s] Level 1:colcon.colcon_core.package_identification:_identify(src/ros_gz_example_gazebo) by extensions ['ignore', 'ignore_ament_install']
[0.383s] Level 1:colcon.colcon_core.package_identification:_identify(src/ros_gz_example_gazebo) by extension 'ignore'
[0.383s] Level 1:colcon.colcon_core.package_identification:_identify(src/ros_gz_example_gazebo) by extension 'ignore_ament_install'
[0.383s] Level 1:colcon.colcon_core.package_identification:_identify(src/ros_gz_example_gazebo) by extensions ['colcon_pkg']
[0.383s] Level 1:colcon.colcon_core.package_identification:_identify(src/ros_gz_example_gazebo) by extension 'colcon_pkg'
[0.383s] Level 1:colcon.colcon_core.package_identification:_identify(src/ros_gz_example_gazebo) by extensions ['colcon_meta']
[0.383s] Level 1:colcon.colcon_core.package_identification:_identify(src/ros_gz_example_gazebo) by extension 'colcon_meta'
[0.383s] Level 1:colcon.colcon_core.package_identification:_identify(src/ros_gz_example_gazebo) by extensions ['ros']
[0.383s] Level 1:colcon.colcon_core.package_identification:_identify(src/ros_gz_example_gazebo) by extension 'ros'
[0.384s] DEBUG:colcon.colcon_core.package_identification:Package 'src/ros_gz_example_gazebo' with type 'ros.ament_cmake' and name 'ros_gz_example_gazebo'
[0.384s] Level 1:colcon.colcon_core.package_discovery:discover_packages(recursive) using defaults
[0.384s] Level 1:colcon.colcon_core.package_discovery:discover_packages(ignore) discover
[0.384s] Level 1:colcon.colcon_core.package_discovery:discover_packages(ignore) using defaults
[0.384s] Level 1:colcon.colcon_core.package_discovery:discover_packages(path) discover
[0.384s] Level 1:colcon.colcon_core.package_discovery:discover_packages(path) using defaults
[0.411s] Level 5:colcon.colcon_core.verb:set package 'hardware_link2' build argument 'cmake_args' from command line to '['-DBUILD_TESTING=ON']'
[0.411s] Level 5:colcon.colcon_core.verb:set package 'hardware_link2' build argument 'cmake_target' from command line to 'None'
[0.411s] Level 5:colcon.colcon_core.verb:set package 'hardware_link2' build argument 'cmake_target_skip_unavailable' from command line to 'False'
[0.411s] Level 5:colcon.colcon_core.verb:set package 'hardware_link2' build argument 'cmake_clean_cache' from command line to 'False'
[0.411s] Level 5:colcon.colcon_core.verb:set package 'hardware_link2' build argument 'cmake_clean_first' from command line to 'False'
[0.411s] Level 5:colcon.colcon_core.verb:set package 'hardware_link2' build argument 'cmake_force_configure' from command line to 'False'
[0.411s] Level 5:colcon.colcon_core.verb:set package 'hardware_link2' build argument 'ament_cmake_args' from command line to 'None'
[0.411s] Level 5:colcon.colcon_core.verb:set package 'hardware_link2' build argument 'catkin_cmake_args' from command line to 'None'
[0.411s] Level 5:colcon.colcon_core.verb:set package 'hardware_link2' build argument 'catkin_skip_building_tests' from command line to 'False'
[0.411s] DEBUG:colcon.colcon_core.verb:Building package 'hardware_link2' with the following arguments: {'ament_cmake_args': None, 'build_base': '/root/data/project_ws/build/hardware_link2', 'catkin_cmake_args': None, 'catkin_skip_building_tests': False, 'cmake_args': ['-DBUILD_TESTING=ON'], 'cmake_clean_cache': False, 'cmake_clean_first': False, 'cmake_force_configure': False, 'cmake_target': None, 'cmake_target_skip_unavailable': False, 'install_base': '/root/data/project_ws/install/hardware_link2', 'merge_install': False, 'path': '/root/data/project_ws/src/hardware_link2', 'symlink_install': False, 'test_result_base': None}
[0.412s] Level 5:colcon.colcon_core.verb:set package 'my_package' build argument 'cmake_args' from command line to '['-DBUILD_TESTING=ON']'
[0.412s] Level 5:colcon.colcon_core.verb:set package 'my_package' build argument 'cmake_target' from command line to 'None'
[0.412s] Level 5:colcon.colcon_core.verb:set package 'my_package' build argument 'cmake_target_skip_unavailable' from command line to 'False'
[0.412s] Level 5:colcon.colcon_core.verb:set package 'my_package' build argument 'cmake_clean_cache' from command line to 'False'
[0.412s] Level 5:colcon.colcon_core.verb:set package 'my_package' build argument 'cmake_clean_first' from command line to 'False'
[0.412s] Level 5:colcon.colcon_core.verb:set package 'my_package' build argument 'cmake_force_configure' from command line to 'False'
[0.412s] Level 5:colcon.colcon_core.verb:set package 'my_package' build argument 'ament_cmake_args' from command line to 'None'
[0.412s] Level 5:colcon.colcon_core.verb:set package 'my_package' build argument 'catkin_cmake_args' from command line to 'None'
[0.412s] Level 5:colcon.colcon_core.verb:set package 'my_package' build argument 'catkin_skip_building_tests' from command line to 'False'
[0.412s] DEBUG:colcon.colcon_core.verb:Building package 'my_package' with the following arguments: {'ament_cmake_args': None, 'build_base': '/root/data/project_ws/build/my_package', 'catkin_cmake_args': None, 'catkin_skip_building_tests': False, 'cmake_args': ['-DBUILD_TESTING=ON'], 'cmake_clean_cache': False, 'cmake_clean_first': False, 'cmake_force_configure': False, 'cmake_target': None, 'cmake_target_skip_unavailable': False, 'install_base': '/root/data/project_ws/install/my_package', 'merge_install': False, 'path': '/root/data/project_ws/src/my_package', 'symlink_install': False, 'test_result_base': None}
[0.413s] Level 5:colcon.colcon_core.verb:set package 'ros_gz_example_application' build argument 'cmake_args' from command line to '['-DBUILD_TESTING=ON']'
[0.413s] Level 5:colcon.colcon_core.verb:set package 'ros_gz_example_application' build argument 'cmake_target' from command line to 'None'
[0.413s] Level 5:colcon.colcon_core.verb:set package 'ros_gz_example_application' build argument 'cmake_target_skip_unavailable' from command line to 'False'
[0.413s] Level 5:colcon.colcon_core.verb:set package 'ros_gz_example_application' build argument 'cmake_clean_cache' from command line to 'False'
[0.413s] Level 5:colcon.colcon_core.verb:set package 'ros_gz_example_application' build argument 'cmake_clean_first' from command line to 'False'
[0.413s] Level 5:colcon.colcon_core.verb:set package 'ros_gz_example_application' build argument 'cmake_force_configure' from command line to 'False'
[0.413s] Level 5:colcon.colcon_core.verb:set package 'ros_gz_example_application' build argument 'ament_cmake_args' from command line to 'None'
[0.413s] Level 5:colcon.colcon_core.verb:set package 'ros_gz_example_application' build argument 'catkin_cmake_args' from command line to 'None'
[0.413s] Level 5:colcon.colcon_core.verb:set package 'ros_gz_example_application' build argument 'catkin_skip_building_tests' from command line to 'False'
[0.413s] DEBUG:colcon.colcon_core.verb:Building package 'ros_gz_example_application' with the following arguments: {'ament_cmake_args': None, 'build_base': '/root/data/project_ws/build/ros_gz_example_application', 'catkin_cmake_args': None, 'catkin_skip_building_tests': False, 'cmake_args': ['-DBUILD_TESTING=ON'], 'cmake_clean_cache': False, 'cmake_clean_first': False, 'cmake_force_configure': False, 'cmake_target': None, 'cmake_target_skip_unavailable': False, 'install_base': '/root/data/project_ws/install/ros_gz_example_application', 'merge_install': False, 'path': '/root/data/project_ws/src/ros_gz_example_application', 'symlink_install': False, 'test_result_base': None}
[0.414s] Level 5:colcon.colcon_core.verb:set package 'ros_gz_example_description' build argument 'cmake_args' from command line to '['-DBUILD_TESTING=ON']'
[0.414s] Level 5:colcon.colcon_core.verb:set package 'ros_gz_example_description' build argument 'cmake_target' from command line to 'None'
[0.414s] Level 5:colcon.colcon_core.verb:set package 'ros_gz_example_description' build argument 'cmake_target_skip_unavailable' from command line to 'False'
[0.414s] Level 5:colcon.colcon_core.verb:set package 'ros_gz_example_description' build argument 'cmake_clean_cache' from command line to 'False'
[0.414s] Level 5:colcon.colcon_core.verb:set package 'ros_gz_example_description' build argument 'cmake_clean_first' from command line to 'False'
[0.414s] Level 5:colcon.colcon_core.verb:set package 'ros_gz_example_description' build argument 'cmake_force_configure' from command line to 'False'
[0.414s] Level 5:colcon.colcon_core.verb:set package 'ros_gz_example_description' build argument 'ament_cmake_args' from command line to 'None'
[0.414s] Level 5:colcon.colcon_core.verb:set package 'ros_gz_example_description' build argument 'catkin_cmake_args' from command line to 'None'
[0.414s] Level 5:colcon.colcon_core.verb:set package 'ros_gz_example_description' build argument 'catkin_skip_building_tests' from command line to 'False'
[0.414s] DEBUG:colcon.colcon_core.verb:Building package 'ros_gz_example_description' with the following arguments: {'ament_cmake_args': None, 'build_base': '/root/data/project_ws/build/ros_gz_example_description', 'catkin_cmake_args': None, 'catkin_skip_building_tests': False, 'cmake_args': ['-DBUILD_TESTING=ON'], 'cmake_clean_cache': False, 'cmake_clean_first': False, 'cmake_force_configure': False, 'cmake_target': None, 'cmake_target_skip_unavailable': False, 'install_base': '/root/data/project_ws/install/ros_gz_example_description', 'merge_install': False, 'path': '/root/data/project_ws/src/ros_gz_example_description', 'symlink_install': False, 'test_result_base': None}
[0.415s] Level 5:colcon.colcon_core.verb:set package 'ros_gz_example_gazebo' build argument 'cmake_args' from command line to '['-DBUILD_TESTING=ON']'
[0.415s] Level 5:colcon.colcon_core.verb:set package 'ros_gz_example_gazebo' build argument 'cmake_target' from command line to 'None'
[0.415s] Level 5:colcon.colcon_core.verb:set package 'ros_gz_example_gazebo' build argument 'cmake_target_skip_unavailable' from command line to 'False'
[0.415s] Level 5:colcon.colcon_core.verb:set package 'ros_gz_example_gazebo' build argument 'cmake_clean_cache' from command line to 'False'
[0.415s] Level 5:colcon.colcon_core.verb:set package 'ros_gz_example_gazebo' build argument 'cmake_clean_first' from command line to 'False'
[0.415s] Level 5:colcon.colcon_core.verb:set package 'ros_gz_example_gazebo' build argument 'cmake_force_configure' from command line to 'False'
[0.415s] Level 5:colcon.colcon_core.verb:set package 'ros_gz_example_gazebo' build argument 'ament_cmake_args' from command line to 'None'
[0.415s] Level 5:colcon.colcon_core.verb:set package 'ros_gz_example_gazebo' build argument 'catkin_cmake_args' from command line to 'None'
[0.415s] Level 5:colcon.colcon_core.verb:set package 'ros_gz_example_gazebo' build argument 'catkin_skip_building_tests' from command line to 'False'
[0.415s] DEBUG:colcon.colcon_core.verb:Building package 'ros_gz_example_gazebo' with the following arguments: {'ament_cmake_args': None, 'build_base': '/root/data/project_ws/build/ros_gz_example_gazebo', 'catkin_cmake_args': None, 'catkin_skip_building_tests': False, 'cmake_args': ['-DBUILD_TESTING=ON'], 'cmake_clean_cache': False, 'cmake_clean_first': False, 'cmake_force_configure': False, 'cmake_target': None, 'cmake_target_skip_unavailable': False, 'install_base': '/root/data/project_ws/install/ros_gz_example_gazebo', 'merge_install': False, 'path': '/root/data/project_ws/src/ros_gz_example_gazebo', 'symlink_install': False, 'test_result_base': None}
[0.415s] Level 5:colcon.colcon_core.verb:set package 'ros_gz_example_bringup' build argument 'cmake_args' from command line to '['-DBUILD_TESTING=ON']'
[0.415s] Level 5:colcon.colcon_core.verb:set package 'ros_gz_example_bringup' build argument 'cmake_target' from command line to 'None'
[0.416s] Level 5:colcon.colcon_core.verb:set package 'ros_gz_example_bringup' build argument 'cmake_target_skip_unavailable' from command line to 'False'
[0.416s] Level 5:colcon.colcon_core.verb:set package 'ros_gz_example_bringup' build argument 'cmake_clean_cache' from command line to 'False'
[0.416s] Level 5:colcon.colcon_core.verb:set package 'ros_gz_example_bringup' build argument 'cmake_clean_first' from command line to 'False'
[0.416s] Level 5:colcon.colcon_core.verb:set package 'ros_gz_example_bringup' build argument 'cmake_force_configure' from command line to 'False'
[0.416s] Level 5:colcon.colcon_core.verb:set package 'ros_gz_example_bringup' build argument 'ament_cmake_args' from command line to 'None'
[0.416s] Level 5:colcon.colcon_core.verb:set package 'ros_gz_example_bringup' build argument 'catkin_cmake_args' from command line to 'None'
[0.416s] Level 5:colcon.colcon_core.verb:set package 'ros_gz_example_bringup' build argument 'catkin_skip_building_tests' from command line to 'False'
[0.416s] DEBUG:colcon.colcon_core.verb:Building package 'ros_gz_example_bringup' with the following arguments: {'ament_cmake_args': None, 'build_base': '/root/data/project_ws/build/ros_gz_example_bringup', 'catkin_cmake_args': None, 'catkin_skip_building_tests': False, 'cmake_args': ['-DBUILD_TESTING=ON'], 'cmake_clean_cache': False, 'cmake_clean_first': False, 'cmake_force_configure': False, 'cmake_target': None, 'cmake_target_skip_unavailable': False, 'install_base': '/root/data/project_ws/install/ros_gz_example_bringup', 'merge_install': False, 'path': '/root/data/project_ws/src/ros_gz_example_bringup', 'symlink_install': False, 'test_result_base': None}
[0.416s] INFO:colcon.colcon_core.executor:Executing jobs using 'parallel' executor
[0.417s] DEBUG:colcon.colcon_parallel_executor.executor.parallel:run_until_complete
[0.418s] INFO:colcon.colcon_ros.task.ament_cmake.build:Building ROS package in '/root/data/project_ws/src/ros_gz_example_description' with build type 'ament_cmake'
[0.418s] INFO:colcon.colcon_cmake.task.cmake.build:Building CMake package in '/root/data/project_ws/src/ros_gz_example_description'
[0.421s] INFO:colcon.colcon_core.plugin_system:Skipping extension 'colcon_core.shell.bat': Not used on non-Windows systems
[0.421s] INFO:colcon.colcon_core.shell:Skip shell extension 'powershell' for command environment: Not usable outside of PowerShell
[0.421s] DEBUG:colcon.colcon_core.shell:Skip shell extension 'dsv' for command environment
[0.426s] INFO:colcon.colcon_ros.task.ament_cmake.build:Building ROS package in '/root/data/project_ws/src/hardware_link2' with build type 'ament_cmake'
[0.427s] INFO:colcon.colcon_cmake.task.cmake.build:Building CMake package in '/root/data/project_ws/src/hardware_link2'
[0.427s] INFO:colcon.colcon_core.shell:Skip shell extension 'powershell' for command environment: Not usable outside of PowerShell
[0.427s] DEBUG:colcon.colcon_core.shell:Skip shell extension 'dsv' for command environment
[0.431s] INFO:colcon.colcon_ros.task.ament_python.build:Building ROS package in '/root/data/project_ws/src/my_package' with build type 'ament_python'
[0.431s] Level 1:colcon.colcon_core.shell:create_environment_hook('my_package', 'ament_prefix_path')
[0.432s] INFO:colcon.colcon_core.shell:Creating environment hook '/root/data/project_ws/install/my_package/share/my_package/hook/ament_prefix_path.ps1'
[0.433s] INFO:colcon.colcon_core.shell:Creating environment descriptor '/root/data/project_ws/install/my_package/share/my_package/hook/ament_prefix_path.dsv'
[0.434s] INFO:colcon.colcon_core.shell:Creating environment hook '/root/data/project_ws/install/my_package/share/my_package/hook/ament_prefix_path.sh'
[0.435s] INFO:colcon.colcon_core.shell:Skip shell extension 'powershell' for command environment: Not usable outside of PowerShell
[0.436s] DEBUG:colcon.colcon_core.shell:Skip shell extension 'dsv' for command environment
[0.442s] INFO:colcon.colcon_ros.task.ament_cmake.build:Building ROS package in '/root/data/project_ws/src/ros_gz_example_application' with build type 'ament_cmake'
[0.442s] INFO:colcon.colcon_cmake.task.cmake.build:Building CMake package in '/root/data/project_ws/src/ros_gz_example_application'
[0.443s] INFO:colcon.colcon_core.shell:Skip shell extension 'powershell' for command environment: Not usable outside of PowerShell
[0.443s] DEBUG:colcon.colcon_core.shell:Skip shell extension 'dsv' for command environment
[0.452s] DEBUG:colcon.colcon_core.event_handler.log_command:Invoking command in '/root/data/project_ws/build/ros_gz_example_description': CMAKE_PREFIX_PATH=/opt/ros/humble /usr/bin/cmake --build /root/data/project_ws/build/ros_gz_example_description -- -j4 -l4
[0.459s] DEBUG:colcon.colcon_core.event_handler.log_command:Invoking command in '/root/data/project_ws/build/hardware_link2': CMAKE_PREFIX_PATH=/opt/ros/humble /usr/bin/cmake --build /root/data/project_ws/build/hardware_link2 -- -j4 -l4
[0.835s] INFO:colcon.colcon_core.task.python.build:Building Python package in '/root/data/project_ws/src/my_package'
[0.835s] INFO:colcon.colcon_core.shell:Skip shell extension 'powershell' for command environment: Not usable outside of PowerShell
[0.835s] DEBUG:colcon.colcon_core.shell:Skip shell extension 'dsv' for command environment
[0.864s] DEBUG:colcon.colcon_core.event_handler.log_command:Invoking command in '/root/data/project_ws/build/ros_gz_example_application': CMAKE_PREFIX_PATH=/opt/ros/humble /usr/bin/cmake --build /root/data/project_ws/build/ros_gz_example_application -- -j4 -l4
[0.903s] DEBUG:colcon.colcon_core.event_handler.log_command:Invoked command in '/root/data/project_ws/build/ros_gz_example_description' returned '0': CMAKE_PREFIX_PATH=/opt/ros/humble /usr/bin/cmake --build /root/data/project_ws/build/ros_gz_example_description -- -j4 -l4
[0.970s] DEBUG:colcon.colcon_core.event_handler.log_command:Invoked command in '/root/data/project_ws/build/ros_gz_example_application' returned '0': CMAKE_PREFIX_PATH=/opt/ros/humble /usr/bin/cmake --build /root/data/project_ws/build/ros_gz_example_application -- -j4 -l4
[1.016s] DEBUG:colcon.colcon_core.event_handler.log_command:Invoking command in '/root/data/project_ws/build/ros_gz_example_description': CMAKE_PREFIX_PATH=/opt/ros/humble /usr/bin/cmake --install /root/data/project_ws/build/ros_gz_example_description
[1.031s] DEBUG:colcon.colcon_core.event_handler.log_command:Invoking command in '/root/data/project_ws/build/ros_gz_example_application': CMAKE_PREFIX_PATH=/opt/ros/humble /usr/bin/cmake --install /root/data/project_ws/build/ros_gz_example_application
[1.055s] Level 1:colcon.colcon_core.environment:create_environment_scripts_only(ros_gz_example_description)
[1.059s] DEBUG:colcon.colcon_core.event_handler.log_command:Invoked command in '/root/data/project_ws/build/ros_gz_example_description' returned '0': CMAKE_PREFIX_PATH=/opt/ros/humble /usr/bin/cmake --install /root/data/project_ws/build/ros_gz_example_description
[1.061s] Level 1:colcon.colcon_core.environment:checking '/root/data/project_ws/install/ros_gz_example_description' for CMake module files
[1.063s] Level 1:colcon.colcon_core.environment:checking '/root/data/project_ws/install/ros_gz_example_description' for CMake config files
[1.064s] Level 1:colcon.colcon_core.shell:create_environment_hook('ros_gz_example_description', 'cmake_prefix_path')
[1.064s] INFO:colcon.colcon_core.shell:Creating environment hook '/root/data/project_ws/install/ros_gz_example_description/share/ros_gz_example_description/hook/cmake_prefix_path.ps1'
[1.064s] INFO:colcon.colcon_core.shell:Creating environment descriptor '/root/data/project_ws/install/ros_gz_example_description/share/ros_gz_example_description/hook/cmake_prefix_path.dsv'
[1.065s] INFO:colcon.colcon_core.shell:Creating environment hook '/root/data/project_ws/install/ros_gz_example_description/share/ros_gz_example_description/hook/cmake_prefix_path.sh'
[1.066s] Level 1:colcon.colcon_core.environment:checking '/root/data/project_ws/install/ros_gz_example_description/bin'
[1.066s] Level 1:colcon.colcon_core.environment:checking '/root/data/project_ws/install/ros_gz_example_description/lib/pkgconfig/ros_gz_example_description.pc'
[1.066s] Level 1:colcon.colcon_core.environment:checking '/root/data/project_ws/install/ros_gz_example_description/lib/python3.10/site-packages'
[1.066s] Level 1:colcon.colcon_core.environment:checking '/root/data/project_ws/install/ros_gz_example_description/bin'
[1.066s] INFO:colcon.colcon_core.shell:Creating package script '/root/data/project_ws/install/ros_gz_example_description/share/ros_gz_example_description/package.ps1'
[1.071s] INFO:colcon.colcon_core.shell:Creating package descriptor '/root/data/project_ws/install/ros_gz_example_description/share/ros_gz_example_description/package.dsv'
[1.071s] INFO:colcon.colcon_core.shell:Creating package script '/root/data/project_ws/install/ros_gz_example_description/share/ros_gz_example_description/package.sh'
[1.072s] INFO:colcon.colcon_core.shell:Creating package script '/root/data/project_ws/install/ros_gz_example_description/share/ros_gz_example_description/package.bash'
[1.073s] INFO:colcon.colcon_core.shell:Creating package script '/root/data/project_ws/install/ros_gz_example_description/share/ros_gz_example_description/package.zsh'
[1.074s] Level 1:colcon.colcon_core.environment:create_file_with_runtime_dependencies(/root/data/project_ws/install/ros_gz_example_description/share/colcon-core/packages/ros_gz_example_description)
[1.096s] Level 1:colcon.colcon_core.environment:create_environment_scripts_only(ros_gz_example_application)
[1.097s] Level 1:colcon.colcon_core.environment:checking '/root/data/project_ws/install/ros_gz_example_application' for CMake module files
[1.097s] Level 1:colcon.colcon_core.environment:checking '/root/data/project_ws/install/ros_gz_example_application' for CMake config files
[1.098s] Level 1:colcon.colcon_core.shell:create_environment_hook('ros_gz_example_application', 'cmake_prefix_path')
[1.098s] INFO:colcon.colcon_core.shell:Creating environment hook '/root/data/project_ws/install/ros_gz_example_application/share/ros_gz_example_application/hook/cmake_prefix_path.ps1'
[1.099s] INFO:colcon.colcon_core.shell:Creating environment descriptor '/root/data/project_ws/install/ros_gz_example_application/share/ros_gz_example_application/hook/cmake_prefix_path.dsv'
[1.103s] DEBUG:colcon.colcon_core.event_handler.log_command:Invoked command in '/root/data/project_ws/build/ros_gz_example_application' returned '0': CMAKE_PREFIX_PATH=/opt/ros/humble /usr/bin/cmake --install /root/data/project_ws/build/ros_gz_example_application
[1.104s] INFO:colcon.colcon_core.shell:Creating environment hook '/root/data/project_ws/install/ros_gz_example_application/share/ros_gz_example_application/hook/cmake_prefix_path.sh'
[1.104s] Level 1:colcon.colcon_core.environment:checking '/root/data/project_ws/install/ros_gz_example_application/bin'
[1.104s] Level 1:colcon.colcon_core.environment:checking '/root/data/project_ws/install/ros_gz_example_application/lib/pkgconfig/ros_gz_example_application.pc'
[1.105s] Level 1:colcon.colcon_core.environment:checking '/root/data/project_ws/install/ros_gz_example_application/lib/python3.10/site-packages'
[1.105s] Level 1:colcon.colcon_core.environment:checking '/root/data/project_ws/install/ros_gz_example_application/bin'
[1.105s] INFO:colcon.colcon_core.shell:Creating package script '/root/data/project_ws/install/ros_gz_example_application/share/ros_gz_example_application/package.ps1'
[1.106s] INFO:colcon.colcon_core.shell:Creating package descriptor '/root/data/project_ws/install/ros_gz_example_application/share/ros_gz_example_application/package.dsv'
[1.108s] INFO:colcon.colcon_core.shell:Creating package script '/root/data/project_ws/install/ros_gz_example_application/share/ros_gz_example_application/package.sh'
[1.108s] INFO:colcon.colcon_core.shell:Creating package script '/root/data/project_ws/install/ros_gz_example_application/share/ros_gz_example_application/package.bash'
[1.109s] INFO:colcon.colcon_core.shell:Creating package script '/root/data/project_ws/install/ros_gz_example_application/share/ros_gz_example_application/package.zsh'
[1.110s] Level 1:colcon.colcon_core.environment:create_file_with_runtime_dependencies(/root/data/project_ws/install/ros_gz_example_application/share/colcon-core/packages/ros_gz_example_application)
[1.168s] Level 1:colcon.colcon_core.environment:create_environment_scripts_only(ros_gz_example_description)
[1.168s] Level 1:colcon.colcon_core.environment:checking '/root/data/project_ws/install/ros_gz_example_description' for CMake module files
[1.168s] Level 1:colcon.colcon_core.environment:checking '/root/data/project_ws/install/ros_gz_example_description' for CMake config files
[1.169s] Level 1:colcon.colcon_core.shell:create_environment_hook('ros_gz_example_description', 'cmake_prefix_path')
[1.169s] INFO:colcon.colcon_core.shell:Creating environment hook '/root/data/project_ws/install/ros_gz_example_description/share/ros_gz_example_description/hook/cmake_prefix_path.ps1'
[1.169s] INFO:colcon.colcon_core.shell:Creating environment descriptor '/root/data/project_ws/install/ros_gz_example_description/share/ros_gz_example_description/hook/cmake_prefix_path.dsv'
[1.170s] INFO:colcon.colcon_core.shell:Creating environment hook '/root/data/project_ws/install/ros_gz_example_description/share/ros_gz_example_description/hook/cmake_prefix_path.sh'
[1.172s] Level 1:colcon.colcon_core.environment:checking '/root/data/project_ws/install/ros_gz_example_description/bin'
[1.173s] Level 1:colcon.colcon_core.environment:checking '/root/data/project_ws/install/ros_gz_example_description/lib/pkgconfig/ros_gz_example_description.pc'
[1.173s] Level 1:colcon.colcon_core.environment:checking '/root/data/project_ws/install/ros_gz_example_description/lib/python3.10/site-packages'
[1.173s] Level 1:colcon.colcon_core.environment:checking '/root/data/project_ws/install/ros_gz_example_description/bin'
[1.175s] INFO:colcon.colcon_core.shell:Creating package script '/root/data/project_ws/install/ros_gz_example_description/share/ros_gz_example_description/package.ps1'
[1.176s] INFO:colcon.colcon_core.shell:Creating package descriptor '/root/data/project_ws/install/ros_gz_example_description/share/ros_gz_example_description/package.dsv'
[1.177s] INFO:colcon.colcon_core.shell:Creating package script '/root/data/project_ws/install/ros_gz_example_description/share/ros_gz_example_description/package.sh'
[1.178s] INFO:colcon.colcon_core.shell:Creating package script '/root/data/project_ws/install/ros_gz_example_description/share/ros_gz_example_description/package.bash'
[1.178s] INFO:colcon.colcon_core.shell:Creating package script '/root/data/project_ws/install/ros_gz_example_description/share/ros_gz_example_description/package.zsh'
[1.180s] Level 1:colcon.colcon_core.environment:create_file_with_runtime_dependencies(/root/data/project_ws/install/ros_gz_example_description/share/colcon-core/packages/ros_gz_example_description)
[1.182s] INFO:colcon.colcon_ros.task.ament_cmake.build:Building ROS package in '/root/data/project_ws/src/ros_gz_example_gazebo' with build type 'ament_cmake'
[1.182s] INFO:colcon.colcon_cmake.task.cmake.build:Building CMake package in '/root/data/project_ws/src/ros_gz_example_gazebo'
[1.183s] INFO:colcon.colcon_core.shell:Skip shell extension 'powershell' for command environment: Not usable outside of PowerShell
[1.183s] DEBUG:colcon.colcon_core.shell:Skip shell extension 'dsv' for command environment
[1.220s] DEBUG:colcon.colcon_core.event_handler.log_command:Invoking command in '/root/data/project_ws/build/ros_gz_example_gazebo': AMENT_PREFIX_PATH=/root/data/project_ws/install/ros_gz_example_description:${AMENT_PREFIX_PATH} CMAKE_PREFIX_PATH=/root/data/project_ws/install/ros_gz_example_description:/opt/ros/humble IGN_GAZEBO_RESOURCE_PATH=/root/data/project_ws/install/ros_gz_example_description/share/ros_gz_example_description/models /usr/bin/cmake --build /root/data/project_ws/build/ros_gz_example_gazebo -- -j4 -l4
[1.234s] Level 1:colcon.colcon_core.environment:create_environment_scripts_only(ros_gz_example_application)
[1.234s] Level 1:colcon.colcon_core.environment:checking '/root/data/project_ws/install/ros_gz_example_application' for CMake module files
[1.235s] Level 1:colcon.colcon_core.environment:checking '/root/data/project_ws/install/ros_gz_example_application' for CMake config files
[1.235s] Level 1:colcon.colcon_core.shell:create_environment_hook('ros_gz_example_application', 'cmake_prefix_path')
[1.235s] INFO:colcon.colcon_core.shell:Creating environment hook '/root/data/project_ws/install/ros_gz_example_application/share/ros_gz_example_application/hook/cmake_prefix_path.ps1'
[1.240s] INFO:colcon.colcon_core.shell:Creating environment descriptor '/root/data/project_ws/install/ros_gz_example_application/share/ros_gz_example_application/hook/cmake_prefix_path.dsv'
[1.240s] INFO:colcon.colcon_core.shell:Creating environment hook '/root/data/project_ws/install/ros_gz_example_application/share/ros_gz_example_application/hook/cmake_prefix_path.sh'
[1.246s] Level 1:colcon.colcon_core.environment:checking '/root/data/project_ws/install/ros_gz_example_application/bin'
[1.247s] Level 1:colcon.colcon_core.environment:checking '/root/data/project_ws/install/ros_gz_example_application/lib/pkgconfig/ros_gz_example_application.pc'
[1.247s] Level 1:colcon.colcon_core.environment:checking '/root/data/project_ws/install/ros_gz_example_application/lib/python3.10/site-packages'
[1.247s] Level 1:colcon.colcon_core.environment:checking '/root/data/project_ws/install/ros_gz_example_application/bin'
[1.247s] INFO:colcon.colcon_core.shell:Creating package script '/root/data/project_ws/install/ros_gz_example_application/share/ros_gz_example_application/package.ps1'
[1.248s] INFO:colcon.colcon_core.shell:Creating package descriptor '/root/data/project_ws/install/ros_gz_example_application/share/ros_gz_example_application/package.dsv'
[1.250s] INFO:colcon.colcon_core.shell:Creating package script '/root/data/project_ws/install/ros_gz_example_application/share/ros_gz_example_application/package.sh'
[1.258s] INFO:colcon.colcon_core.shell:Creating package script '/root/data/project_ws/install/ros_gz_example_application/share/ros_gz_example_application/package.bash'
[1.259s] INFO:colcon.colcon_core.shell:Creating package script '/root/data/project_ws/install/ros_gz_example_application/share/ros_gz_example_application/package.zsh'
[1.259s] Level 1:colcon.colcon_core.environment:create_file_with_runtime_dependencies(/root/data/project_ws/install/ros_gz_example_application/share/colcon-core/packages/ros_gz_example_application)
[1.393s] DEBUG:colcon.colcon_core.event_handler.log_command:Invoked command in '/root/data/project_ws/build/ros_gz_example_gazebo' returned '0': AMENT_PREFIX_PATH=/root/data/project_ws/install/ros_gz_example_description:${AMENT_PREFIX_PATH} CMAKE_PREFIX_PATH=/root/data/project_ws/install/ros_gz_example_description:/opt/ros/humble IGN_GAZEBO_RESOURCE_PATH=/root/data/project_ws/install/ros_gz_example_description/share/ros_gz_example_description/models /usr/bin/cmake --build /root/data/project_ws/build/ros_gz_example_gazebo -- -j4 -l4
[1.469s] DEBUG:colcon.colcon_core.event_handler.log_command:Invoking command in '/root/data/project_ws/build/ros_gz_example_gazebo': AMENT_PREFIX_PATH=/root/data/project_ws/install/ros_gz_example_description:${AMENT_PREFIX_PATH} CMAKE_PREFIX_PATH=/root/data/project_ws/install/ros_gz_example_description:/opt/ros/humble IGN_GAZEBO_RESOURCE_PATH=/root/data/project_ws/install/ros_gz_example_description/share/ros_gz_example_description/models /usr/bin/cmake --install /root/data/project_ws/build/ros_gz_example_gazebo
[1.479s] DEBUG:colcon.colcon_core.event_handler.log_command:Invoking command in '/root/data/project_ws/src/my_package': PYTHONPATH=/root/data/project_ws/build/my_package/prefix_override:/usr/local/lib/python3.10/dist-packages/colcon_core/task/python/colcon_distutils_commands:/root/data/project_ws/install/my_package/lib/python3.10/site-packages:${PYTHONPATH} /usr/bin/python3 -W ignore:setup.py install is deprecated setup.py egg_info --egg-base ../../build/my_package build --build-base /root/data/project_ws/build/my_package/build install --record /root/data/project_ws/build/my_package/install.log --single-version-externally-managed install_data
[1.491s] Level 1:colcon.colcon_core.environment:create_environment_scripts_only(ros_gz_example_gazebo)
[1.491s] Level 1:colcon.colcon_core.environment:checking '/root/data/project_ws/install/ros_gz_example_gazebo' for CMake module files
[1.492s] Level 1:colcon.colcon_core.environment:checking '/root/data/project_ws/install/ros_gz_example_gazebo' for CMake config files
[1.492s] Level 1:colcon.colcon_core.shell:create_environment_hook('ros_gz_example_gazebo', 'cmake_prefix_path')
[1.492s] INFO:colcon.colcon_core.shell:Creating environment hook '/root/data/project_ws/install/ros_gz_example_gazebo/share/ros_gz_example_gazebo/hook/cmake_prefix_path.ps1'
[1.493s] INFO:colcon.colcon_core.shell:Creating environment descriptor '/root/data/project_ws/install/ros_gz_example_gazebo/share/ros_gz_example_gazebo/hook/cmake_prefix_path.dsv'
[1.494s] INFO:colcon.colcon_core.shell:Creating environment hook '/root/data/project_ws/install/ros_gz_example_gazebo/share/ros_gz_example_gazebo/hook/cmake_prefix_path.sh'
[1.497s] DEBUG:colcon.colcon_core.event_handler.log_command:Invoked command in '/root/data/project_ws/build/ros_gz_example_gazebo' returned '0': AMENT_PREFIX_PATH=/root/data/project_ws/install/ros_gz_example_description:${AMENT_PREFIX_PATH} CMAKE_PREFIX_PATH=/root/data/project_ws/install/ros_gz_example_description:/opt/ros/humble IGN_GAZEBO_RESOURCE_PATH=/root/data/project_ws/install/ros_gz_example_description/share/ros_gz_example_description/models /usr/bin/cmake --install /root/data/project_ws/build/ros_gz_example_gazebo
[1.497s] Level 1:colcon.colcon_core.environment:checking '/root/data/project_ws/install/ros_gz_example_gazebo/lib'
[1.497s] Level 1:colcon.colcon_core.environment:checking '/root/data/project_ws/install/ros_gz_example_gazebo/bin'
[1.497s] Level 1:colcon.colcon_core.environment:checking '/root/data/project_ws/install/ros_gz_example_gazebo/lib/pkgconfig/ros_gz_example_gazebo.pc'
[1.497s] Level 1:colcon.colcon_core.environment:checking '/root/data/project_ws/install/ros_gz_example_gazebo/lib/python3.10/site-packages'
[1.498s] Level 1:colcon.colcon_core.environment:checking '/root/data/project_ws/install/ros_gz_example_gazebo/bin'
[1.498s] INFO:colcon.colcon_core.shell:Creating package script '/root/data/project_ws/install/ros_gz_example_gazebo/share/ros_gz_example_gazebo/package.ps1'
[1.499s] INFO:colcon.colcon_core.shell:Creating package descriptor '/root/data/project_ws/install/ros_gz_example_gazebo/share/ros_gz_example_gazebo/package.dsv'
[1.499s] INFO:colcon.colcon_core.shell:Creating package script '/root/data/project_ws/install/ros_gz_example_gazebo/share/ros_gz_example_gazebo/package.sh'
[1.500s] INFO:colcon.colcon_core.shell:Creating package script '/root/data/project_ws/install/ros_gz_example_gazebo/share/ros_gz_example_gazebo/package.bash'
[1.500s] INFO:colcon.colcon_core.shell:Creating package script '/root/data/project_ws/install/ros_gz_example_gazebo/share/ros_gz_example_gazebo/package.zsh'
[1.501s] Level 1:colcon.colcon_core.environment:create_file_with_runtime_dependencies(/root/data/project_ws/install/ros_gz_example_gazebo/share/colcon-core/packages/ros_gz_example_gazebo)
[1.571s] Level 1:colcon.colcon_core.environment:create_environment_scripts_only(ros_gz_example_gazebo)
[1.572s] Level 1:colcon.colcon_core.environment:checking '/root/data/project_ws/install/ros_gz_example_gazebo' for CMake module files
[1.573s] Level 1:colcon.colcon_core.environment:checking '/root/data/project_ws/install/ros_gz_example_gazebo' for CMake config files
[1.574s] Level 1:colcon.colcon_core.shell:create_environment_hook('ros_gz_example_gazebo', 'cmake_prefix_path')
[1.574s] INFO:colcon.colcon_core.shell:Creating environment hook '/root/data/project_ws/install/ros_gz_example_gazebo/share/ros_gz_example_gazebo/hook/cmake_prefix_path.ps1'
[1.578s] INFO:colcon.colcon_core.shell:Creating environment descriptor '/root/data/project_ws/install/ros_gz_example_gazebo/share/ros_gz_example_gazebo/hook/cmake_prefix_path.dsv'
[1.580s] INFO:colcon.colcon_core.shell:Creating environment hook '/root/data/project_ws/install/ros_gz_example_gazebo/share/ros_gz_example_gazebo/hook/cmake_prefix_path.sh'
[1.584s] Level 1:colcon.colcon_core.environment:checking '/root/data/project_ws/install/ros_gz_example_gazebo/lib'
[1.585s] Level 1:colcon.colcon_core.environment:checking '/root/data/project_ws/install/ros_gz_example_gazebo/bin'
[1.586s] Level 1:colcon.colcon_core.environment:checking '/root/data/project_ws/install/ros_gz_example_gazebo/lib/pkgconfig/ros_gz_example_gazebo.pc'
[1.594s] Level 1:colcon.colcon_core.environment:checking '/root/data/project_ws/install/ros_gz_example_gazebo/lib/python3.10/site-packages'
[1.594s] Level 1:colcon.colcon_core.environment:checking '/root/data/project_ws/install/ros_gz_example_gazebo/bin'
[1.595s] INFO:colcon.colcon_core.shell:Creating package script '/root/data/project_ws/install/ros_gz_example_gazebo/share/ros_gz_example_gazebo/package.ps1'
[1.601s] INFO:colcon.colcon_core.shell:Creating package descriptor '/root/data/project_ws/install/ros_gz_example_gazebo/share/ros_gz_example_gazebo/package.dsv'
[1.601s] INFO:colcon.colcon_core.shell:Creating package script '/root/data/project_ws/install/ros_gz_example_gazebo/share/ros_gz_example_gazebo/package.sh'
[1.602s] INFO:colcon.colcon_core.shell:Creating package script '/root/data/project_ws/install/ros_gz_example_gazebo/share/ros_gz_example_gazebo/package.bash'
[1.610s] INFO:colcon.colcon_core.shell:Creating package script '/root/data/project_ws/install/ros_gz_example_gazebo/share/ros_gz_example_gazebo/package.zsh'
[1.611s] Level 1:colcon.colcon_core.environment:create_file_with_runtime_dependencies(/root/data/project_ws/install/ros_gz_example_gazebo/share/colcon-core/packages/ros_gz_example_gazebo)
[1.612s] INFO:colcon.colcon_ros.task.ament_cmake.build:Building ROS package in '/root/data/project_ws/src/ros_gz_example_bringup' with build type 'ament_cmake'
[1.612s] INFO:colcon.colcon_cmake.task.cmake.build:Building CMake package in '/root/data/project_ws/src/ros_gz_example_bringup'
[1.612s] INFO:colcon.colcon_core.shell:Skip shell extension 'powershell' for command environment: Not usable outside of PowerShell
[1.613s] DEBUG:colcon.colcon_core.shell:Skip shell extension 'dsv' for command environment
[1.661s] DEBUG:colcon.colcon_core.event_handler.log_command:Invoking command in '/root/data/project_ws/build/ros_gz_example_bringup': AMENT_PREFIX_PATH=/root/data/project_ws/install/ros_gz_example_gazebo:/root/data/project_ws/install/ros_gz_example_description:${AMENT_PREFIX_PATH} CMAKE_PREFIX_PATH=/root/data/project_ws/install/ros_gz_example_gazebo:/root/data/project_ws/install/ros_gz_example_description:/opt/ros/humble IGN_GAZEBO_PLUGIN_PATH=/root/data/project_ws/install/ros_gz_example_gazebo/lib/ros_gz_example_gazebo IGN_GAZEBO_RESOURCE_PATH=/root/data/project_ws/install/ros_gz_example_gazebo/share/ros_gz_example_gazebo/worlds:/root/data/project_ws/install/ros_gz_example_description/share/ros_gz_example_description/models /usr/bin/cmake --build /root/data/project_ws/build/ros_gz_example_bringup -- -j4 -l4
[1.773s] DEBUG:colcon.colcon_core.event_handler.log_command:Invoked command in '/root/data/project_ws/build/ros_gz_example_bringup' returned '0': AMENT_PREFIX_PATH=/root/data/project_ws/install/ros_gz_example_gazebo:/root/data/project_ws/install/ros_gz_example_description:${AMENT_PREFIX_PATH} CMAKE_PREFIX_PATH=/root/data/project_ws/install/ros_gz_example_gazebo:/root/data/project_ws/install/ros_gz_example_description:/opt/ros/humble IGN_GAZEBO_PLUGIN_PATH=/root/data/project_ws/install/ros_gz_example_gazebo/lib/ros_gz_example_gazebo IGN_GAZEBO_RESOURCE_PATH=/root/data/project_ws/install/ros_gz_example_gazebo/share/ros_gz_example_gazebo/worlds:/root/data/project_ws/install/ros_gz_example_description/share/ros_gz_example_description/models /usr/bin/cmake --build /root/data/project_ws/build/ros_gz_example_bringup -- -j4 -l4
[1.913s] DEBUG:colcon.colcon_core.event_handler.log_command:Invoking command in '/root/data/project_ws/build/ros_gz_example_bringup': AMENT_PREFIX_PATH=/root/data/project_ws/install/ros_gz_example_gazebo:/root/data/project_ws/install/ros_gz_example_description:${AMENT_PREFIX_PATH} CMAKE_PREFIX_PATH=/root/data/project_ws/install/ros_gz_example_gazebo:/root/data/project_ws/install/ros_gz_example_description:/opt/ros/humble IGN_GAZEBO_PLUGIN_PATH=/root/data/project_ws/install/ros_gz_example_gazebo/lib/ros_gz_example_gazebo IGN_GAZEBO_RESOURCE_PATH=/root/data/project_ws/install/ros_gz_example_gazebo/share/ros_gz_example_gazebo/worlds:/root/data/project_ws/install/ros_gz_example_description/share/ros_gz_example_description/models /usr/bin/cmake --install /root/data/project_ws/build/ros_gz_example_bringup
[1.959s] Level 1:colcon.colcon_core.environment:create_environment_scripts_only(ros_gz_example_bringup)
[1.960s] Level 1:colcon.colcon_core.environment:checking '/root/data/project_ws/install/ros_gz_example_bringup' for CMake module files
[1.960s] Level 1:colcon.colcon_core.environment:checking '/root/data/project_ws/install/ros_gz_example_bringup' for CMake config files
[1.960s] Level 1:colcon.colcon_core.shell:create_environment_hook('ros_gz_example_bringup', 'cmake_prefix_path')
[1.961s] INFO:colcon.colcon_core.shell:Creating environment hook '/root/data/project_ws/install/ros_gz_example_bringup/share/ros_gz_example_bringup/hook/cmake_prefix_path.ps1'
[1.961s] INFO:colcon.colcon_core.shell:Creating environment descriptor '/root/data/project_ws/install/ros_gz_example_bringup/share/ros_gz_example_bringup/hook/cmake_prefix_path.dsv'
[1.962s] INFO:colcon.colcon_core.shell:Creating environment hook '/root/data/project_ws/install/ros_gz_example_bringup/share/ros_gz_example_bringup/hook/cmake_prefix_path.sh'
[1.963s] DEBUG:colcon.colcon_core.event_handler.log_command:Invoked command in '/root/data/project_ws/build/ros_gz_example_bringup' returned '0': AMENT_PREFIX_PATH=/root/data/project_ws/install/ros_gz_example_gazebo:/root/data/project_ws/install/ros_gz_example_description:${AMENT_PREFIX_PATH} CMAKE_PREFIX_PATH=/root/data/project_ws/install/ros_gz_example_gazebo:/root/data/project_ws/install/ros_gz_example_description:/opt/ros/humble IGN_GAZEBO_PLUGIN_PATH=/root/data/project_ws/install/ros_gz_example_gazebo/lib/ros_gz_example_gazebo IGN_GAZEBO_RESOURCE_PATH=/root/data/project_ws/install/ros_gz_example_gazebo/share/ros_gz_example_gazebo/worlds:/root/data/project_ws/install/ros_gz_example_description/share/ros_gz_example_description/models /usr/bin/cmake --install /root/data/project_ws/build/ros_gz_example_bringup
[1.972s] Level 1:colcon.colcon_core.environment:checking '/root/data/project_ws/install/ros_gz_example_bringup/bin'
[1.973s] Level 1:colcon.colcon_core.environment:checking '/root/data/project_ws/install/ros_gz_example_bringup/lib/pkgconfig/ros_gz_example_bringup.pc'
[1.973s] Level 1:colcon.colcon_core.environment:checking '/root/data/project_ws/install/ros_gz_example_bringup/lib/python3.10/site-packages'
[1.974s] Level 1:colcon.colcon_core.environment:checking '/root/data/project_ws/install/ros_gz_example_bringup/bin'
[1.974s] INFO:colcon.colcon_core.shell:Creating package script '/root/data/project_ws/install/ros_gz_example_bringup/share/ros_gz_example_bringup/package.ps1'
[1.975s] INFO:colcon.colcon_core.shell:Creating package descriptor '/root/data/project_ws/install/ros_gz_example_bringup/share/ros_gz_example_bringup/package.dsv'
[1.975s] INFO:colcon.colcon_core.shell:Creating package script '/root/data/project_ws/install/ros_gz_example_bringup/share/ros_gz_example_bringup/package.sh'
[1.976s] INFO:colcon.colcon_core.shell:Creating package script '/root/data/project_ws/install/ros_gz_example_bringup/share/ros_gz_example_bringup/package.bash'
[1.976s] INFO:colcon.colcon_core.shell:Creating package script '/root/data/project_ws/install/ros_gz_example_bringup/share/ros_gz_example_bringup/package.zsh'
[1.977s] Level 1:colcon.colcon_core.environment:create_file_with_runtime_dependencies(/root/data/project_ws/install/ros_gz_example_bringup/share/colcon-core/packages/ros_gz_example_bringup)
[2.021s] Level 1:colcon.colcon_core.environment:checking '/root/data/project_ws/install/my_package' for CMake module files
[2.022s] Level 1:colcon.colcon_core.environment:checking '/root/data/project_ws/install/my_package' for CMake config files
[2.023s] DEBUG:colcon.colcon_core.event_handler.log_command:Invoked command in '/root/data/project_ws/src/my_package' returned '0': PYTHONPATH=/root/data/project_ws/build/my_package/prefix_override:/usr/local/lib/python3.10/dist-packages/colcon_core/task/python/colcon_distutils_commands:/root/data/project_ws/install/my_package/lib/python3.10/site-packages:${PYTHONPATH} /usr/bin/python3 -W ignore:setup.py install is deprecated setup.py egg_info --egg-base ../../build/my_package build --build-base /root/data/project_ws/build/my_package/build install --record /root/data/project_ws/build/my_package/install.log --single-version-externally-managed install_data
[2.024s] Level 1:colcon.colcon_core.environment:checking '/root/data/project_ws/install/my_package/lib'
[2.024s] Level 1:colcon.colcon_core.environment:checking '/root/data/project_ws/install/my_package/bin'
[2.024s] Level 1:colcon.colcon_core.environment:checking '/root/data/project_ws/install/my_package/lib/pkgconfig/my_package.pc'
[2.024s] Level 1:colcon.colcon_core.environment:checking '/root/data/project_ws/install/my_package/lib/python3.10/site-packages'
[2.024s] Level 1:colcon.colcon_core.shell:create_environment_hook('my_package', 'pythonpath')
[2.025s] INFO:colcon.colcon_core.shell:Creating environment hook '/root/data/project_ws/install/my_package/share/my_package/hook/pythonpath.ps1'
[2.025s] INFO:colcon.colcon_core.shell:Creating environment descriptor '/root/data/project_ws/install/my_package/share/my_package/hook/pythonpath.dsv'
[2.026s] INFO:colcon.colcon_core.shell:Creating environment hook '/root/data/project_ws/install/my_package/share/my_package/hook/pythonpath.sh'
[2.027s] Level 1:colcon.colcon_core.environment:checking '/root/data/project_ws/install/my_package/bin'
[2.027s] Level 1:colcon.colcon_core.environment:create_environment_scripts_only(my_package)
[2.028s] INFO:colcon.colcon_core.shell:Creating package script '/root/data/project_ws/install/my_package/share/my_package/package.ps1'
[2.030s] INFO:colcon.colcon_core.shell:Creating package descriptor '/root/data/project_ws/install/my_package/share/my_package/package.dsv'
[2.030s] INFO:colcon.colcon_core.shell:Creating package script '/root/data/project_ws/install/my_package/share/my_package/package.sh'
[2.031s] INFO:colcon.colcon_core.shell:Creating package script '/root/data/project_ws/install/my_package/share/my_package/package.bash'
[2.033s] INFO:colcon.colcon_core.shell:Creating package script '/root/data/project_ws/install/my_package/share/my_package/package.zsh'
[2.033s] Level 1:colcon.colcon_core.environment:create_file_with_runtime_dependencies(/root/data/project_ws/install/my_package/share/colcon-core/packages/my_package)
[2.090s] Level 1:colcon.colcon_core.environment:create_environment_scripts_only(ros_gz_example_bringup)
[2.091s] Level 1:colcon.colcon_core.environment:checking '/root/data/project_ws/install/ros_gz_example_bringup' for CMake module files
[2.092s] Level 1:colcon.colcon_core.environment:checking '/root/data/project_ws/install/ros_gz_example_bringup' for CMake config files
[2.092s] Level 1:colcon.colcon_core.shell:create_environment_hook('ros_gz_example_bringup', 'cmake_prefix_path')
[2.092s] INFO:colcon.colcon_core.shell:Creating environment hook '/root/data/project_ws/install/ros_gz_example_bringup/share/ros_gz_example_bringup/hook/cmake_prefix_path.ps1'
[2.096s] INFO:colcon.colcon_core.shell:Creating environment descriptor '/root/data/project_ws/install/ros_gz_example_bringup/share/ros_gz_example_bringup/hook/cmake_prefix_path.dsv'
[2.097s] INFO:colcon.colcon_core.shell:Creating environment hook '/root/data/project_ws/install/ros_gz_example_bringup/share/ros_gz_example_bringup/hook/cmake_prefix_path.sh'
[2.100s] Level 1:colcon.colcon_core.environment:checking '/root/data/project_ws/install/ros_gz_example_bringup/bin'
[2.101s] Level 1:colcon.colcon_core.environment:checking '/root/data/project_ws/install/ros_gz_example_bringup/lib/pkgconfig/ros_gz_example_bringup.pc'
[2.102s] Level 1:colcon.colcon_core.environment:checking '/root/data/project_ws/install/ros_gz_example_bringup/lib/python3.10/site-packages'
[2.103s] Level 1:colcon.colcon_core.environment:checking '/root/data/project_ws/install/ros_gz_example_bringup/bin'
[2.104s] INFO:colcon.colcon_core.shell:Creating package script '/root/data/project_ws/install/ros_gz_example_bringup/share/ros_gz_example_bringup/package.ps1'
[2.105s] INFO:colcon.colcon_core.shell:Creating package descriptor '/root/data/project_ws/install/ros_gz_example_bringup/share/ros_gz_example_bringup/package.dsv'
[2.107s] INFO:colcon.colcon_core.shell:Creating package script '/root/data/project_ws/install/ros_gz_example_bringup/share/ros_gz_example_bringup/package.sh'
[2.109s] INFO:colcon.colcon_core.shell:Creating package script '/root/data/project_ws/install/ros_gz_example_bringup/share/ros_gz_example_bringup/package.bash'
[2.110s] INFO:colcon.colcon_core.shell:Creating package script '/root/data/project_ws/install/ros_gz_example_bringup/share/ros_gz_example_bringup/package.zsh'
[2.111s] Level 1:colcon.colcon_core.environment:create_file_with_runtime_dependencies(/root/data/project_ws/install/ros_gz_example_bringup/share/colcon-core/packages/ros_gz_example_bringup)
[5.208s] DEBUG:colcon.colcon_core.event_handler.log_command:Invoked command in '/root/data/project_ws/build/hardware_link2' returned '2': CMAKE_PREFIX_PATH=/opt/ros/humble /usr/bin/cmake --build /root/data/project_ws/build/hardware_link2 -- -j4 -l4
[5.256s] Level 1:colcon.colcon_core.environment:create_environment_scripts_only(hardware_link2)
[5.257s] Level 1:colcon.colcon_core.environment:checking '/root/data/project_ws/install/hardware_link2' for CMake module files
[5.258s] Level 1:colcon.colcon_core.environment:checking '/root/data/project_ws/install/hardware_link2' for CMake config files
[5.258s] Level 1:colcon.colcon_core.shell:create_environment_hook('hardware_link2', 'cmake_prefix_path')
[5.259s] INFO:colcon.colcon_core.shell:Creating environment hook '/root/data/project_ws/install/hardware_link2/share/hardware_link2/hook/cmake_prefix_path.ps1'
[5.259s] INFO:colcon.colcon_core.shell:Creating environment descriptor '/root/data/project_ws/install/hardware_link2/share/hardware_link2/hook/cmake_prefix_path.dsv'
[5.260s] INFO:colcon.colcon_core.shell:Creating environment hook '/root/data/project_ws/install/hardware_link2/share/hardware_link2/hook/cmake_prefix_path.sh'
[5.260s] Level 1:colcon.colcon_core.environment:checking '/root/data/project_ws/install/hardware_link2/lib'
[5.261s] Level 1:colcon.colcon_core.shell:create_environment_hook('hardware_link2', 'ld_library_path_lib')
[5.261s] INFO:colcon.colcon_core.shell:Creating environment hook '/root/data/project_ws/install/hardware_link2/share/hardware_link2/hook/ld_library_path_lib.ps1'
[5.262s] INFO:colcon.colcon_core.shell:Creating environment descriptor '/root/data/project_ws/install/hardware_link2/share/hardware_link2/hook/ld_library_path_lib.dsv'
[5.263s] INFO:colcon.colcon_core.shell:Creating environment hook '/root/data/project_ws/install/hardware_link2/share/hardware_link2/hook/ld_library_path_lib.sh'
[5.264s] Level 1:colcon.colcon_core.environment:checking '/root/data/project_ws/install/hardware_link2/bin'
[5.265s] Level 1:colcon.colcon_core.environment:checking '/root/data/project_ws/install/hardware_link2/lib/pkgconfig/hardware_link2.pc'
[5.266s] Level 1:colcon.colcon_core.environment:checking '/root/data/project_ws/install/hardware_link2/lib/python3.10/site-packages'
[5.266s] Level 1:colcon.colcon_core.environment:checking '/root/data/project_ws/install/hardware_link2/bin'
[5.266s] INFO:colcon.colcon_core.shell:Creating package script '/root/data/project_ws/install/hardware_link2/share/hardware_link2/package.ps1'
[5.267s] INFO:colcon.colcon_core.shell:Creating package descriptor '/root/data/project_ws/install/hardware_link2/share/hardware_link2/package.dsv'
[5.268s] INFO:colcon.colcon_core.shell:Creating package script '/root/data/project_ws/install/hardware_link2/share/hardware_link2/package.sh'
[5.268s] INFO:colcon.colcon_core.shell:Creating package script '/root/data/project_ws/install/hardware_link2/share/hardware_link2/package.bash'
[5.270s] INFO:colcon.colcon_core.shell:Creating package script '/root/data/project_ws/install/hardware_link2/share/hardware_link2/package.zsh'
[5.270s] Level 1:colcon.colcon_core.environment:create_file_with_runtime_dependencies(/root/data/project_ws/install/hardware_link2/share/colcon-core/packages/hardware_link2)
[5.271s] DEBUG:colcon.colcon_parallel_executor.executor.parallel:closing loop
[5.272s] DEBUG:colcon.colcon_parallel_executor.executor.parallel:loop closed
[5.272s] DEBUG:colcon.colcon_parallel_executor.executor.parallel:run_until_complete finished with '2'
[5.272s] DEBUG:colcon.colcon_core.event_reactor:joining thread
[5.281s] INFO:colcon.colcon_core.plugin_system:Skipping extension 'colcon_notification.desktop_notification.notify_send': Could not find 'notify-send'
[5.281s] INFO:colcon.colcon_core.plugin_system:Skipping extension 'colcon_notification.desktop_notification.terminal_notifier': Not used on non-Darwin systems
[5.281s] INFO:colcon.colcon_core.plugin_system:Skipping extension 'colcon_notification.desktop_notification.win32': Not used on non-Windows systems
[5.281s] INFO:colcon.colcon_notification.desktop_notification:Sending desktop notification using 'notify2'
[5.285s] DEBUG:colcon.colcon_notification.desktop_notification.notify2:Failed to initialize notify2: org.freedesktop.DBus.Error.Spawn.ExecFailed: /usr/bin/dbus-launch terminated abnormally without any error message
[5.285s] DEBUG:colcon.colcon_core.event_reactor:joined thread
[5.286s] INFO:colcon.colcon_core.shell:Creating prefix script '/root/data/project_ws/install/local_setup.ps1'
[5.288s] INFO:colcon.colcon_core.shell:Creating prefix util module '/root/data/project_ws/install/_local_setup_util_ps1.py'
[5.291s] INFO:colcon.colcon_core.shell:Creating prefix chain script '/root/data/project_ws/install/setup.ps1'
[5.294s] INFO:colcon.colcon_core.shell:Creating prefix script '/root/data/project_ws/install/local_setup.sh'
[5.295s] INFO:colcon.colcon_core.shell:Creating prefix util module '/root/data/project_ws/install/_local_setup_util_sh.py'
[5.296s] INFO:colcon.colcon_core.shell:Creating prefix chain script '/root/data/project_ws/install/setup.sh'
[5.298s] INFO:colcon.colcon_core.shell:Creating prefix script '/root/data/project_ws/install/local_setup.bash'
[5.299s] INFO:colcon.colcon_core.shell:Creating prefix chain script '/root/data/project_ws/install/setup.bash'
[5.300s] INFO:colcon.colcon_core.shell:Creating prefix script '/root/data/project_ws/install/local_setup.zsh'
[5.301s] INFO:colcon.colcon_core.shell:Creating prefix chain script '/root/data/project_ws/install/setup.zsh'
