[0.928s] Invoking command in '/root/data/project_ws/src/my_package': PYTHONPATH=/root/data/project_ws/build/my_package/prefix_override:/usr/local/lib/python3.10/dist-packages/colcon_core/task/python/colcon_distutils_commands:/root/data/project_ws/install/my_package/lib/python3.10/site-packages:${PYTHONPATH} /usr/bin/python3 -W ignore:setup.py install is deprecated setup.py egg_info --egg-base ../../build/my_package build --build-base /root/data/project_ws/build/my_package/build install --record /root/data/project_ws/build/my_package/install.log --single-version-externally-managed install_data
[1.214s] running egg_info
[1.215s] writing ../../build/my_package/my_package.egg-info/PKG-INFO
[1.215s] writing dependency_links to ../../build/my_package/my_package.egg-info/dependency_links.txt
[1.216s] writing entry points to ../../build/my_package/my_package.egg-info/entry_points.txt
[1.216s] writing requirements to ../../build/my_package/my_package.egg-info/requires.txt
[1.216s] writing top-level names to ../../build/my_package/my_package.egg-info/top_level.txt
[1.219s] reading manifest file '../../build/my_package/my_package.egg-info/SOURCES.txt'
[1.219s] adding license file 'LICENSE'
[1.219s] writing manifest file '../../build/my_package/my_package.egg-info/SOURCES.txt'
[1.219s] running build
[1.220s] running build_py
[1.220s] running install
[1.220s] running install_lib
[1.222s] running install_data
[1.222s] running install_egg_info
[1.224s] removing '/root/data/project_ws/install/my_package/lib/python3.10/site-packages/my_package-0.0.0-py3.10.egg-info' (and everything under it)
[1.224s] Copying ../../build/my_package/my_package.egg-info to /root/data/project_ws/install/my_package/lib/python3.10/site-packages/my_package-0.0.0-py3.10.egg-info
[1.225s] running install_scripts
[1.256s] Installing my_node script to /root/data/project_ws/install/my_package/lib/my_package
[1.256s] writing list of installed files to '/root/data/project_ws/build/my_package/install.log'
[1.287s] Invoked command in '/root/data/project_ws/src/my_package' returned '0': PYTHONPATH=/root/data/project_ws/build/my_package/prefix_override:/usr/local/lib/python3.10/dist-packages/colcon_core/task/python/colcon_distutils_commands:/root/data/project_ws/install/my_package/lib/python3.10/site-packages:${PYTHONPATH} /usr/bin/python3 -W ignore:setup.py install is deprecated setup.py egg_info --egg-base ../../build/my_package build --build-base /root/data/project_ws/build/my_package/build install --record /root/data/project_ws/build/my_package/install.log --single-version-externally-managed install_data
