[0.041s] Invoking command in '/root/data/project_ws/build/ros_gz_example_description': CMAKE_PREFIX_PATH=/opt/ros/humble /usr/bin/cmake --build /root/data/project_ws/build/ros_gz_example_description -- -j4 -l4
[0.467s] Invoked command in '/root/data/project_ws/build/ros_gz_example_description' returned '0': CMAKE_PREFIX_PATH=/opt/ros/humble /usr/bin/cmake --build /root/data/project_ws/build/ros_gz_example_description -- -j4 -l4
[0.561s] Invoking command in '/root/data/project_ws/build/ros_gz_example_description': CMAKE_PREFIX_PATH=/opt/ros/humble /usr/bin/cmake --install /root/data/project_ws/build/ros_gz_example_description
[0.576s] -- Install configuration: ""
[0.579s] -- Up-to-date: /root/data/project_ws/install/ros_gz_example_description/share/ros_gz_example_description/models
[0.580s] -- Up-to-date: /root/data/project_ws/install/ros_gz_example_description/share/ros_gz_example_description/models/diff_drive_urdf
[0.581s] -- Up-to-date: /root/data/project_ws/install/ros_gz_example_description/share/ros_gz_example_description/models/diff_drive_urdf/depricated
[0.582s] -- Up-to-date: /root/data/project_ws/install/ros_gz_example_description/share/ros_gz_example_description/models/diff_drive_urdf/depricated/model.urdf
[0.583s] -- Up-to-date: /root/data/project_ws/install/ros_gz_example_description/share/ros_gz_example_description/models/diff_drive_urdf/depricated/model_gazebo.urdf
[0.583s] -- Installing: /root/data/project_ws/install/ros_gz_example_description/share/ros_gz_example_description/models/diff_drive_urdf/model.urdf.xacro
[0.587s] -- Up-to-date: /root/data/project_ws/install/ros_gz_example_description/share/ros_gz_example_description/models/diff_drive_sdf
[0.588s] -- Up-to-date: /root/data/project_ws/install/ros_gz_example_description/share/ros_gz_example_description/models/diff_drive_sdf/model.sdf
[0.589s] -- Up-to-date: /root/data/project_ws/install/ros_gz_example_description/share/ros_gz_example_description/models/diff_drive_sdf/model.config
[0.590s] -- Up-to-date: /root/data/project_ws/install/ros_gz_example_description/share/ros_gz_example_description/models/rrbot
[0.591s] -- Up-to-date: /root/data/project_ws/install/ros_gz_example_description/share/ros_gz_example_description/models/rrbot/model.sdf
[0.594s] -- Up-to-date: /root/data/project_ws/install/ros_gz_example_description/share/ros_gz_example_description/models/turtlebot3_world
[0.594s] -- Up-to-date: /root/data/project_ws/install/ros_gz_example_description/share/ros_gz_example_description/models/turtlebot3_world/meshes
[0.594s] -- Up-to-date: /root/data/project_ws/install/ros_gz_example_description/share/ros_gz_example_description/models/turtlebot3_world/meshes/hexagon.dae
[0.594s] -- Up-to-date: /root/data/project_ws/install/ros_gz_example_description/share/ros_gz_example_description/models/turtlebot3_world/meshes/wall.dae
[0.594s] -- Up-to-date: /root/data/project_ws/install/ros_gz_example_description/share/ros_gz_example_description/models/turtlebot3_world/model-1_4.sdf
[0.594s] -- Up-to-date: /root/data/project_ws/install/ros_gz_example_description/share/ros_gz_example_description/models/turtlebot3_world/model.sdf
[0.594s] -- Up-to-date: /root/data/project_ws/install/ros_gz_example_description/share/ros_gz_example_description/models/turtlebot3_world/model.config
[0.594s] -- Up-to-date: /root/data/project_ws/install/ros_gz_example_description/share/ros_gz_example_description/environment/ros_gz_example_description.dsv
[0.594s] -- Up-to-date: /root/data/project_ws/install/ros_gz_example_description/share/ros_gz_example_description/environment/ros_gz_example_description.sh
[0.594s] -- Up-to-date: /root/data/project_ws/install/ros_gz_example_description/share/ament_index/resource_index/package_run_dependencies/ros_gz_example_description
[0.595s] -- Up-to-date: /root/data/project_ws/install/ros_gz_example_description/share/ament_index/resource_index/parent_prefix_path/ros_gz_example_description
[0.595s] -- Up-to-date: /root/data/project_ws/install/ros_gz_example_description/share/ros_gz_example_description/environment/ament_prefix_path.sh
[0.595s] -- Up-to-date: /root/data/project_ws/install/ros_gz_example_description/share/ros_gz_example_description/environment/ament_prefix_path.dsv
[0.595s] -- Up-to-date: /root/data/project_ws/install/ros_gz_example_description/share/ros_gz_example_description/environment/path.sh
[0.595s] -- Up-to-date: /root/data/project_ws/install/ros_gz_example_description/share/ros_gz_example_description/environment/path.dsv
[0.595s] -- Up-to-date: /root/data/project_ws/install/ros_gz_example_description/share/ros_gz_example_description/local_setup.bash
[0.595s] -- Up-to-date: /root/data/project_ws/install/ros_gz_example_description/share/ros_gz_example_description/local_setup.sh
[0.597s] -- Up-to-date: /root/data/project_ws/install/ros_gz_example_description/share/ros_gz_example_description/local_setup.zsh
[0.598s] -- Up-to-date: /root/data/project_ws/install/ros_gz_example_description/share/ros_gz_example_description/local_setup.dsv
[0.598s] -- Installing: /root/data/project_ws/install/ros_gz_example_description/share/ros_gz_example_description/package.dsv
[0.598s] -- Up-to-date: /root/data/project_ws/install/ros_gz_example_description/share/ament_index/resource_index/packages/ros_gz_example_description
[0.598s] -- Up-to-date: /root/data/project_ws/install/ros_gz_example_description/share/ros_gz_example_description/cmake/ros_gz_example_descriptionConfig.cmake
[0.598s] -- Up-to-date: /root/data/project_ws/install/ros_gz_example_description/share/ros_gz_example_description/cmake/ros_gz_example_descriptionConfig-version.cmake
[0.598s] -- Up-to-date: /root/data/project_ws/install/ros_gz_example_description/share/ros_gz_example_description/package.xml
[0.601s] Invoked command in '/root/data/project_ws/build/ros_gz_example_description' returned '0': CMAKE_PREFIX_PATH=/opt/ros/humble /usr/bin/cmake --install /root/data/project_ws/build/ros_gz_example_description
