[01m[K/root/data/project_ws/src/hardware_link2/src/hardware_link2.cpp:[m[K In member function ‘[01m[Kvirtual std::vector<hardware_interface::StateInterface> hardware_link2::HardwareLinkInterface::export_state_interfaces()[m[K’:
[01m[K/root/data/project_ws/src/hardware_link2/src/hardware_link2.cpp:57:78:[m[K [01;31m[Kerror: [m[K‘[01m[Kclass hardware_link2::Wheel[m[K’ has no member named ‘[01m[Kstate_pos[m[K’; did you mean ‘[01m[Kstete_pos[m[K’?
   57 |         info_.joints[i].name, hardware_interface::HW_IF_POSITION, &wheels[0].[01;31m[Kstate_pos[m[K));
      |                                                                              [01;31m[K^~~~~~~~~[m[K
      |                                                                              [32m[Kstete_pos[m[K
[01m[K/root/data/project_ws/src/hardware_link2/src/hardware_link2.cpp:59:87:[m[K [01;31m[Kerror: [m[Kno matching function for call to ‘[01m[Khardware_interface::StateInterface::StateInterface(std::string&, const char [9], std::vector<double>*)[m[K’
   59 |         info_.joints[i].name, hardware_interface::HW_IF_VELOCITY, &wheels[0].state_vel[01;31m[K)[m[K);
      |                                                                                       [01;31m[K^[m[K
In file included from [01m[K/opt/ros/humble/include/hardware_interface/system_interface.hpp:22[m[K,
                 from [01m[K/root/data/project_ws/src/hardware_link2/include/hardware_link2/hardware_link2.hpp:23[m[K,
                 from [01m[K/root/data/project_ws/src/hardware_link2/src/hardware_link2.cpp:20[m[K:
[01m[K/opt/ros/humble/include/hardware_interface/handle.hpp:30:3:[m[K [01;36m[Knote: [m[Kcandidate: ‘[01m[Khardware_interface::ReadOnlyHandle::ReadOnlyHandle(const string&, const string&, double*)[m[K’
   30 |   [01;36m[KReadOnlyHandle[m[K(
      |   [01;36m[K^~~~~~~~~~~~~~[m[K
[01m[K/opt/ros/humble/include/hardware_interface/handle.hpp:123:25:[m[K [01;36m[Knote: [m[K  inherited here
  123 |   using ReadOnlyHandle::[01;36m[KReadOnlyHandle[m[K;
      |                         [01;36m[K^~~~~~~~~~~~~~[m[K
[01m[K/opt/ros/humble/include/hardware_interface/handle.hpp:32:14:[m[K [01;36m[Knote: [m[K  no known conversion for argument 3 from ‘[01m[Kstd::vector<double>*[m[K’ to ‘[01m[Kdouble*[m[K’
   32 |     [01;36m[Kdouble * value_ptr = nullptr[m[K)
      |     [01;36m[K~~~~~~~~~^~~~~~~~~~~~~~~~~~~[m[K
[01m[K/opt/ros/humble/include/hardware_interface/handle.hpp:37:12:[m[K [01;36m[Knote: [m[Kcandidate: ‘[01m[Khardware_interface::ReadOnlyHandle::ReadOnlyHandle(const string&)[m[K’
   37 |   explicit [01;36m[KReadOnlyHandle[m[K(const std::string & interface_name)
      |            [01;36m[K^~~~~~~~~~~~~~[m[K
[01m[K/opt/ros/humble/include/hardware_interface/handle.hpp:123:25:[m[K [01;36m[Knote: [m[K  inherited here
  123 |   using ReadOnlyHandle::[01;36m[KReadOnlyHandle[m[K;
      |                         [01;36m[K^~~~~~~~~~~~~~[m[K
[01m[K/opt/ros/humble/include/hardware_interface/handle.hpp:123:25:[m[K [01;36m[Knote: [m[K  candidate expects 1 argument, 3 provided
[01m[K/opt/ros/humble/include/hardware_interface/handle.hpp:42:12:[m[K [01;36m[Knote: [m[Kcandidate: ‘[01m[Khardware_interface::ReadOnlyHandle::ReadOnlyHandle(const char*)[m[K’
   42 |   explicit [01;36m[KReadOnlyHandle[m[K(const char * interface_name)
      |            [01;36m[K^~~~~~~~~~~~~~[m[K
[01m[K/opt/ros/humble/include/hardware_interface/handle.hpp:123:25:[m[K [01;36m[Knote: [m[K  inherited here
  123 |   using ReadOnlyHandle::[01;36m[KReadOnlyHandle[m[K;
      |                         [01;36m[K^~~~~~~~~~~~~~[m[K
[01m[K/opt/ros/humble/include/hardware_interface/handle.hpp:123:25:[m[K [01;36m[Knote: [m[K  candidate expects 1 argument, 3 provided
[01m[K/opt/ros/humble/include/hardware_interface/handle.hpp:47:3:[m[K [01;36m[Knote: [m[Kcandidate: ‘[01m[Khardware_interface::ReadOnlyHandle::ReadOnlyHandle(const hardware_interface::ReadOnlyHandle&)[m[K’
   47 |   [01;36m[KReadOnlyHandle[m[K(const ReadOnlyHandle & other) = default;
      |   [01;36m[K^~~~~~~~~~~~~~[m[K
[01m[K/opt/ros/humble/include/hardware_interface/handle.hpp:123:25:[m[K [01;36m[Knote: [m[K  inherited here
  123 |   using ReadOnlyHandle::[01;36m[KReadOnlyHandle[m[K;
      |                         [01;36m[K^~~~~~~~~~~~~~[m[K
[01m[K/opt/ros/humble/include/hardware_interface/handle.hpp:123:25:[m[K [01;36m[Knote: [m[K  candidate expects 1 argument, 3 provided
[01m[K/opt/ros/humble/include/hardware_interface/handle.hpp:49:3:[m[K [01;36m[Knote: [m[Kcandidate: ‘[01m[Khardware_interface::ReadOnlyHandle::ReadOnlyHandle(hardware_interface::ReadOnlyHandle&&)[m[K’
   49 |   [01;36m[KReadOnlyHandle[m[K(ReadOnlyHandle && other) = default;
      |   [01;36m[K^~~~~~~~~~~~~~[m[K
[01m[K/opt/ros/humble/include/hardware_interface/handle.hpp:123:25:[m[K [01;36m[Knote: [m[K  inherited here
  123 |   using ReadOnlyHandle::[01;36m[KReadOnlyHandle[m[K;
      |                         [01;36m[K^~~~~~~~~~~~~~[m[K
[01m[K/opt/ros/humble/include/hardware_interface/handle.hpp:123:25:[m[K [01;36m[Knote: [m[K  candidate expects 1 argument, 3 provided
[01m[K/opt/ros/humble/include/hardware_interface/handle.hpp:121:3:[m[K [01;36m[Knote: [m[Kcandidate: ‘[01m[Khardware_interface::StateInterface::StateInterface(hardware_interface::StateInterface&&)[m[K’
  121 |   [01;36m[KStateInterface[m[K(StateInterface && other) = default;
      |   [01;36m[K^~~~~~~~~~~~~~[m[K
[01m[K/opt/ros/humble/include/hardware_interface/handle.hpp:121:3:[m[K [01;36m[Knote: [m[K  candidate expects 1 argument, 3 provided
[01m[K/opt/ros/humble/include/hardware_interface/handle.hpp:119:3:[m[K [01;36m[Knote: [m[Kcandidate: ‘[01m[Khardware_interface::StateInterface::StateInterface(const hardware_interface::StateInterface&)[m[K’
  119 |   [01;36m[KStateInterface[m[K(const StateInterface & other) = default;
      |   [01;36m[K^~~~~~~~~~~~~~[m[K
[01m[K/opt/ros/humble/include/hardware_interface/handle.hpp:119:3:[m[K [01;36m[Knote: [m[K  candidate expects 1 argument, 3 provided
[01m[K/root/data/project_ws/src/hardware_link2/src/hardware_link2.cpp:64:78:[m[K [01;31m[Kerror: [m[K‘[01m[Kclass hardware_link2::Wheel[m[K’ has no member named ‘[01m[Kstate_pos[m[K’; did you mean ‘[01m[Kstete_pos[m[K’?
   64 |         info_.joints[i].name, hardware_interface::HW_IF_POSITION, &wheels[1].[01;31m[Kstate_pos[m[K));
      |                                                                              [01;31m[K^~~~~~~~~[m[K
      |                                                                              [32m[Kstete_pos[m[K
[01m[K/root/data/project_ws/src/hardware_link2/src/hardware_link2.cpp:66:87:[m[K [01;31m[Kerror: [m[Kno matching function for call to ‘[01m[Khardware_interface::StateInterface::StateInterface(std::string&, const char [9], std::vector<double>*)[m[K’
   66 |         info_.joints[i].name, hardware_interface::HW_IF_VELOCITY, &wheels[1].state_vel[01;31m[K)[m[K);
      |                                                                                       [01;31m[K^[m[K
In file included from [01m[K/opt/ros/humble/include/hardware_interface/system_interface.hpp:22[m[K,
                 from [01m[K/root/data/project_ws/src/hardware_link2/include/hardware_link2/hardware_link2.hpp:23[m[K,
                 from [01m[K/root/data/project_ws/src/hardware_link2/src/hardware_link2.cpp:20[m[K:
[01m[K/opt/ros/humble/include/hardware_interface/handle.hpp:30:3:[m[K [01;36m[Knote: [m[Kcandidate: ‘[01m[Khardware_interface::ReadOnlyHandle::ReadOnlyHandle(const string&, const string&, double*)[m[K’
   30 |   [01;36m[KReadOnlyHandle[m[K(
      |   [01;36m[K^~~~~~~~~~~~~~[m[K
[01m[K/opt/ros/humble/include/hardware_interface/handle.hpp:123:25:[m[K [01;36m[Knote: [m[K  inherited here
  123 |   using ReadOnlyHandle::[01;36m[KReadOnlyHandle[m[K;
      |                         [01;36m[K^~~~~~~~~~~~~~[m[K
[01m[K/opt/ros/humble/include/hardware_interface/handle.hpp:32:14:[m[K [01;36m[Knote: [m[K  no known conversion for argument 3 from ‘[01m[Kstd::vector<double>*[m[K’ to ‘[01m[Kdouble*[m[K’
   32 |     [01;36m[Kdouble * value_ptr = nullptr[m[K)
      |     [01;36m[K~~~~~~~~~^~~~~~~~~~~~~~~~~~~[m[K
[01m[K/opt/ros/humble/include/hardware_interface/handle.hpp:37:12:[m[K [01;36m[Knote: [m[Kcandidate: ‘[01m[Khardware_interface::ReadOnlyHandle::ReadOnlyHandle(const string&)[m[K’
   37 |   explicit [01;36m[KReadOnlyHandle[m[K(const std::string & interface_name)
      |            [01;36m[K^~~~~~~~~~~~~~[m[K
[01m[K/opt/ros/humble/include/hardware_interface/handle.hpp:123:25:[m[K [01;36m[Knote: [m[K  inherited here
  123 |   using ReadOnlyHandle::[01;36m[KReadOnlyHandle[m[K;
      |                         [01;36m[K^~~~~~~~~~~~~~[m[K
[01m[K/opt/ros/humble/include/hardware_interface/handle.hpp:123:25:[m[K [01;36m[Knote: [m[K  candidate expects 1 argument, 3 provided
[01m[K/opt/ros/humble/include/hardware_interface/handle.hpp:42:12:[m[K [01;36m[Knote: [m[Kcandidate: ‘[01m[Khardware_interface::ReadOnlyHandle::ReadOnlyHandle(const char*)[m[K’
   42 |   explicit [01;36m[KReadOnlyHandle[m[K(const char * interface_name)
      |            [01;36m[K^~~~~~~~~~~~~~[m[K
[01m[K/opt/ros/humble/include/hardware_interface/handle.hpp:123:25:[m[K [01;36m[Knote: [m[K  inherited here
  123 |   using ReadOnlyHandle::[01;36m[KReadOnlyHandle[m[K;
      |                         [01;36m[K^~~~~~~~~~~~~~[m[K
[01m[K/opt/ros/humble/include/hardware_interface/handle.hpp:123:25:[m[K [01;36m[Knote: [m[K  candidate expects 1 argument, 3 provided
[01m[K/opt/ros/humble/include/hardware_interface/handle.hpp:47:3:[m[K [01;36m[Knote: [m[Kcandidate: ‘[01m[Khardware_interface::ReadOnlyHandle::ReadOnlyHandle(const hardware_interface::ReadOnlyHandle&)[m[K’
   47 |   [01;36m[KReadOnlyHandle[m[K(const ReadOnlyHandle & other) = default;
      |   [01;36m[K^~~~~~~~~~~~~~[m[K
[01m[K/opt/ros/humble/include/hardware_interface/handle.hpp:123:25:[m[K [01;36m[Knote: [m[K  inherited here
  123 |   using ReadOnlyHandle::[01;36m[KReadOnlyHandle[m[K;
      |                         [01;36m[K^~~~~~~~~~~~~~[m[K
[01m[K/opt/ros/humble/include/hardware_interface/handle.hpp:123:25:[m[K [01;36m[Knote: [m[K  candidate expects 1 argument, 3 provided
[01m[K/opt/ros/humble/include/hardware_interface/handle.hpp:49:3:[m[K [01;36m[Knote: [m[Kcandidate: ‘[01m[Khardware_interface::ReadOnlyHandle::ReadOnlyHandle(hardware_interface::ReadOnlyHandle&&)[m[K’
   49 |   [01;36m[KReadOnlyHandle[m[K(ReadOnlyHandle && other) = default;
      |   [01;36m[K^~~~~~~~~~~~~~[m[K
[01m[K/opt/ros/humble/include/hardware_interface/handle.hpp:123:25:[m[K [01;36m[Knote: [m[K  inherited here
  123 |   using ReadOnlyHandle::[01;36m[KReadOnlyHandle[m[K;
      |                         [01;36m[K^~~~~~~~~~~~~~[m[K
[01m[K/opt/ros/humble/include/hardware_interface/handle.hpp:123:25:[m[K [01;36m[Knote: [m[K  candidate expects 1 argument, 3 provided
[01m[K/opt/ros/humble/include/hardware_interface/handle.hpp:121:3:[m[K [01;36m[Knote: [m[Kcandidate: ‘[01m[Khardware_interface::StateInterface::StateInterface(hardware_interface::StateInterface&&)[m[K’
  121 |   [01;36m[KStateInterface[m[K(StateInterface && other) = default;
      |   [01;36m[K^~~~~~~~~~~~~~[m[K
[01m[K/opt/ros/humble/include/hardware_interface/handle.hpp:121:3:[m[K [01;36m[Knote: [m[K  candidate expects 1 argument, 3 provided
[01m[K/opt/ros/humble/include/hardware_interface/handle.hpp:119:3:[m[K [01;36m[Knote: [m[Kcandidate: ‘[01m[Khardware_interface::StateInterface::StateInterface(const hardware_interface::StateInterface&)[m[K’
  119 |   [01;36m[KStateInterface[m[K(const StateInterface & other) = default;
      |   [01;36m[K^~~~~~~~~~~~~~[m[K
[01m[K/opt/ros/humble/include/hardware_interface/handle.hpp:119:3:[m[K [01;36m[Knote: [m[K  candidate expects 1 argument, 3 provided
[01m[K/root/data/project_ws/src/hardware_link2/src/hardware_link2.cpp:[m[K In member function ‘[01m[Kvirtual std::vector<hardware_interface::CommandInterface> hardware_link2::HardwareLinkInterface::export_command_interfaces()[m[K’:
[01m[K/root/data/project_ws/src/hardware_link2/src/hardware_link2.cpp:82:85:[m[K [01;31m[Kerror: [m[Kno matching function for call to ‘[01m[Khardware_interface::CommandInterface::CommandInterface(std::string&, const char [9], std::vector<double>*)[m[K’
   82 |         info_.joints[i].name, hardware_interface::HW_IF_VELOCITY, &wheels[0].cmd_vel[01;31m[K)[m[K);
      |                                                                                     [01;31m[K^[m[K
In file included from [01m[K/opt/ros/humble/include/hardware_interface/system_interface.hpp:22[m[K,
                 from [01m[K/root/data/project_ws/src/hardware_link2/include/hardware_link2/hardware_link2.hpp:23[m[K,
                 from [01m[K/root/data/project_ws/src/hardware_link2/src/hardware_link2.cpp:20[m[K:
[01m[K/opt/ros/humble/include/hardware_interface/handle.hpp:88:3:[m[K [01;36m[Knote: [m[Kcandidate: ‘[01m[Khardware_interface::ReadWriteHandle::ReadWriteHandle(const string&, const string&, double*)[m[K’
   88 |   [01;36m[KReadWriteHandle[m[K(
      |   [01;36m[K^~~~~~~~~~~~~~~[m[K
[01m[K/opt/ros/humble/include/hardware_interface/handle.hpp:139:26:[m[K [01;36m[Knote: [m[K  inherited here
  139 |   using ReadWriteHandle::[01;36m[KReadWriteHandle[m[K;
      |                          [01;36m[K^~~~~~~~~~~~~~~[m[K
[01m[K/opt/ros/humble/include/hardware_interface/handle.hpp:90:14:[m[K [01;36m[Knote: [m[K  no known conversion for argument 3 from ‘[01m[Kstd::vector<double>*[m[K’ to ‘[01m[Kdouble*[m[K’
   90 |     [01;36m[Kdouble * value_ptr = nullptr[m[K)
      |     [01;36m[K~~~~~~~~~^~~~~~~~~~~~~~~~~~~[m[K
[01m[K/opt/ros/humble/include/hardware_interface/handle.hpp:95:12:[m[K [01;36m[Knote: [m[Kcandidate: ‘[01m[Khardware_interface::ReadWriteHandle::ReadWriteHandle(const string&)[m[K’
   95 |   explicit [01;36m[KReadWriteHandle[m[K(const std::string & interface_name) : ReadOnlyHandle(interface_name) {}
      |            [01;36m[K^~~~~~~~~~~~~~~[m[K
[01m[K/opt/ros/humble/include/hardware_interface/handle.hpp:139:26:[m[K [01;36m[Knote: [m[K  inherited here
  139 |   using ReadWriteHandle::[01;36m[KReadWriteHandle[m[K;
      |                          [01;36m[K^~~~~~~~~~~~~~~[m[K
[01m[K/opt/ros/humble/include/hardware_interface/handle.hpp:139:26:[m[K [01;36m[Knote: [m[K  candidate expects 1 argument, 3 provided
[01m[K/opt/ros/humble/include/hardware_interface/handle.hpp:97:12:[m[K [01;36m[Knote: [m[Kcandidate: ‘[01m[Khardware_interface::ReadWriteHandle::ReadWriteHandle(const char*)[m[K’
   97 |   explicit [01;36m[KReadWriteHandle[m[K(const char * interface_name) : ReadOnlyHandle(interface_name) {}
      |            [01;36m[K^~~~~~~~~~~~~~~[m[K
[01m[K/opt/ros/humble/include/hardware_interface/handle.hpp:139:26:[m[K [01;36m[Knote: [m[K  inherited here
  139 |   using ReadWriteHandle::[01;36m[KReadWriteHandle[m[K;
      |                          [01;36m[K^~~~~~~~~~~~~~~[m[K
[01m[K/opt/ros/humble/include/hardware_interface/handle.hpp:139:26:[m[K [01;36m[Knote: [m[K  candidate expects 1 argument, 3 provided
[01m[K/opt/ros/humble/include/hardware_interface/handle.hpp:99:3:[m[K [01;36m[Knote: [m[Kcandidate: ‘[01m[Khardware_interface::ReadWriteHandle::ReadWriteHandle(const hardware_interface::ReadWriteHandle&)[m[K’
   99 |   [01;36m[KReadWriteHandle[m[K(const ReadWriteHandle & other) = default;
      |   [01;36m[K^~~~~~~~~~~~~~~[m[K
[01m[K/opt/ros/humble/include/hardware_interface/handle.hpp:139:26:[m[K [01;36m[Knote: [m[K  inherited here
  139 |   using ReadWriteHandle::[01;36m[KReadWriteHandle[m[K;
      |                          [01;36m[K^~~~~~~~~~~~~~~[m[K
[01m[K/opt/ros/humble/include/hardware_interface/handle.hpp:139:26:[m[K [01;36m[Knote: [m[K  candidate expects 1 argument, 3 provided
[01m[K/opt/ros/humble/include/hardware_interface/handle.hpp:101:3:[m[K [01;36m[Knote: [m[Kcandidate: ‘[01m[Khardware_interface::ReadWriteHandle::ReadWriteHandle(hardware_interface::ReadWriteHandle&&)[m[K’
  101 |   [01;36m[KReadWriteHandle[m[K(ReadWriteHandle && other) = default;
      |   [01;36m[K^~~~~~~~~~~~~~~[m[K
[01m[K/opt/ros/humble/include/hardware_interface/handle.hpp:139:26:[m[K [01;36m[Knote: [m[K  inherited here
  139 |   using ReadWriteHandle::[01;36m[KReadWriteHandle[m[K;
      |                          [01;36m[K^~~~~~~~~~~~~~~[m[K
[01m[K/opt/ros/humble/include/hardware_interface/handle.hpp:139:26:[m[K [01;36m[Knote: [m[K  candidate expects 1 argument, 3 provided
[01m[K/opt/ros/humble/include/hardware_interface/handle.hpp:137:3:[m[K [01;36m[Knote: [m[Kcandidate: ‘[01m[Khardware_interface::CommandInterface::CommandInterface(hardware_interface::CommandInterface&&)[m[K’
  137 |   [01;36m[KCommandInterface[m[K(CommandInterface && other) = default;
      |   [01;36m[K^~~~~~~~~~~~~~~~[m[K
[01m[K/opt/ros/humble/include/hardware_interface/handle.hpp:137:3:[m[K [01;36m[Knote: [m[K  candidate expects 1 argument, 3 provided
[01m[K/root/data/project_ws/src/hardware_link2/src/hardware_link2.cpp:87:85:[m[K [01;31m[Kerror: [m[Kno matching function for call to ‘[01m[Khardware_interface::CommandInterface::CommandInterface(std::string&, const char [9], std::vector<double>*)[m[K’
   87 |         info_.joints[i].name, hardware_interface::HW_IF_VELOCITY, &wheels[1].cmd_vel[01;31m[K)[m[K);
      |                                                                                     [01;31m[K^[m[K
In file included from [01m[K/opt/ros/humble/include/hardware_interface/system_interface.hpp:22[m[K,
                 from [01m[K/root/data/project_ws/src/hardware_link2/include/hardware_link2/hardware_link2.hpp:23[m[K,
                 from [01m[K/root/data/project_ws/src/hardware_link2/src/hardware_link2.cpp:20[m[K:
[01m[K/opt/ros/humble/include/hardware_interface/handle.hpp:88:3:[m[K [01;36m[Knote: [m[Kcandidate: ‘[01m[Khardware_interface::ReadWriteHandle::ReadWriteHandle(const string&, const string&, double*)[m[K’
   88 |   [01;36m[KReadWriteHandle[m[K(
      |   [01;36m[K^~~~~~~~~~~~~~~[m[K
[01m[K/opt/ros/humble/include/hardware_interface/handle.hpp:139:26:[m[K [01;36m[Knote: [m[K  inherited here
  139 |   using ReadWriteHandle::[01;36m[KReadWriteHandle[m[K;
      |                          [01;36m[K^~~~~~~~~~~~~~~[m[K
[01m[K/opt/ros/humble/include/hardware_interface/handle.hpp:90:14:[m[K [01;36m[Knote: [m[K  no known conversion for argument 3 from ‘[01m[Kstd::vector<double>*[m[K’ to ‘[01m[Kdouble*[m[K’
   90 |     [01;36m[Kdouble * value_ptr = nullptr[m[K)
      |     [01;36m[K~~~~~~~~~^~~~~~~~~~~~~~~~~~~[m[K
[01m[K/opt/ros/humble/include/hardware_interface/handle.hpp:95:12:[m[K [01;36m[Knote: [m[Kcandidate: ‘[01m[Khardware_interface::ReadWriteHandle::ReadWriteHandle(const string&)[m[K’
   95 |   explicit [01;36m[KReadWriteHandle[m[K(const std::string & interface_name) : ReadOnlyHandle(interface_name) {}
      |            [01;36m[K^~~~~~~~~~~~~~~[m[K
[01m[K/opt/ros/humble/include/hardware_interface/handle.hpp:139:26:[m[K [01;36m[Knote: [m[K  inherited here
  139 |   using ReadWriteHandle::[01;36m[KReadWriteHandle[m[K;
      |                          [01;36m[K^~~~~~~~~~~~~~~[m[K
[01m[K/opt/ros/humble/include/hardware_interface/handle.hpp:139:26:[m[K [01;36m[Knote: [m[K  candidate expects 1 argument, 3 provided
[01m[K/opt/ros/humble/include/hardware_interface/handle.hpp:97:12:[m[K [01;36m[Knote: [m[Kcandidate: ‘[01m[Khardware_interface::ReadWriteHandle::ReadWriteHandle(const char*)[m[K’
   97 |   explicit [01;36m[KReadWriteHandle[m[K(const char * interface_name) : ReadOnlyHandle(interface_name) {}
      |            [01;36m[K^~~~~~~~~~~~~~~[m[K
[01m[K/opt/ros/humble/include/hardware_interface/handle.hpp:139:26:[m[K [01;36m[Knote: [m[K  inherited here
  139 |   using ReadWriteHandle::[01;36m[KReadWriteHandle[m[K;
      |                          [01;36m[K^~~~~~~~~~~~~~~[m[K
[01m[K/opt/ros/humble/include/hardware_interface/handle.hpp:139:26:[m[K [01;36m[Knote: [m[K  candidate expects 1 argument, 3 provided
[01m[K/opt/ros/humble/include/hardware_interface/handle.hpp:99:3:[m[K [01;36m[Knote: [m[Kcandidate: ‘[01m[Khardware_interface::ReadWriteHandle::ReadWriteHandle(const hardware_interface::ReadWriteHandle&)[m[K’
   99 |   [01;36m[KReadWriteHandle[m[K(const ReadWriteHandle & other) = default;
      |   [01;36m[K^~~~~~~~~~~~~~~[m[K
[01m[K/opt/ros/humble/include/hardware_interface/handle.hpp:139:26:[m[K [01;36m[Knote: [m[K  inherited here
  139 |   using ReadWriteHandle::[01;36m[KReadWriteHandle[m[K;
      |                          [01;36m[K^~~~~~~~~~~~~~~[m[K
[01m[K/opt/ros/humble/include/hardware_interface/handle.hpp:139:26:[m[K [01;36m[Knote: [m[K  candidate expects 1 argument, 3 provided
[01m[K/opt/ros/humble/include/hardware_interface/handle.hpp:101:3:[m[K [01;36m[Knote: [m[Kcandidate: ‘[01m[Khardware_interface::ReadWriteHandle::ReadWriteHandle(hardware_interface::ReadWriteHandle&&)[m[K’
  101 |   [01;36m[KReadWriteHandle[m[K(ReadWriteHandle && other) = default;
      |   [01;36m[K^~~~~~~~~~~~~~~[m[K
[01m[K/opt/ros/humble/include/hardware_interface/handle.hpp:139:26:[m[K [01;36m[Knote: [m[K  inherited here
  139 |   using ReadWriteHandle::[01;36m[KReadWriteHandle[m[K;
      |                          [01;36m[K^~~~~~~~~~~~~~~[m[K
[01m[K/opt/ros/humble/include/hardware_interface/handle.hpp:139:26:[m[K [01;36m[Knote: [m[K  candidate expects 1 argument, 3 provided
[01m[K/opt/ros/humble/include/hardware_interface/handle.hpp:137:3:[m[K [01;36m[Knote: [m[Kcandidate: ‘[01m[Khardware_interface::CommandInterface::CommandInterface(hardware_interface::CommandInterface&&)[m[K’
  137 |   [01;36m[KCommandInterface[m[K(CommandInterface && other) = default;
      |   [01;36m[K^~~~~~~~~~~~~~~~[m[K
[01m[K/opt/ros/humble/include/hardware_interface/handle.hpp:137:3:[m[K [01;36m[Knote: [m[K  candidate expects 1 argument, 3 provided
gmake[2]: *** [CMakeFiles/hardware_link2.dir/build.make:76: CMakeFiles/hardware_link2.dir/src/hardware_link2.cpp.o] Error 1
gmake[1]: *** [CMakeFiles/Makefile2:176: CMakeFiles/hardware_link2.dir/all] Error 2
gmake: *** [Makefile:146: all] Error 2
