[0.031s] Invoking command in '/root/data/project_ws/build/hardware_link2': CMAKE_PREFIX_PATH=/opt/ros/humble /usr/bin/cmake --build /root/data/project_ws/build/hardware_link2 -- -j4 -l4
[0.429s] [35m[1mConsolidate compiler generated dependencies of target hardware_link2[0m
[0.429s] [ 22%] Built target gmock_main
[0.429s] [ 55%] Built target gmock
[0.429s] [ 66%] [32mBuilding CXX object CMakeFiles/hardware_link2.dir/src/hardware_link2.cpp.o[0m
[0.429s] [ 88%] Built target test_hardware_link2
[4.037s] [01m[K/root/data/project_ws/src/hardware_link2/src/hardware_link2.cpp:[m[K In member function ‘[01m[Kvirtual std::vector<hardware_interface::StateInterface> hardware_link2::HardwareLinkInterface::export_state_interfaces()[m[K’:
[4.038s] [01m[K/root/data/project_ws/src/hardware_link2/src/hardware_link2.cpp:57:78:[m[K [01;31m[Kerror: [m[K‘[01m[Kclass hardware_link2::Wheel[m[K’ has no member named ‘[01m[Kstate_pos[m[K’; did you mean ‘[01m[Kstete_pos[m[K’?
[4.038s]    57 |         info_.joints[i].name, hardware_interface::HW_IF_POSITION, &wheels[0].[01;31m[Kstate_pos[m[K));
[4.038s]       |                                                                              [01;31m[K^~~~~~~~~[m[K
[4.038s]       |                                                                              [32m[Kstete_pos[m[K
[4.038s] [01m[K/root/data/project_ws/src/hardware_link2/src/hardware_link2.cpp:59:87:[m[K [01;31m[Kerror: [m[Kno matching function for call to ‘[01m[Khardware_interface::StateInterface::StateInterface(std::string&, const char [9], std::vector<double>*)[m[K’
[4.038s]    59 |         info_.joints[i].name, hardware_interface::HW_IF_VELOCITY, &wheels[0].state_vel[01;31m[K)[m[K);
[4.038s]       |                                                                                       [01;31m[K^[m[K
[4.038s] In file included from [01m[K/opt/ros/humble/include/hardware_interface/system_interface.hpp:22[m[K,
[4.038s]                  from [01m[K/root/data/project_ws/src/hardware_link2/include/hardware_link2/hardware_link2.hpp:23[m[K,
[4.038s]                  from [01m[K/root/data/project_ws/src/hardware_link2/src/hardware_link2.cpp:20[m[K:
[4.038s] [01m[K/opt/ros/humble/include/hardware_interface/handle.hpp:30:3:[m[K [01;36m[Knote: [m[Kcandidate: ‘[01m[Khardware_interface::ReadOnlyHandle::ReadOnlyHandle(const string&, const string&, double*)[m[K’
[4.038s]    30 |   [01;36m[KReadOnlyHandle[m[K(
[4.039s]       |   [01;36m[K^~~~~~~~~~~~~~[m[K
[4.039s] [01m[K/opt/ros/humble/include/hardware_interface/handle.hpp:123:25:[m[K [01;36m[Knote: [m[K  inherited here
[4.039s]   123 |   using ReadOnlyHandle::[01;36m[KReadOnlyHandle[m[K;
[4.039s]       |                         [01;36m[K^~~~~~~~~~~~~~[m[K
[4.039s] [01m[K/opt/ros/humble/include/hardware_interface/handle.hpp:32:14:[m[K [01;36m[Knote: [m[K  no known conversion for argument 3 from ‘[01m[Kstd::vector<double>*[m[K’ to ‘[01m[Kdouble*[m[K’
[4.039s]    32 |     [01;36m[Kdouble * value_ptr = nullptr[m[K)
[4.039s]       |     [01;36m[K~~~~~~~~~^~~~~~~~~~~~~~~~~~~[m[K
[4.039s] [01m[K/opt/ros/humble/include/hardware_interface/handle.hpp:37:12:[m[K [01;36m[Knote: [m[Kcandidate: ‘[01m[Khardware_interface::ReadOnlyHandle::ReadOnlyHandle(const string&)[m[K’
[4.039s]    37 |   explicit [01;36m[KReadOnlyHandle[m[K(const std::string & interface_name)
[4.039s]       |            [01;36m[K^~~~~~~~~~~~~~[m[K
[4.039s] [01m[K/opt/ros/humble/include/hardware_interface/handle.hpp:123:25:[m[K [01;36m[Knote: [m[K  inherited here
[4.039s]   123 |   using ReadOnlyHandle::[01;36m[KReadOnlyHandle[m[K;
[4.040s]       |                         [01;36m[K^~~~~~~~~~~~~~[m[K
[4.040s] [01m[K/opt/ros/humble/include/hardware_interface/handle.hpp:123:25:[m[K [01;36m[Knote: [m[K  candidate expects 1 argument, 3 provided
[4.040s] [01m[K/opt/ros/humble/include/hardware_interface/handle.hpp:42:12:[m[K [01;36m[Knote: [m[Kcandidate: ‘[01m[Khardware_interface::ReadOnlyHandle::ReadOnlyHandle(const char*)[m[K’
[4.040s]    42 |   explicit [01;36m[KReadOnlyHandle[m[K(const char * interface_name)
[4.040s]       |            [01;36m[K^~~~~~~~~~~~~~[m[K
[4.040s] [01m[K/opt/ros/humble/include/hardware_interface/handle.hpp:123:25:[m[K [01;36m[Knote: [m[K  inherited here
[4.040s]   123 |   using ReadOnlyHandle::[01;36m[KReadOnlyHandle[m[K;
[4.040s]       |                         [01;36m[K^~~~~~~~~~~~~~[m[K
[4.040s] [01m[K/opt/ros/humble/include/hardware_interface/handle.hpp:123:25:[m[K [01;36m[Knote: [m[K  candidate expects 1 argument, 3 provided
[4.041s] [01m[K/opt/ros/humble/include/hardware_interface/handle.hpp:47:3:[m[K [01;36m[Knote: [m[Kcandidate: ‘[01m[Khardware_interface::ReadOnlyHandle::ReadOnlyHandle(const hardware_interface::ReadOnlyHandle&)[m[K’
[4.041s]    47 |   [01;36m[KReadOnlyHandle[m[K(const ReadOnlyHandle & other) = default;
[4.041s]       |   [01;36m[K^~~~~~~~~~~~~~[m[K
[4.041s] [01m[K/opt/ros/humble/include/hardware_interface/handle.hpp:123:25:[m[K [01;36m[Knote: [m[K  inherited here
[4.041s]   123 |   using ReadOnlyHandle::[01;36m[KReadOnlyHandle[m[K;
[4.041s]       |                         [01;36m[K^~~~~~~~~~~~~~[m[K
[4.041s] [01m[K/opt/ros/humble/include/hardware_interface/handle.hpp:123:25:[m[K [01;36m[Knote: [m[K  candidate expects 1 argument, 3 provided
[4.041s] [01m[K/opt/ros/humble/include/hardware_interface/handle.hpp:49:3:[m[K [01;36m[Knote: [m[Kcandidate: ‘[01m[Khardware_interface::ReadOnlyHandle::ReadOnlyHandle(hardware_interface::ReadOnlyHandle&&)[m[K’
[4.041s]    49 |   [01;36m[KReadOnlyHandle[m[K(ReadOnlyHandle && other) = default;
[4.041s]       |   [01;36m[K^~~~~~~~~~~~~~[m[K
[4.041s] [01m[K/opt/ros/humble/include/hardware_interface/handle.hpp:123:25:[m[K [01;36m[Knote: [m[K  inherited here
[4.042s]   123 |   using ReadOnlyHandle::[01;36m[KReadOnlyHandle[m[K;
[4.042s]       |                         [01;36m[K^~~~~~~~~~~~~~[m[K
[4.042s] [01m[K/opt/ros/humble/include/hardware_interface/handle.hpp:123:25:[m[K [01;36m[Knote: [m[K  candidate expects 1 argument, 3 provided
[4.042s] [01m[K/opt/ros/humble/include/hardware_interface/handle.hpp:121:3:[m[K [01;36m[Knote: [m[Kcandidate: ‘[01m[Khardware_interface::StateInterface::StateInterface(hardware_interface::StateInterface&&)[m[K’
[4.042s]   121 |   [01;36m[KStateInterface[m[K(StateInterface && other) = default;
[4.042s]       |   [01;36m[K^~~~~~~~~~~~~~[m[K
[4.042s] [01m[K/opt/ros/humble/include/hardware_interface/handle.hpp:121:3:[m[K [01;36m[Knote: [m[K  candidate expects 1 argument, 3 provided
[4.042s] [01m[K/opt/ros/humble/include/hardware_interface/handle.hpp:119:3:[m[K [01;36m[Knote: [m[Kcandidate: ‘[01m[Khardware_interface::StateInterface::StateInterface(const hardware_interface::StateInterface&)[m[K’
[4.042s]   119 |   [01;36m[KStateInterface[m[K(const StateInterface & other) = default;
[4.042s]       |   [01;36m[K^~~~~~~~~~~~~~[m[K
[4.043s] [01m[K/opt/ros/humble/include/hardware_interface/handle.hpp:119:3:[m[K [01;36m[Knote: [m[K  candidate expects 1 argument, 3 provided
[4.043s] [01m[K/root/data/project_ws/src/hardware_link2/src/hardware_link2.cpp:64:78:[m[K [01;31m[Kerror: [m[K‘[01m[Kclass hardware_link2::Wheel[m[K’ has no member named ‘[01m[Kstate_pos[m[K’; did you mean ‘[01m[Kstete_pos[m[K’?
[4.043s]    64 |         info_.joints[i].name, hardware_interface::HW_IF_POSITION, &wheels[1].[01;31m[Kstate_pos[m[K));
[4.043s]       |                                                                              [01;31m[K^~~~~~~~~[m[K
[4.043s]       |                                                                              [32m[Kstete_pos[m[K
[4.044s] [01m[K/root/data/project_ws/src/hardware_link2/src/hardware_link2.cpp:66:87:[m[K [01;31m[Kerror: [m[Kno matching function for call to ‘[01m[Khardware_interface::StateInterface::StateInterface(std::string&, const char [9], std::vector<double>*)[m[K’
[4.044s]    66 |         info_.joints[i].name, hardware_interface::HW_IF_VELOCITY, &wheels[1].state_vel[01;31m[K)[m[K);
[4.044s]       |                                                                                       [01;31m[K^[m[K
[4.044s] In file included from [01m[K/opt/ros/humble/include/hardware_interface/system_interface.hpp:22[m[K,
[4.044s]                  from [01m[K/root/data/project_ws/src/hardware_link2/include/hardware_link2/hardware_link2.hpp:23[m[K,
[4.044s]                  from [01m[K/root/data/project_ws/src/hardware_link2/src/hardware_link2.cpp:20[m[K:
[4.044s] [01m[K/opt/ros/humble/include/hardware_interface/handle.hpp:30:3:[m[K [01;36m[Knote: [m[Kcandidate: ‘[01m[Khardware_interface::ReadOnlyHandle::ReadOnlyHandle(const string&, const string&, double*)[m[K’
[4.044s]    30 |   [01;36m[KReadOnlyHandle[m[K(
[4.044s]       |   [01;36m[K^~~~~~~~~~~~~~[m[K
[4.044s] [01m[K/opt/ros/humble/include/hardware_interface/handle.hpp:123:25:[m[K [01;36m[Knote: [m[K  inherited here
[4.044s]   123 |   using ReadOnlyHandle::[01;36m[KReadOnlyHandle[m[K;
[4.044s]       |                         [01;36m[K^~~~~~~~~~~~~~[m[K
[4.044s] [01m[K/opt/ros/humble/include/hardware_interface/handle.hpp:32:14:[m[K [01;36m[Knote: [m[K  no known conversion for argument 3 from ‘[01m[Kstd::vector<double>*[m[K’ to ‘[01m[Kdouble*[m[K’
[4.045s]    32 |     [01;36m[Kdouble * value_ptr = nullptr[m[K)
[4.045s]       |     [01;36m[K~~~~~~~~~^~~~~~~~~~~~~~~~~~~[m[K
[4.045s] [01m[K/opt/ros/humble/include/hardware_interface/handle.hpp:37:12:[m[K [01;36m[Knote: [m[Kcandidate: ‘[01m[Khardware_interface::ReadOnlyHandle::ReadOnlyHandle(const string&)[m[K’
[4.045s]    37 |   explicit [01;36m[KReadOnlyHandle[m[K(const std::string & interface_name)
[4.045s]       |            [01;36m[K^~~~~~~~~~~~~~[m[K
[4.045s] [01m[K/opt/ros/humble/include/hardware_interface/handle.hpp:123:25:[m[K [01;36m[Knote: [m[K  inherited here
[4.045s]   123 |   using ReadOnlyHandle::[01;36m[KReadOnlyHandle[m[K;
[4.045s]       |                         [01;36m[K^~~~~~~~~~~~~~[m[K
[4.045s] [01m[K/opt/ros/humble/include/hardware_interface/handle.hpp:123:25:[m[K [01;36m[Knote: [m[K  candidate expects 1 argument, 3 provided
[4.045s] [01m[K/opt/ros/humble/include/hardware_interface/handle.hpp:42:12:[m[K [01;36m[Knote: [m[Kcandidate: ‘[01m[Khardware_interface::ReadOnlyHandle::ReadOnlyHandle(const char*)[m[K’
[4.045s]    42 |   explicit [01;36m[KReadOnlyHandle[m[K(const char * interface_name)
[4.045s]       |            [01;36m[K^~~~~~~~~~~~~~[m[K
[4.045s] [01m[K/opt/ros/humble/include/hardware_interface/handle.hpp:123:25:[m[K [01;36m[Knote: [m[K  inherited here
[4.046s]   123 |   using ReadOnlyHandle::[01;36m[KReadOnlyHandle[m[K;
[4.046s]       |                         [01;36m[K^~~~~~~~~~~~~~[m[K
[4.046s] [01m[K/opt/ros/humble/include/hardware_interface/handle.hpp:123:25:[m[K [01;36m[Knote: [m[K  candidate expects 1 argument, 3 provided
[4.046s] [01m[K/opt/ros/humble/include/hardware_interface/handle.hpp:47:3:[m[K [01;36m[Knote: [m[Kcandidate: ‘[01m[Khardware_interface::ReadOnlyHandle::ReadOnlyHandle(const hardware_interface::ReadOnlyHandle&)[m[K’
[4.046s]    47 |   [01;36m[KReadOnlyHandle[m[K(const ReadOnlyHandle & other) = default;
[4.046s]       |   [01;36m[K^~~~~~~~~~~~~~[m[K
[4.046s] [01m[K/opt/ros/humble/include/hardware_interface/handle.hpp:123:25:[m[K [01;36m[Knote: [m[K  inherited here
[4.047s]   123 |   using ReadOnlyHandle::[01;36m[KReadOnlyHandle[m[K;
[4.047s]       |                         [01;36m[K^~~~~~~~~~~~~~[m[K
[4.047s] [01m[K/opt/ros/humble/include/hardware_interface/handle.hpp:123:25:[m[K [01;36m[Knote: [m[K  candidate expects 1 argument, 3 provided
[4.047s] [01m[K/opt/ros/humble/include/hardware_interface/handle.hpp:49:3:[m[K [01;36m[Knote: [m[Kcandidate: ‘[01m[Khardware_interface::ReadOnlyHandle::ReadOnlyHandle(hardware_interface::ReadOnlyHandle&&)[m[K’
[4.047s]    49 |   [01;36m[KReadOnlyHandle[m[K(ReadOnlyHandle && other) = default;
[4.047s]       |   [01;36m[K^~~~~~~~~~~~~~[m[K
[4.047s] [01m[K/opt/ros/humble/include/hardware_interface/handle.hpp:123:25:[m[K [01;36m[Knote: [m[K  inherited here
[4.047s]   123 |   using ReadOnlyHandle::[01;36m[KReadOnlyHandle[m[K;
[4.047s]       |                         [01;36m[K^~~~~~~~~~~~~~[m[K
[4.047s] [01m[K/opt/ros/humble/include/hardware_interface/handle.hpp:123:25:[m[K [01;36m[Knote: [m[K  candidate expects 1 argument, 3 provided
[4.047s] [01m[K/opt/ros/humble/include/hardware_interface/handle.hpp:121:3:[m[K [01;36m[Knote: [m[Kcandidate: ‘[01m[Khardware_interface::StateInterface::StateInterface(hardware_interface::StateInterface&&)[m[K’
[4.048s]   121 |   [01;36m[KStateInterface[m[K(StateInterface && other) = default;
[4.048s]       |   [01;36m[K^~~~~~~~~~~~~~[m[K
[4.048s] [01m[K/opt/ros/humble/include/hardware_interface/handle.hpp:121:3:[m[K [01;36m[Knote: [m[K  candidate expects 1 argument, 3 provided
[4.048s] [01m[K/opt/ros/humble/include/hardware_interface/handle.hpp:119:3:[m[K [01;36m[Knote: [m[Kcandidate: ‘[01m[Khardware_interface::StateInterface::StateInterface(const hardware_interface::StateInterface&)[m[K’
[4.048s]   119 |   [01;36m[KStateInterface[m[K(const StateInterface & other) = default;
[4.048s]       |   [01;36m[K^~~~~~~~~~~~~~[m[K
[4.048s] [01m[K/opt/ros/humble/include/hardware_interface/handle.hpp:119:3:[m[K [01;36m[Knote: [m[K  candidate expects 1 argument, 3 provided
[4.048s] [01m[K/root/data/project_ws/src/hardware_link2/src/hardware_link2.cpp:[m[K In member function ‘[01m[Kvirtual std::vector<hardware_interface::CommandInterface> hardware_link2::HardwareLinkInterface::export_command_interfaces()[m[K’:
[4.048s] [01m[K/root/data/project_ws/src/hardware_link2/src/hardware_link2.cpp:82:85:[m[K [01;31m[Kerror: [m[Kno matching function for call to ‘[01m[Khardware_interface::CommandInterface::CommandInterface(std::string&, const char [9], std::vector<double>*)[m[K’
[4.048s]    82 |         info_.joints[i].name, hardware_interface::HW_IF_VELOCITY, &wheels[0].cmd_vel[01;31m[K)[m[K);
[4.048s]       |                                                                                     [01;31m[K^[m[K
[4.049s] In file included from [01m[K/opt/ros/humble/include/hardware_interface/system_interface.hpp:22[m[K,
[4.049s]                  from [01m[K/root/data/project_ws/src/hardware_link2/include/hardware_link2/hardware_link2.hpp:23[m[K,
[4.049s]                  from [01m[K/root/data/project_ws/src/hardware_link2/src/hardware_link2.cpp:20[m[K:
[4.049s] [01m[K/opt/ros/humble/include/hardware_interface/handle.hpp:88:3:[m[K [01;36m[Knote: [m[Kcandidate: ‘[01m[Khardware_interface::ReadWriteHandle::ReadWriteHandle(const string&, const string&, double*)[m[K’
[4.049s]    88 |   [01;36m[KReadWriteHandle[m[K(
[4.049s]       |   [01;36m[K^~~~~~~~~~~~~~~[m[K
[4.049s] [01m[K/opt/ros/humble/include/hardware_interface/handle.hpp:139:26:[m[K [01;36m[Knote: [m[K  inherited here
[4.049s]   139 |   using ReadWriteHandle::[01;36m[KReadWriteHandle[m[K;
[4.049s]       |                          [01;36m[K^~~~~~~~~~~~~~~[m[K
[4.049s] [01m[K/opt/ros/humble/include/hardware_interface/handle.hpp:90:14:[m[K [01;36m[Knote: [m[K  no known conversion for argument 3 from ‘[01m[Kstd::vector<double>*[m[K’ to ‘[01m[Kdouble*[m[K’
[4.049s]    90 |     [01;36m[Kdouble * value_ptr = nullptr[m[K)
[4.049s]       |     [01;36m[K~~~~~~~~~^~~~~~~~~~~~~~~~~~~[m[K
[4.049s] [01m[K/opt/ros/humble/include/hardware_interface/handle.hpp:95:12:[m[K [01;36m[Knote: [m[Kcandidate: ‘[01m[Khardware_interface::ReadWriteHandle::ReadWriteHandle(const string&)[m[K’
[4.049s]    95 |   explicit [01;36m[KReadWriteHandle[m[K(const std::string & interface_name) : ReadOnlyHandle(interface_name) {}
[4.050s]       |            [01;36m[K^~~~~~~~~~~~~~~[m[K
[4.050s] [01m[K/opt/ros/humble/include/hardware_interface/handle.hpp:139:26:[m[K [01;36m[Knote: [m[K  inherited here
[4.050s]   139 |   using ReadWriteHandle::[01;36m[KReadWriteHandle[m[K;
[4.050s]       |                          [01;36m[K^~~~~~~~~~~~~~~[m[K
[4.050s] [01m[K/opt/ros/humble/include/hardware_interface/handle.hpp:139:26:[m[K [01;36m[Knote: [m[K  candidate expects 1 argument, 3 provided
[4.050s] [01m[K/opt/ros/humble/include/hardware_interface/handle.hpp:97:12:[m[K [01;36m[Knote: [m[Kcandidate: ‘[01m[Khardware_interface::ReadWriteHandle::ReadWriteHandle(const char*)[m[K’
[4.050s]    97 |   explicit [01;36m[KReadWriteHandle[m[K(const char * interface_name) : ReadOnlyHandle(interface_name) {}
[4.050s]       |            [01;36m[K^~~~~~~~~~~~~~~[m[K
[4.050s] [01m[K/opt/ros/humble/include/hardware_interface/handle.hpp:139:26:[m[K [01;36m[Knote: [m[K  inherited here
[4.050s]   139 |   using ReadWriteHandle::[01;36m[KReadWriteHandle[m[K;
[4.050s]       |                          [01;36m[K^~~~~~~~~~~~~~~[m[K
[4.050s] [01m[K/opt/ros/humble/include/hardware_interface/handle.hpp:139:26:[m[K [01;36m[Knote: [m[K  candidate expects 1 argument, 3 provided
[4.051s] [01m[K/opt/ros/humble/include/hardware_interface/handle.hpp:99:3:[m[K [01;36m[Knote: [m[Kcandidate: ‘[01m[Khardware_interface::ReadWriteHandle::ReadWriteHandle(const hardware_interface::ReadWriteHandle&)[m[K’
[4.051s]    99 |   [01;36m[KReadWriteHandle[m[K(const ReadWriteHandle & other) = default;
[4.051s]       |   [01;36m[K^~~~~~~~~~~~~~~[m[K
[4.051s] [01m[K/opt/ros/humble/include/hardware_interface/handle.hpp:139:26:[m[K [01;36m[Knote: [m[K  inherited here
[4.051s]   139 |   using ReadWriteHandle::[01;36m[KReadWriteHandle[m[K;
[4.051s]       |                          [01;36m[K^~~~~~~~~~~~~~~[m[K
[4.051s] [01m[K/opt/ros/humble/include/hardware_interface/handle.hpp:139:26:[m[K [01;36m[Knote: [m[K  candidate expects 1 argument, 3 provided
[4.051s] [01m[K/opt/ros/humble/include/hardware_interface/handle.hpp:101:3:[m[K [01;36m[Knote: [m[Kcandidate: ‘[01m[Khardware_interface::ReadWriteHandle::ReadWriteHandle(hardware_interface::ReadWriteHandle&&)[m[K’
[4.051s]   101 |   [01;36m[KReadWriteHandle[m[K(ReadWriteHandle && other) = default;
[4.051s]       |   [01;36m[K^~~~~~~~~~~~~~~[m[K
[4.051s] [01m[K/opt/ros/humble/include/hardware_interface/handle.hpp:139:26:[m[K [01;36m[Knote: [m[K  inherited here
[4.052s]   139 |   using ReadWriteHandle::[01;36m[KReadWriteHandle[m[K;
[4.052s]       |                          [01;36m[K^~~~~~~~~~~~~~~[m[K
[4.052s] [01m[K/opt/ros/humble/include/hardware_interface/handle.hpp:139:26:[m[K [01;36m[Knote: [m[K  candidate expects 1 argument, 3 provided
[4.052s] [01m[K/opt/ros/humble/include/hardware_interface/handle.hpp:137:3:[m[K [01;36m[Knote: [m[Kcandidate: ‘[01m[Khardware_interface::CommandInterface::CommandInterface(hardware_interface::CommandInterface&&)[m[K’
[4.052s]   137 |   [01;36m[KCommandInterface[m[K(CommandInterface && other) = default;
[4.052s]       |   [01;36m[K^~~~~~~~~~~~~~~~[m[K
[4.052s] [01m[K/opt/ros/humble/include/hardware_interface/handle.hpp:137:3:[m[K [01;36m[Knote: [m[K  candidate expects 1 argument, 3 provided
[4.052s] [01m[K/root/data/project_ws/src/hardware_link2/src/hardware_link2.cpp:87:85:[m[K [01;31m[Kerror: [m[Kno matching function for call to ‘[01m[Khardware_interface::CommandInterface::CommandInterface(std::string&, const char [9], std::vector<double>*)[m[K’
[4.052s]    87 |         info_.joints[i].name, hardware_interface::HW_IF_VELOCITY, &wheels[1].cmd_vel[01;31m[K)[m[K);
[4.052s]       |                                                                                     [01;31m[K^[m[K
[4.052s] In file included from [01m[K/opt/ros/humble/include/hardware_interface/system_interface.hpp:22[m[K,
[4.053s]                  from [01m[K/root/data/project_ws/src/hardware_link2/include/hardware_link2/hardware_link2.hpp:23[m[K,
[4.053s]                  from [01m[K/root/data/project_ws/src/hardware_link2/src/hardware_link2.cpp:20[m[K:
[4.053s] [01m[K/opt/ros/humble/include/hardware_interface/handle.hpp:88:3:[m[K [01;36m[Knote: [m[Kcandidate: ‘[01m[Khardware_interface::ReadWriteHandle::ReadWriteHandle(const string&, const string&, double*)[m[K’
[4.053s]    88 |   [01;36m[KReadWriteHandle[m[K(
[4.053s]       |   [01;36m[K^~~~~~~~~~~~~~~[m[K
[4.053s] [01m[K/opt/ros/humble/include/hardware_interface/handle.hpp:139:26:[m[K [01;36m[Knote: [m[K  inherited here
[4.053s]   139 |   using ReadWriteHandle::[01;36m[KReadWriteHandle[m[K;
[4.053s]       |                          [01;36m[K^~~~~~~~~~~~~~~[m[K
[4.053s] [01m[K/opt/ros/humble/include/hardware_interface/handle.hpp:90:14:[m[K [01;36m[Knote: [m[K  no known conversion for argument 3 from ‘[01m[Kstd::vector<double>*[m[K’ to ‘[01m[Kdouble*[m[K’
[4.053s]    90 |     [01;36m[Kdouble * value_ptr = nullptr[m[K)
[4.053s]       |     [01;36m[K~~~~~~~~~^~~~~~~~~~~~~~~~~~~[m[K
[4.053s] [01m[K/opt/ros/humble/include/hardware_interface/handle.hpp:95:12:[m[K [01;36m[Knote: [m[Kcandidate: ‘[01m[Khardware_interface::ReadWriteHandle::ReadWriteHandle(const string&)[m[K’
[4.054s]    95 |   explicit [01;36m[KReadWriteHandle[m[K(const std::string & interface_name) : ReadOnlyHandle(interface_name) {}
[4.054s]       |            [01;36m[K^~~~~~~~~~~~~~~[m[K
[4.054s] [01m[K/opt/ros/humble/include/hardware_interface/handle.hpp:139:26:[m[K [01;36m[Knote: [m[K  inherited here
[4.054s]   139 |   using ReadWriteHandle::[01;36m[KReadWriteHandle[m[K;
[4.054s]       |                          [01;36m[K^~~~~~~~~~~~~~~[m[K
[4.054s] [01m[K/opt/ros/humble/include/hardware_interface/handle.hpp:139:26:[m[K [01;36m[Knote: [m[K  candidate expects 1 argument, 3 provided
[4.054s] [01m[K/opt/ros/humble/include/hardware_interface/handle.hpp:97:12:[m[K [01;36m[Knote: [m[Kcandidate: ‘[01m[Khardware_interface::ReadWriteHandle::ReadWriteHandle(const char*)[m[K’
[4.054s]    97 |   explicit [01;36m[KReadWriteHandle[m[K(const char * interface_name) : ReadOnlyHandle(interface_name) {}
[4.054s]       |            [01;36m[K^~~~~~~~~~~~~~~[m[K
[4.054s] [01m[K/opt/ros/humble/include/hardware_interface/handle.hpp:139:26:[m[K [01;36m[Knote: [m[K  inherited here
[4.055s]   139 |   using ReadWriteHandle::[01;36m[KReadWriteHandle[m[K;
[4.055s]       |                          [01;36m[K^~~~~~~~~~~~~~~[m[K
[4.055s] [01m[K/opt/ros/humble/include/hardware_interface/handle.hpp:139:26:[m[K [01;36m[Knote: [m[K  candidate expects 1 argument, 3 provided
[4.055s] [01m[K/opt/ros/humble/include/hardware_interface/handle.hpp:99:3:[m[K [01;36m[Knote: [m[Kcandidate: ‘[01m[Khardware_interface::ReadWriteHandle::ReadWriteHandle(const hardware_interface::ReadWriteHandle&)[m[K’
[4.055s]    99 |   [01;36m[KReadWriteHandle[m[K(const ReadWriteHandle & other) = default;
[4.055s]       |   [01;36m[K^~~~~~~~~~~~~~~[m[K
[4.055s] [01m[K/opt/ros/humble/include/hardware_interface/handle.hpp:139:26:[m[K [01;36m[Knote: [m[K  inherited here
[4.055s]   139 |   using ReadWriteHandle::[01;36m[KReadWriteHandle[m[K;
[4.055s]       |                          [01;36m[K^~~~~~~~~~~~~~~[m[K
[4.055s] [01m[K/opt/ros/humble/include/hardware_interface/handle.hpp:139:26:[m[K [01;36m[Knote: [m[K  candidate expects 1 argument, 3 provided
[4.055s] [01m[K/opt/ros/humble/include/hardware_interface/handle.hpp:101:3:[m[K [01;36m[Knote: [m[Kcandidate: ‘[01m[Khardware_interface::ReadWriteHandle::ReadWriteHandle(hardware_interface::ReadWriteHandle&&)[m[K’
[4.055s]   101 |   [01;36m[KReadWriteHandle[m[K(ReadWriteHandle && other) = default;
[4.055s]       |   [01;36m[K^~~~~~~~~~~~~~~[m[K
[4.056s] [01m[K/opt/ros/humble/include/hardware_interface/handle.hpp:139:26:[m[K [01;36m[Knote: [m[K  inherited here
[4.056s]   139 |   using ReadWriteHandle::[01;36m[KReadWriteHandle[m[K;
[4.056s]       |                          [01;36m[K^~~~~~~~~~~~~~~[m[K
[4.056s] [01m[K/opt/ros/humble/include/hardware_interface/handle.hpp:139:26:[m[K [01;36m[Knote: [m[K  candidate expects 1 argument, 3 provided
[4.056s] [01m[K/opt/ros/humble/include/hardware_interface/handle.hpp:137:3:[m[K [01;36m[Knote: [m[Kcandidate: ‘[01m[Khardware_interface::CommandInterface::CommandInterface(hardware_interface::CommandInterface&&)[m[K’
[4.056s]   137 |   [01;36m[KCommandInterface[m[K(CommandInterface && other) = default;
[4.056s]       |   [01;36m[K^~~~~~~~~~~~~~~~[m[K
[4.056s] [01m[K/opt/ros/humble/include/hardware_interface/handle.hpp:137:3:[m[K [01;36m[Knote: [m[K  candidate expects 1 argument, 3 provided
[4.776s] gmake[2]: *** [CMakeFiles/hardware_link2.dir/build.make:76: CMakeFiles/hardware_link2.dir/src/hardware_link2.cpp.o] Error 1
[4.777s] gmake[1]: *** [CMakeFiles/Makefile2:176: CMakeFiles/hardware_link2.dir/all] Error 2
[4.777s] gmake: *** [Makefile:146: all] Error 2
[4.780s] Invoked command in '/root/data/project_ws/build/hardware_link2' returned '2': CMAKE_PREFIX_PATH=/opt/ros/humble /usr/bin/cmake --build /root/data/project_ws/build/hardware_link2 -- -j4 -l4
