[0.173s] DEBUG:colcon:Command line arguments: ['/usr/local/bin/colcon', 'build', '--cmake-args', '-DBUILD_TESTING=ON']
[0.173s] DEBUG:colcon:Parsed command line arguments: Namespace(log_base=None, log_level=None, verb_name='build', build_base='build', install_base='install', merge_install=False, symlink_install=False, test_result_base=None, continue_on_error=False, executor='parallel', parallel_workers=4, event_handlers=None, ignore_user_meta=False, metas=['./colcon.meta'], base_paths=['.'], packages_ignore=None, packages_ignore_regex=None, paths=None, packages_up_to=None, packages_up_to_regex=None, packages_above=None, packages_above_and_dependencies=None, packages_above_depth=None, packages_select_by_dep=None, packages_skip_by_dep=None, packages_skip_up_to=None, packages_select_build_failed=False, packages_skip_build_finished=False, packages_select_test_failures=False, packages_skip_test_passed=False, packages_select=None, packages_skip=None, packages_select_regex=None, packages_skip_regex=None, packages_start=None, packages_end=None, cmake_args=['-DBUILD_TESTING=ON'], cmake_target=None, cmake_target_skip_unavailable=False, cmake_clean_cache=False, cmake_clean_first=False, cmake_force_configure=False, ament_cmake_args=None, catkin_cmake_args=None, catkin_skip_building_tests=False, verb_parser=<colcon_defaults.argument_parser.defaults.DefaultArgumentsDecorator object at 0x71fe0fb69510>, verb_extension=<colcon_core.verb.build.BuildVerb object at 0x71fe0fadf370>, main=<bound method BuildVerb.main of <colcon_core.verb.build.BuildVerb object at 0x71fe0fadf370>>)
[0.354s] Level 1:colcon.colcon_core.package_discovery:discover_packages(colcon_meta) check parameters
[0.354s] Level 1:colcon.colcon_core.package_discovery:discover_packages(recursive) check parameters
[0.355s] Level 1:colcon.colcon_core.package_discovery:discover_packages(ignore) check parameters
[0.355s] Level 1:colcon.colcon_core.package_discovery:discover_packages(path) check parameters
[0.355s] Level 1:colcon.colcon_core.package_discovery:discover_packages(colcon_meta) discover
[0.355s] Level 1:colcon.colcon_core.package_discovery:discover_packages(recursive) discover
[0.355s] INFO:colcon.colcon_core.package_discovery:Crawling recursively for packages in '/root/data/project_ws'
[0.355s] Level 1:colcon.colcon_core.package_identification:_identify(.) by extensions ['ignore', 'ignore_ament_install']
[0.355s] Level 1:colcon.colcon_core.package_identification:_identify(.) by extension 'ignore'
[0.355s] Level 1:colcon.colcon_core.package_identification:_identify(.) by extension 'ignore_ament_install'
[0.355s] Level 1:colcon.colcon_core.package_identification:_identify(.) by extensions ['colcon_pkg']
[0.355s] Level 1:colcon.colcon_core.package_identification:_identify(.) by extension 'colcon_pkg'
[0.355s] Level 1:colcon.colcon_core.package_identification:_identify(.) by extensions ['colcon_meta']
[0.355s] Level 1:colcon.colcon_core.package_identification:_identify(.) by extension 'colcon_meta'
[0.355s] Level 1:colcon.colcon_core.package_identification:_identify(.) by extensions ['ros']
[0.355s] Level 1:colcon.colcon_core.package_identification:_identify(.) by extension 'ros'
[0.371s] Level 1:colcon.colcon_core.package_identification:_identify(.) by extensions ['cmake', 'python']
[0.371s] Level 1:colcon.colcon_core.package_identification:_identify(.) by extension 'cmake'
[0.371s] Level 1:colcon.colcon_core.package_identification:_identify(.) by extension 'python'
[0.372s] Level 1:colcon.colcon_core.package_identification:_identify(.) by extensions ['python_setup_py']
[0.372s] Level 1:colcon.colcon_core.package_identification:_identify(.) by extension 'python_setup_py'
[0.372s] Level 1:colcon.colcon_core.package_identification:_identify(build) by extensions ['ignore', 'ignore_ament_install']
[0.372s] Level 1:colcon.colcon_core.package_identification:_identify(build) by extension 'ignore'
[0.372s] Level 1:colcon.colcon_core.package_identification:_identify(build) ignored
[0.372s] Level 1:colcon.colcon_core.package_identification:_identify(install) by extensions ['ignore', 'ignore_ament_install']
[0.372s] Level 1:colcon.colcon_core.package_identification:_identify(install) by extension 'ignore'
[0.372s] Level 1:colcon.colcon_core.package_identification:_identify(install) ignored
[0.373s] Level 1:colcon.colcon_core.package_identification:_identify(log) by extensions ['ignore', 'ignore_ament_install']
[0.373s] Level 1:colcon.colcon_core.package_identification:_identify(log) by extension 'ignore'
[0.373s] Level 1:colcon.colcon_core.package_identification:_identify(log) ignored
[0.373s] Level 1:colcon.colcon_core.package_identification:_identify(src) by extensions ['ignore', 'ignore_ament_install']
[0.373s] Level 1:colcon.colcon_core.package_identification:_identify(src) by extension 'ignore'
[0.373s] Level 1:colcon.colcon_core.package_identification:_identify(src) by extension 'ignore_ament_install'
[0.373s] Level 1:colcon.colcon_core.package_identification:_identify(src) by extensions ['colcon_pkg']
[0.373s] Level 1:colcon.colcon_core.package_identification:_identify(src) by extension 'colcon_pkg'
[0.373s] Level 1:colcon.colcon_core.package_identification:_identify(src) by extensions ['colcon_meta']
[0.373s] Level 1:colcon.colcon_core.package_identification:_identify(src) by extension 'colcon_meta'
[0.374s] Level 1:colcon.colcon_core.package_identification:_identify(src) by extensions ['ros']
[0.374s] Level 1:colcon.colcon_core.package_identification:_identify(src) by extension 'ros'
[0.374s] Level 1:colcon.colcon_core.package_identification:_identify(src) by extensions ['cmake', 'python']
[0.374s] Level 1:colcon.colcon_core.package_identification:_identify(src) by extension 'cmake'
[0.374s] Level 1:colcon.colcon_core.package_identification:_identify(src) by extension 'python'
[0.374s] Level 1:colcon.colcon_core.package_identification:_identify(src) by extensions ['python_setup_py']
[0.374s] Level 1:colcon.colcon_core.package_identification:_identify(src) by extension 'python_setup_py'
[0.374s] Level 1:colcon.colcon_core.package_identification:_identify(src/build) by extensions ['ignore', 'ignore_ament_install']
[0.374s] Level 1:colcon.colcon_core.package_identification:_identify(src/build) by extension 'ignore'
[0.374s] Level 1:colcon.colcon_core.package_identification:_identify(src/build) ignored
[0.374s] Level 1:colcon.colcon_core.package_identification:_identify(src/hardware_link2) by extensions ['ignore', 'ignore_ament_install']
[0.374s] Level 1:colcon.colcon_core.package_identification:_identify(src/hardware_link2) by extension 'ignore'
[0.374s] Level 1:colcon.colcon_core.package_identification:_identify(src/hardware_link2) by extension 'ignore_ament_install'
[0.375s] Level 1:colcon.colcon_core.package_identification:_identify(src/hardware_link2) by extensions ['colcon_pkg']
[0.375s] Level 1:colcon.colcon_core.package_identification:_identify(src/hardware_link2) by extension 'colcon_pkg'
[0.375s] Level 1:colcon.colcon_core.package_identification:_identify(src/hardware_link2) by extensions ['colcon_meta']
[0.375s] Level 1:colcon.colcon_core.package_identification:_identify(src/hardware_link2) by extension 'colcon_meta'
[0.375s] Level 1:colcon.colcon_core.package_identification:_identify(src/hardware_link2) by extensions ['ros']
[0.375s] Level 1:colcon.colcon_core.package_identification:_identify(src/hardware_link2) by extension 'ros'
[0.379s] DEBUG:colcon.colcon_core.package_identification:Package 'src/hardware_link2' with type 'ros.ament_cmake' and name 'hardware_link2'
[0.379s] Level 1:colcon.colcon_core.package_identification:_identify(src/install) by extensions ['ignore', 'ignore_ament_install']
[0.379s] Level 1:colcon.colcon_core.package_identification:_identify(src/install) by extension 'ignore'
[0.379s] Level 1:colcon.colcon_core.package_identification:_identify(src/install) ignored
[0.379s] Level 1:colcon.colcon_core.package_identification:_identify(src/log) by extensions ['ignore', 'ignore_ament_install']
[0.380s] Level 1:colcon.colcon_core.package_identification:_identify(src/log) by extension 'ignore'
[0.380s] Level 1:colcon.colcon_core.package_identification:_identify(src/log) ignored
[0.380s] Level 1:colcon.colcon_core.package_identification:_identify(src/my_package) by extensions ['ignore', 'ignore_ament_install']
[0.380s] Level 1:colcon.colcon_core.package_identification:_identify(src/my_package) by extension 'ignore'
[0.380s] Level 1:colcon.colcon_core.package_identification:_identify(src/my_package) by extension 'ignore_ament_install'
[0.380s] Level 1:colcon.colcon_core.package_identification:_identify(src/my_package) by extensions ['colcon_pkg']
[0.380s] Level 1:colcon.colcon_core.package_identification:_identify(src/my_package) by extension 'colcon_pkg'
[0.380s] Level 1:colcon.colcon_core.package_identification:_identify(src/my_package) by extensions ['colcon_meta']
[0.380s] Level 1:colcon.colcon_core.package_identification:_identify(src/my_package) by extension 'colcon_meta'
[0.380s] Level 1:colcon.colcon_core.package_identification:_identify(src/my_package) by extensions ['ros']
[0.380s] Level 1:colcon.colcon_core.package_identification:_identify(src/my_package) by extension 'ros'
[0.381s] DEBUG:colcon.colcon_core.package_identification:Package 'src/my_package' with type 'ros.ament_python' and name 'my_package'
[0.381s] Level 1:colcon.colcon_core.package_identification:_identify(src/ros_gz_example_application) by extensions ['ignore', 'ignore_ament_install']
[0.382s] Level 1:colcon.colcon_core.package_identification:_identify(src/ros_gz_example_application) by extension 'ignore'
[0.382s] Level 1:colcon.colcon_core.package_identification:_identify(src/ros_gz_example_application) by extension 'ignore_ament_install'
[0.382s] Level 1:colcon.colcon_core.package_identification:_identify(src/ros_gz_example_application) by extensions ['colcon_pkg']
[0.382s] Level 1:colcon.colcon_core.package_identification:_identify(src/ros_gz_example_application) by extension 'colcon_pkg'
[0.382s] Level 1:colcon.colcon_core.package_identification:_identify(src/ros_gz_example_application) by extensions ['colcon_meta']
[0.382s] Level 1:colcon.colcon_core.package_identification:_identify(src/ros_gz_example_application) by extension 'colcon_meta'
[0.382s] Level 1:colcon.colcon_core.package_identification:_identify(src/ros_gz_example_application) by extensions ['ros']
[0.382s] Level 1:colcon.colcon_core.package_identification:_identify(src/ros_gz_example_application) by extension 'ros'
[0.383s] DEBUG:colcon.colcon_core.package_identification:Package 'src/ros_gz_example_application' with type 'ros.ament_cmake' and name 'ros_gz_example_application'
[0.383s] Level 1:colcon.colcon_core.package_identification:_identify(src/ros_gz_example_bringup) by extensions ['ignore', 'ignore_ament_install']
[0.383s] Level 1:colcon.colcon_core.package_identification:_identify(src/ros_gz_example_bringup) by extension 'ignore'
[0.383s] Level 1:colcon.colcon_core.package_identification:_identify(src/ros_gz_example_bringup) by extension 'ignore_ament_install'
[0.383s] Level 1:colcon.colcon_core.package_identification:_identify(src/ros_gz_example_bringup) by extensions ['colcon_pkg']
[0.383s] Level 1:colcon.colcon_core.package_identification:_identify(src/ros_gz_example_bringup) by extension 'colcon_pkg'
[0.383s] Level 1:colcon.colcon_core.package_identification:_identify(src/ros_gz_example_bringup) by extensions ['colcon_meta']
[0.383s] Level 1:colcon.colcon_core.package_identification:_identify(src/ros_gz_example_bringup) by extension 'colcon_meta'
[0.383s] Level 1:colcon.colcon_core.package_identification:_identify(src/ros_gz_example_bringup) by extensions ['ros']
[0.383s] Level 1:colcon.colcon_core.package_identification:_identify(src/ros_gz_example_bringup) by extension 'ros'
[0.386s] DEBUG:colcon.colcon_core.package_identification:Package 'src/ros_gz_example_bringup' with type 'ros.ament_cmake' and name 'ros_gz_example_bringup'
[0.386s] Level 1:colcon.colcon_core.package_identification:_identify(src/ros_gz_example_description) by extensions ['ignore', 'ignore_ament_install']
[0.386s] Level 1:colcon.colcon_core.package_identification:_identify(src/ros_gz_example_description) by extension 'ignore'
[0.386s] Level 1:colcon.colcon_core.package_identification:_identify(src/ros_gz_example_description) by extension 'ignore_ament_install'
[0.386s] Level 1:colcon.colcon_core.package_identification:_identify(src/ros_gz_example_description) by extensions ['colcon_pkg']
[0.386s] Level 1:colcon.colcon_core.package_identification:_identify(src/ros_gz_example_description) by extension 'colcon_pkg'
[0.386s] Level 1:colcon.colcon_core.package_identification:_identify(src/ros_gz_example_description) by extensions ['colcon_meta']
[0.386s] Level 1:colcon.colcon_core.package_identification:_identify(src/ros_gz_example_description) by extension 'colcon_meta'
[0.386s] Level 1:colcon.colcon_core.package_identification:_identify(src/ros_gz_example_description) by extensions ['ros']
[0.386s] Level 1:colcon.colcon_core.package_identification:_identify(src/ros_gz_example_description) by extension 'ros'
[0.387s] DEBUG:colcon.colcon_core.package_identification:Package 'src/ros_gz_example_description' with type 'ros.ament_cmake' and name 'ros_gz_example_description'
[0.387s] Level 1:colcon.colcon_core.package_identification:_identify(src/ros_gz_example_gazebo) by extensions ['ignore', 'ignore_ament_install']
[0.387s] Level 1:colcon.colcon_core.package_identification:_identify(src/ros_gz_example_gazebo) by extension 'ignore'
[0.387s] Level 1:colcon.colcon_core.package_identification:_identify(src/ros_gz_example_gazebo) by extension 'ignore_ament_install'
[0.388s] Level 1:colcon.colcon_core.package_identification:_identify(src/ros_gz_example_gazebo) by extensions ['colcon_pkg']
[0.388s] Level 1:colcon.colcon_core.package_identification:_identify(src/ros_gz_example_gazebo) by extension 'colcon_pkg'
[0.388s] Level 1:colcon.colcon_core.package_identification:_identify(src/ros_gz_example_gazebo) by extensions ['colcon_meta']
[0.388s] Level 1:colcon.colcon_core.package_identification:_identify(src/ros_gz_example_gazebo) by extension 'colcon_meta'
[0.388s] Level 1:colcon.colcon_core.package_identification:_identify(src/ros_gz_example_gazebo) by extensions ['ros']
[0.388s] Level 1:colcon.colcon_core.package_identification:_identify(src/ros_gz_example_gazebo) by extension 'ros'
[0.389s] DEBUG:colcon.colcon_core.package_identification:Package 'src/ros_gz_example_gazebo' with type 'ros.ament_cmake' and name 'ros_gz_example_gazebo'
[0.389s] Level 1:colcon.colcon_core.package_discovery:discover_packages(recursive) using defaults
[0.389s] Level 1:colcon.colcon_core.package_discovery:discover_packages(ignore) discover
[0.389s] Level 1:colcon.colcon_core.package_discovery:discover_packages(ignore) using defaults
[0.389s] Level 1:colcon.colcon_core.package_discovery:discover_packages(path) discover
[0.389s] Level 1:colcon.colcon_core.package_discovery:discover_packages(path) using defaults
[0.415s] Level 5:colcon.colcon_core.verb:set package 'hardware_link2' build argument 'cmake_args' from command line to '['-DBUILD_TESTING=ON']'
[0.415s] Level 5:colcon.colcon_core.verb:set package 'hardware_link2' build argument 'cmake_target' from command line to 'None'
[0.415s] Level 5:colcon.colcon_core.verb:set package 'hardware_link2' build argument 'cmake_target_skip_unavailable' from command line to 'False'
[0.415s] Level 5:colcon.colcon_core.verb:set package 'hardware_link2' build argument 'cmake_clean_cache' from command line to 'False'
[0.415s] Level 5:colcon.colcon_core.verb:set package 'hardware_link2' build argument 'cmake_clean_first' from command line to 'False'
[0.415s] Level 5:colcon.colcon_core.verb:set package 'hardware_link2' build argument 'cmake_force_configure' from command line to 'False'
[0.415s] Level 5:colcon.colcon_core.verb:set package 'hardware_link2' build argument 'ament_cmake_args' from command line to 'None'
[0.415s] Level 5:colcon.colcon_core.verb:set package 'hardware_link2' build argument 'catkin_cmake_args' from command line to 'None'
[0.415s] Level 5:colcon.colcon_core.verb:set package 'hardware_link2' build argument 'catkin_skip_building_tests' from command line to 'False'
[0.415s] DEBUG:colcon.colcon_core.verb:Building package 'hardware_link2' with the following arguments: {'ament_cmake_args': None, 'build_base': '/root/data/project_ws/build/hardware_link2', 'catkin_cmake_args': None, 'catkin_skip_building_tests': False, 'cmake_args': ['-DBUILD_TESTING=ON'], 'cmake_clean_cache': False, 'cmake_clean_first': False, 'cmake_force_configure': False, 'cmake_target': None, 'cmake_target_skip_unavailable': False, 'install_base': '/root/data/project_ws/install/hardware_link2', 'merge_install': False, 'path': '/root/data/project_ws/src/hardware_link2', 'symlink_install': False, 'test_result_base': None}
[0.416s] Level 5:colcon.colcon_core.verb:set package 'my_package' build argument 'cmake_args' from command line to '['-DBUILD_TESTING=ON']'
[0.416s] Level 5:colcon.colcon_core.verb:set package 'my_package' build argument 'cmake_target' from command line to 'None'
[0.416s] Level 5:colcon.colcon_core.verb:set package 'my_package' build argument 'cmake_target_skip_unavailable' from command line to 'False'
[0.416s] Level 5:colcon.colcon_core.verb:set package 'my_package' build argument 'cmake_clean_cache' from command line to 'False'
[0.416s] Level 5:colcon.colcon_core.verb:set package 'my_package' build argument 'cmake_clean_first' from command line to 'False'
[0.416s] Level 5:colcon.colcon_core.verb:set package 'my_package' build argument 'cmake_force_configure' from command line to 'False'
[0.416s] Level 5:colcon.colcon_core.verb:set package 'my_package' build argument 'ament_cmake_args' from command line to 'None'
[0.416s] Level 5:colcon.colcon_core.verb:set package 'my_package' build argument 'catkin_cmake_args' from command line to 'None'
[0.416s] Level 5:colcon.colcon_core.verb:set package 'my_package' build argument 'catkin_skip_building_tests' from command line to 'False'
[0.416s] DEBUG:colcon.colcon_core.verb:Building package 'my_package' with the following arguments: {'ament_cmake_args': None, 'build_base': '/root/data/project_ws/build/my_package', 'catkin_cmake_args': None, 'catkin_skip_building_tests': False, 'cmake_args': ['-DBUILD_TESTING=ON'], 'cmake_clean_cache': False, 'cmake_clean_first': False, 'cmake_force_configure': False, 'cmake_target': None, 'cmake_target_skip_unavailable': False, 'install_base': '/root/data/project_ws/install/my_package', 'merge_install': False, 'path': '/root/data/project_ws/src/my_package', 'symlink_install': False, 'test_result_base': None}
[0.417s] Level 5:colcon.colcon_core.verb:set package 'ros_gz_example_application' build argument 'cmake_args' from command line to '['-DBUILD_TESTING=ON']'
[0.417s] Level 5:colcon.colcon_core.verb:set package 'ros_gz_example_application' build argument 'cmake_target' from command line to 'None'
[0.417s] Level 5:colcon.colcon_core.verb:set package 'ros_gz_example_application' build argument 'cmake_target_skip_unavailable' from command line to 'False'
[0.417s] Level 5:colcon.colcon_core.verb:set package 'ros_gz_example_application' build argument 'cmake_clean_cache' from command line to 'False'
[0.417s] Level 5:colcon.colcon_core.verb:set package 'ros_gz_example_application' build argument 'cmake_clean_first' from command line to 'False'
[0.417s] Level 5:colcon.colcon_core.verb:set package 'ros_gz_example_application' build argument 'cmake_force_configure' from command line to 'False'
[0.417s] Level 5:colcon.colcon_core.verb:set package 'ros_gz_example_application' build argument 'ament_cmake_args' from command line to 'None'
[0.417s] Level 5:colcon.colcon_core.verb:set package 'ros_gz_example_application' build argument 'catkin_cmake_args' from command line to 'None'
[0.417s] Level 5:colcon.colcon_core.verb:set package 'ros_gz_example_application' build argument 'catkin_skip_building_tests' from command line to 'False'
[0.417s] DEBUG:colcon.colcon_core.verb:Building package 'ros_gz_example_application' with the following arguments: {'ament_cmake_args': None, 'build_base': '/root/data/project_ws/build/ros_gz_example_application', 'catkin_cmake_args': None, 'catkin_skip_building_tests': False, 'cmake_args': ['-DBUILD_TESTING=ON'], 'cmake_clean_cache': False, 'cmake_clean_first': False, 'cmake_force_configure': False, 'cmake_target': None, 'cmake_target_skip_unavailable': False, 'install_base': '/root/data/project_ws/install/ros_gz_example_application', 'merge_install': False, 'path': '/root/data/project_ws/src/ros_gz_example_application', 'symlink_install': False, 'test_result_base': None}
[0.417s] Level 5:colcon.colcon_core.verb:set package 'ros_gz_example_description' build argument 'cmake_args' from command line to '['-DBUILD_TESTING=ON']'
[0.418s] Level 5:colcon.colcon_core.verb:set package 'ros_gz_example_description' build argument 'cmake_target' from command line to 'None'
[0.418s] Level 5:colcon.colcon_core.verb:set package 'ros_gz_example_description' build argument 'cmake_target_skip_unavailable' from command line to 'False'
[0.418s] Level 5:colcon.colcon_core.verb:set package 'ros_gz_example_description' build argument 'cmake_clean_cache' from command line to 'False'
[0.418s] Level 5:colcon.colcon_core.verb:set package 'ros_gz_example_description' build argument 'cmake_clean_first' from command line to 'False'
[0.418s] Level 5:colcon.colcon_core.verb:set package 'ros_gz_example_description' build argument 'cmake_force_configure' from command line to 'False'
[0.418s] Level 5:colcon.colcon_core.verb:set package 'ros_gz_example_description' build argument 'ament_cmake_args' from command line to 'None'
[0.418s] Level 5:colcon.colcon_core.verb:set package 'ros_gz_example_description' build argument 'catkin_cmake_args' from command line to 'None'
[0.418s] Level 5:colcon.colcon_core.verb:set package 'ros_gz_example_description' build argument 'catkin_skip_building_tests' from command line to 'False'
[0.418s] DEBUG:colcon.colcon_core.verb:Building package 'ros_gz_example_description' with the following arguments: {'ament_cmake_args': None, 'build_base': '/root/data/project_ws/build/ros_gz_example_description', 'catkin_cmake_args': None, 'catkin_skip_building_tests': False, 'cmake_args': ['-DBUILD_TESTING=ON'], 'cmake_clean_cache': False, 'cmake_clean_first': False, 'cmake_force_configure': False, 'cmake_target': None, 'cmake_target_skip_unavailable': False, 'install_base': '/root/data/project_ws/install/ros_gz_example_description', 'merge_install': False, 'path': '/root/data/project_ws/src/ros_gz_example_description', 'symlink_install': False, 'test_result_base': None}
[0.418s] Level 5:colcon.colcon_core.verb:set package 'ros_gz_example_gazebo' build argument 'cmake_args' from command line to '['-DBUILD_TESTING=ON']'
[0.418s] Level 5:colcon.colcon_core.verb:set package 'ros_gz_example_gazebo' build argument 'cmake_target' from command line to 'None'
[0.418s] Level 5:colcon.colcon_core.verb:set package 'ros_gz_example_gazebo' build argument 'cmake_target_skip_unavailable' from command line to 'False'
[0.418s] Level 5:colcon.colcon_core.verb:set package 'ros_gz_example_gazebo' build argument 'cmake_clean_cache' from command line to 'False'
[0.418s] Level 5:colcon.colcon_core.verb:set package 'ros_gz_example_gazebo' build argument 'cmake_clean_first' from command line to 'False'
[0.419s] Level 5:colcon.colcon_core.verb:set package 'ros_gz_example_gazebo' build argument 'cmake_force_configure' from command line to 'False'
[0.419s] Level 5:colcon.colcon_core.verb:set package 'ros_gz_example_gazebo' build argument 'ament_cmake_args' from command line to 'None'
[0.419s] Level 5:colcon.colcon_core.verb:set package 'ros_gz_example_gazebo' build argument 'catkin_cmake_args' from command line to 'None'
[0.419s] Level 5:colcon.colcon_core.verb:set package 'ros_gz_example_gazebo' build argument 'catkin_skip_building_tests' from command line to 'False'
[0.419s] DEBUG:colcon.colcon_core.verb:Building package 'ros_gz_example_gazebo' with the following arguments: {'ament_cmake_args': None, 'build_base': '/root/data/project_ws/build/ros_gz_example_gazebo', 'catkin_cmake_args': None, 'catkin_skip_building_tests': False, 'cmake_args': ['-DBUILD_TESTING=ON'], 'cmake_clean_cache': False, 'cmake_clean_first': False, 'cmake_force_configure': False, 'cmake_target': None, 'cmake_target_skip_unavailable': False, 'install_base': '/root/data/project_ws/install/ros_gz_example_gazebo', 'merge_install': False, 'path': '/root/data/project_ws/src/ros_gz_example_gazebo', 'symlink_install': False, 'test_result_base': None}
[0.419s] Level 5:colcon.colcon_core.verb:set package 'ros_gz_example_bringup' build argument 'cmake_args' from command line to '['-DBUILD_TESTING=ON']'
[0.419s] Level 5:colcon.colcon_core.verb:set package 'ros_gz_example_bringup' build argument 'cmake_target' from command line to 'None'
[0.419s] Level 5:colcon.colcon_core.verb:set package 'ros_gz_example_bringup' build argument 'cmake_target_skip_unavailable' from command line to 'False'
[0.419s] Level 5:colcon.colcon_core.verb:set package 'ros_gz_example_bringup' build argument 'cmake_clean_cache' from command line to 'False'
[0.419s] Level 5:colcon.colcon_core.verb:set package 'ros_gz_example_bringup' build argument 'cmake_clean_first' from command line to 'False'
[0.419s] Level 5:colcon.colcon_core.verb:set package 'ros_gz_example_bringup' build argument 'cmake_force_configure' from command line to 'False'
[0.419s] Level 5:colcon.colcon_core.verb:set package 'ros_gz_example_bringup' build argument 'ament_cmake_args' from command line to 'None'
[0.419s] Level 5:colcon.colcon_core.verb:set package 'ros_gz_example_bringup' build argument 'catkin_cmake_args' from command line to 'None'
[0.419s] Level 5:colcon.colcon_core.verb:set package 'ros_gz_example_bringup' build argument 'catkin_skip_building_tests' from command line to 'False'
[0.419s] DEBUG:colcon.colcon_core.verb:Building package 'ros_gz_example_bringup' with the following arguments: {'ament_cmake_args': None, 'build_base': '/root/data/project_ws/build/ros_gz_example_bringup', 'catkin_cmake_args': None, 'catkin_skip_building_tests': False, 'cmake_args': ['-DBUILD_TESTING=ON'], 'cmake_clean_cache': False, 'cmake_clean_first': False, 'cmake_force_configure': False, 'cmake_target': None, 'cmake_target_skip_unavailable': False, 'install_base': '/root/data/project_ws/install/ros_gz_example_bringup', 'merge_install': False, 'path': '/root/data/project_ws/src/ros_gz_example_bringup', 'symlink_install': False, 'test_result_base': None}
[0.420s] INFO:colcon.colcon_core.executor:Executing jobs using 'parallel' executor
[0.421s] DEBUG:colcon.colcon_parallel_executor.executor.parallel:run_until_complete
[0.421s] INFO:colcon.colcon_ros.task.ament_cmake.build:Building ROS package in '/root/data/project_ws/src/ros_gz_example_description' with build type 'ament_cmake'
[0.422s] INFO:colcon.colcon_cmake.task.cmake.build:Building CMake package in '/root/data/project_ws/src/ros_gz_example_description'
[0.424s] INFO:colcon.colcon_core.plugin_system:Skipping extension 'colcon_core.shell.bat': Not used on non-Windows systems
[0.424s] INFO:colcon.colcon_core.shell:Skip shell extension 'powershell' for command environment: Not usable outside of PowerShell
[0.425s] DEBUG:colcon.colcon_core.shell:Skip shell extension 'dsv' for command environment
[0.431s] INFO:colcon.colcon_ros.task.ament_cmake.build:Building ROS package in '/root/data/project_ws/src/hardware_link2' with build type 'ament_cmake'
[0.431s] INFO:colcon.colcon_cmake.task.cmake.build:Building CMake package in '/root/data/project_ws/src/hardware_link2'
[0.431s] INFO:colcon.colcon_core.shell:Skip shell extension 'powershell' for command environment: Not usable outside of PowerShell
[0.431s] DEBUG:colcon.colcon_core.shell:Skip shell extension 'dsv' for command environment
[0.435s] INFO:colcon.colcon_ros.task.ament_python.build:Building ROS package in '/root/data/project_ws/src/my_package' with build type 'ament_python'
[0.436s] Level 1:colcon.colcon_core.shell:create_environment_hook('my_package', 'ament_prefix_path')
[0.436s] INFO:colcon.colcon_core.shell:Creating environment hook '/root/data/project_ws/install/my_package/share/my_package/hook/ament_prefix_path.ps1'
[0.437s] INFO:colcon.colcon_core.shell:Creating environment descriptor '/root/data/project_ws/install/my_package/share/my_package/hook/ament_prefix_path.dsv'
[0.437s] INFO:colcon.colcon_core.shell:Creating environment hook '/root/data/project_ws/install/my_package/share/my_package/hook/ament_prefix_path.sh'
[0.439s] INFO:colcon.colcon_core.shell:Skip shell extension 'powershell' for command environment: Not usable outside of PowerShell
[0.439s] DEBUG:colcon.colcon_core.shell:Skip shell extension 'dsv' for command environment
[0.443s] INFO:colcon.colcon_ros.task.ament_cmake.build:Building ROS package in '/root/data/project_ws/src/ros_gz_example_application' with build type 'ament_cmake'
[0.444s] INFO:colcon.colcon_cmake.task.cmake.build:Building CMake package in '/root/data/project_ws/src/ros_gz_example_application'
[0.444s] INFO:colcon.colcon_core.shell:Skip shell extension 'powershell' for command environment: Not usable outside of PowerShell
[0.444s] DEBUG:colcon.colcon_core.shell:Skip shell extension 'dsv' for command environment
[0.456s] DEBUG:colcon.colcon_core.event_handler.log_command:Invoking command in '/root/data/project_ws/build/ros_gz_example_description': CMAKE_PREFIX_PATH=/opt/ros/humble /usr/bin/cmake --build /root/data/project_ws/build/ros_gz_example_description -- -j4 -l4
[0.463s] DEBUG:colcon.colcon_core.event_handler.log_command:Invoking command in '/root/data/project_ws/build/hardware_link2': CMAKE_PREFIX_PATH=/opt/ros/humble /usr/bin/cmake --build /root/data/project_ws/build/hardware_link2 -- -j4 -l4
[0.801s] INFO:colcon.colcon_core.task.python.build:Building Python package in '/root/data/project_ws/src/my_package'
[0.801s] INFO:colcon.colcon_core.shell:Skip shell extension 'powershell' for command environment: Not usable outside of PowerShell
[0.801s] DEBUG:colcon.colcon_core.shell:Skip shell extension 'dsv' for command environment
[0.813s] DEBUG:colcon.colcon_core.event_handler.log_command:Invoked command in '/root/data/project_ws/build/ros_gz_example_description' returned '0': CMAKE_PREFIX_PATH=/opt/ros/humble /usr/bin/cmake --build /root/data/project_ws/build/ros_gz_example_description -- -j4 -l4
[0.818s] DEBUG:colcon.colcon_core.event_handler.log_command:Invoking command in '/root/data/project_ws/build/ros_gz_example_application': CMAKE_PREFIX_PATH=/opt/ros/humble /usr/bin/cmake --build /root/data/project_ws/build/ros_gz_example_application -- -j4 -l4
[0.821s] DEBUG:colcon.colcon_core.event_handler.log_command:Invoked command in '/root/data/project_ws/build/hardware_link2' returned '0': CMAKE_PREFIX_PATH=/opt/ros/humble /usr/bin/cmake --build /root/data/project_ws/build/hardware_link2 -- -j4 -l4
[0.882s] DEBUG:colcon.colcon_core.event_handler.log_command:Invoking command in '/root/data/project_ws/build/ros_gz_example_description': CMAKE_PREFIX_PATH=/opt/ros/humble /usr/bin/cmake --install /root/data/project_ws/build/ros_gz_example_description
[0.892s] DEBUG:colcon.colcon_core.event_handler.log_command:Invoking command in '/root/data/project_ws/build/hardware_link2': CMAKE_PREFIX_PATH=/opt/ros/humble /usr/bin/cmake --install /root/data/project_ws/build/hardware_link2
[0.915s] DEBUG:colcon.colcon_core.event_handler.log_command:Invoked command in '/root/data/project_ws/build/ros_gz_example_application' returned '0': CMAKE_PREFIX_PATH=/opt/ros/humble /usr/bin/cmake --build /root/data/project_ws/build/ros_gz_example_application -- -j4 -l4
[0.921s] Level 1:colcon.colcon_core.environment:create_environment_scripts_only(ros_gz_example_description)
[0.924s] Level 1:colcon.colcon_core.environment:checking '/root/data/project_ws/install/ros_gz_example_description' for CMake module files
[0.925s] Level 1:colcon.colcon_core.environment:checking '/root/data/project_ws/install/ros_gz_example_description' for CMake config files
[0.925s] Level 1:colcon.colcon_core.shell:create_environment_hook('ros_gz_example_description', 'cmake_prefix_path')
[0.925s] INFO:colcon.colcon_core.shell:Creating environment hook '/root/data/project_ws/install/ros_gz_example_description/share/ros_gz_example_description/hook/cmake_prefix_path.ps1'
[0.926s] INFO:colcon.colcon_core.shell:Creating environment descriptor '/root/data/project_ws/install/ros_gz_example_description/share/ros_gz_example_description/hook/cmake_prefix_path.dsv'
[0.926s] INFO:colcon.colcon_core.shell:Creating environment hook '/root/data/project_ws/install/ros_gz_example_description/share/ros_gz_example_description/hook/cmake_prefix_path.sh'
[0.927s] Level 1:colcon.colcon_core.environment:checking '/root/data/project_ws/install/ros_gz_example_description/bin'
[0.927s] Level 1:colcon.colcon_core.environment:checking '/root/data/project_ws/install/ros_gz_example_description/lib/pkgconfig/ros_gz_example_description.pc'
[0.927s] Level 1:colcon.colcon_core.environment:checking '/root/data/project_ws/install/ros_gz_example_description/lib/python3.10/site-packages'
[0.928s] Level 1:colcon.colcon_core.environment:checking '/root/data/project_ws/install/ros_gz_example_description/bin'
[0.928s] INFO:colcon.colcon_core.shell:Creating package script '/root/data/project_ws/install/ros_gz_example_description/share/ros_gz_example_description/package.ps1'
[0.928s] DEBUG:colcon.colcon_core.event_handler.log_command:Invoked command in '/root/data/project_ws/build/ros_gz_example_description' returned '0': CMAKE_PREFIX_PATH=/opt/ros/humble /usr/bin/cmake --install /root/data/project_ws/build/ros_gz_example_description
[0.930s] INFO:colcon.colcon_core.shell:Creating package descriptor '/root/data/project_ws/install/ros_gz_example_description/share/ros_gz_example_description/package.dsv'
[0.935s] INFO:colcon.colcon_core.shell:Creating package script '/root/data/project_ws/install/ros_gz_example_description/share/ros_gz_example_description/package.sh'
[0.938s] INFO:colcon.colcon_core.shell:Creating package script '/root/data/project_ws/install/ros_gz_example_description/share/ros_gz_example_description/package.bash'
[0.943s] INFO:colcon.colcon_core.shell:Creating package script '/root/data/project_ws/install/ros_gz_example_description/share/ros_gz_example_description/package.zsh'
[0.943s] Level 1:colcon.colcon_core.environment:create_file_with_runtime_dependencies(/root/data/project_ws/install/ros_gz_example_description/share/colcon-core/packages/ros_gz_example_description)
[0.954s] Level 1:colcon.colcon_core.environment:create_environment_scripts_only(hardware_link2)
[0.959s] DEBUG:colcon.colcon_core.event_handler.log_command:Invoked command in '/root/data/project_ws/build/hardware_link2' returned '0': CMAKE_PREFIX_PATH=/opt/ros/humble /usr/bin/cmake --install /root/data/project_ws/build/hardware_link2
[0.959s] Level 1:colcon.colcon_core.environment:checking '/root/data/project_ws/install/hardware_link2' for CMake module files
[0.960s] Level 1:colcon.colcon_core.environment:checking '/root/data/project_ws/install/hardware_link2' for CMake config files
[0.960s] Level 1:colcon.colcon_core.shell:create_environment_hook('hardware_link2', 'cmake_prefix_path')
[0.961s] INFO:colcon.colcon_core.shell:Creating environment hook '/root/data/project_ws/install/hardware_link2/share/hardware_link2/hook/cmake_prefix_path.ps1'
[0.961s] INFO:colcon.colcon_core.shell:Creating environment descriptor '/root/data/project_ws/install/hardware_link2/share/hardware_link2/hook/cmake_prefix_path.dsv'
[0.962s] INFO:colcon.colcon_core.shell:Creating environment hook '/root/data/project_ws/install/hardware_link2/share/hardware_link2/hook/cmake_prefix_path.sh'
[0.967s] Level 1:colcon.colcon_core.environment:checking '/root/data/project_ws/install/hardware_link2/lib'
[0.967s] Level 1:colcon.colcon_core.shell:create_environment_hook('hardware_link2', 'ld_library_path_lib')
[0.968s] INFO:colcon.colcon_core.shell:Creating environment hook '/root/data/project_ws/install/hardware_link2/share/hardware_link2/hook/ld_library_path_lib.ps1'
[0.969s] INFO:colcon.colcon_core.shell:Creating environment descriptor '/root/data/project_ws/install/hardware_link2/share/hardware_link2/hook/ld_library_path_lib.dsv'
[0.970s] INFO:colcon.colcon_core.shell:Creating environment hook '/root/data/project_ws/install/hardware_link2/share/hardware_link2/hook/ld_library_path_lib.sh'
[0.971s] Level 1:colcon.colcon_core.environment:checking '/root/data/project_ws/install/hardware_link2/bin'
[0.971s] Level 1:colcon.colcon_core.environment:checking '/root/data/project_ws/install/hardware_link2/lib/pkgconfig/hardware_link2.pc'
[0.972s] Level 1:colcon.colcon_core.environment:checking '/root/data/project_ws/install/hardware_link2/lib/python3.10/site-packages'
[0.972s] Level 1:colcon.colcon_core.environment:checking '/root/data/project_ws/install/hardware_link2/bin'
[0.973s] INFO:colcon.colcon_core.shell:Creating package script '/root/data/project_ws/install/hardware_link2/share/hardware_link2/package.ps1'
[0.974s] INFO:colcon.colcon_core.shell:Creating package descriptor '/root/data/project_ws/install/hardware_link2/share/hardware_link2/package.dsv'
[0.975s] INFO:colcon.colcon_core.shell:Creating package script '/root/data/project_ws/install/hardware_link2/share/hardware_link2/package.sh'
[0.976s] INFO:colcon.colcon_core.shell:Creating package script '/root/data/project_ws/install/hardware_link2/share/hardware_link2/package.bash'
[0.977s] INFO:colcon.colcon_core.shell:Creating package script '/root/data/project_ws/install/hardware_link2/share/hardware_link2/package.zsh'
[0.978s] Level 1:colcon.colcon_core.environment:create_file_with_runtime_dependencies(/root/data/project_ws/install/hardware_link2/share/colcon-core/packages/hardware_link2)
[0.991s] DEBUG:colcon.colcon_core.event_handler.log_command:Invoking command in '/root/data/project_ws/build/ros_gz_example_application': CMAKE_PREFIX_PATH=/opt/ros/humble /usr/bin/cmake --install /root/data/project_ws/build/ros_gz_example_application
[0.995s] Level 1:colcon.colcon_core.environment:create_environment_scripts_only(ros_gz_example_description)
[0.996s] Level 1:colcon.colcon_core.environment:checking '/root/data/project_ws/install/ros_gz_example_description' for CMake module files
[0.996s] Level 1:colcon.colcon_core.environment:checking '/root/data/project_ws/install/ros_gz_example_description' for CMake config files
[0.996s] Level 1:colcon.colcon_core.shell:create_environment_hook('ros_gz_example_description', 'cmake_prefix_path')
[0.997s] INFO:colcon.colcon_core.shell:Creating environment hook '/root/data/project_ws/install/ros_gz_example_description/share/ros_gz_example_description/hook/cmake_prefix_path.ps1'
[0.998s] INFO:colcon.colcon_core.shell:Creating environment descriptor '/root/data/project_ws/install/ros_gz_example_description/share/ros_gz_example_description/hook/cmake_prefix_path.dsv'
[0.999s] INFO:colcon.colcon_core.shell:Creating environment hook '/root/data/project_ws/install/ros_gz_example_description/share/ros_gz_example_description/hook/cmake_prefix_path.sh'
[1.000s] Level 1:colcon.colcon_core.environment:checking '/root/data/project_ws/install/ros_gz_example_description/bin'
[1.000s] Level 1:colcon.colcon_core.environment:checking '/root/data/project_ws/install/ros_gz_example_description/lib/pkgconfig/ros_gz_example_description.pc'
[1.001s] Level 1:colcon.colcon_core.environment:checking '/root/data/project_ws/install/ros_gz_example_description/lib/python3.10/site-packages'
[1.005s] Level 1:colcon.colcon_core.environment:checking '/root/data/project_ws/install/ros_gz_example_description/bin'
[1.007s] INFO:colcon.colcon_core.shell:Creating package script '/root/data/project_ws/install/ros_gz_example_description/share/ros_gz_example_description/package.ps1'
[1.008s] INFO:colcon.colcon_core.shell:Creating package descriptor '/root/data/project_ws/install/ros_gz_example_description/share/ros_gz_example_description/package.dsv'
[1.008s] INFO:colcon.colcon_core.shell:Creating package script '/root/data/project_ws/install/ros_gz_example_description/share/ros_gz_example_description/package.sh'
[1.009s] INFO:colcon.colcon_core.shell:Creating package script '/root/data/project_ws/install/ros_gz_example_description/share/ros_gz_example_description/package.bash'
[1.009s] INFO:colcon.colcon_core.shell:Creating package script '/root/data/project_ws/install/ros_gz_example_description/share/ros_gz_example_description/package.zsh'
[1.010s] Level 1:colcon.colcon_core.environment:create_file_with_runtime_dependencies(/root/data/project_ws/install/ros_gz_example_description/share/colcon-core/packages/ros_gz_example_description)
[1.011s] INFO:colcon.colcon_ros.task.ament_cmake.build:Building ROS package in '/root/data/project_ws/src/ros_gz_example_gazebo' with build type 'ament_cmake'
[1.011s] INFO:colcon.colcon_cmake.task.cmake.build:Building CMake package in '/root/data/project_ws/src/ros_gz_example_gazebo'
[1.011s] INFO:colcon.colcon_core.shell:Skip shell extension 'powershell' for command environment: Not usable outside of PowerShell
[1.011s] DEBUG:colcon.colcon_core.shell:Skip shell extension 'dsv' for command environment
[1.027s] Level 1:colcon.colcon_core.environment:create_environment_scripts_only(ros_gz_example_application)
[1.027s] DEBUG:colcon.colcon_core.event_handler.log_command:Invoked command in '/root/data/project_ws/build/ros_gz_example_application' returned '0': CMAKE_PREFIX_PATH=/opt/ros/humble /usr/bin/cmake --install /root/data/project_ws/build/ros_gz_example_application
[1.028s] Level 1:colcon.colcon_core.environment:checking '/root/data/project_ws/install/ros_gz_example_application' for CMake module files
[1.028s] Level 1:colcon.colcon_core.environment:checking '/root/data/project_ws/install/ros_gz_example_application' for CMake config files
[1.028s] Level 1:colcon.colcon_core.shell:create_environment_hook('ros_gz_example_application', 'cmake_prefix_path')
[1.029s] INFO:colcon.colcon_core.shell:Creating environment hook '/root/data/project_ws/install/ros_gz_example_application/share/ros_gz_example_application/hook/cmake_prefix_path.ps1'
[1.030s] INFO:colcon.colcon_core.shell:Creating environment descriptor '/root/data/project_ws/install/ros_gz_example_application/share/ros_gz_example_application/hook/cmake_prefix_path.dsv'
[1.030s] INFO:colcon.colcon_core.shell:Creating environment hook '/root/data/project_ws/install/ros_gz_example_application/share/ros_gz_example_application/hook/cmake_prefix_path.sh'
[1.031s] Level 1:colcon.colcon_core.environment:checking '/root/data/project_ws/install/ros_gz_example_application/bin'
[1.031s] Level 1:colcon.colcon_core.environment:checking '/root/data/project_ws/install/ros_gz_example_application/lib/pkgconfig/ros_gz_example_application.pc'
[1.031s] Level 1:colcon.colcon_core.environment:checking '/root/data/project_ws/install/ros_gz_example_application/lib/python3.10/site-packages'
[1.031s] Level 1:colcon.colcon_core.environment:checking '/root/data/project_ws/install/ros_gz_example_application/bin'
[1.032s] INFO:colcon.colcon_core.shell:Creating package script '/root/data/project_ws/install/ros_gz_example_application/share/ros_gz_example_application/package.ps1'
[1.032s] INFO:colcon.colcon_core.shell:Creating package descriptor '/root/data/project_ws/install/ros_gz_example_application/share/ros_gz_example_application/package.dsv'
[1.032s] INFO:colcon.colcon_core.shell:Creating package script '/root/data/project_ws/install/ros_gz_example_application/share/ros_gz_example_application/package.sh'
[1.033s] INFO:colcon.colcon_core.shell:Creating package script '/root/data/project_ws/install/ros_gz_example_application/share/ros_gz_example_application/package.bash'
[1.033s] INFO:colcon.colcon_core.shell:Creating package script '/root/data/project_ws/install/ros_gz_example_application/share/ros_gz_example_application/package.zsh'
[1.034s] Level 1:colcon.colcon_core.environment:create_file_with_runtime_dependencies(/root/data/project_ws/install/ros_gz_example_application/share/colcon-core/packages/ros_gz_example_application)
[1.050s] DEBUG:colcon.colcon_core.event_handler.log_command:Invoking command in '/root/data/project_ws/build/ros_gz_example_gazebo': AMENT_PREFIX_PATH=/root/data/project_ws/install/ros_gz_example_description:${AMENT_PREFIX_PATH} CMAKE_PREFIX_PATH=/root/data/project_ws/install/ros_gz_example_description:/opt/ros/humble IGN_GAZEBO_RESOURCE_PATH=/root/data/project_ws/install/ros_gz_example_description/share/ros_gz_example_description/models /usr/bin/cmake --build /root/data/project_ws/build/ros_gz_example_gazebo -- -j4 -l4
[1.080s] Level 1:colcon.colcon_core.environment:create_environment_scripts_only(ros_gz_example_application)
[1.080s] Level 1:colcon.colcon_core.environment:checking '/root/data/project_ws/install/ros_gz_example_application' for CMake module files
[1.081s] Level 1:colcon.colcon_core.environment:checking '/root/data/project_ws/install/ros_gz_example_application' for CMake config files
[1.081s] Level 1:colcon.colcon_core.shell:create_environment_hook('ros_gz_example_application', 'cmake_prefix_path')
[1.081s] INFO:colcon.colcon_core.shell:Creating environment hook '/root/data/project_ws/install/ros_gz_example_application/share/ros_gz_example_application/hook/cmake_prefix_path.ps1'
[1.085s] INFO:colcon.colcon_core.shell:Creating environment descriptor '/root/data/project_ws/install/ros_gz_example_application/share/ros_gz_example_application/hook/cmake_prefix_path.dsv'
[1.086s] INFO:colcon.colcon_core.shell:Creating environment hook '/root/data/project_ws/install/ros_gz_example_application/share/ros_gz_example_application/hook/cmake_prefix_path.sh'
[1.087s] Level 1:colcon.colcon_core.environment:checking '/root/data/project_ws/install/ros_gz_example_application/bin'
[1.087s] Level 1:colcon.colcon_core.environment:checking '/root/data/project_ws/install/ros_gz_example_application/lib/pkgconfig/ros_gz_example_application.pc'
[1.088s] Level 1:colcon.colcon_core.environment:checking '/root/data/project_ws/install/ros_gz_example_application/lib/python3.10/site-packages'
[1.088s] Level 1:colcon.colcon_core.environment:checking '/root/data/project_ws/install/ros_gz_example_application/bin'
[1.088s] INFO:colcon.colcon_core.shell:Creating package script '/root/data/project_ws/install/ros_gz_example_application/share/ros_gz_example_application/package.ps1'
[1.090s] INFO:colcon.colcon_core.shell:Creating package descriptor '/root/data/project_ws/install/ros_gz_example_application/share/ros_gz_example_application/package.dsv'
[1.091s] INFO:colcon.colcon_core.shell:Creating package script '/root/data/project_ws/install/ros_gz_example_application/share/ros_gz_example_application/package.sh'
[1.092s] INFO:colcon.colcon_core.shell:Creating package script '/root/data/project_ws/install/ros_gz_example_application/share/ros_gz_example_application/package.bash'
[1.093s] INFO:colcon.colcon_core.shell:Creating package script '/root/data/project_ws/install/ros_gz_example_application/share/ros_gz_example_application/package.zsh'
[1.094s] Level 1:colcon.colcon_core.environment:create_file_with_runtime_dependencies(/root/data/project_ws/install/ros_gz_example_application/share/colcon-core/packages/ros_gz_example_application)
[1.096s] Level 1:colcon.colcon_core.environment:create_environment_scripts_only(hardware_link2)
[1.096s] Level 1:colcon.colcon_core.environment:checking '/root/data/project_ws/install/hardware_link2' for CMake module files
[1.097s] Level 1:colcon.colcon_core.environment:checking '/root/data/project_ws/install/hardware_link2' for CMake config files
[1.097s] Level 1:colcon.colcon_core.shell:create_environment_hook('hardware_link2', 'cmake_prefix_path')
[1.098s] INFO:colcon.colcon_core.shell:Creating environment hook '/root/data/project_ws/install/hardware_link2/share/hardware_link2/hook/cmake_prefix_path.ps1'
[1.098s] INFO:colcon.colcon_core.shell:Creating environment descriptor '/root/data/project_ws/install/hardware_link2/share/hardware_link2/hook/cmake_prefix_path.dsv'
[1.099s] INFO:colcon.colcon_core.shell:Creating environment hook '/root/data/project_ws/install/hardware_link2/share/hardware_link2/hook/cmake_prefix_path.sh'
[1.099s] Level 1:colcon.colcon_core.environment:checking '/root/data/project_ws/install/hardware_link2/lib'
[1.099s] Level 1:colcon.colcon_core.shell:create_environment_hook('hardware_link2', 'ld_library_path_lib')
[1.100s] INFO:colcon.colcon_core.shell:Creating environment hook '/root/data/project_ws/install/hardware_link2/share/hardware_link2/hook/ld_library_path_lib.ps1'
[1.100s] INFO:colcon.colcon_core.shell:Creating environment descriptor '/root/data/project_ws/install/hardware_link2/share/hardware_link2/hook/ld_library_path_lib.dsv'
[1.100s] INFO:colcon.colcon_core.shell:Creating environment hook '/root/data/project_ws/install/hardware_link2/share/hardware_link2/hook/ld_library_path_lib.sh'
[1.101s] Level 1:colcon.colcon_core.environment:checking '/root/data/project_ws/install/hardware_link2/bin'
[1.101s] Level 1:colcon.colcon_core.environment:checking '/root/data/project_ws/install/hardware_link2/lib/pkgconfig/hardware_link2.pc'
[1.101s] Level 1:colcon.colcon_core.environment:checking '/root/data/project_ws/install/hardware_link2/lib/python3.10/site-packages'
[1.102s] Level 1:colcon.colcon_core.environment:checking '/root/data/project_ws/install/hardware_link2/bin'
[1.103s] INFO:colcon.colcon_core.shell:Creating package script '/root/data/project_ws/install/hardware_link2/share/hardware_link2/package.ps1'
[1.104s] INFO:colcon.colcon_core.shell:Creating package descriptor '/root/data/project_ws/install/hardware_link2/share/hardware_link2/package.dsv'
[1.106s] INFO:colcon.colcon_core.shell:Creating package script '/root/data/project_ws/install/hardware_link2/share/hardware_link2/package.sh'
[1.108s] INFO:colcon.colcon_core.shell:Creating package script '/root/data/project_ws/install/hardware_link2/share/hardware_link2/package.bash'
[1.109s] INFO:colcon.colcon_core.shell:Creating package script '/root/data/project_ws/install/hardware_link2/share/hardware_link2/package.zsh'
[1.110s] Level 1:colcon.colcon_core.environment:create_file_with_runtime_dependencies(/root/data/project_ws/install/hardware_link2/share/colcon-core/packages/hardware_link2)
[1.202s] DEBUG:colcon.colcon_core.event_handler.log_command:Invoked command in '/root/data/project_ws/build/ros_gz_example_gazebo' returned '0': AMENT_PREFIX_PATH=/root/data/project_ws/install/ros_gz_example_description:${AMENT_PREFIX_PATH} CMAKE_PREFIX_PATH=/root/data/project_ws/install/ros_gz_example_description:/opt/ros/humble IGN_GAZEBO_RESOURCE_PATH=/root/data/project_ws/install/ros_gz_example_description/share/ros_gz_example_description/models /usr/bin/cmake --build /root/data/project_ws/build/ros_gz_example_gazebo -- -j4 -l4
[1.249s] DEBUG:colcon.colcon_core.event_handler.log_command:Invoking command in '/root/data/project_ws/build/ros_gz_example_gazebo': AMENT_PREFIX_PATH=/root/data/project_ws/install/ros_gz_example_description:${AMENT_PREFIX_PATH} CMAKE_PREFIX_PATH=/root/data/project_ws/install/ros_gz_example_description:/opt/ros/humble IGN_GAZEBO_RESOURCE_PATH=/root/data/project_ws/install/ros_gz_example_description/share/ros_gz_example_description/models /usr/bin/cmake --install /root/data/project_ws/build/ros_gz_example_gazebo
[1.264s] Level 1:colcon.colcon_core.environment:create_environment_scripts_only(ros_gz_example_gazebo)
[1.264s] Level 1:colcon.colcon_core.environment:checking '/root/data/project_ws/install/ros_gz_example_gazebo' for CMake module files
[1.265s] Level 1:colcon.colcon_core.environment:checking '/root/data/project_ws/install/ros_gz_example_gazebo' for CMake config files
[1.265s] Level 1:colcon.colcon_core.shell:create_environment_hook('ros_gz_example_gazebo', 'cmake_prefix_path')
[1.266s] INFO:colcon.colcon_core.shell:Creating environment hook '/root/data/project_ws/install/ros_gz_example_gazebo/share/ros_gz_example_gazebo/hook/cmake_prefix_path.ps1'
[1.266s] INFO:colcon.colcon_core.shell:Creating environment descriptor '/root/data/project_ws/install/ros_gz_example_gazebo/share/ros_gz_example_gazebo/hook/cmake_prefix_path.dsv'
[1.266s] INFO:colcon.colcon_core.shell:Creating environment hook '/root/data/project_ws/install/ros_gz_example_gazebo/share/ros_gz_example_gazebo/hook/cmake_prefix_path.sh'
[1.269s] Level 1:colcon.colcon_core.environment:checking '/root/data/project_ws/install/ros_gz_example_gazebo/lib'
[1.269s] Level 1:colcon.colcon_core.environment:checking '/root/data/project_ws/install/ros_gz_example_gazebo/bin'
[1.269s] Level 1:colcon.colcon_core.environment:checking '/root/data/project_ws/install/ros_gz_example_gazebo/lib/pkgconfig/ros_gz_example_gazebo.pc'
[1.270s] Level 1:colcon.colcon_core.environment:checking '/root/data/project_ws/install/ros_gz_example_gazebo/lib/python3.10/site-packages'
[1.270s] Level 1:colcon.colcon_core.environment:checking '/root/data/project_ws/install/ros_gz_example_gazebo/bin'
[1.270s] INFO:colcon.colcon_core.shell:Creating package script '/root/data/project_ws/install/ros_gz_example_gazebo/share/ros_gz_example_gazebo/package.ps1'
[1.271s] DEBUG:colcon.colcon_core.event_handler.log_command:Invoked command in '/root/data/project_ws/build/ros_gz_example_gazebo' returned '0': AMENT_PREFIX_PATH=/root/data/project_ws/install/ros_gz_example_description:${AMENT_PREFIX_PATH} CMAKE_PREFIX_PATH=/root/data/project_ws/install/ros_gz_example_description:/opt/ros/humble IGN_GAZEBO_RESOURCE_PATH=/root/data/project_ws/install/ros_gz_example_description/share/ros_gz_example_description/models /usr/bin/cmake --install /root/data/project_ws/build/ros_gz_example_gazebo
[1.272s] INFO:colcon.colcon_core.shell:Creating package descriptor '/root/data/project_ws/install/ros_gz_example_gazebo/share/ros_gz_example_gazebo/package.dsv'
[1.274s] INFO:colcon.colcon_core.shell:Creating package script '/root/data/project_ws/install/ros_gz_example_gazebo/share/ros_gz_example_gazebo/package.sh'
[1.275s] INFO:colcon.colcon_core.shell:Creating package script '/root/data/project_ws/install/ros_gz_example_gazebo/share/ros_gz_example_gazebo/package.bash'
[1.278s] INFO:colcon.colcon_core.shell:Creating package script '/root/data/project_ws/install/ros_gz_example_gazebo/share/ros_gz_example_gazebo/package.zsh'
[1.278s] Level 1:colcon.colcon_core.environment:create_file_with_runtime_dependencies(/root/data/project_ws/install/ros_gz_example_gazebo/share/colcon-core/packages/ros_gz_example_gazebo)
[1.335s] Level 1:colcon.colcon_core.environment:create_environment_scripts_only(ros_gz_example_gazebo)
[1.336s] Level 1:colcon.colcon_core.environment:checking '/root/data/project_ws/install/ros_gz_example_gazebo' for CMake module files
[1.337s] Level 1:colcon.colcon_core.environment:checking '/root/data/project_ws/install/ros_gz_example_gazebo' for CMake config files
[1.337s] Level 1:colcon.colcon_core.shell:create_environment_hook('ros_gz_example_gazebo', 'cmake_prefix_path')
[1.338s] INFO:colcon.colcon_core.shell:Creating environment hook '/root/data/project_ws/install/ros_gz_example_gazebo/share/ros_gz_example_gazebo/hook/cmake_prefix_path.ps1'
[1.339s] INFO:colcon.colcon_core.shell:Creating environment descriptor '/root/data/project_ws/install/ros_gz_example_gazebo/share/ros_gz_example_gazebo/hook/cmake_prefix_path.dsv'
[1.343s] INFO:colcon.colcon_core.shell:Creating environment hook '/root/data/project_ws/install/ros_gz_example_gazebo/share/ros_gz_example_gazebo/hook/cmake_prefix_path.sh'
[1.344s] Level 1:colcon.colcon_core.environment:checking '/root/data/project_ws/install/ros_gz_example_gazebo/lib'
[1.344s] Level 1:colcon.colcon_core.environment:checking '/root/data/project_ws/install/ros_gz_example_gazebo/bin'
[1.344s] Level 1:colcon.colcon_core.environment:checking '/root/data/project_ws/install/ros_gz_example_gazebo/lib/pkgconfig/ros_gz_example_gazebo.pc'
[1.344s] Level 1:colcon.colcon_core.environment:checking '/root/data/project_ws/install/ros_gz_example_gazebo/lib/python3.10/site-packages'
[1.345s] Level 1:colcon.colcon_core.environment:checking '/root/data/project_ws/install/ros_gz_example_gazebo/bin'
[1.345s] INFO:colcon.colcon_core.shell:Creating package script '/root/data/project_ws/install/ros_gz_example_gazebo/share/ros_gz_example_gazebo/package.ps1'
[1.346s] INFO:colcon.colcon_core.shell:Creating package descriptor '/root/data/project_ws/install/ros_gz_example_gazebo/share/ros_gz_example_gazebo/package.dsv'
[1.347s] INFO:colcon.colcon_core.shell:Creating package script '/root/data/project_ws/install/ros_gz_example_gazebo/share/ros_gz_example_gazebo/package.sh'
[1.347s] INFO:colcon.colcon_core.shell:Creating package script '/root/data/project_ws/install/ros_gz_example_gazebo/share/ros_gz_example_gazebo/package.bash'
[1.348s] INFO:colcon.colcon_core.shell:Creating package script '/root/data/project_ws/install/ros_gz_example_gazebo/share/ros_gz_example_gazebo/package.zsh'
[1.348s] Level 1:colcon.colcon_core.environment:create_file_with_runtime_dependencies(/root/data/project_ws/install/ros_gz_example_gazebo/share/colcon-core/packages/ros_gz_example_gazebo)
[1.349s] INFO:colcon.colcon_ros.task.ament_cmake.build:Building ROS package in '/root/data/project_ws/src/ros_gz_example_bringup' with build type 'ament_cmake'
[1.349s] INFO:colcon.colcon_cmake.task.cmake.build:Building CMake package in '/root/data/project_ws/src/ros_gz_example_bringup'
[1.349s] INFO:colcon.colcon_core.shell:Skip shell extension 'powershell' for command environment: Not usable outside of PowerShell
[1.349s] DEBUG:colcon.colcon_core.shell:Skip shell extension 'dsv' for command environment
[1.358s] DEBUG:colcon.colcon_core.event_handler.log_command:Invoking command in '/root/data/project_ws/src/my_package': PYTHONPATH=/root/data/project_ws/build/my_package/prefix_override:/usr/local/lib/python3.10/dist-packages/colcon_core/task/python/colcon_distutils_commands:/root/data/project_ws/install/my_package/lib/python3.10/site-packages:${PYTHONPATH} /usr/bin/python3 -W ignore:setup.py install is deprecated setup.py egg_info --egg-base ../../build/my_package build --build-base /root/data/project_ws/build/my_package/build install --record /root/data/project_ws/build/my_package/install.log --single-version-externally-managed install_data
[1.365s] DEBUG:colcon.colcon_core.event_handler.log_command:Invoking command in '/root/data/project_ws/build/ros_gz_example_bringup': AMENT_PREFIX_PATH=/root/data/project_ws/install/ros_gz_example_gazebo:/root/data/project_ws/install/ros_gz_example_description:${AMENT_PREFIX_PATH} CMAKE_PREFIX_PATH=/root/data/project_ws/install/ros_gz_example_gazebo:/root/data/project_ws/install/ros_gz_example_description:/opt/ros/humble IGN_GAZEBO_PLUGIN_PATH=/root/data/project_ws/install/ros_gz_example_gazebo/lib/ros_gz_example_gazebo IGN_GAZEBO_RESOURCE_PATH=/root/data/project_ws/install/ros_gz_example_gazebo/share/ros_gz_example_gazebo/worlds:/root/data/project_ws/install/ros_gz_example_description/share/ros_gz_example_description/models /usr/bin/cmake --build /root/data/project_ws/build/ros_gz_example_bringup -- -j4 -l4
[1.419s] DEBUG:colcon.colcon_core.event_handler.log_command:Invoked command in '/root/data/project_ws/build/ros_gz_example_bringup' returned '0': AMENT_PREFIX_PATH=/root/data/project_ws/install/ros_gz_example_gazebo:/root/data/project_ws/install/ros_gz_example_description:${AMENT_PREFIX_PATH} CMAKE_PREFIX_PATH=/root/data/project_ws/install/ros_gz_example_gazebo:/root/data/project_ws/install/ros_gz_example_description:/opt/ros/humble IGN_GAZEBO_PLUGIN_PATH=/root/data/project_ws/install/ros_gz_example_gazebo/lib/ros_gz_example_gazebo IGN_GAZEBO_RESOURCE_PATH=/root/data/project_ws/install/ros_gz_example_gazebo/share/ros_gz_example_gazebo/worlds:/root/data/project_ws/install/ros_gz_example_description/share/ros_gz_example_description/models /usr/bin/cmake --build /root/data/project_ws/build/ros_gz_example_bringup -- -j4 -l4
[1.492s] DEBUG:colcon.colcon_core.event_handler.log_command:Invoking command in '/root/data/project_ws/build/ros_gz_example_bringup': AMENT_PREFIX_PATH=/root/data/project_ws/install/ros_gz_example_gazebo:/root/data/project_ws/install/ros_gz_example_description:${AMENT_PREFIX_PATH} CMAKE_PREFIX_PATH=/root/data/project_ws/install/ros_gz_example_gazebo:/root/data/project_ws/install/ros_gz_example_description:/opt/ros/humble IGN_GAZEBO_PLUGIN_PATH=/root/data/project_ws/install/ros_gz_example_gazebo/lib/ros_gz_example_gazebo IGN_GAZEBO_RESOURCE_PATH=/root/data/project_ws/install/ros_gz_example_gazebo/share/ros_gz_example_gazebo/worlds:/root/data/project_ws/install/ros_gz_example_description/share/ros_gz_example_description/models /usr/bin/cmake --install /root/data/project_ws/build/ros_gz_example_bringup
[1.542s] Level 1:colcon.colcon_core.environment:create_environment_scripts_only(ros_gz_example_bringup)
[1.543s] Level 1:colcon.colcon_core.environment:checking '/root/data/project_ws/install/ros_gz_example_bringup' for CMake module files
[1.543s] Level 1:colcon.colcon_core.environment:checking '/root/data/project_ws/install/ros_gz_example_bringup' for CMake config files
[1.544s] Level 1:colcon.colcon_core.shell:create_environment_hook('ros_gz_example_bringup', 'cmake_prefix_path')
[1.544s] INFO:colcon.colcon_core.shell:Creating environment hook '/root/data/project_ws/install/ros_gz_example_bringup/share/ros_gz_example_bringup/hook/cmake_prefix_path.ps1'
[1.545s] INFO:colcon.colcon_core.shell:Creating environment descriptor '/root/data/project_ws/install/ros_gz_example_bringup/share/ros_gz_example_bringup/hook/cmake_prefix_path.dsv'
[1.545s] INFO:colcon.colcon_core.shell:Creating environment hook '/root/data/project_ws/install/ros_gz_example_bringup/share/ros_gz_example_bringup/hook/cmake_prefix_path.sh'
[1.545s] Level 1:colcon.colcon_core.environment:checking '/root/data/project_ws/install/ros_gz_example_bringup/bin'
[1.546s] Level 1:colcon.colcon_core.environment:checking '/root/data/project_ws/install/ros_gz_example_bringup/lib/pkgconfig/ros_gz_example_bringup.pc'
[1.546s] Level 1:colcon.colcon_core.environment:checking '/root/data/project_ws/install/ros_gz_example_bringup/lib/python3.10/site-packages'
[1.546s] Level 1:colcon.colcon_core.environment:checking '/root/data/project_ws/install/ros_gz_example_bringup/bin'
[1.546s] INFO:colcon.colcon_core.shell:Creating package script '/root/data/project_ws/install/ros_gz_example_bringup/share/ros_gz_example_bringup/package.ps1'
[1.547s] INFO:colcon.colcon_core.shell:Creating package descriptor '/root/data/project_ws/install/ros_gz_example_bringup/share/ros_gz_example_bringup/package.dsv'
[1.547s] INFO:colcon.colcon_core.shell:Creating package script '/root/data/project_ws/install/ros_gz_example_bringup/share/ros_gz_example_bringup/package.sh'
[1.548s] INFO:colcon.colcon_core.shell:Creating package script '/root/data/project_ws/install/ros_gz_example_bringup/share/ros_gz_example_bringup/package.bash'
[1.548s] INFO:colcon.colcon_core.shell:Creating package script '/root/data/project_ws/install/ros_gz_example_bringup/share/ros_gz_example_bringup/package.zsh'
[1.549s] Level 1:colcon.colcon_core.environment:create_file_with_runtime_dependencies(/root/data/project_ws/install/ros_gz_example_bringup/share/colcon-core/packages/ros_gz_example_bringup)
[1.552s] DEBUG:colcon.colcon_core.event_handler.log_command:Invoked command in '/root/data/project_ws/build/ros_gz_example_bringup' returned '0': AMENT_PREFIX_PATH=/root/data/project_ws/install/ros_gz_example_gazebo:/root/data/project_ws/install/ros_gz_example_description:${AMENT_PREFIX_PATH} CMAKE_PREFIX_PATH=/root/data/project_ws/install/ros_gz_example_gazebo:/root/data/project_ws/install/ros_gz_example_description:/opt/ros/humble IGN_GAZEBO_PLUGIN_PATH=/root/data/project_ws/install/ros_gz_example_gazebo/lib/ros_gz_example_gazebo IGN_GAZEBO_RESOURCE_PATH=/root/data/project_ws/install/ros_gz_example_gazebo/share/ros_gz_example_gazebo/worlds:/root/data/project_ws/install/ros_gz_example_description/share/ros_gz_example_description/models /usr/bin/cmake --install /root/data/project_ws/build/ros_gz_example_bringup
[1.583s] Level 1:colcon.colcon_core.environment:create_environment_scripts_only(ros_gz_example_bringup)
[1.583s] Level 1:colcon.colcon_core.environment:checking '/root/data/project_ws/install/ros_gz_example_bringup' for CMake module files
[1.584s] Level 1:colcon.colcon_core.environment:checking '/root/data/project_ws/install/ros_gz_example_bringup' for CMake config files
[1.584s] Level 1:colcon.colcon_core.shell:create_environment_hook('ros_gz_example_bringup', 'cmake_prefix_path')
[1.584s] INFO:colcon.colcon_core.shell:Creating environment hook '/root/data/project_ws/install/ros_gz_example_bringup/share/ros_gz_example_bringup/hook/cmake_prefix_path.ps1'
[1.585s] INFO:colcon.colcon_core.shell:Creating environment descriptor '/root/data/project_ws/install/ros_gz_example_bringup/share/ros_gz_example_bringup/hook/cmake_prefix_path.dsv'
[1.585s] INFO:colcon.colcon_core.shell:Creating environment hook '/root/data/project_ws/install/ros_gz_example_bringup/share/ros_gz_example_bringup/hook/cmake_prefix_path.sh'
[1.586s] Level 1:colcon.colcon_core.environment:checking '/root/data/project_ws/install/ros_gz_example_bringup/bin'
[1.586s] Level 1:colcon.colcon_core.environment:checking '/root/data/project_ws/install/ros_gz_example_bringup/lib/pkgconfig/ros_gz_example_bringup.pc'
[1.586s] Level 1:colcon.colcon_core.environment:checking '/root/data/project_ws/install/ros_gz_example_bringup/lib/python3.10/site-packages'
[1.587s] Level 1:colcon.colcon_core.environment:checking '/root/data/project_ws/install/ros_gz_example_bringup/bin'
[1.587s] INFO:colcon.colcon_core.shell:Creating package script '/root/data/project_ws/install/ros_gz_example_bringup/share/ros_gz_example_bringup/package.ps1'
[1.588s] INFO:colcon.colcon_core.shell:Creating package descriptor '/root/data/project_ws/install/ros_gz_example_bringup/share/ros_gz_example_bringup/package.dsv'
[1.589s] INFO:colcon.colcon_core.shell:Creating package script '/root/data/project_ws/install/ros_gz_example_bringup/share/ros_gz_example_bringup/package.sh'
[1.589s] INFO:colcon.colcon_core.shell:Creating package script '/root/data/project_ws/install/ros_gz_example_bringup/share/ros_gz_example_bringup/package.bash'
[1.590s] INFO:colcon.colcon_core.shell:Creating package script '/root/data/project_ws/install/ros_gz_example_bringup/share/ros_gz_example_bringup/package.zsh'
[1.590s] Level 1:colcon.colcon_core.environment:create_file_with_runtime_dependencies(/root/data/project_ws/install/ros_gz_example_bringup/share/colcon-core/packages/ros_gz_example_bringup)
[1.789s] Level 1:colcon.colcon_core.environment:checking '/root/data/project_ws/install/my_package' for CMake module files
[1.790s] Level 1:colcon.colcon_core.environment:checking '/root/data/project_ws/install/my_package' for CMake config files
[1.791s] Level 1:colcon.colcon_core.environment:checking '/root/data/project_ws/install/my_package/lib'
[1.791s] Level 1:colcon.colcon_core.environment:checking '/root/data/project_ws/install/my_package/bin'
[1.791s] Level 1:colcon.colcon_core.environment:checking '/root/data/project_ws/install/my_package/lib/pkgconfig/my_package.pc'
[1.792s] Level 1:colcon.colcon_core.environment:checking '/root/data/project_ws/install/my_package/lib/python3.10/site-packages'
[1.792s] Level 1:colcon.colcon_core.shell:create_environment_hook('my_package', 'pythonpath')
[1.792s] INFO:colcon.colcon_core.shell:Creating environment hook '/root/data/project_ws/install/my_package/share/my_package/hook/pythonpath.ps1'
[1.793s] INFO:colcon.colcon_core.shell:Creating environment descriptor '/root/data/project_ws/install/my_package/share/my_package/hook/pythonpath.dsv'
[1.795s] INFO:colcon.colcon_core.shell:Creating environment hook '/root/data/project_ws/install/my_package/share/my_package/hook/pythonpath.sh'
[1.795s] Level 1:colcon.colcon_core.environment:checking '/root/data/project_ws/install/my_package/bin'
[1.796s] Level 1:colcon.colcon_core.environment:create_environment_scripts_only(my_package)
[1.797s] INFO:colcon.colcon_core.shell:Creating package script '/root/data/project_ws/install/my_package/share/my_package/package.ps1'
[1.797s] INFO:colcon.colcon_core.shell:Creating package descriptor '/root/data/project_ws/install/my_package/share/my_package/package.dsv'
[1.798s] DEBUG:colcon.colcon_core.event_handler.log_command:Invoked command in '/root/data/project_ws/src/my_package' returned '0': PYTHONPATH=/root/data/project_ws/build/my_package/prefix_override:/usr/local/lib/python3.10/dist-packages/colcon_core/task/python/colcon_distutils_commands:/root/data/project_ws/install/my_package/lib/python3.10/site-packages:${PYTHONPATH} /usr/bin/python3 -W ignore:setup.py install is deprecated setup.py egg_info --egg-base ../../build/my_package build --build-base /root/data/project_ws/build/my_package/build install --record /root/data/project_ws/build/my_package/install.log --single-version-externally-managed install_data
[1.799s] INFO:colcon.colcon_core.shell:Creating package script '/root/data/project_ws/install/my_package/share/my_package/package.sh'
[1.799s] INFO:colcon.colcon_core.shell:Creating package script '/root/data/project_ws/install/my_package/share/my_package/package.bash'
[1.800s] INFO:colcon.colcon_core.shell:Creating package script '/root/data/project_ws/install/my_package/share/my_package/package.zsh'
[1.800s] Level 1:colcon.colcon_core.environment:create_file_with_runtime_dependencies(/root/data/project_ws/install/my_package/share/colcon-core/packages/my_package)
[1.801s] DEBUG:colcon.colcon_parallel_executor.executor.parallel:closing loop
[1.801s] DEBUG:colcon.colcon_parallel_executor.executor.parallel:loop closed
[1.801s] DEBUG:colcon.colcon_parallel_executor.executor.parallel:run_until_complete finished with '0'
[1.801s] DEBUG:colcon.colcon_core.event_reactor:joining thread
[1.810s] INFO:colcon.colcon_core.plugin_system:Skipping extension 'colcon_notification.desktop_notification.notify_send': Could not find 'notify-send'
[1.810s] INFO:colcon.colcon_core.plugin_system:Skipping extension 'colcon_notification.desktop_notification.terminal_notifier': Not used on non-Darwin systems
[1.810s] INFO:colcon.colcon_core.plugin_system:Skipping extension 'colcon_notification.desktop_notification.win32': Not used on non-Windows systems
[1.810s] INFO:colcon.colcon_notification.desktop_notification:Sending desktop notification using 'notify2'
[1.813s] DEBUG:colcon.colcon_notification.desktop_notification.notify2:Failed to initialize notify2: org.freedesktop.DBus.Error.Spawn.ExecFailed: /usr/bin/dbus-launch terminated abnormally without any error message
[1.814s] DEBUG:colcon.colcon_core.event_reactor:joined thread
[1.815s] INFO:colcon.colcon_core.shell:Creating prefix script '/root/data/project_ws/install/local_setup.ps1'
[1.816s] INFO:colcon.colcon_core.shell:Creating prefix util module '/root/data/project_ws/install/_local_setup_util_ps1.py'
[1.818s] INFO:colcon.colcon_core.shell:Creating prefix chain script '/root/data/project_ws/install/setup.ps1'
[1.821s] INFO:colcon.colcon_core.shell:Creating prefix script '/root/data/project_ws/install/local_setup.sh'
[1.822s] INFO:colcon.colcon_core.shell:Creating prefix util module '/root/data/project_ws/install/_local_setup_util_sh.py'
[1.823s] INFO:colcon.colcon_core.shell:Creating prefix chain script '/root/data/project_ws/install/setup.sh'
[1.825s] INFO:colcon.colcon_core.shell:Creating prefix script '/root/data/project_ws/install/local_setup.bash'
[1.825s] INFO:colcon.colcon_core.shell:Creating prefix chain script '/root/data/project_ws/install/setup.bash'
[1.827s] INFO:colcon.colcon_core.shell:Creating prefix script '/root/data/project_ws/install/local_setup.zsh'
[1.827s] INFO:colcon.colcon_core.shell:Creating prefix chain script '/root/data/project_ws/install/setup.zsh'
